2022-06-02 22:56:46.189 INFO  [acme.Launcher@main] Starting Launcher using Java 1.8.0_281 on TABLET-8TV7I4NF with PID 8900 (C:\Users\diego\OneDrive\Documentos\Mis_Archivos\II-ISW\DP2\Workspace-22.0\Projects\Acme-Framework-22.7\target\classes started by diego in C:\Users\diego\OneDrive\Documentos\Mis_Archivos\II-ISW\DP2\Workspace-22.0\Projects\Acme-Toolkit) 
2022-06-02 22:56:46.195 DEBUG [acme.Launcher@main] Running with Spring Boot v2.4.2, Spring v5.3.3 
2022-06-02 22:56:46.400 INFO  [acme.Launcher@main] The following profiles are active: development,default 
2022-06-02 22:57:03.484 DEBUG [org.apache.jasper.servlet.JasperInitializer@main] Initializing Jasper for context [application] 
2022-06-02 22:57:39.905 DEBUG [org.apache.jasper.servlet.JspServlet@main] Scratch dir for the JSP engine is: [C:\Users\diego\AppData\Local\Temp\tomcat.8080.744771654963843687\work\Tomcat\localhost\acme-toolkit-22.1] 
2022-06-02 22:57:39.906 DEBUG [org.apache.jasper.servlet.JspServlet@main] IMPORTANT: Do not modify the generated servlets 
2022-06-02 22:57:39.951 INFO  [acme.Launcher@main] Started Launcher in 58.004 seconds (JVM running for 62.046) 
2022-06-02 22:57:39.977 DEBUG [acme.Launcher@main] Found classpath entry '/C:/Users/diego/OneDrive/Documentos/Mis_Archivos/II-ISW/DP2/Workspace-22.0/Projects/Acme-Toolkit/target/test-classes/' 
2022-06-02 22:57:39.978 DEBUG [acme.Launcher@main] Found classpath entry '/C:/Users/diego/OneDrive/Documentos/Mis_Archivos/II-ISW/DP2/Workspace-22.0/Projects/Acme-Toolkit/target/classes/' 
2022-06-02 22:57:39.979 DEBUG [acme.Launcher@main] Found classpath entry '/C:/Users/diego/OneDrive/Documentos/Mis_Archivos/II-ISW/DP2/Workspace-22.0/Projects/Acme-Framework-22.7/target/classes/' 
2022-06-02 22:57:39.979 DEBUG [acme.Launcher@main] Found classpath entry '/C:/Users/diego/OneDrive/Documentos/Mis_Archivos/II-ISW/DP2/Workspace-22.0/Projects/Acme-Framework-22.7/target/test-classes/' 
2022-06-02 22:57:39.980 DEBUG [acme.Launcher@main] Found classpath entry '/C:/Users/diego/.m2/repository/org/springframework/boot/spring-boot-starter-tomcat/2.4.2/spring-boot-starter-tomcat-2.4.2.jar' 
2022-06-02 22:57:39.981 DEBUG [acme.Launcher@main] Found classpath entry '/C:/Users/diego/.m2/repository/jakarta/annotation/jakarta.annotation-api/1.3.5/jakarta.annotation-api-1.3.5.jar' 
2022-06-02 22:57:39.981 DEBUG [acme.Launcher@main] Found classpath entry '/C:/Users/diego/.m2/repository/org/apache/tomcat/embed/tomcat-embed-core/9.0.41/tomcat-embed-core-9.0.41.jar' 
2022-06-02 22:57:39.982 DEBUG [acme.Launcher@main] Found classpath entry '/C:/Users/diego/.m2/repository/org/glassfish/jakarta.el/3.0.3/jakarta.el-3.0.3.jar' 
2022-06-02 22:57:39.982 DEBUG [acme.Launcher@main] Found classpath entry '/C:/Users/diego/.m2/repository/org/apache/tomcat/embed/tomcat-embed-websocket/9.0.41/tomcat-embed-websocket-9.0.41.jar' 
2022-06-02 22:57:39.983 DEBUG [acme.Launcher@main] Found classpath entry '/C:/Users/diego/.m2/repository/org/apache/tomcat/embed/tomcat-embed-jasper/9.0.41/tomcat-embed-jasper-9.0.41.jar' 
2022-06-02 22:57:39.983 DEBUG [acme.Launcher@main] Found classpath entry '/C:/Users/diego/.m2/repository/org/apache/tomcat/embed/tomcat-embed-el/9.0.41/tomcat-embed-el-9.0.41.jar' 
2022-06-02 22:57:39.984 DEBUG [acme.Launcher@main] Found classpath entry '/C:/Users/diego/.m2/repository/org/eclipse/jdt/ecj/3.18.0/ecj-3.18.0.jar' 
2022-06-02 22:57:39.984 DEBUG [acme.Launcher@main] Found classpath entry '/C:/Users/diego/.m2/repository/javax/servlet/jstl/1.2/jstl-1.2.jar' 
2022-06-02 22:57:39.985 DEBUG [acme.Launcher@main] Found classpath entry '/C:/Users/diego/.m2/repository/org/springframework/boot/spring-boot-starter-security/2.4.2/spring-boot-starter-security-2.4.2.jar' 
2022-06-02 22:57:39.988 DEBUG [acme.Launcher@main] Found classpath entry '/C:/Users/diego/.m2/repository/org/springframework/boot/spring-boot-starter/2.4.2/spring-boot-starter-2.4.2.jar' 
2022-06-02 22:57:39.989 DEBUG [acme.Launcher@main] Found classpath entry '/C:/Users/diego/.m2/repository/org/springframework/boot/spring-boot/2.4.2/spring-boot-2.4.2.jar' 
2022-06-02 22:57:39.989 DEBUG [acme.Launcher@main] Found classpath entry '/C:/Users/diego/.m2/repository/org/springframework/boot/spring-boot-autoconfigure/2.4.2/spring-boot-autoconfigure-2.4.2.jar' 
2022-06-02 22:57:39.990 DEBUG [acme.Launcher@main] Found classpath entry '/C:/Users/diego/.m2/repository/org/springframework/boot/spring-boot-starter-logging/2.4.2/spring-boot-starter-logging-2.4.2.jar' 
2022-06-02 22:57:39.990 DEBUG [acme.Launcher@main] Found classpath entry '/C:/Users/diego/.m2/repository/ch/qos/logback/logback-classic/1.2.3/logback-classic-1.2.3.jar' 
2022-06-02 22:57:39.991 DEBUG [acme.Launcher@main] Found classpath entry '/C:/Users/diego/.m2/repository/ch/qos/logback/logback-core/1.2.3/logback-core-1.2.3.jar' 
2022-06-02 22:57:39.991 DEBUG [acme.Launcher@main] Found classpath entry '/C:/Users/diego/.m2/repository/org/apache/logging/log4j/log4j-to-slf4j/2.13.3/log4j-to-slf4j-2.13.3.jar' 
2022-06-02 22:57:39.992 DEBUG [acme.Launcher@main] Found classpath entry '/C:/Users/diego/.m2/repository/org/apache/logging/log4j/log4j-api/2.13.3/log4j-api-2.13.3.jar' 
2022-06-02 22:57:39.993 DEBUG [acme.Launcher@main] Found classpath entry '/C:/Users/diego/.m2/repository/org/slf4j/jul-to-slf4j/1.7.30/jul-to-slf4j-1.7.30.jar' 
2022-06-02 22:57:39.995 DEBUG [acme.Launcher@main] Found classpath entry '/C:/Users/diego/.m2/repository/org/yaml/snakeyaml/1.27/snakeyaml-1.27.jar' 
2022-06-02 22:57:39.997 DEBUG [acme.Launcher@main] Found classpath entry '/C:/Users/diego/.m2/repository/org/springframework/spring-aop/5.3.3/spring-aop-5.3.3.jar' 
2022-06-02 22:57:39.998 DEBUG [acme.Launcher@main] Found classpath entry '/C:/Users/diego/.m2/repository/org/springframework/security/spring-security-web/5.4.2/spring-security-web-5.4.2.jar' 
2022-06-02 22:57:40 DEBUG [acme.Launcher@main] Found classpath entry '/C:/Users/diego/.m2/repository/org/springframework/security/spring-security-core/5.4.2/spring-security-core-5.4.2.jar' 
2022-06-02 22:57:40.001 DEBUG [acme.Launcher@main] Found classpath entry '/C:/Users/diego/.m2/repository/org/springframework/spring-beans/5.3.3/spring-beans-5.3.3.jar' 
2022-06-02 22:57:40.001 DEBUG [acme.Launcher@main] Found classpath entry '/C:/Users/diego/.m2/repository/org/springframework/spring-context/5.3.3/spring-context-5.3.3.jar' 
2022-06-02 22:57:40.002 DEBUG [acme.Launcher@main] Found classpath entry '/C:/Users/diego/.m2/repository/org/springframework/spring-core/5.3.3/spring-core-5.3.3.jar' 
2022-06-02 22:57:40.003 DEBUG [acme.Launcher@main] Found classpath entry '/C:/Users/diego/.m2/repository/org/springframework/spring-jcl/5.3.3/spring-jcl-5.3.3.jar' 
2022-06-02 22:57:40.004 DEBUG [acme.Launcher@main] Found classpath entry '/C:/Users/diego/.m2/repository/org/springframework/spring-expression/5.3.3/spring-expression-5.3.3.jar' 
2022-06-02 22:57:40.004 DEBUG [acme.Launcher@main] Found classpath entry '/C:/Users/diego/.m2/repository/org/springframework/spring-web/5.3.3/spring-web-5.3.3.jar' 
2022-06-02 22:57:40.009 DEBUG [acme.Launcher@main] Found classpath entry '/C:/Users/diego/.m2/repository/org/springframework/security/spring-security-config/5.4.2/spring-security-config-5.4.2.jar' 
2022-06-02 22:57:40.010 DEBUG [acme.Launcher@main] Found classpath entry '/C:/Users/diego/.m2/repository/org/springframework/security/spring-security-taglibs/5.4.2/spring-security-taglibs-5.4.2.jar' 
2022-06-02 22:57:40.012 DEBUG [acme.Launcher@main] Found classpath entry '/C:/Users/diego/.m2/repository/org/springframework/security/spring-security-acl/5.4.2/spring-security-acl-5.4.2.jar' 
2022-06-02 22:57:40.013 DEBUG [acme.Launcher@main] Found classpath entry '/C:/Users/diego/.m2/repository/org/springframework/spring-jdbc/5.3.3/spring-jdbc-5.3.3.jar' 
2022-06-02 22:57:40.014 DEBUG [acme.Launcher@main] Found classpath entry '/C:/Users/diego/.m2/repository/org/springframework/spring-tx/5.3.3/spring-tx-5.3.3.jar' 
2022-06-02 22:57:40.014 DEBUG [acme.Launcher@main] Found classpath entry '/C:/Users/diego/.m2/repository/org/springframework/boot/spring-boot-starter-web/2.4.2/spring-boot-starter-web-2.4.2.jar' 
2022-06-02 22:57:40.015 DEBUG [acme.Launcher@main] Found classpath entry '/C:/Users/diego/.m2/repository/org/springframework/boot/spring-boot-starter-json/2.4.2/spring-boot-starter-json-2.4.2.jar' 
2022-06-02 22:57:40.016 DEBUG [acme.Launcher@main] Found classpath entry '/C:/Users/diego/.m2/repository/com/fasterxml/jackson/core/jackson-databind/2.11.4/jackson-databind-2.11.4.jar' 
2022-06-02 22:57:40.017 DEBUG [acme.Launcher@main] Found classpath entry '/C:/Users/diego/.m2/repository/com/fasterxml/jackson/core/jackson-annotations/2.11.4/jackson-annotations-2.11.4.jar' 
2022-06-02 22:57:40.018 DEBUG [acme.Launcher@main] Found classpath entry '/C:/Users/diego/.m2/repository/com/fasterxml/jackson/core/jackson-core/2.11.4/jackson-core-2.11.4.jar' 
2022-06-02 22:57:40.022 DEBUG [acme.Launcher@main] Found classpath entry '/C:/Users/diego/.m2/repository/com/fasterxml/jackson/datatype/jackson-datatype-jdk8/2.11.4/jackson-datatype-jdk8-2.11.4.jar' 
2022-06-02 22:57:40.022 DEBUG [acme.Launcher@main] Found classpath entry '/C:/Users/diego/.m2/repository/com/fasterxml/jackson/datatype/jackson-datatype-jsr310/2.11.4/jackson-datatype-jsr310-2.11.4.jar' 
2022-06-02 22:57:40.022 DEBUG [acme.Launcher@main] Found classpath entry '/C:/Users/diego/.m2/repository/com/fasterxml/jackson/module/jackson-module-parameter-names/2.11.4/jackson-module-parameter-names-2.11.4.jar' 
2022-06-02 22:57:40.023 DEBUG [acme.Launcher@main] Found classpath entry '/C:/Users/diego/.m2/repository/org/springframework/spring-webmvc/5.3.3/spring-webmvc-5.3.3.jar' 
2022-06-02 22:57:40.025 DEBUG [acme.Launcher@main] Found classpath entry '/C:/Users/diego/.m2/repository/org/apache/tiles/tiles-jsp/3.0.8/tiles-jsp-3.0.8.jar' 
2022-06-02 22:57:40.025 DEBUG [acme.Launcher@main] Found classpath entry '/C:/Users/diego/.m2/repository/org/apache/tiles/tiles-servlet/3.0.8/tiles-servlet-3.0.8.jar' 
2022-06-02 22:57:40.026 DEBUG [acme.Launcher@main] Found classpath entry '/C:/Users/diego/.m2/repository/org/apache/tiles/tiles-core/3.0.8/tiles-core-3.0.8.jar' 
2022-06-02 22:57:40.026 DEBUG [acme.Launcher@main] Found classpath entry '/C:/Users/diego/.m2/repository/commons-digester/commons-digester/2.0/commons-digester-2.0.jar' 
2022-06-02 22:57:40.027 DEBUG [acme.Launcher@main] Found classpath entry '/C:/Users/diego/.m2/repository/org/slf4j/jcl-over-slf4j/1.7.30/jcl-over-slf4j-1.7.30.jar' 
2022-06-02 22:57:40.027 DEBUG [acme.Launcher@main] Found classpath entry '/C:/Users/diego/.m2/repository/org/apache/tiles/tiles-request-servlet/1.0.7/tiles-request-servlet-1.0.7.jar' 
2022-06-02 22:57:40.028 DEBUG [acme.Launcher@main] Found classpath entry '/C:/Users/diego/.m2/repository/org/apache/tiles/tiles-template/3.0.8/tiles-template-3.0.8.jar' 
2022-06-02 22:57:40.029 DEBUG [acme.Launcher@main] Found classpath entry '/C:/Users/diego/.m2/repository/org/apache/tiles/tiles-api/3.0.8/tiles-api-3.0.8.jar' 
2022-06-02 22:57:40.030 DEBUG [acme.Launcher@main] Found classpath entry '/C:/Users/diego/.m2/repository/org/apache/tiles/tiles-autotag-core-runtime/1.2/tiles-autotag-core-runtime-1.2.jar' 
2022-06-02 22:57:40.030 DEBUG [acme.Launcher@main] Found classpath entry '/C:/Users/diego/.m2/repository/org/slf4j/slf4j-api/1.7.30/slf4j-api-1.7.30.jar' 
2022-06-02 22:57:40.030 DEBUG [acme.Launcher@main] Found classpath entry '/C:/Users/diego/.m2/repository/org/apache/tiles/tiles-request-jsp/1.0.7/tiles-request-jsp-1.0.7.jar' 
2022-06-02 22:57:40.031 DEBUG [acme.Launcher@main] Found classpath entry '/C:/Users/diego/.m2/repository/org/apache/tiles/tiles-request-api/1.0.7/tiles-request-api-1.0.7.jar' 
2022-06-02 22:57:40.031 DEBUG [acme.Launcher@main] Found classpath entry '/C:/Users/diego/.m2/repository/org/springframework/boot/spring-boot-starter-data-jpa/2.4.2/spring-boot-starter-data-jpa-2.4.2.jar' 
2022-06-02 22:57:40.032 DEBUG [acme.Launcher@main] Found classpath entry '/C:/Users/diego/.m2/repository/org/springframework/boot/spring-boot-starter-aop/2.4.2/spring-boot-starter-aop-2.4.2.jar' 
2022-06-02 22:57:40.032 DEBUG [acme.Launcher@main] Found classpath entry '/C:/Users/diego/.m2/repository/org/aspectj/aspectjweaver/1.9.6/aspectjweaver-1.9.6.jar' 
2022-06-02 22:57:40.033 DEBUG [acme.Launcher@main] Found classpath entry '/C:/Users/diego/.m2/repository/org/springframework/boot/spring-boot-starter-jdbc/2.4.2/spring-boot-starter-jdbc-2.4.2.jar' 
2022-06-02 22:57:40.034 DEBUG [acme.Launcher@main] Found classpath entry '/C:/Users/diego/.m2/repository/jakarta/transaction/jakarta.transaction-api/1.3.3/jakarta.transaction-api-1.3.3.jar' 
2022-06-02 22:57:40.034 DEBUG [acme.Launcher@main] Found classpath entry '/C:/Users/diego/.m2/repository/jakarta/persistence/jakarta.persistence-api/2.2.3/jakarta.persistence-api-2.2.3.jar' 
2022-06-02 22:57:40.036 DEBUG [acme.Launcher@main] Found classpath entry '/C:/Users/diego/.m2/repository/org/hibernate/hibernate-core/5.4.27.Final/hibernate-core-5.4.27.Final.jar' 
2022-06-02 22:57:40.036 DEBUG [acme.Launcher@main] Found classpath entry '/C:/Users/diego/.m2/repository/org/jboss/logging/jboss-logging/3.4.1.Final/jboss-logging-3.4.1.Final.jar' 
2022-06-02 22:57:40.037 DEBUG [acme.Launcher@main] Found classpath entry '/C:/Users/diego/.m2/repository/org/javassist/javassist/3.27.0-GA/javassist-3.27.0-GA.jar' 
2022-06-02 22:57:40.037 DEBUG [acme.Launcher@main] Found classpath entry '/C:/Users/diego/.m2/repository/antlr/antlr/2.7.7/antlr-2.7.7.jar' 
2022-06-02 22:57:40.038 DEBUG [acme.Launcher@main] Found classpath entry '/C:/Users/diego/.m2/repository/org/jboss/jandex/2.1.3.Final/jandex-2.1.3.Final.jar' 
2022-06-02 22:57:40.038 DEBUG [acme.Launcher@main] Found classpath entry '/C:/Users/diego/.m2/repository/com/fasterxml/classmate/1.5.1/classmate-1.5.1.jar' 
2022-06-02 22:57:40.039 DEBUG [acme.Launcher@main] Found classpath entry '/C:/Users/diego/.m2/repository/org/dom4j/dom4j/2.1.3/dom4j-2.1.3.jar' 
2022-06-02 22:57:40.039 DEBUG [acme.Launcher@main] Found classpath entry '/C:/Users/diego/.m2/repository/org/hibernate/common/hibernate-commons-annotations/5.1.2.Final/hibernate-commons-annotations-5.1.2.Final.jar' 
2022-06-02 22:57:40.040 DEBUG [acme.Launcher@main] Found classpath entry '/C:/Users/diego/.m2/repository/org/glassfish/jaxb/jaxb-runtime/2.3.3/jaxb-runtime-2.3.3.jar' 
2022-06-02 22:57:40.040 DEBUG [acme.Launcher@main] Found classpath entry '/C:/Users/diego/.m2/repository/org/glassfish/jaxb/txw2/2.3.3/txw2-2.3.3.jar' 
2022-06-02 22:57:40.041 DEBUG [acme.Launcher@main] Found classpath entry '/C:/Users/diego/.m2/repository/com/sun/istack/istack-commons-runtime/3.0.11/istack-commons-runtime-3.0.11.jar' 
2022-06-02 22:57:40.041 DEBUG [acme.Launcher@main] Found classpath entry '/C:/Users/diego/.m2/repository/com/sun/activation/jakarta.activation/1.2.2/jakarta.activation-1.2.2.jar' 
2022-06-02 22:57:40.042 DEBUG [acme.Launcher@main] Found classpath entry '/C:/Users/diego/.m2/repository/org/springframework/data/spring-data-jpa/2.4.3/spring-data-jpa-2.4.3.jar' 
2022-06-02 22:57:40.042 DEBUG [acme.Launcher@main] Found classpath entry '/C:/Users/diego/.m2/repository/org/springframework/data/spring-data-commons/2.4.3/spring-data-commons-2.4.3.jar' 
2022-06-02 22:57:40.043 DEBUG [acme.Launcher@main] Found classpath entry '/C:/Users/diego/.m2/repository/org/springframework/spring-orm/5.3.3/spring-orm-5.3.3.jar' 
2022-06-02 22:57:40.043 DEBUG [acme.Launcher@main] Found classpath entry '/C:/Users/diego/.m2/repository/org/springframework/spring-aspects/5.3.3/spring-aspects-5.3.3.jar' 
2022-06-02 22:57:40.044 DEBUG [acme.Launcher@main] Found classpath entry '/C:/Users/diego/.m2/repository/org/springframework/boot/spring-boot-starter-validation/2.4.2/spring-boot-starter-validation-2.4.2.jar' 
2022-06-02 22:57:40.044 DEBUG [acme.Launcher@main] Found classpath entry '/C:/Users/diego/.m2/repository/org/hibernate/validator/hibernate-validator/6.1.7.Final/hibernate-validator-6.1.7.Final.jar' 
2022-06-02 22:57:40.045 DEBUG [acme.Launcher@main] Found classpath entry '/C:/Users/diego/.m2/repository/jakarta/validation/jakarta.validation-api/2.0.2/jakarta.validation-api-2.0.2.jar' 
2022-06-02 22:57:40.045 DEBUG [acme.Launcher@main] Found classpath entry '/C:/Users/diego/.m2/repository/mysql/mysql-connector-java/8.0.22/mysql-connector-java-8.0.22.jar' 
2022-06-02 22:57:40.046 DEBUG [acme.Launcher@main] Found classpath entry '/C:/Users/diego/.m2/repository/com/zaxxer/HikariCP/3.4.5/HikariCP-3.4.5.jar' 
2022-06-02 22:57:40.046 DEBUG [acme.Launcher@main] Found classpath entry '/C:/Users/diego/.m2/repository/org/springframework/boot/spring-boot-starter-test/2.4.2/spring-boot-starter-test-2.4.2.jar' 
2022-06-02 22:57:40.047 DEBUG [acme.Launcher@main] Found classpath entry '/C:/Users/diego/.m2/repository/org/springframework/boot/spring-boot-test/2.4.2/spring-boot-test-2.4.2.jar' 
2022-06-02 22:57:40.047 DEBUG [acme.Launcher@main] Found classpath entry '/C:/Users/diego/.m2/repository/org/springframework/boot/spring-boot-test-autoconfigure/2.4.2/spring-boot-test-autoconfigure-2.4.2.jar' 
2022-06-02 22:57:40.048 DEBUG [acme.Launcher@main] Found classpath entry '/C:/Users/diego/.m2/repository/com/jayway/jsonpath/json-path/2.4.0/json-path-2.4.0.jar' 
2022-06-02 22:57:40.048 DEBUG [acme.Launcher@main] Found classpath entry '/C:/Users/diego/.m2/repository/net/minidev/json-smart/2.3/json-smart-2.3.jar' 
2022-06-02 22:57:40.049 DEBUG [acme.Launcher@main] Found classpath entry '/C:/Users/diego/.m2/repository/net/minidev/accessors-smart/1.2/accessors-smart-1.2.jar' 
2022-06-02 22:57:40.049 DEBUG [acme.Launcher@main] Found classpath entry '/C:/Users/diego/.m2/repository/org/ow2/asm/asm/5.0.4/asm-5.0.4.jar' 
2022-06-02 22:57:40.049 DEBUG [acme.Launcher@main] Found classpath entry '/C:/Users/diego/.m2/repository/jakarta/xml/bind/jakarta.xml.bind-api/2.3.3/jakarta.xml.bind-api-2.3.3.jar' 
2022-06-02 22:57:40.050 DEBUG [acme.Launcher@main] Found classpath entry '/C:/Users/diego/.m2/repository/jakarta/activation/jakarta.activation-api/1.2.2/jakarta.activation-api-1.2.2.jar' 
2022-06-02 22:57:40.051 DEBUG [acme.Launcher@main] Found classpath entry '/C:/Users/diego/.m2/repository/org/assertj/assertj-core/3.18.1/assertj-core-3.18.1.jar' 
2022-06-02 22:57:40.051 DEBUG [acme.Launcher@main] Found classpath entry '/C:/Users/diego/.m2/repository/org/hamcrest/hamcrest/2.2/hamcrest-2.2.jar' 
2022-06-02 22:57:40.052 DEBUG [acme.Launcher@main] Found classpath entry '/C:/Users/diego/.m2/repository/org/junit/jupiter/junit-jupiter/5.7.0/junit-jupiter-5.7.0.jar' 
2022-06-02 22:57:40.052 DEBUG [acme.Launcher@main] Found classpath entry '/C:/Users/diego/.m2/repository/org/mockito/mockito-core/3.6.28/mockito-core-3.6.28.jar' 
2022-06-02 22:57:40.053 DEBUG [acme.Launcher@main] Found classpath entry '/C:/Users/diego/.m2/repository/net/bytebuddy/byte-buddy-agent/1.10.19/byte-buddy-agent-1.10.19.jar' 
2022-06-02 22:57:40.053 DEBUG [acme.Launcher@main] Found classpath entry '/C:/Users/diego/.m2/repository/org/objenesis/objenesis/3.1/objenesis-3.1.jar' 
2022-06-02 22:57:40.054 DEBUG [acme.Launcher@main] Found classpath entry '/C:/Users/diego/.m2/repository/org/mockito/mockito-junit-jupiter/3.6.28/mockito-junit-jupiter-3.6.28.jar' 
2022-06-02 22:57:40.054 DEBUG [acme.Launcher@main] Found classpath entry '/C:/Users/diego/.m2/repository/org/skyscreamer/jsonassert/1.5.0/jsonassert-1.5.0.jar' 
2022-06-02 22:57:40.054 DEBUG [acme.Launcher@main] Found classpath entry '/C:/Users/diego/.m2/repository/com/vaadin/external/google/android-json/0.0.20131108.vaadin1/android-json-0.0.20131108.vaadin1.jar' 
2022-06-02 22:57:40.056 DEBUG [acme.Launcher@main] Found classpath entry '/C:/Users/diego/.m2/repository/org/springframework/spring-test/5.3.3/spring-test-5.3.3.jar' 
2022-06-02 22:57:40.057 DEBUG [acme.Launcher@main] Found classpath entry '/C:/Users/diego/.m2/repository/org/xmlunit/xmlunit-core/2.7.0/xmlunit-core-2.7.0.jar' 
2022-06-02 22:57:40.058 DEBUG [acme.Launcher@main] Found classpath entry '/C:/Users/diego/.m2/repository/org/junit/jupiter/junit-jupiter-engine/5.7.0/junit-jupiter-engine-5.7.0.jar' 
2022-06-02 22:57:40.058 DEBUG [acme.Launcher@main] Found classpath entry '/C:/Users/diego/.m2/repository/org/apiguardian/apiguardian-api/1.1.0/apiguardian-api-1.1.0.jar' 
2022-06-02 22:57:40.058 DEBUG [acme.Launcher@main] Found classpath entry '/C:/Users/diego/.m2/repository/org/junit/platform/junit-platform-engine/1.7.0/junit-platform-engine-1.7.0.jar' 
2022-06-02 22:57:40.059 DEBUG [acme.Launcher@main] Found classpath entry '/C:/Users/diego/.m2/repository/org/junit/jupiter/junit-jupiter-api/5.7.0/junit-jupiter-api-5.7.0.jar' 
2022-06-02 22:57:40.059 DEBUG [acme.Launcher@main] Found classpath entry '/C:/Users/diego/.m2/repository/org/opentest4j/opentest4j/1.2.0/opentest4j-1.2.0.jar' 
2022-06-02 22:57:40.060 DEBUG [acme.Launcher@main] Found classpath entry '/C:/Users/diego/.m2/repository/org/junit/platform/junit-platform-commons/1.7.0/junit-platform-commons-1.7.0.jar' 
2022-06-02 22:57:40.061 DEBUG [acme.Launcher@main] Found classpath entry '/C:/Users/diego/.m2/repository/org/junit/jupiter/junit-jupiter-params/5.7.0/junit-jupiter-params-5.7.0.jar' 
2022-06-02 22:57:40.061 DEBUG [acme.Launcher@main] Found classpath entry '/C:/Users/diego/.m2/repository/org/junit/platform/junit-platform-launcher/1.7.0/junit-platform-launcher-1.7.0.jar' 
2022-06-02 22:57:40.063 DEBUG [acme.Launcher@main] Found classpath entry '/C:/Users/diego/.m2/repository/org/seleniumhq/selenium/selenium-java/3.141.59/selenium-java-3.141.59.jar' 
2022-06-02 22:57:40.063 DEBUG [acme.Launcher@main] Found classpath entry '/C:/Users/diego/.m2/repository/org/seleniumhq/selenium/selenium-api/3.141.59/selenium-api-3.141.59.jar' 
2022-06-02 22:57:40.063 DEBUG [acme.Launcher@main] Found classpath entry '/C:/Users/diego/.m2/repository/org/seleniumhq/selenium/selenium-chrome-driver/3.141.59/selenium-chrome-driver-3.141.59.jar' 
2022-06-02 22:57:40.064 DEBUG [acme.Launcher@main] Found classpath entry '/C:/Users/diego/.m2/repository/org/seleniumhq/selenium/selenium-edge-driver/3.141.59/selenium-edge-driver-3.141.59.jar' 
2022-06-02 22:57:40.065 DEBUG [acme.Launcher@main] Found classpath entry '/C:/Users/diego/.m2/repository/org/seleniumhq/selenium/selenium-firefox-driver/3.141.59/selenium-firefox-driver-3.141.59.jar' 
2022-06-02 22:57:40.066 DEBUG [acme.Launcher@main] Found classpath entry '/C:/Users/diego/.m2/repository/org/seleniumhq/selenium/selenium-ie-driver/3.141.59/selenium-ie-driver-3.141.59.jar' 
2022-06-02 22:57:40.066 DEBUG [acme.Launcher@main] Found classpath entry '/C:/Users/diego/.m2/repository/org/seleniumhq/selenium/selenium-opera-driver/3.141.59/selenium-opera-driver-3.141.59.jar' 
2022-06-02 22:57:40.067 DEBUG [acme.Launcher@main] Found classpath entry '/C:/Users/diego/.m2/repository/org/seleniumhq/selenium/selenium-remote-driver/3.141.59/selenium-remote-driver-3.141.59.jar' 
2022-06-02 22:57:40.068 DEBUG [acme.Launcher@main] Found classpath entry '/C:/Users/diego/.m2/repository/org/seleniumhq/selenium/selenium-safari-driver/3.141.59/selenium-safari-driver-3.141.59.jar' 
2022-06-02 22:57:40.069 DEBUG [acme.Launcher@main] Found classpath entry '/C:/Users/diego/.m2/repository/org/seleniumhq/selenium/selenium-support/3.141.59/selenium-support-3.141.59.jar' 
2022-06-02 22:57:40.069 DEBUG [acme.Launcher@main] Found classpath entry '/C:/Users/diego/.m2/repository/net/bytebuddy/byte-buddy/1.10.19/byte-buddy-1.10.19.jar' 
2022-06-02 22:57:40.069 DEBUG [acme.Launcher@main] Found classpath entry '/C:/Users/diego/.m2/repository/org/apache/commons/commons-exec/1.3/commons-exec-1.3.jar' 
2022-06-02 22:57:40.070 DEBUG [acme.Launcher@main] Found classpath entry '/C:/Users/diego/.m2/repository/com/google/guava/guava/25.0-jre/guava-25.0-jre.jar' 
2022-06-02 22:57:40.070 DEBUG [acme.Launcher@main] Found classpath entry '/C:/Users/diego/.m2/repository/com/google/code/findbugs/jsr305/1.3.9/jsr305-1.3.9.jar' 
2022-06-02 22:57:40.071 DEBUG [acme.Launcher@main] Found classpath entry '/C:/Users/diego/.m2/repository/org/checkerframework/checker-compat-qual/2.0.0/checker-compat-qual-2.0.0.jar' 
2022-06-02 22:57:40.071 DEBUG [acme.Launcher@main] Found classpath entry '/C:/Users/diego/.m2/repository/com/google/errorprone/error_prone_annotations/2.1.3/error_prone_annotations-2.1.3.jar' 
2022-06-02 22:57:40.071 DEBUG [acme.Launcher@main] Found classpath entry '/C:/Users/diego/.m2/repository/com/google/j2objc/j2objc-annotations/1.1/j2objc-annotations-1.1.jar' 
2022-06-02 22:57:40.072 DEBUG [acme.Launcher@main] Found classpath entry '/C:/Users/diego/.m2/repository/org/codehaus/mojo/animal-sniffer-annotations/1.14/animal-sniffer-annotations-1.14.jar' 
2022-06-02 22:57:40.072 DEBUG [acme.Launcher@main] Found classpath entry '/C:/Users/diego/.m2/repository/com/squareup/okhttp3/okhttp/3.14.9/okhttp-3.14.9.jar' 
2022-06-02 22:57:40.072 DEBUG [acme.Launcher@main] Found classpath entry '/C:/Users/diego/.m2/repository/com/squareup/okio/okio/1.14.0/okio-1.14.0.jar' 
2022-06-02 22:57:40.073 DEBUG [acme.Launcher@main] Found classpath entry '/C:/Users/diego/.m2/repository/org/apache/commons/commons-lang3/3.11/commons-lang3-3.11.jar' 
2022-06-02 22:57:40.074 DEBUG [acme.Launcher@main] Found classpath entry '/C:/Users/diego/.m2/repository/org/apache/commons/commons-text/1.8/commons-text-1.8.jar' 
2022-06-02 22:57:40.075 DEBUG [acme.Launcher@main] Found classpath entry '/C:/Users/diego/.m2/repository/commons-io/commons-io/2.6/commons-io-2.6.jar' 
2022-06-02 22:57:40.075 DEBUG [acme.Launcher@main] Found classpath entry '/C:/Users/diego/.m2/repository/commons-cli/commons-cli/1.4/commons-cli-1.4.jar' 
2022-06-02 22:57:40.075 DEBUG [acme.Launcher@main] Found classpath entry '/C:/Users/diego/.m2/repository/org/projectlombok/lombok/1.18.16/lombok-1.18.16.jar' 
2022-06-02 22:57:40.075 DEBUG [acme.Launcher@main] Found classpath entry '/C:/Users/diego/.m2/repository/com/opencsv/opencsv/5.4/opencsv-5.4.jar' 
2022-06-02 22:57:40.076 DEBUG [acme.Launcher@main] Found classpath entry '/C:/Users/diego/.m2/repository/commons-beanutils/commons-beanutils/1.9.4/commons-beanutils-1.9.4.jar' 
2022-06-02 22:57:40.078 DEBUG [acme.Launcher@main] Found classpath entry '/C:/Users/diego/.m2/repository/commons-logging/commons-logging/1.2/commons-logging-1.2.jar' 
2022-06-02 22:57:40.078 DEBUG [acme.Launcher@main] Found classpath entry '/C:/Users/diego/.m2/repository/commons-collections/commons-collections/3.2.2/commons-collections-3.2.2.jar' 
2022-06-02 22:57:40.079 DEBUG [acme.Launcher@main] Found classpath entry '/C:/Users/diego/.m2/repository/org/apache/commons/commons-collections4/4.4/commons-collections4-4.4.jar' 
2022-06-02 22:57:40.079 DEBUG [acme.Launcher@main] Found classpath entry '/C:/Users/diego/OneDrive/Documentos/Mis_Archivos/II-ISW/DP2/Workspace-22.0/Tools/IDEs/eclipse-jee-2021-12-R/configuration/org.eclipse.osgi/418/0/.cp/lib/javaagent-shaded.jar' 
2022-06-02 22:57:40.656 DEBUG [acme.Launcher@main] Found entity class 'acme.artifact.Artifact 
2022-06-02 22:57:40.658 DEBUG [acme.Launcher@main] Found entity class 'acme.artifact.PartOf 
2022-06-02 22:57:40.660 DEBUG [acme.Launcher@main] Found entity class 'acme.artifact.ToolKit 
2022-06-02 22:57:40.660 DEBUG [acme.Launcher@main] Found entity class 'acme.entities.announcement.Announcement 
2022-06-02 22:57:40.661 DEBUG [acme.Launcher@main] Found entity class 'acme.entities.chirp.Chirp 
2022-06-02 22:57:40.664 DEBUG [acme.Launcher@main] Found entity class 'acme.entities.patronage.Patronage 
2022-06-02 22:57:40.664 DEBUG [acme.Launcher@main] Found entity class 'acme.entities.patronage.PatronageReport 
2022-06-02 22:57:40.669 DEBUG [acme.Launcher@main] Found entity class 'acme.roles.Consumer 
2022-06-02 22:57:40.670 DEBUG [acme.Launcher@main] Found entity class 'acme.roles.Inventor 
2022-06-02 22:57:40.670 DEBUG [acme.Launcher@main] Found entity class 'acme.roles.Patron 
2022-06-02 22:57:40.670 DEBUG [acme.Launcher@main] Found entity class 'acme.roles.Provider 
2022-06-02 22:57:40.671 DEBUG [acme.Launcher@main] Found entity class 'acme.systemSetting.SystemSetting 
2022-06-02 22:57:40.671 DEBUG [acme.Launcher@main] Found entity class 'acme.framework.entities.UserAccount 
2022-06-02 22:57:40.671 DEBUG [acme.Launcher@main] Found entity class 'acme.framework.roles.Administrator 
2022-06-02 22:57:40.672 DEBUG [acme.Launcher@main] Found entity class 'acme.framework.roles.Anonymous 
2022-06-02 22:57:40.672 DEBUG [acme.Launcher@main] Found entity class 'acme.framework.roles.Any 
2022-06-02 22:57:40.673 DEBUG [acme.Launcher@main] Found entity class 'acme.framework.roles.Authenticated 
2022-06-02 22:57:40.694 INFO  [acme.Launcher@main] Running application (Standalone) 
2022-06-02 22:57:45.033 DEBUG [acme.framework.components.tiles.DynamicTilesView@http-nio-8080-exec-2] View name 'fragments/welcome', model {} 
2022-06-02 22:57:45.119 DEBUG [org.apache.tiles.definition.dao.BaseLocaleUrlDefinitionDAO@http-nio-8080-exec-2] File Resource file:/C:/Users/diego/OneDrive/Documentos/Mis_Archivos/II-ISW/DP2/Workspace-22.0/Projects/Acme-Toolkit/target/classes/WEB-INF/views/master/tiles_en.xml at file:/C:/Users/diego/OneDrive/Documentos/Mis_Archivos/II-ISW/DP2/Workspace-22.0/Projects/Acme-Toolkit/target/classes/WEB-INF/views/master/tiles_en.xml not found, continue 
2022-06-02 22:57:45.183 DEBUG [org.apache.jasper.servlet.JspServlet@http-nio-8080-exec-2] JspEngine --> /WEB-INF/views/master/page.jsp 
2022-06-02 22:57:45.185 DEBUG [org.apache.jasper.servlet.JspServlet@http-nio-8080-exec-2] ServletPath: /WEB-INF/views/master/page.jsp 
2022-06-02 22:57:45.186 DEBUG [org.apache.jasper.servlet.JspServlet@http-nio-8080-exec-2] PathInfo: null 
2022-06-02 22:57:45.199 DEBUG [org.apache.jasper.servlet.JspServlet@http-nio-8080-exec-2] RealPath: C:\Users\diego\OneDrive\Documentos\Mis_Archivos\II-ISW\DP2\Workspace-22.0\Projects\Acme-Toolkit\target\classes\WEB-INF\views\master\page.jsp 
2022-06-02 22:57:45.202 DEBUG [org.apache.jasper.servlet.JspServlet@http-nio-8080-exec-2] RequestURI: /acme-toolkit-22.1/WEB-INF/views/master/page.jsp 
2022-06-02 22:57:45.204 DEBUG [org.apache.jasper.servlet.JspServlet@http-nio-8080-exec-2] QueryString: null 
2022-06-02 22:58:05.368 DEBUG [acme.framework.configuration.ExtendedMessageSource@http-nio-8080-exec-2] Loading properties [C:\Users\diego\OneDrive\Documentos\Mis_Archivos\II-ISW\DP2\Workspace-22.0\Projects\Acme-Toolkit\target\classes\WEB-INF\views\administrator\admin-dashboard\messages-en.i18n] with encoding 'utf-8' 
2022-06-02 22:58:05.371 DEBUG [acme.framework.configuration.ExtendedMessageSource@http-nio-8080-exec-2] Loading properties [C:\Users\diego\OneDrive\Documentos\Mis_Archivos\II-ISW\DP2\Workspace-22.0\Projects\Acme-Toolkit\target\classes\WEB-INF\views\administrator\announcement\messages-en.i18n] with encoding 'utf-8' 
2022-06-02 22:58:05.373 DEBUG [acme.framework.configuration.ExtendedMessageSource@http-nio-8080-exec-2] Loading properties [C:\Users\diego\OneDrive\Documentos\Mis_Archivos\II-ISW\DP2\Workspace-22.0\Projects\Acme-Toolkit\target\classes\WEB-INF\views\administrator\system-setting\messsages-en.i18n] with encoding 'utf-8' 
2022-06-02 22:58:05.378 DEBUG [acme.framework.configuration.ExtendedMessageSource@http-nio-8080-exec-2] Loading properties [C:\Users\diego\OneDrive\Documentos\Mis_Archivos\II-ISW\DP2\Workspace-22.0\Projects\Acme-Toolkit\target\classes\WEB-INF\views\administrator\user-account\messages-en.i18n] with encoding 'utf-8' 
2022-06-02 22:58:05.381 DEBUG [acme.framework.configuration.ExtendedMessageSource@http-nio-8080-exec-2] Loading properties [C:\Users\diego\OneDrive\Documentos\Mis_Archivos\II-ISW\DP2\Workspace-22.0\Projects\Acme-Toolkit\target\classes\WEB-INF\views\anonymous\user-account\messages-en.i18n] with encoding 'utf-8' 
2022-06-02 22:58:05.383 DEBUG [acme.framework.configuration.ExtendedMessageSource@http-nio-8080-exec-2] Loading properties [C:\Users\diego\OneDrive\Documentos\Mis_Archivos\II-ISW\DP2\Workspace-22.0\Projects\Acme-Toolkit\target\classes\WEB-INF\views\any\artifact\messages-en.i18n] with encoding 'utf-8' 
2022-06-02 22:58:05.385 DEBUG [acme.framework.configuration.ExtendedMessageSource@http-nio-8080-exec-2] Loading properties [C:\Users\diego\OneDrive\Documentos\Mis_Archivos\II-ISW\DP2\Workspace-22.0\Projects\Acme-Toolkit\target\classes\WEB-INF\views\any\chirp\messages-en.i18n] with encoding 'utf-8' 
2022-06-02 22:58:05.387 DEBUG [acme.framework.configuration.ExtendedMessageSource@http-nio-8080-exec-2] Loading properties [C:\Users\diego\OneDrive\Documentos\Mis_Archivos\II-ISW\DP2\Workspace-22.0\Projects\Acme-Toolkit\target\classes\WEB-INF\views\any\part-of\messages-en.i18n] with encoding 'utf-8' 
2022-06-02 22:58:05.389 DEBUG [acme.framework.configuration.ExtendedMessageSource@http-nio-8080-exec-2] Loading properties [C:\Users\diego\OneDrive\Documentos\Mis_Archivos\II-ISW\DP2\Workspace-22.0\Projects\Acme-Toolkit\target\classes\WEB-INF\views\any\tool-kit\messages-en.i18n] with encoding 'utf-8' 
2022-06-02 22:58:05.391 DEBUG [acme.framework.configuration.ExtendedMessageSource@http-nio-8080-exec-2] Loading properties [C:\Users\diego\OneDrive\Documentos\Mis_Archivos\II-ISW\DP2\Workspace-22.0\Projects\Acme-Toolkit\target\classes\WEB-INF\views\any\user-account\messsages-en.i18n] with encoding 'utf-8' 
2022-06-02 22:58:05.393 DEBUG [acme.framework.configuration.ExtendedMessageSource@http-nio-8080-exec-2] Loading properties [C:\Users\diego\OneDrive\Documentos\Mis_Archivos\II-ISW\DP2\Workspace-22.0\Projects\Acme-Toolkit\target\classes\WEB-INF\views\authenticated\announcement\messages-en.i18n] with encoding 'utf-8' 
2022-06-02 22:58:05.396 DEBUG [acme.framework.configuration.ExtendedMessageSource@http-nio-8080-exec-2] Loading properties [C:\Users\diego\OneDrive\Documentos\Mis_Archivos\II-ISW\DP2\Workspace-22.0\Projects\Acme-Toolkit\target\classes\WEB-INF\views\authenticated\consumer\messsages-en.i18n] with encoding 'utf-8' 
2022-06-02 22:58:05.397 DEBUG [acme.framework.configuration.ExtendedMessageSource@http-nio-8080-exec-2] Loading properties [C:\Users\diego\OneDrive\Documentos\Mis_Archivos\II-ISW\DP2\Workspace-22.0\Projects\Acme-Toolkit\target\classes\WEB-INF\views\authenticated\inventor\messsages-en.i18n] with encoding 'utf-8' 
2022-06-02 22:58:05.400 DEBUG [acme.framework.configuration.ExtendedMessageSource@http-nio-8080-exec-2] Loading properties [C:\Users\diego\OneDrive\Documentos\Mis_Archivos\II-ISW\DP2\Workspace-22.0\Projects\Acme-Toolkit\target\classes\WEB-INF\views\authenticated\patron\messsages-en.i18n] with encoding 'utf-8' 
2022-06-02 22:58:05.403 DEBUG [acme.framework.configuration.ExtendedMessageSource@http-nio-8080-exec-2] Loading properties [C:\Users\diego\OneDrive\Documentos\Mis_Archivos\II-ISW\DP2\Workspace-22.0\Projects\Acme-Toolkit\target\classes\WEB-INF\views\authenticated\provider\messsages-en.i18n] with encoding 'utf-8' 
2022-06-02 22:58:05.404 DEBUG [acme.framework.configuration.ExtendedMessageSource@http-nio-8080-exec-2] Loading properties [C:\Users\diego\OneDrive\Documentos\Mis_Archivos\II-ISW\DP2\Workspace-22.0\Projects\Acme-Toolkit\target\classes\WEB-INF\views\authenticated\system-setting\messsages-en.i18n] with encoding 'utf-8' 
2022-06-02 22:58:05.406 DEBUG [acme.framework.configuration.ExtendedMessageSource@http-nio-8080-exec-2] Loading properties [C:\Users\diego\OneDrive\Documentos\Mis_Archivos\II-ISW\DP2\Workspace-22.0\Projects\Acme-Toolkit\target\classes\WEB-INF\views\authenticated\user-account\messages-en.i18n] with encoding 'utf-8' 
2022-06-02 22:58:05.408 DEBUG [acme.framework.configuration.ExtendedMessageSource@http-nio-8080-exec-2] Loading properties [C:\Users\diego\OneDrive\Documentos\Mis_Archivos\II-ISW\DP2\Workspace-22.0\Projects\Acme-Toolkit\target\classes\WEB-INF\views\fragments\banner-en.i18n] with encoding 'utf-8' 
2022-06-02 22:58:05.413 DEBUG [acme.framework.configuration.ExtendedMessageSource@http-nio-8080-exec-2] Loading properties [C:\Users\diego\OneDrive\Documentos\Mis_Archivos\II-ISW\DP2\Workspace-22.0\Projects\Acme-Toolkit\target\classes\WEB-INF\views\fragments\company-en.i18n] with encoding 'utf-8' 
2022-06-02 22:58:05.416 DEBUG [acme.framework.configuration.ExtendedMessageSource@http-nio-8080-exec-2] Loading properties [C:\Users\diego\OneDrive\Documentos\Mis_Archivos\II-ISW\DP2\Workspace-22.0\Projects\Acme-Toolkit\target\classes\WEB-INF\views\fragments\footer-en.i18n] with encoding 'utf-8' 
2022-06-02 22:58:05.417 DEBUG [acme.framework.configuration.ExtendedMessageSource@http-nio-8080-exec-2] Loading properties [C:\Users\diego\OneDrive\Documentos\Mis_Archivos\II-ISW\DP2\Workspace-22.0\Projects\Acme-Toolkit\target\classes\WEB-INF\views\fragments\license-en.i18n] with encoding 'utf-8' 
2022-06-02 22:58:05.419 DEBUG [acme.framework.configuration.ExtendedMessageSource@http-nio-8080-exec-2] Loading properties [C:\Users\diego\OneDrive\Documentos\Mis_Archivos\II-ISW\DP2\Workspace-22.0\Projects\Acme-Toolkit\target\classes\WEB-INF\views\fragments\menu-en.i18n] with encoding 'utf-8' 
2022-06-02 22:58:05.421 DEBUG [acme.framework.configuration.ExtendedMessageSource@http-nio-8080-exec-2] Loading properties [C:\Users\diego\OneDrive\Documentos\Mis_Archivos\II-ISW\DP2\Workspace-22.0\Projects\Acme-Toolkit\target\classes\WEB-INF\views\fragments\messsages-en.i18n] with encoding 'utf-8' 
2022-06-02 22:58:05.423 DEBUG [acme.framework.configuration.ExtendedMessageSource@http-nio-8080-exec-2] Loading properties [C:\Users\diego\OneDrive\Documentos\Mis_Archivos\II-ISW\DP2\Workspace-22.0\Projects\Acme-Toolkit\target\classes\WEB-INF\views\fragments\title-en.i18n] with encoding 'utf-8' 
2022-06-02 22:58:05.426 DEBUG [acme.framework.configuration.ExtendedMessageSource@http-nio-8080-exec-2] Loading properties [C:\Users\diego\OneDrive\Documentos\Mis_Archivos\II-ISW\DP2\Workspace-22.0\Projects\Acme-Toolkit\target\classes\WEB-INF\views\fragments\welcome-en.i18n] with encoding 'utf-8' 
2022-06-02 22:58:05.427 DEBUG [acme.framework.configuration.ExtendedMessageSource@http-nio-8080-exec-2] Loading properties [C:\Users\diego\OneDrive\Documentos\Mis_Archivos\II-ISW\DP2\Workspace-22.0\Projects\Acme-Toolkit\target\classes\WEB-INF\views\inventor\artifact\messages-en.i18n] with encoding 'utf-8' 
2022-06-02 22:58:05.430 DEBUG [acme.framework.configuration.ExtendedMessageSource@http-nio-8080-exec-2] Loading properties [C:\Users\diego\OneDrive\Documentos\Mis_Archivos\II-ISW\DP2\Workspace-22.0\Projects\Acme-Toolkit\target\classes\WEB-INF\views\inventor\part-of\messages-en.i18n] with encoding 'utf-8' 
2022-06-02 22:58:05.432 DEBUG [acme.framework.configuration.ExtendedMessageSource@http-nio-8080-exec-2] Loading properties [C:\Users\diego\OneDrive\Documentos\Mis_Archivos\II-ISW\DP2\Workspace-22.0\Projects\Acme-Toolkit\target\classes\WEB-INF\views\inventor\patronage\messages-en.i18n] with encoding 'utf-8' 
2022-06-02 22:58:05.435 DEBUG [acme.framework.configuration.ExtendedMessageSource@http-nio-8080-exec-2] Loading properties [C:\Users\diego\OneDrive\Documentos\Mis_Archivos\II-ISW\DP2\Workspace-22.0\Projects\Acme-Toolkit\target\classes\WEB-INF\views\inventor\patronage-report\messages-en.i18n] with encoding 'utf-8' 
2022-06-02 22:58:05.437 DEBUG [acme.framework.configuration.ExtendedMessageSource@http-nio-8080-exec-2] Loading properties [C:\Users\diego\OneDrive\Documentos\Mis_Archivos\II-ISW\DP2\Workspace-22.0\Projects\Acme-Toolkit\target\classes\WEB-INF\views\inventor\tool-kit\messages-en.i18n] with encoding 'utf-8' 
2022-06-02 22:58:05.439 DEBUG [acme.framework.configuration.ExtendedMessageSource@http-nio-8080-exec-2] Loading properties [C:\Users\diego\OneDrive\Documentos\Mis_Archivos\II-ISW\DP2\Workspace-22.0\Projects\Acme-Toolkit\target\classes\WEB-INF\views\master\defaults-en.i18n] with encoding 'utf-8' 
2022-06-02 22:58:05.442 DEBUG [acme.framework.configuration.ExtendedMessageSource@http-nio-8080-exec-2] Loading properties [C:\Users\diego\OneDrive\Documentos\Mis_Archivos\II-ISW\DP2\Workspace-22.0\Projects\Acme-Toolkit\target\classes\WEB-INF\views\master\master-en.i18n] with encoding 'utf-8' 
2022-06-02 22:58:05.446 DEBUG [acme.framework.configuration.ExtendedMessageSource@http-nio-8080-exec-2] Loading properties [C:\Users\diego\OneDrive\Documentos\Mis_Archivos\II-ISW\DP2\Workspace-22.0\Projects\Acme-Toolkit\target\classes\WEB-INF\views\master\throwables-en.i18n] with encoding 'utf-8' 
2022-06-02 22:58:05.449 DEBUG [acme.framework.configuration.ExtendedMessageSource@http-nio-8080-exec-2] Loading properties [C:\Users\diego\OneDrive\Documentos\Mis_Archivos\II-ISW\DP2\Workspace-22.0\Projects\Acme-Toolkit\target\classes\WEB-INF\views\master\validation-en.i18n] with encoding 'utf-8' 
2022-06-02 22:58:05.451 DEBUG [acme.framework.configuration.ExtendedMessageSource@http-nio-8080-exec-2] Loading properties [C:\Users\diego\OneDrive\Documentos\Mis_Archivos\II-ISW\DP2\Workspace-22.0\Projects\Acme-Toolkit\target\classes\WEB-INF\views\patron\patronage\messages-en.i18n] with encoding 'utf-8' 
2022-06-02 22:58:06.517 DEBUG [org.apache.jasper.servlet.JspServlet@http-nio-8080-exec-2] JspEngine --> /WEB-INF/views/fragments/welcome.jsp 
2022-06-02 22:58:06.519 DEBUG [org.apache.jasper.servlet.JspServlet@http-nio-8080-exec-2] ServletPath: /WEB-INF/views/master/page.jsp 
2022-06-02 22:58:06.521 DEBUG [org.apache.jasper.servlet.JspServlet@http-nio-8080-exec-2] PathInfo: null 
2022-06-02 22:58:06.527 DEBUG [org.apache.jasper.servlet.JspServlet@http-nio-8080-exec-2] RealPath: C:\Users\diego\OneDrive\Documentos\Mis_Archivos\II-ISW\DP2\Workspace-22.0\Projects\Acme-Toolkit\target\classes\WEB-INF\views\fragments\welcome.jsp 
2022-06-02 22:58:06.529 DEBUG [org.apache.jasper.servlet.JspServlet@http-nio-8080-exec-2] RequestURI: /acme-toolkit-22.1/WEB-INF/views/master/page.jsp 
2022-06-02 22:58:06.531 DEBUG [org.apache.jasper.servlet.JspServlet@http-nio-8080-exec-2] QueryString: null 
2022-06-02 22:58:08.421 DEBUG [org.hibernate.SQL@http-nio-8080-exec-2] select useraccoun0_.id as id1_0_, useraccoun0_.version as version2_0_, useraccoun0_.enabled as enabled1_17_, useraccoun0_.identity as identity2_17_, useraccoun0_.password as password3_17_, useraccoun0_.username as username4_17_ from user_account useraccoun0_ where useraccoun0_.username=? 
2022-06-02 22:58:08.557 TRACE [org.hibernate.type.descriptor.sql.BasicBinder@http-nio-8080-exec-2] binding parameter [1] as [VARCHAR] - [anonymous] 
2022-06-02 22:58:08.919 DEBUG [org.hibernate.SQL@http-nio-8080-exec-2] select roles0_.user_account_id as user_acc1_18_0_, roles0_.id as id1_18_0_, roles0_.id as id1_0_1_, roles0_.version as version2_0_1_, roles0_.user_account_id as user_acc1_18_1_, roles0_.company as company1_8_1_, roles0_.sector as sector2_8_1_, roles0_.company as company1_9_1_, roles0_.link as link2_9_1_, roles0_.statement as statemen3_9_1_, roles0_.company as company1_11_1_, roles0_.link as link2_11_1_, roles0_.statement as statemen3_11_1_, roles0_.company as company1_14_1_, roles0_.sector as sector2_14_1_, roles0_.clazz_ as clazz_1_ from ( select id, version, user_account_id, company, sector, null as link, null as statement, 9 as clazz_ from consumer union all select id, version, user_account_id, company, null as sector, link, statement, 10 as clazz_ from inventor union all select id, version, user_account_id, company, null as sector, link, statement, 11 as clazz_ from patron union all select id, version, user_account_id, company, sector, null as link, null as statement, 12 as clazz_ from provider union all select id, version, user_account_id, null as company, null as sector, null as link, null as statement, 15 as clazz_ from administrator union all select id, version, user_account_id, null as company, null as sector, null as link, null as statement, 16 as clazz_ from anonymous union all select id, version, user_account_id, null as company, null as sector, null as link, null as statement, 17 as clazz_ from any union all select id, version, user_account_id, null as company, null as sector, null as link, null as statement, 18 as clazz_ from authenticated ) roles0_ where roles0_.user_account_id=? 
2022-06-02 22:58:08.922 TRACE [org.hibernate.type.descriptor.sql.BasicBinder@http-nio-8080-exec-2] binding parameter [1] as [INTEGER] - [1] 
2022-06-02 22:58:12.357 DEBUG [acme.framework.components.tiles.DynamicTilesView@http-nio-8080-exec-3] View name 'master/sign-in', model {username=, password=, remember=false} 
2022-06-02 22:58:12.360 DEBUG [org.apache.jasper.servlet.JspServlet@http-nio-8080-exec-3] JspEngine --> /WEB-INF/views/master/page.jsp 
2022-06-02 22:58:12.361 DEBUG [org.apache.jasper.servlet.JspServlet@http-nio-8080-exec-3] ServletPath: /WEB-INF/views/master/page.jsp 
2022-06-02 22:58:12.362 DEBUG [org.apache.jasper.servlet.JspServlet@http-nio-8080-exec-3] PathInfo: null 
2022-06-02 22:58:12.369 DEBUG [org.apache.jasper.servlet.JspServlet@http-nio-8080-exec-3] RealPath: C:\Users\diego\OneDrive\Documentos\Mis_Archivos\II-ISW\DP2\Workspace-22.0\Projects\Acme-Toolkit\target\classes\WEB-INF\views\master\page.jsp 
2022-06-02 22:58:12.370 DEBUG [org.apache.jasper.servlet.JspServlet@http-nio-8080-exec-3] RequestURI: /acme-toolkit-22.1/WEB-INF/views/master/page.jsp 
2022-06-02 22:58:12.371 DEBUG [org.apache.jasper.servlet.JspServlet@http-nio-8080-exec-3] QueryString: null 
2022-06-02 22:58:13.093 DEBUG [org.apache.jasper.servlet.JspServlet@http-nio-8080-exec-3] JspEngine --> /WEB-INF/views/master/sign-in.jsp 
2022-06-02 22:58:13.094 DEBUG [org.apache.jasper.servlet.JspServlet@http-nio-8080-exec-3] ServletPath: /WEB-INF/views/master/page.jsp 
2022-06-02 22:58:13.095 DEBUG [org.apache.jasper.servlet.JspServlet@http-nio-8080-exec-3] PathInfo: null 
2022-06-02 22:58:13.098 DEBUG [org.apache.jasper.servlet.JspServlet@http-nio-8080-exec-3] RealPath: C:\Users\diego\OneDrive\Documentos\Mis_Archivos\II-ISW\DP2\Workspace-22.0\Projects\Acme-Toolkit\target\classes\WEB-INF\views\master\sign-in.jsp 
2022-06-02 22:58:13.100 DEBUG [org.apache.jasper.servlet.JspServlet@http-nio-8080-exec-3] RequestURI: /acme-toolkit-22.1/WEB-INF/views/master/page.jsp 
2022-06-02 22:58:13.102 DEBUG [org.apache.jasper.servlet.JspServlet@http-nio-8080-exec-3] QueryString: null 
2022-06-02 22:58:21.560 DEBUG [org.hibernate.SQL@http-nio-8080-exec-3] select useraccoun0_.id as id1_0_, useraccoun0_.version as version2_0_, useraccoun0_.enabled as enabled1_17_, useraccoun0_.identity as identity2_17_, useraccoun0_.password as password3_17_, useraccoun0_.username as username4_17_ from user_account useraccoun0_ where useraccoun0_.username=? 
2022-06-02 22:58:21.563 TRACE [org.hibernate.type.descriptor.sql.BasicBinder@http-nio-8080-exec-3] binding parameter [1] as [VARCHAR] - [anonymous] 
2022-06-02 22:58:21.567 DEBUG [org.hibernate.SQL@http-nio-8080-exec-3] select roles0_.user_account_id as user_acc1_18_0_, roles0_.id as id1_18_0_, roles0_.id as id1_0_1_, roles0_.version as version2_0_1_, roles0_.user_account_id as user_acc1_18_1_, roles0_.company as company1_8_1_, roles0_.sector as sector2_8_1_, roles0_.company as company1_9_1_, roles0_.link as link2_9_1_, roles0_.statement as statemen3_9_1_, roles0_.company as company1_11_1_, roles0_.link as link2_11_1_, roles0_.statement as statemen3_11_1_, roles0_.company as company1_14_1_, roles0_.sector as sector2_14_1_, roles0_.clazz_ as clazz_1_ from ( select id, version, user_account_id, company, sector, null as link, null as statement, 9 as clazz_ from consumer union all select id, version, user_account_id, company, null as sector, link, statement, 10 as clazz_ from inventor union all select id, version, user_account_id, company, null as sector, link, statement, 11 as clazz_ from patron union all select id, version, user_account_id, company, sector, null as link, null as statement, 12 as clazz_ from provider union all select id, version, user_account_id, null as company, null as sector, null as link, null as statement, 15 as clazz_ from administrator union all select id, version, user_account_id, null as company, null as sector, null as link, null as statement, 16 as clazz_ from anonymous union all select id, version, user_account_id, null as company, null as sector, null as link, null as statement, 17 as clazz_ from any union all select id, version, user_account_id, null as company, null as sector, null as link, null as statement, 18 as clazz_ from authenticated ) roles0_ where roles0_.user_account_id=? 
2022-06-02 22:58:21.570 TRACE [org.hibernate.type.descriptor.sql.BasicBinder@http-nio-8080-exec-3] binding parameter [1] as [INTEGER] - [1] 
2022-06-02 22:58:24.594 DEBUG [org.hibernate.SQL@http-nio-8080-exec-10] select useraccoun0_.id as id1_0_, useraccoun0_.version as version2_0_, useraccoun0_.enabled as enabled1_17_, useraccoun0_.identity as identity2_17_, useraccoun0_.password as password3_17_, useraccoun0_.username as username4_17_ from user_account useraccoun0_ where useraccoun0_.username=? 
2022-06-02 22:58:24.597 TRACE [org.hibernate.type.descriptor.sql.BasicBinder@http-nio-8080-exec-10] binding parameter [1] as [VARCHAR] - [inventor1] 
2022-06-02 22:58:24.603 DEBUG [org.hibernate.SQL@http-nio-8080-exec-10] select roles0_.user_account_id as user_acc1_18_0_, roles0_.id as id1_18_0_, roles0_.id as id1_0_1_, roles0_.version as version2_0_1_, roles0_.user_account_id as user_acc1_18_1_, roles0_.company as company1_8_1_, roles0_.sector as sector2_8_1_, roles0_.company as company1_9_1_, roles0_.link as link2_9_1_, roles0_.statement as statemen3_9_1_, roles0_.company as company1_11_1_, roles0_.link as link2_11_1_, roles0_.statement as statemen3_11_1_, roles0_.company as company1_14_1_, roles0_.sector as sector2_14_1_, roles0_.clazz_ as clazz_1_ from ( select id, version, user_account_id, company, sector, null as link, null as statement, 9 as clazz_ from consumer union all select id, version, user_account_id, company, null as sector, link, statement, 10 as clazz_ from inventor union all select id, version, user_account_id, company, null as sector, link, statement, 11 as clazz_ from patron union all select id, version, user_account_id, company, sector, null as link, null as statement, 12 as clazz_ from provider union all select id, version, user_account_id, null as company, null as sector, null as link, null as statement, 15 as clazz_ from administrator union all select id, version, user_account_id, null as company, null as sector, null as link, null as statement, 16 as clazz_ from anonymous union all select id, version, user_account_id, null as company, null as sector, null as link, null as statement, 17 as clazz_ from any union all select id, version, user_account_id, null as company, null as sector, null as link, null as statement, 18 as clazz_ from authenticated ) roles0_ where roles0_.user_account_id=? 
2022-06-02 22:58:24.605 TRACE [org.hibernate.type.descriptor.sql.BasicBinder@http-nio-8080-exec-10] binding parameter [1] as [INTEGER] - [6] 
2022-06-02 22:58:24.645 DEBUG [acme.framework.components.tiles.DynamicTilesView@http-nio-8080-exec-9] View name 'fragments/welcome', model {} 
2022-06-02 22:58:24.647 DEBUG [org.apache.jasper.servlet.JspServlet@http-nio-8080-exec-9] JspEngine --> /WEB-INF/views/master/page.jsp 
2022-06-02 22:58:24.649 DEBUG [org.apache.jasper.servlet.JspServlet@http-nio-8080-exec-9] ServletPath: /WEB-INF/views/master/page.jsp 
2022-06-02 22:58:24.649 DEBUG [org.apache.jasper.servlet.JspServlet@http-nio-8080-exec-9] PathInfo: null 
2022-06-02 22:58:24.656 DEBUG [org.apache.jasper.servlet.JspServlet@http-nio-8080-exec-9] RealPath: C:\Users\diego\OneDrive\Documentos\Mis_Archivos\II-ISW\DP2\Workspace-22.0\Projects\Acme-Toolkit\target\classes\WEB-INF\views\master\page.jsp 
2022-06-02 22:58:24.658 DEBUG [org.apache.jasper.servlet.JspServlet@http-nio-8080-exec-9] RequestURI: /acme-toolkit-22.1/WEB-INF/views/master/page.jsp 
2022-06-02 22:58:24.660 DEBUG [org.apache.jasper.servlet.JspServlet@http-nio-8080-exec-9] QueryString: null 
2022-06-02 22:58:25.269 DEBUG [org.apache.jasper.servlet.JspServlet@http-nio-8080-exec-9] JspEngine --> /WEB-INF/views/fragments/welcome.jsp 
2022-06-02 22:58:25.270 DEBUG [org.apache.jasper.servlet.JspServlet@http-nio-8080-exec-9] ServletPath: /WEB-INF/views/master/page.jsp 
2022-06-02 22:58:25.271 DEBUG [org.apache.jasper.servlet.JspServlet@http-nio-8080-exec-9] PathInfo: null 
2022-06-02 22:58:25.279 DEBUG [org.apache.jasper.servlet.JspServlet@http-nio-8080-exec-9] RealPath: C:\Users\diego\OneDrive\Documentos\Mis_Archivos\II-ISW\DP2\Workspace-22.0\Projects\Acme-Toolkit\target\classes\WEB-INF\views\fragments\welcome.jsp 
2022-06-02 22:58:25.280 DEBUG [org.apache.jasper.servlet.JspServlet@http-nio-8080-exec-9] RequestURI: /acme-toolkit-22.1/WEB-INF/views/master/page.jsp 
2022-06-02 22:58:25.281 DEBUG [org.apache.jasper.servlet.JspServlet@http-nio-8080-exec-9] QueryString: null 
2022-06-02 22:58:31.054 DEBUG [acme.framework.controllers.AbstractController@http-nio-8080-exec-9] DISPATCHING GET /acme-toolkit-22.1/inventor/tool-kit/list 
2022-06-02 22:58:31.054 DEBUG [acme.framework.controllers.AbstractController@http-nio-8080-exec-9] Command: list 
2022-06-02 22:58:31.054 DEBUG [acme.framework.controllers.AbstractController@http-nio-8080-exec-9] Model:   {} 
2022-06-02 22:58:31.055 DEBUG [acme.framework.controllers.AbstractController@http-nio-8080-exec-9] Locale:  en 
2022-06-02 22:58:31.055 DEBUG [acme.framework.controllers.AbstractController@http-nio-8080-exec-9] Starting transaction 587a9f23-85a9-4160-a66c-3c4c2d26eedb 
2022-06-02 22:58:31.092 DEBUG [org.hibernate.SQL@http-nio-8080-exec-9] select toolkit0_.id as id1_0_, toolkit0_.version as version2_0_, toolkit0_.assembly_notes as assembly1_16_, toolkit0_.code as code2_16_, toolkit0_.description as descript3_16_, toolkit0_.inventor_id as inventor7_16_, toolkit0_.is_publish as is_publi4_16_, toolkit0_.link as link5_16_, toolkit0_.title as title6_16_ from tool_kit toolkit0_ where toolkit0_.inventor_id=? 
2022-06-02 22:58:31.094 TRACE [org.hibernate.type.descriptor.sql.BasicBinder@http-nio-8080-exec-9] binding parameter [1] as [INTEGER] - [9] 
2022-06-02 22:58:31.098 DEBUG [org.hibernate.SQL@http-nio-8080-exec-9] select inventor0_.id as id1_0_0_, inventor0_.version as version2_0_0_, inventor0_.user_account_id as user_acc1_18_0_, inventor0_.company as company1_9_0_, inventor0_.link as link2_9_0_, inventor0_.statement as statemen3_9_0_, useraccoun1_.id as id1_0_1_, useraccoun1_.version as version2_0_1_, useraccoun1_.enabled as enabled1_17_1_, useraccoun1_.identity as identity2_17_1_, useraccoun1_.password as password3_17_1_, useraccoun1_.username as username4_17_1_ from inventor inventor0_ inner join user_account useraccoun1_ on inventor0_.user_account_id=useraccoun1_.id where inventor0_.id=? 
2022-06-02 22:58:31.099 TRACE [org.hibernate.type.descriptor.sql.BasicBinder@http-nio-8080-exec-9] binding parameter [1] as [INTEGER] - [9] 
2022-06-02 22:58:31.240 DEBUG [acme.framework.controllers.AbstractController@http-nio-8080-exec-9] Committing transaction 587a9f23-85a9-4160-a66c-3c4c2d26eedb 
2022-06-02 22:58:31.248 DEBUG [acme.framework.controllers.AbstractController@http-nio-8080-exec-9] Starting transaction aeaeed25-1df0-41d6-9bd0-ede0299310c8 
2022-06-02 22:58:31.250 DEBUG [acme.framework.controllers.AbstractController@http-nio-8080-exec-9] Committing transaction aeaeed25-1df0-41d6-9bd0-ede0299310c8 
2022-06-02 22:58:31.252 DEBUG [acme.framework.controllers.AbstractController@http-nio-8080-exec-9] SERVING GET /acme-toolkit-22.1/inventor/tool-kit/list 
2022-06-02 22:58:31.253 DEBUG [acme.framework.controllers.AbstractController@http-nio-8080-exec-9] Result: ModelAndView [view="inventor/tool-kit/list"; model={title[1]=Toolkit 1, version[1]=0, code[0]=AKL-869-A, version[0]=0, title[0]=Toolkit 4, code[1]=AAA-000-P, id[1]=17, id[0]=16, list$size=2, command=list, principal=acme.framework.entities.Principal@5a2ac8f8}] 
2022-06-02 22:58:31.270 DEBUG [acme.framework.components.tiles.DynamicTilesView@http-nio-8080-exec-9] View name 'inventor/tool-kit/list', model {title[1]=Toolkit 1, version[1]=0, code[0]=AKL-869-A, version[0]=0, title[0]=Toolkit 4, code[1]=AAA-000-P, id[1]=17, id[0]=16, list$size=2, command=list, principal=acme.framework.entities.Principal@5a2ac8f8, org.springframework.validation.BindingResult.principal=org.springframework.validation.BeanPropertyBindingResult: 0 errors} 
2022-06-02 22:58:31.273 DEBUG [org.apache.jasper.servlet.JspServlet@http-nio-8080-exec-9] JspEngine --> /WEB-INF/views/master/page.jsp 
2022-06-02 22:58:31.276 DEBUG [org.apache.jasper.servlet.JspServlet@http-nio-8080-exec-9] ServletPath: /WEB-INF/views/master/page.jsp 
2022-06-02 22:58:31.278 DEBUG [org.apache.jasper.servlet.JspServlet@http-nio-8080-exec-9] PathInfo: null 
2022-06-02 22:58:31.283 DEBUG [org.apache.jasper.servlet.JspServlet@http-nio-8080-exec-9] RealPath: C:\Users\diego\OneDrive\Documentos\Mis_Archivos\II-ISW\DP2\Workspace-22.0\Projects\Acme-Toolkit\target\classes\WEB-INF\views\master\page.jsp 
2022-06-02 22:58:31.285 DEBUG [org.apache.jasper.servlet.JspServlet@http-nio-8080-exec-9] RequestURI: /acme-toolkit-22.1/WEB-INF/views/master/page.jsp 
2022-06-02 22:58:31.286 DEBUG [org.apache.jasper.servlet.JspServlet@http-nio-8080-exec-9] QueryString: null 
2022-06-02 22:58:32.195 DEBUG [org.apache.jasper.servlet.JspServlet@http-nio-8080-exec-9] JspEngine --> /WEB-INF/views/inventor/tool-kit/list.jsp 
2022-06-02 22:58:32.198 DEBUG [org.apache.jasper.servlet.JspServlet@http-nio-8080-exec-9] ServletPath: /WEB-INF/views/master/page.jsp 
2022-06-02 22:58:32.199 DEBUG [org.apache.jasper.servlet.JspServlet@http-nio-8080-exec-9] PathInfo: null 
2022-06-02 22:58:32.212 DEBUG [org.apache.jasper.servlet.JspServlet@http-nio-8080-exec-9] RealPath: C:\Users\diego\OneDrive\Documentos\Mis_Archivos\II-ISW\DP2\Workspace-22.0\Projects\Acme-Toolkit\target\classes\WEB-INF\views\inventor\tool-kit\list.jsp 
2022-06-02 22:58:32.215 DEBUG [org.apache.jasper.servlet.JspServlet@http-nio-8080-exec-9] RequestURI: /acme-toolkit-22.1/WEB-INF/views/master/page.jsp 
2022-06-02 22:58:32.216 DEBUG [org.apache.jasper.servlet.JspServlet@http-nio-8080-exec-9] QueryString: null 
2022-06-02 22:58:46.360 DEBUG [acme.framework.controllers.AbstractController@http-nio-8080-exec-7] DISPATCHING GET /acme-toolkit-22.1/inventor/tool-kit/show 
2022-06-02 22:58:46.360 DEBUG [acme.framework.controllers.AbstractController@http-nio-8080-exec-7] Command: show 
2022-06-02 22:58:46.360 DEBUG [acme.framework.controllers.AbstractController@http-nio-8080-exec-7] Model:   {id=17} 
2022-06-02 22:58:46.361 DEBUG [acme.framework.controllers.AbstractController@http-nio-8080-exec-7] Locale:  en 
2022-06-02 22:58:46.364 DEBUG [acme.framework.controllers.AbstractController@http-nio-8080-exec-7] Starting transaction 76c0aa0a-6bec-434f-a506-8aa4606a5810 
2022-06-02 22:58:46.371 DEBUG [org.hibernate.SQL@http-nio-8080-exec-7] select toolkit0_.id as id1_0_, toolkit0_.version as version2_0_, toolkit0_.assembly_notes as assembly1_16_, toolkit0_.code as code2_16_, toolkit0_.description as descript3_16_, toolkit0_.inventor_id as inventor7_16_, toolkit0_.is_publish as is_publi4_16_, toolkit0_.link as link5_16_, toolkit0_.title as title6_16_ from tool_kit toolkit0_ where toolkit0_.id=? 
2022-06-02 22:58:46.371 TRACE [org.hibernate.type.descriptor.sql.BasicBinder@http-nio-8080-exec-7] binding parameter [1] as [INTEGER] - [17] 
2022-06-02 22:58:46.373 DEBUG [org.hibernate.SQL@http-nio-8080-exec-7] select inventor0_.id as id1_0_0_, inventor0_.version as version2_0_0_, inventor0_.user_account_id as user_acc1_18_0_, inventor0_.company as company1_9_0_, inventor0_.link as link2_9_0_, inventor0_.statement as statemen3_9_0_, useraccoun1_.id as id1_0_1_, useraccoun1_.version as version2_0_1_, useraccoun1_.enabled as enabled1_17_1_, useraccoun1_.identity as identity2_17_1_, useraccoun1_.password as password3_17_1_, useraccoun1_.username as username4_17_1_ from inventor inventor0_ inner join user_account useraccoun1_ on inventor0_.user_account_id=useraccoun1_.id where inventor0_.id=? 
2022-06-02 22:58:46.374 TRACE [org.hibernate.type.descriptor.sql.BasicBinder@http-nio-8080-exec-7] binding parameter [1] as [INTEGER] - [9] 
2022-06-02 22:58:46.381 DEBUG [acme.framework.controllers.AbstractController@http-nio-8080-exec-7] Committing transaction 76c0aa0a-6bec-434f-a506-8aa4606a5810 
2022-06-02 22:58:46.384 DEBUG [acme.framework.controllers.AbstractController@http-nio-8080-exec-7] Starting transaction 33e98700-7217-4d46-89e2-4c926d142369 
2022-06-02 22:58:46.386 DEBUG [acme.framework.controllers.AbstractController@http-nio-8080-exec-7] Committing transaction 33e98700-7217-4d46-89e2-4c926d142369 
2022-06-02 22:58:46.388 DEBUG [acme.framework.controllers.AbstractController@http-nio-8080-exec-7] SERVING GET /acme-toolkit-22.1/inventor/tool-kit/show 
2022-06-02 22:58:46.388 DEBUG [acme.framework.controllers.AbstractController@http-nio-8080-exec-7] Result: ModelAndView [view="inventor/tool-kit/form"; model={assemblyNotes=Assembly notes for toolkit number 1, code=AAA-000-P, link=https://es.wikipedia.org/wiki/Artefacto, description=This is the first toolkit, id=17, title=Toolkit 1, isPublish=false, version=0, command=show, principal=acme.framework.entities.Principal@5a2ac8f8}] 
2022-06-02 22:58:46.389 DEBUG [acme.framework.components.tiles.DynamicTilesView@http-nio-8080-exec-7] View name 'inventor/tool-kit/form', model {assemblyNotes=Assembly notes for toolkit number 1, code=AAA-000-P, link=https://es.wikipedia.org/wiki/Artefacto, description=This is the first toolkit, id=17, title=Toolkit 1, isPublish=false, version=0, command=show, principal=acme.framework.entities.Principal@5a2ac8f8, org.springframework.validation.BindingResult.principal=org.springframework.validation.BeanPropertyBindingResult: 0 errors} 
2022-06-02 22:58:46.391 DEBUG [org.apache.jasper.servlet.JspServlet@http-nio-8080-exec-7] JspEngine --> /WEB-INF/views/master/page.jsp 
2022-06-02 22:58:46.391 DEBUG [org.apache.jasper.servlet.JspServlet@http-nio-8080-exec-7] ServletPath: /WEB-INF/views/master/page.jsp 
2022-06-02 22:58:46.392 DEBUG [org.apache.jasper.servlet.JspServlet@http-nio-8080-exec-7] PathInfo: null 
2022-06-02 22:58:46.396 DEBUG [org.apache.jasper.servlet.JspServlet@http-nio-8080-exec-7] RealPath: C:\Users\diego\OneDrive\Documentos\Mis_Archivos\II-ISW\DP2\Workspace-22.0\Projects\Acme-Toolkit\target\classes\WEB-INF\views\master\page.jsp 
2022-06-02 22:58:46.398 DEBUG [org.apache.jasper.servlet.JspServlet@http-nio-8080-exec-7] RequestURI: /acme-toolkit-22.1/WEB-INF/views/master/page.jsp 
2022-06-02 22:58:46.399 DEBUG [org.apache.jasper.servlet.JspServlet@http-nio-8080-exec-7] QueryString: id=17 
2022-06-02 22:58:47.099 DEBUG [org.apache.jasper.servlet.JspServlet@http-nio-8080-exec-7] JspEngine --> /WEB-INF/views/inventor/tool-kit/form.jsp 
2022-06-02 22:58:47.100 DEBUG [org.apache.jasper.servlet.JspServlet@http-nio-8080-exec-7] ServletPath: /WEB-INF/views/master/page.jsp 
2022-06-02 22:58:47.101 DEBUG [org.apache.jasper.servlet.JspServlet@http-nio-8080-exec-7] PathInfo: null 
2022-06-02 22:58:47.107 DEBUG [org.apache.jasper.servlet.JspServlet@http-nio-8080-exec-7] RealPath: C:\Users\diego\OneDrive\Documentos\Mis_Archivos\II-ISW\DP2\Workspace-22.0\Projects\Acme-Toolkit\target\classes\WEB-INF\views\inventor\tool-kit\form.jsp 
2022-06-02 22:58:47.109 DEBUG [org.apache.jasper.servlet.JspServlet@http-nio-8080-exec-7] RequestURI: /acme-toolkit-22.1/WEB-INF/views/master/page.jsp 
2022-06-02 22:58:47.111 DEBUG [org.apache.jasper.servlet.JspServlet@http-nio-8080-exec-7] QueryString: id=17 
2022-06-02 22:59:05.113 DEBUG [acme.framework.controllers.AbstractController@http-nio-8080-exec-5] DISPATCHING GET /acme-toolkit-22.1/inventor/part-of/list-component 
2022-06-02 22:59:05.113 DEBUG [acme.framework.controllers.AbstractController@http-nio-8080-exec-5] Command: list-component 
2022-06-02 22:59:05.113 DEBUG [acme.framework.controllers.AbstractController@http-nio-8080-exec-5] Model:   {masterId=17} 
2022-06-02 22:59:05.114 DEBUG [acme.framework.controllers.AbstractController@http-nio-8080-exec-5] Locale:  en 
2022-06-02 22:59:05.114 DEBUG [acme.framework.controllers.AbstractController@http-nio-8080-exec-5] Starting transaction 935fa662-d73c-4c48-817f-a096b9ac5867 
2022-06-02 22:59:05.118 DEBUG [org.hibernate.SQL@http-nio-8080-exec-5] select partof0_.id as id1_0_, partof0_.version as version2_0_, partof0_.artifact_id as artifact2_10_, partof0_.quantity as quantity1_10_, partof0_.toolkit_id as toolkit_3_10_ from part_of partof0_ cross join artifact artifact1_ where partof0_.artifact_id=artifact1_.id and partof0_.toolkit_id=? and artifact1_.type=? 
2022-06-02 22:59:05.119 TRACE [org.hibernate.type.descriptor.sql.BasicBinder@http-nio-8080-exec-5] binding parameter [1] as [INTEGER] - [17] 
2022-06-02 22:59:05.120 TRACE [org.hibernate.type.descriptor.sql.BasicBinder@http-nio-8080-exec-5] binding parameter [2] as [INTEGER] - [0] 
2022-06-02 22:59:05.124 DEBUG [org.hibernate.SQL@http-nio-8080-exec-5] select artifact0_.id as id1_0_0_, artifact0_.version as version2_0_0_, artifact0_.code as code1_5_0_, artifact0_.description as descript2_5_0_, artifact0_.inventor_id as invento10_5_0_, artifact0_.is_publish as is_publi3_5_0_, artifact0_.link as link4_5_0_, artifact0_.name as name5_5_0_, artifact0_.retail_price_amount as retail_p6_5_0_, artifact0_.retail_price_currency as retail_p7_5_0_, artifact0_.technology as technolo8_5_0_, artifact0_.type as type9_5_0_, inventor1_.id as id1_0_1_, inventor1_.version as version2_0_1_, inventor1_.user_account_id as user_acc1_18_1_, inventor1_.company as company1_9_1_, inventor1_.link as link2_9_1_, inventor1_.statement as statemen3_9_1_, useraccoun2_.id as id1_0_2_, useraccoun2_.version as version2_0_2_, useraccoun2_.enabled as enabled1_17_2_, useraccoun2_.identity as identity2_17_2_, useraccoun2_.password as password3_17_2_, useraccoun2_.username as username4_17_2_ from artifact artifact0_ inner join inventor inventor1_ on artifact0_.inventor_id=inventor1_.id inner join user_account useraccoun2_ on inventor1_.user_account_id=useraccoun2_.id where artifact0_.id=? 
2022-06-02 22:59:05.125 TRACE [org.hibernate.type.descriptor.sql.BasicBinder@http-nio-8080-exec-5] binding parameter [1] as [INTEGER] - [12] 
2022-06-02 22:59:05.137 DEBUG [org.hibernate.SQL@http-nio-8080-exec-5] select toolkit0_.id as id1_0_0_, toolkit0_.version as version2_0_0_, toolkit0_.assembly_notes as assembly1_16_0_, toolkit0_.code as code2_16_0_, toolkit0_.description as descript3_16_0_, toolkit0_.inventor_id as inventor7_16_0_, toolkit0_.is_publish as is_publi4_16_0_, toolkit0_.link as link5_16_0_, toolkit0_.title as title6_16_0_, inventor1_.id as id1_0_1_, inventor1_.version as version2_0_1_, inventor1_.user_account_id as user_acc1_18_1_, inventor1_.company as company1_9_1_, inventor1_.link as link2_9_1_, inventor1_.statement as statemen3_9_1_, useraccoun2_.id as id1_0_2_, useraccoun2_.version as version2_0_2_, useraccoun2_.enabled as enabled1_17_2_, useraccoun2_.identity as identity2_17_2_, useraccoun2_.password as password3_17_2_, useraccoun2_.username as username4_17_2_ from tool_kit toolkit0_ inner join inventor inventor1_ on toolkit0_.inventor_id=inventor1_.id inner join user_account useraccoun2_ on inventor1_.user_account_id=useraccoun2_.id where toolkit0_.id=? 
2022-06-02 22:59:05.139 TRACE [org.hibernate.type.descriptor.sql.BasicBinder@http-nio-8080-exec-5] binding parameter [1] as [INTEGER] - [17] 
2022-06-02 22:59:05.145 DEBUG [org.hibernate.SQL@http-nio-8080-exec-5] select artifact0_.id as id1_0_0_, artifact0_.version as version2_0_0_, artifact0_.code as code1_5_0_, artifact0_.description as descript2_5_0_, artifact0_.inventor_id as invento10_5_0_, artifact0_.is_publish as is_publi3_5_0_, artifact0_.link as link4_5_0_, artifact0_.name as name5_5_0_, artifact0_.retail_price_amount as retail_p6_5_0_, artifact0_.retail_price_currency as retail_p7_5_0_, artifact0_.technology as technolo8_5_0_, artifact0_.type as type9_5_0_, inventor1_.id as id1_0_1_, inventor1_.version as version2_0_1_, inventor1_.user_account_id as user_acc1_18_1_, inventor1_.company as company1_9_1_, inventor1_.link as link2_9_1_, inventor1_.statement as statemen3_9_1_, useraccoun2_.id as id1_0_2_, useraccoun2_.version as version2_0_2_, useraccoun2_.enabled as enabled1_17_2_, useraccoun2_.identity as identity2_17_2_, useraccoun2_.password as password3_17_2_, useraccoun2_.username as username4_17_2_ from artifact artifact0_ inner join inventor inventor1_ on artifact0_.inventor_id=inventor1_.id inner join user_account useraccoun2_ on inventor1_.user_account_id=useraccoun2_.id where artifact0_.id=? 
2022-06-02 22:59:05.147 TRACE [org.hibernate.type.descriptor.sql.BasicBinder@http-nio-8080-exec-5] binding parameter [1] as [INTEGER] - [10] 
2022-06-02 22:59:05.197 DEBUG [acme.framework.controllers.AbstractController@http-nio-8080-exec-5] Committing transaction 935fa662-d73c-4c48-817f-a096b9ac5867 
2022-06-02 22:59:05.199 DEBUG [acme.framework.controllers.AbstractController@http-nio-8080-exec-5] Starting transaction bc99a9e4-c7cf-4b75-b57f-01db9d6930e7 
2022-06-02 22:59:05.200 DEBUG [acme.framework.controllers.AbstractController@http-nio-8080-exec-5] Committing transaction bc99a9e4-c7cf-4b75-b57f-01db9d6930e7 
2022-06-02 22:59:05.202 DEBUG [acme.framework.controllers.AbstractController@http-nio-8080-exec-5] SERVING GET /acme-toolkit-22.1/inventor/part-of/list-component 
2022-06-02 22:59:05.202 DEBUG [acme.framework.controllers.AbstractController@http-nio-8080-exec-5] Result: ModelAndView [view="inventor/part-of/list"; model={quantity[0]=2, quantity[1]=1, masterId=17, version[1]=0, version[0]=0, artifact.name[1]=Transportation truck with lenghty name, artifact.name[0]=A, id[1]=43, id[0]=21, list$size=2, command=list-component, principal=acme.framework.entities.Principal@5a2ac8f8}] 
2022-06-02 22:59:05.203 DEBUG [acme.framework.components.tiles.DynamicTilesView@http-nio-8080-exec-5] View name 'inventor/part-of/list', model {quantity[0]=2, quantity[1]=1, masterId=17, version[1]=0, version[0]=0, artifact.name[1]=Transportation truck with lenghty name, artifact.name[0]=A, id[1]=43, id[0]=21, list$size=2, command=list-component, principal=acme.framework.entities.Principal@5a2ac8f8, org.springframework.validation.BindingResult.principal=org.springframework.validation.BeanPropertyBindingResult: 0 errors} 
2022-06-02 22:59:05.205 DEBUG [org.apache.jasper.servlet.JspServlet@http-nio-8080-exec-5] JspEngine --> /WEB-INF/views/master/page.jsp 
2022-06-02 22:59:05.206 DEBUG [org.apache.jasper.servlet.JspServlet@http-nio-8080-exec-5] ServletPath: /WEB-INF/views/master/page.jsp 
2022-06-02 22:59:05.208 DEBUG [org.apache.jasper.servlet.JspServlet@http-nio-8080-exec-5] PathInfo: null 
2022-06-02 22:59:05.215 DEBUG [org.apache.jasper.servlet.JspServlet@http-nio-8080-exec-5] RealPath: C:\Users\diego\OneDrive\Documentos\Mis_Archivos\II-ISW\DP2\Workspace-22.0\Projects\Acme-Toolkit\target\classes\WEB-INF\views\master\page.jsp 
2022-06-02 22:59:05.216 DEBUG [org.apache.jasper.servlet.JspServlet@http-nio-8080-exec-5] RequestURI: /acme-toolkit-22.1/WEB-INF/views/master/page.jsp 
2022-06-02 22:59:05.217 DEBUG [org.apache.jasper.servlet.JspServlet@http-nio-8080-exec-5] QueryString: masterId=17 
2022-06-02 22:59:06.030 DEBUG [org.apache.jasper.servlet.JspServlet@http-nio-8080-exec-5] JspEngine --> /WEB-INF/views/inventor/part-of/list.jsp 
2022-06-02 22:59:06.031 DEBUG [org.apache.jasper.servlet.JspServlet@http-nio-8080-exec-5] ServletPath: /WEB-INF/views/master/page.jsp 
2022-06-02 22:59:06.032 DEBUG [org.apache.jasper.servlet.JspServlet@http-nio-8080-exec-5] PathInfo: null 
2022-06-02 22:59:06.036 DEBUG [org.apache.jasper.servlet.JspServlet@http-nio-8080-exec-5] RealPath: C:\Users\diego\OneDrive\Documentos\Mis_Archivos\II-ISW\DP2\Workspace-22.0\Projects\Acme-Toolkit\target\classes\WEB-INF\views\inventor\part-of\list.jsp 
2022-06-02 22:59:06.037 DEBUG [org.apache.jasper.servlet.JspServlet@http-nio-8080-exec-5] RequestURI: /acme-toolkit-22.1/WEB-INF/views/master/page.jsp 
2022-06-02 22:59:06.038 DEBUG [org.apache.jasper.servlet.JspServlet@http-nio-8080-exec-5] QueryString: masterId=17 
2022-06-02 22:59:10.292 DEBUG [acme.framework.controllers.AbstractController@http-nio-8080-exec-4] DISPATCHING GET /acme-toolkit-22.1/inventor/part-of/show 
2022-06-02 22:59:10.293 DEBUG [acme.framework.controllers.AbstractController@http-nio-8080-exec-4] Command: show 
2022-06-02 22:59:10.293 DEBUG [acme.framework.controllers.AbstractController@http-nio-8080-exec-4] Model:   {id=43} 
2022-06-02 22:59:10.293 DEBUG [acme.framework.controllers.AbstractController@http-nio-8080-exec-4] Locale:  en 
2022-06-02 22:59:10.293 DEBUG [acme.framework.controllers.AbstractController@http-nio-8080-exec-4] Starting transaction afac1107-43bc-4f6d-b6b6-a3fd704297ad 
2022-06-02 22:59:10.297 DEBUG [org.hibernate.SQL@http-nio-8080-exec-4] select partof0_.id as id1_0_, partof0_.version as version2_0_, partof0_.artifact_id as artifact2_10_, partof0_.quantity as quantity1_10_, partof0_.toolkit_id as toolkit_3_10_ from part_of partof0_ where partof0_.id=? 
2022-06-02 22:59:10.299 TRACE [org.hibernate.type.descriptor.sql.BasicBinder@http-nio-8080-exec-4] binding parameter [1] as [INTEGER] - [43] 
2022-06-02 22:59:10.302 DEBUG [org.hibernate.SQL@http-nio-8080-exec-4] select artifact0_.id as id1_0_0_, artifact0_.version as version2_0_0_, artifact0_.code as code1_5_0_, artifact0_.description as descript2_5_0_, artifact0_.inventor_id as invento10_5_0_, artifact0_.is_publish as is_publi3_5_0_, artifact0_.link as link4_5_0_, artifact0_.name as name5_5_0_, artifact0_.retail_price_amount as retail_p6_5_0_, artifact0_.retail_price_currency as retail_p7_5_0_, artifact0_.technology as technolo8_5_0_, artifact0_.type as type9_5_0_, inventor1_.id as id1_0_1_, inventor1_.version as version2_0_1_, inventor1_.user_account_id as user_acc1_18_1_, inventor1_.company as company1_9_1_, inventor1_.link as link2_9_1_, inventor1_.statement as statemen3_9_1_, useraccoun2_.id as id1_0_2_, useraccoun2_.version as version2_0_2_, useraccoun2_.enabled as enabled1_17_2_, useraccoun2_.identity as identity2_17_2_, useraccoun2_.password as password3_17_2_, useraccoun2_.username as username4_17_2_ from artifact artifact0_ inner join inventor inventor1_ on artifact0_.inventor_id=inventor1_.id inner join user_account useraccoun2_ on inventor1_.user_account_id=useraccoun2_.id where artifact0_.id=? 
2022-06-02 22:59:10.303 TRACE [org.hibernate.type.descriptor.sql.BasicBinder@http-nio-8080-exec-4] binding parameter [1] as [INTEGER] - [10] 
2022-06-02 22:59:10.310 DEBUG [org.hibernate.SQL@http-nio-8080-exec-4] select toolkit0_.id as id1_0_0_, toolkit0_.version as version2_0_0_, toolkit0_.assembly_notes as assembly1_16_0_, toolkit0_.code as code2_16_0_, toolkit0_.description as descript3_16_0_, toolkit0_.inventor_id as inventor7_16_0_, toolkit0_.is_publish as is_publi4_16_0_, toolkit0_.link as link5_16_0_, toolkit0_.title as title6_16_0_, inventor1_.id as id1_0_1_, inventor1_.version as version2_0_1_, inventor1_.user_account_id as user_acc1_18_1_, inventor1_.company as company1_9_1_, inventor1_.link as link2_9_1_, inventor1_.statement as statemen3_9_1_, useraccoun2_.id as id1_0_2_, useraccoun2_.version as version2_0_2_, useraccoun2_.enabled as enabled1_17_2_, useraccoun2_.identity as identity2_17_2_, useraccoun2_.password as password3_17_2_, useraccoun2_.username as username4_17_2_ from tool_kit toolkit0_ inner join inventor inventor1_ on toolkit0_.inventor_id=inventor1_.id inner join user_account useraccoun2_ on inventor1_.user_account_id=useraccoun2_.id where toolkit0_.id=? 
2022-06-02 22:59:10.311 TRACE [org.hibernate.type.descriptor.sql.BasicBinder@http-nio-8080-exec-4] binding parameter [1] as [INTEGER] - [17] 
2022-06-02 23:00:23.803 DEBUG [acme.framework.controllers.AbstractController@http-nio-8080-exec-4] Rolling transaction afac1107-43bc-4f6d-b6b6-a3fd704297ad back 
2022-06-02 23:00:23.823 DEBUG [acme.framework.controllers.AbstractController@http-nio-8080-exec-4] Starting transaction 289525ac-2dd2-4978-b081-52d69329da02 
2022-06-02 23:00:23.825 DEBUG [acme.framework.controllers.AbstractController@http-nio-8080-exec-4] Committing transaction 289525ac-2dd2-4978-b081-52d69329da02 
2022-06-02 23:00:23.827 DEBUG [acme.framework.controllers.AbstractController@http-nio-8080-exec-4] SERVING GET /acme-toolkit-22.1/inventor/part-of/show 
2022-06-02 23:00:23.828 DEBUG [acme.framework.controllers.AbstractController@http-nio-8080-exec-4] Result: ModelAndView [view="master/panic"; model={oops=java.lang.AssertionError: Cannot unbind property 'toolkit.isPublish'}] 
2022-06-02 23:00:23.829 DEBUG [acme.framework.components.tiles.DynamicTilesView@http-nio-8080-exec-4] View name 'master/panic', model {oops=java.lang.AssertionError: Cannot unbind property 'toolkit.isPublish', org.springframework.validation.BindingResult.oops=org.springframework.validation.BeanPropertyBindingResult: 0 errors} 
2022-06-02 23:00:23.833 DEBUG [org.apache.jasper.servlet.JspServlet@http-nio-8080-exec-4] JspEngine --> /WEB-INF/views/master/page.jsp 
2022-06-02 23:00:23.834 DEBUG [org.apache.jasper.servlet.JspServlet@http-nio-8080-exec-4] ServletPath: /WEB-INF/views/master/page.jsp 
2022-06-02 23:00:23.836 DEBUG [org.apache.jasper.servlet.JspServlet@http-nio-8080-exec-4] PathInfo: null 
2022-06-02 23:00:23.846 DEBUG [org.apache.jasper.servlet.JspServlet@http-nio-8080-exec-4] RealPath: C:\Users\diego\OneDrive\Documentos\Mis_Archivos\II-ISW\DP2\Workspace-22.0\Projects\Acme-Toolkit\target\classes\WEB-INF\views\master\page.jsp 
2022-06-02 23:00:23.848 DEBUG [org.apache.jasper.servlet.JspServlet@http-nio-8080-exec-4] RequestURI: /acme-toolkit-22.1/WEB-INF/views/master/page.jsp 
2022-06-02 23:00:23.850 DEBUG [org.apache.jasper.servlet.JspServlet@http-nio-8080-exec-4] QueryString: id=43 
2022-06-02 23:00:24.928 DEBUG [org.apache.jasper.servlet.JspServlet@http-nio-8080-exec-4] JspEngine --> /WEB-INF/views/master/panic.jsp 
2022-06-02 23:00:24.929 DEBUG [org.apache.jasper.servlet.JspServlet@http-nio-8080-exec-4] ServletPath: /WEB-INF/views/master/page.jsp 
2022-06-02 23:00:24.930 DEBUG [org.apache.jasper.servlet.JspServlet@http-nio-8080-exec-4] PathInfo: null 
2022-06-02 23:00:24.933 DEBUG [org.apache.jasper.servlet.JspServlet@http-nio-8080-exec-4] RealPath: C:\Users\diego\OneDrive\Documentos\Mis_Archivos\II-ISW\DP2\Workspace-22.0\Projects\Acme-Toolkit\target\classes\WEB-INF\views\master\panic.jsp 
2022-06-02 23:00:24.935 DEBUG [org.apache.jasper.servlet.JspServlet@http-nio-8080-exec-4] RequestURI: /acme-toolkit-22.1/WEB-INF/views/master/page.jsp 
2022-06-02 23:00:24.937 DEBUG [org.apache.jasper.servlet.JspServlet@http-nio-8080-exec-4] QueryString: id=43 
2022-06-02 23:00:26.065 ERROR [org.apache.jsp.WEB_002dINF.views.master.panic_jsp@http-nio-8080-exec-4] HTTP GET /acme-toolkit-22.1/WEB-INF/views/master/page.jsp HTTP/1.1 
2022-06-02 23:00:26.066 ERROR [org.apache.jsp.WEB_002dINF.views.master.panic_jsp@http-nio-8080-exec-4] Status: 500 
2022-06-02 23:00:26.068 ERROR [org.apache.jsp.WEB_002dINF.views.master.panic_jsp@http-nio-8080-exec-4] Exception: acme.framework.helpers.ReflectionHelper.unbind(ReflectionHelper.java:150): Cannot unbind property 'toolkit.isPublish' 
