2022-06-02 21:06:40.143 INFO  [acme.Launcher@main] Starting Launcher using Java 1.8.0_281 on TABLET-8TV7I4NF with PID 9460 (C:\Users\diego\OneDrive\Documentos\Mis_Archivos\II-ISW\DP2\Workspace-22.0\Projects\Acme-Framework-22.7\target\classes started by diego in C:\Users\diego\OneDrive\Documentos\Mis_Archivos\II-ISW\DP2\Workspace-22.0\Projects\Acme-Toolkit) 
2022-06-02 21:06:40.145 DEBUG [acme.Launcher@main] Running with Spring Boot v2.4.2, Spring v5.3.3 
2022-06-02 21:06:40.148 INFO  [acme.Launcher@main] The following profiles are active: development,default 
2022-06-02 21:06:45.853 DEBUG [org.apache.jasper.servlet.JasperInitializer@main] Initializing Jasper for context [application] 
2022-06-02 21:06:56.256 DEBUG [org.apache.jasper.servlet.JspServlet@main] Scratch dir for the JSP engine is: [C:\Users\diego\AppData\Local\Temp\tomcat.8080.8682180582723936233\work\Tomcat\localhost\acme-toolkit-22.1] 
2022-06-02 21:06:56.257 DEBUG [org.apache.jasper.servlet.JspServlet@main] IMPORTANT: Do not modify the generated servlets 
2022-06-02 21:06:56.280 INFO  [acme.Launcher@main] Started Launcher in 17.414 seconds (JVM running for 18.464) 
2022-06-02 21:06:56.290 DEBUG [acme.Launcher@main] Found classpath entry '/C:/Users/diego/OneDrive/Documentos/Mis_Archivos/II-ISW/DP2/Workspace-22.0/Projects/Acme-Toolkit/target/test-classes/' 
2022-06-02 21:06:56.290 DEBUG [acme.Launcher@main] Found classpath entry '/C:/Users/diego/OneDrive/Documentos/Mis_Archivos/II-ISW/DP2/Workspace-22.0/Projects/Acme-Toolkit/target/classes/' 
2022-06-02 21:06:56.290 DEBUG [acme.Launcher@main] Found classpath entry '/C:/Users/diego/OneDrive/Documentos/Mis_Archivos/II-ISW/DP2/Workspace-22.0/Projects/Acme-Framework-22.7/target/classes/' 
2022-06-02 21:06:56.291 DEBUG [acme.Launcher@main] Found classpath entry '/C:/Users/diego/OneDrive/Documentos/Mis_Archivos/II-ISW/DP2/Workspace-22.0/Projects/Acme-Framework-22.7/target/test-classes/' 
2022-06-02 21:06:56.291 DEBUG [acme.Launcher@main] Found classpath entry '/C:/Users/diego/.m2/repository/org/springframework/boot/spring-boot-starter-tomcat/2.4.2/spring-boot-starter-tomcat-2.4.2.jar' 
2022-06-02 21:06:56.291 DEBUG [acme.Launcher@main] Found classpath entry '/C:/Users/diego/.m2/repository/jakarta/annotation/jakarta.annotation-api/1.3.5/jakarta.annotation-api-1.3.5.jar' 
2022-06-02 21:06:56.292 DEBUG [acme.Launcher@main] Found classpath entry '/C:/Users/diego/.m2/repository/org/apache/tomcat/embed/tomcat-embed-core/9.0.41/tomcat-embed-core-9.0.41.jar' 
2022-06-02 21:06:56.293 DEBUG [acme.Launcher@main] Found classpath entry '/C:/Users/diego/.m2/repository/org/glassfish/jakarta.el/3.0.3/jakarta.el-3.0.3.jar' 
2022-06-02 21:06:56.293 DEBUG [acme.Launcher@main] Found classpath entry '/C:/Users/diego/.m2/repository/org/apache/tomcat/embed/tomcat-embed-websocket/9.0.41/tomcat-embed-websocket-9.0.41.jar' 
2022-06-02 21:06:56.294 DEBUG [acme.Launcher@main] Found classpath entry '/C:/Users/diego/.m2/repository/org/apache/tomcat/embed/tomcat-embed-jasper/9.0.41/tomcat-embed-jasper-9.0.41.jar' 
2022-06-02 21:06:56.294 DEBUG [acme.Launcher@main] Found classpath entry '/C:/Users/diego/.m2/repository/org/apache/tomcat/embed/tomcat-embed-el/9.0.41/tomcat-embed-el-9.0.41.jar' 
2022-06-02 21:06:56.294 DEBUG [acme.Launcher@main] Found classpath entry '/C:/Users/diego/.m2/repository/org/eclipse/jdt/ecj/3.18.0/ecj-3.18.0.jar' 
2022-06-02 21:06:56.295 DEBUG [acme.Launcher@main] Found classpath entry '/C:/Users/diego/.m2/repository/javax/servlet/jstl/1.2/jstl-1.2.jar' 
2022-06-02 21:06:56.295 DEBUG [acme.Launcher@main] Found classpath entry '/C:/Users/diego/.m2/repository/org/springframework/boot/spring-boot-starter-security/2.4.2/spring-boot-starter-security-2.4.2.jar' 
2022-06-02 21:06:56.296 DEBUG [acme.Launcher@main] Found classpath entry '/C:/Users/diego/.m2/repository/org/springframework/boot/spring-boot-starter/2.4.2/spring-boot-starter-2.4.2.jar' 
2022-06-02 21:06:56.296 DEBUG [acme.Launcher@main] Found classpath entry '/C:/Users/diego/.m2/repository/org/springframework/boot/spring-boot/2.4.2/spring-boot-2.4.2.jar' 
2022-06-02 21:06:56.296 DEBUG [acme.Launcher@main] Found classpath entry '/C:/Users/diego/.m2/repository/org/springframework/boot/spring-boot-autoconfigure/2.4.2/spring-boot-autoconfigure-2.4.2.jar' 
2022-06-02 21:06:56.297 DEBUG [acme.Launcher@main] Found classpath entry '/C:/Users/diego/.m2/repository/org/springframework/boot/spring-boot-starter-logging/2.4.2/spring-boot-starter-logging-2.4.2.jar' 
2022-06-02 21:06:56.297 DEBUG [acme.Launcher@main] Found classpath entry '/C:/Users/diego/.m2/repository/ch/qos/logback/logback-classic/1.2.3/logback-classic-1.2.3.jar' 
2022-06-02 21:06:56.297 DEBUG [acme.Launcher@main] Found classpath entry '/C:/Users/diego/.m2/repository/ch/qos/logback/logback-core/1.2.3/logback-core-1.2.3.jar' 
2022-06-02 21:06:56.298 DEBUG [acme.Launcher@main] Found classpath entry '/C:/Users/diego/.m2/repository/org/apache/logging/log4j/log4j-to-slf4j/2.13.3/log4j-to-slf4j-2.13.3.jar' 
2022-06-02 21:06:56.298 DEBUG [acme.Launcher@main] Found classpath entry '/C:/Users/diego/.m2/repository/org/apache/logging/log4j/log4j-api/2.13.3/log4j-api-2.13.3.jar' 
2022-06-02 21:06:56.298 DEBUG [acme.Launcher@main] Found classpath entry '/C:/Users/diego/.m2/repository/org/slf4j/jul-to-slf4j/1.7.30/jul-to-slf4j-1.7.30.jar' 
2022-06-02 21:06:56.298 DEBUG [acme.Launcher@main] Found classpath entry '/C:/Users/diego/.m2/repository/org/yaml/snakeyaml/1.27/snakeyaml-1.27.jar' 
2022-06-02 21:06:56.299 DEBUG [acme.Launcher@main] Found classpath entry '/C:/Users/diego/.m2/repository/org/springframework/spring-aop/5.3.3/spring-aop-5.3.3.jar' 
2022-06-02 21:06:56.300 DEBUG [acme.Launcher@main] Found classpath entry '/C:/Users/diego/.m2/repository/org/springframework/security/spring-security-web/5.4.2/spring-security-web-5.4.2.jar' 
2022-06-02 21:06:56.300 DEBUG [acme.Launcher@main] Found classpath entry '/C:/Users/diego/.m2/repository/org/springframework/security/spring-security-core/5.4.2/spring-security-core-5.4.2.jar' 
2022-06-02 21:06:56.301 DEBUG [acme.Launcher@main] Found classpath entry '/C:/Users/diego/.m2/repository/org/springframework/spring-beans/5.3.3/spring-beans-5.3.3.jar' 
2022-06-02 21:06:56.301 DEBUG [acme.Launcher@main] Found classpath entry '/C:/Users/diego/.m2/repository/org/springframework/spring-context/5.3.3/spring-context-5.3.3.jar' 
2022-06-02 21:06:56.301 DEBUG [acme.Launcher@main] Found classpath entry '/C:/Users/diego/.m2/repository/org/springframework/spring-core/5.3.3/spring-core-5.3.3.jar' 
2022-06-02 21:06:56.303 DEBUG [acme.Launcher@main] Found classpath entry '/C:/Users/diego/.m2/repository/org/springframework/spring-jcl/5.3.3/spring-jcl-5.3.3.jar' 
2022-06-02 21:06:56.303 DEBUG [acme.Launcher@main] Found classpath entry '/C:/Users/diego/.m2/repository/org/springframework/spring-expression/5.3.3/spring-expression-5.3.3.jar' 
2022-06-02 21:06:56.304 DEBUG [acme.Launcher@main] Found classpath entry '/C:/Users/diego/.m2/repository/org/springframework/spring-web/5.3.3/spring-web-5.3.3.jar' 
2022-06-02 21:06:56.305 DEBUG [acme.Launcher@main] Found classpath entry '/C:/Users/diego/.m2/repository/org/springframework/security/spring-security-config/5.4.2/spring-security-config-5.4.2.jar' 
2022-06-02 21:06:56.306 DEBUG [acme.Launcher@main] Found classpath entry '/C:/Users/diego/.m2/repository/org/springframework/security/spring-security-taglibs/5.4.2/spring-security-taglibs-5.4.2.jar' 
2022-06-02 21:06:56.306 DEBUG [acme.Launcher@main] Found classpath entry '/C:/Users/diego/.m2/repository/org/springframework/security/spring-security-acl/5.4.2/spring-security-acl-5.4.2.jar' 
2022-06-02 21:06:56.306 DEBUG [acme.Launcher@main] Found classpath entry '/C:/Users/diego/.m2/repository/org/springframework/spring-jdbc/5.3.3/spring-jdbc-5.3.3.jar' 
2022-06-02 21:06:56.306 DEBUG [acme.Launcher@main] Found classpath entry '/C:/Users/diego/.m2/repository/org/springframework/spring-tx/5.3.3/spring-tx-5.3.3.jar' 
2022-06-02 21:06:56.307 DEBUG [acme.Launcher@main] Found classpath entry '/C:/Users/diego/.m2/repository/org/springframework/boot/spring-boot-starter-web/2.4.2/spring-boot-starter-web-2.4.2.jar' 
2022-06-02 21:06:56.308 DEBUG [acme.Launcher@main] Found classpath entry '/C:/Users/diego/.m2/repository/org/springframework/boot/spring-boot-starter-json/2.4.2/spring-boot-starter-json-2.4.2.jar' 
2022-06-02 21:06:56.308 DEBUG [acme.Launcher@main] Found classpath entry '/C:/Users/diego/.m2/repository/com/fasterxml/jackson/core/jackson-databind/2.11.4/jackson-databind-2.11.4.jar' 
2022-06-02 21:06:56.308 DEBUG [acme.Launcher@main] Found classpath entry '/C:/Users/diego/.m2/repository/com/fasterxml/jackson/core/jackson-annotations/2.11.4/jackson-annotations-2.11.4.jar' 
2022-06-02 21:06:56.309 DEBUG [acme.Launcher@main] Found classpath entry '/C:/Users/diego/.m2/repository/com/fasterxml/jackson/core/jackson-core/2.11.4/jackson-core-2.11.4.jar' 
2022-06-02 21:06:56.309 DEBUG [acme.Launcher@main] Found classpath entry '/C:/Users/diego/.m2/repository/com/fasterxml/jackson/datatype/jackson-datatype-jdk8/2.11.4/jackson-datatype-jdk8-2.11.4.jar' 
2022-06-02 21:06:56.309 DEBUG [acme.Launcher@main] Found classpath entry '/C:/Users/diego/.m2/repository/com/fasterxml/jackson/datatype/jackson-datatype-jsr310/2.11.4/jackson-datatype-jsr310-2.11.4.jar' 
2022-06-02 21:06:56.309 DEBUG [acme.Launcher@main] Found classpath entry '/C:/Users/diego/.m2/repository/com/fasterxml/jackson/module/jackson-module-parameter-names/2.11.4/jackson-module-parameter-names-2.11.4.jar' 
2022-06-02 21:06:56.309 DEBUG [acme.Launcher@main] Found classpath entry '/C:/Users/diego/.m2/repository/org/springframework/spring-webmvc/5.3.3/spring-webmvc-5.3.3.jar' 
2022-06-02 21:06:56.310 DEBUG [acme.Launcher@main] Found classpath entry '/C:/Users/diego/.m2/repository/org/apache/tiles/tiles-jsp/3.0.8/tiles-jsp-3.0.8.jar' 
2022-06-02 21:06:56.310 DEBUG [acme.Launcher@main] Found classpath entry '/C:/Users/diego/.m2/repository/org/apache/tiles/tiles-servlet/3.0.8/tiles-servlet-3.0.8.jar' 
2022-06-02 21:06:56.311 DEBUG [acme.Launcher@main] Found classpath entry '/C:/Users/diego/.m2/repository/org/apache/tiles/tiles-core/3.0.8/tiles-core-3.0.8.jar' 
2022-06-02 21:06:56.311 DEBUG [acme.Launcher@main] Found classpath entry '/C:/Users/diego/.m2/repository/commons-digester/commons-digester/2.0/commons-digester-2.0.jar' 
2022-06-02 21:06:56.311 DEBUG [acme.Launcher@main] Found classpath entry '/C:/Users/diego/.m2/repository/org/slf4j/jcl-over-slf4j/1.7.30/jcl-over-slf4j-1.7.30.jar' 
2022-06-02 21:06:56.311 DEBUG [acme.Launcher@main] Found classpath entry '/C:/Users/diego/.m2/repository/org/apache/tiles/tiles-request-servlet/1.0.7/tiles-request-servlet-1.0.7.jar' 
2022-06-02 21:06:56.312 DEBUG [acme.Launcher@main] Found classpath entry '/C:/Users/diego/.m2/repository/org/apache/tiles/tiles-template/3.0.8/tiles-template-3.0.8.jar' 
2022-06-02 21:06:56.312 DEBUG [acme.Launcher@main] Found classpath entry '/C:/Users/diego/.m2/repository/org/apache/tiles/tiles-api/3.0.8/tiles-api-3.0.8.jar' 
2022-06-02 21:06:56.313 DEBUG [acme.Launcher@main] Found classpath entry '/C:/Users/diego/.m2/repository/org/apache/tiles/tiles-autotag-core-runtime/1.2/tiles-autotag-core-runtime-1.2.jar' 
2022-06-02 21:06:56.313 DEBUG [acme.Launcher@main] Found classpath entry '/C:/Users/diego/.m2/repository/org/slf4j/slf4j-api/1.7.30/slf4j-api-1.7.30.jar' 
2022-06-02 21:06:56.313 DEBUG [acme.Launcher@main] Found classpath entry '/C:/Users/diego/.m2/repository/org/apache/tiles/tiles-request-jsp/1.0.7/tiles-request-jsp-1.0.7.jar' 
2022-06-02 21:06:56.313 DEBUG [acme.Launcher@main] Found classpath entry '/C:/Users/diego/.m2/repository/org/apache/tiles/tiles-request-api/1.0.7/tiles-request-api-1.0.7.jar' 
2022-06-02 21:06:56.314 DEBUG [acme.Launcher@main] Found classpath entry '/C:/Users/diego/.m2/repository/org/springframework/boot/spring-boot-starter-data-jpa/2.4.2/spring-boot-starter-data-jpa-2.4.2.jar' 
2022-06-02 21:06:56.314 DEBUG [acme.Launcher@main] Found classpath entry '/C:/Users/diego/.m2/repository/org/springframework/boot/spring-boot-starter-aop/2.4.2/spring-boot-starter-aop-2.4.2.jar' 
2022-06-02 21:06:56.314 DEBUG [acme.Launcher@main] Found classpath entry '/C:/Users/diego/.m2/repository/org/aspectj/aspectjweaver/1.9.6/aspectjweaver-1.9.6.jar' 
2022-06-02 21:06:56.315 DEBUG [acme.Launcher@main] Found classpath entry '/C:/Users/diego/.m2/repository/org/springframework/boot/spring-boot-starter-jdbc/2.4.2/spring-boot-starter-jdbc-2.4.2.jar' 
2022-06-02 21:06:56.315 DEBUG [acme.Launcher@main] Found classpath entry '/C:/Users/diego/.m2/repository/jakarta/transaction/jakarta.transaction-api/1.3.3/jakarta.transaction-api-1.3.3.jar' 
2022-06-02 21:06:56.315 DEBUG [acme.Launcher@main] Found classpath entry '/C:/Users/diego/.m2/repository/jakarta/persistence/jakarta.persistence-api/2.2.3/jakarta.persistence-api-2.2.3.jar' 
2022-06-02 21:06:56.316 DEBUG [acme.Launcher@main] Found classpath entry '/C:/Users/diego/.m2/repository/org/hibernate/hibernate-core/5.4.27.Final/hibernate-core-5.4.27.Final.jar' 
2022-06-02 21:06:56.316 DEBUG [acme.Launcher@main] Found classpath entry '/C:/Users/diego/.m2/repository/org/jboss/logging/jboss-logging/3.4.1.Final/jboss-logging-3.4.1.Final.jar' 
2022-06-02 21:06:56.316 DEBUG [acme.Launcher@main] Found classpath entry '/C:/Users/diego/.m2/repository/org/javassist/javassist/3.27.0-GA/javassist-3.27.0-GA.jar' 
2022-06-02 21:06:56.317 DEBUG [acme.Launcher@main] Found classpath entry '/C:/Users/diego/.m2/repository/antlr/antlr/2.7.7/antlr-2.7.7.jar' 
2022-06-02 21:06:56.317 DEBUG [acme.Launcher@main] Found classpath entry '/C:/Users/diego/.m2/repository/org/jboss/jandex/2.1.3.Final/jandex-2.1.3.Final.jar' 
2022-06-02 21:06:56.317 DEBUG [acme.Launcher@main] Found classpath entry '/C:/Users/diego/.m2/repository/com/fasterxml/classmate/1.5.1/classmate-1.5.1.jar' 
2022-06-02 21:06:56.317 DEBUG [acme.Launcher@main] Found classpath entry '/C:/Users/diego/.m2/repository/org/dom4j/dom4j/2.1.3/dom4j-2.1.3.jar' 
2022-06-02 21:06:56.318 DEBUG [acme.Launcher@main] Found classpath entry '/C:/Users/diego/.m2/repository/org/hibernate/common/hibernate-commons-annotations/5.1.2.Final/hibernate-commons-annotations-5.1.2.Final.jar' 
2022-06-02 21:06:56.318 DEBUG [acme.Launcher@main] Found classpath entry '/C:/Users/diego/.m2/repository/org/glassfish/jaxb/jaxb-runtime/2.3.3/jaxb-runtime-2.3.3.jar' 
2022-06-02 21:06:56.319 DEBUG [acme.Launcher@main] Found classpath entry '/C:/Users/diego/.m2/repository/org/glassfish/jaxb/txw2/2.3.3/txw2-2.3.3.jar' 
2022-06-02 21:06:56.319 DEBUG [acme.Launcher@main] Found classpath entry '/C:/Users/diego/.m2/repository/com/sun/istack/istack-commons-runtime/3.0.11/istack-commons-runtime-3.0.11.jar' 
2022-06-02 21:06:56.319 DEBUG [acme.Launcher@main] Found classpath entry '/C:/Users/diego/.m2/repository/com/sun/activation/jakarta.activation/1.2.2/jakarta.activation-1.2.2.jar' 
2022-06-02 21:06:56.319 DEBUG [acme.Launcher@main] Found classpath entry '/C:/Users/diego/.m2/repository/org/springframework/data/spring-data-jpa/2.4.3/spring-data-jpa-2.4.3.jar' 
2022-06-02 21:06:56.320 DEBUG [acme.Launcher@main] Found classpath entry '/C:/Users/diego/.m2/repository/org/springframework/data/spring-data-commons/2.4.3/spring-data-commons-2.4.3.jar' 
2022-06-02 21:06:56.320 DEBUG [acme.Launcher@main] Found classpath entry '/C:/Users/diego/.m2/repository/org/springframework/spring-orm/5.3.3/spring-orm-5.3.3.jar' 
2022-06-02 21:06:56.320 DEBUG [acme.Launcher@main] Found classpath entry '/C:/Users/diego/.m2/repository/org/springframework/spring-aspects/5.3.3/spring-aspects-5.3.3.jar' 
2022-06-02 21:06:56.320 DEBUG [acme.Launcher@main] Found classpath entry '/C:/Users/diego/.m2/repository/org/springframework/boot/spring-boot-starter-validation/2.4.2/spring-boot-starter-validation-2.4.2.jar' 
2022-06-02 21:06:56.321 DEBUG [acme.Launcher@main] Found classpath entry '/C:/Users/diego/.m2/repository/org/hibernate/validator/hibernate-validator/6.1.7.Final/hibernate-validator-6.1.7.Final.jar' 
2022-06-02 21:06:56.321 DEBUG [acme.Launcher@main] Found classpath entry '/C:/Users/diego/.m2/repository/jakarta/validation/jakarta.validation-api/2.0.2/jakarta.validation-api-2.0.2.jar' 
2022-06-02 21:06:56.321 DEBUG [acme.Launcher@main] Found classpath entry '/C:/Users/diego/.m2/repository/mysql/mysql-connector-java/8.0.22/mysql-connector-java-8.0.22.jar' 
2022-06-02 21:06:56.322 DEBUG [acme.Launcher@main] Found classpath entry '/C:/Users/diego/.m2/repository/com/zaxxer/HikariCP/3.4.5/HikariCP-3.4.5.jar' 
2022-06-02 21:06:56.323 DEBUG [acme.Launcher@main] Found classpath entry '/C:/Users/diego/.m2/repository/org/springframework/boot/spring-boot-starter-test/2.4.2/spring-boot-starter-test-2.4.2.jar' 
2022-06-02 21:06:56.323 DEBUG [acme.Launcher@main] Found classpath entry '/C:/Users/diego/.m2/repository/org/springframework/boot/spring-boot-test/2.4.2/spring-boot-test-2.4.2.jar' 
2022-06-02 21:06:56.323 DEBUG [acme.Launcher@main] Found classpath entry '/C:/Users/diego/.m2/repository/org/springframework/boot/spring-boot-test-autoconfigure/2.4.2/spring-boot-test-autoconfigure-2.4.2.jar' 
2022-06-02 21:06:56.324 DEBUG [acme.Launcher@main] Found classpath entry '/C:/Users/diego/.m2/repository/com/jayway/jsonpath/json-path/2.4.0/json-path-2.4.0.jar' 
2022-06-02 21:06:56.324 DEBUG [acme.Launcher@main] Found classpath entry '/C:/Users/diego/.m2/repository/net/minidev/json-smart/2.3/json-smart-2.3.jar' 
2022-06-02 21:06:56.324 DEBUG [acme.Launcher@main] Found classpath entry '/C:/Users/diego/.m2/repository/net/minidev/accessors-smart/1.2/accessors-smart-1.2.jar' 
2022-06-02 21:06:56.325 DEBUG [acme.Launcher@main] Found classpath entry '/C:/Users/diego/.m2/repository/org/ow2/asm/asm/5.0.4/asm-5.0.4.jar' 
2022-06-02 21:06:56.325 DEBUG [acme.Launcher@main] Found classpath entry '/C:/Users/diego/.m2/repository/jakarta/xml/bind/jakarta.xml.bind-api/2.3.3/jakarta.xml.bind-api-2.3.3.jar' 
2022-06-02 21:06:56.325 DEBUG [acme.Launcher@main] Found classpath entry '/C:/Users/diego/.m2/repository/jakarta/activation/jakarta.activation-api/1.2.2/jakarta.activation-api-1.2.2.jar' 
2022-06-02 21:06:56.325 DEBUG [acme.Launcher@main] Found classpath entry '/C:/Users/diego/.m2/repository/org/assertj/assertj-core/3.18.1/assertj-core-3.18.1.jar' 
2022-06-02 21:06:56.325 DEBUG [acme.Launcher@main] Found classpath entry '/C:/Users/diego/.m2/repository/org/hamcrest/hamcrest/2.2/hamcrest-2.2.jar' 
2022-06-02 21:06:56.326 DEBUG [acme.Launcher@main] Found classpath entry '/C:/Users/diego/.m2/repository/org/junit/jupiter/junit-jupiter/5.7.0/junit-jupiter-5.7.0.jar' 
2022-06-02 21:06:56.326 DEBUG [acme.Launcher@main] Found classpath entry '/C:/Users/diego/.m2/repository/org/mockito/mockito-core/3.6.28/mockito-core-3.6.28.jar' 
2022-06-02 21:06:56.326 DEBUG [acme.Launcher@main] Found classpath entry '/C:/Users/diego/.m2/repository/net/bytebuddy/byte-buddy-agent/1.10.19/byte-buddy-agent-1.10.19.jar' 
2022-06-02 21:06:56.326 DEBUG [acme.Launcher@main] Found classpath entry '/C:/Users/diego/.m2/repository/org/objenesis/objenesis/3.1/objenesis-3.1.jar' 
2022-06-02 21:06:56.326 DEBUG [acme.Launcher@main] Found classpath entry '/C:/Users/diego/.m2/repository/org/mockito/mockito-junit-jupiter/3.6.28/mockito-junit-jupiter-3.6.28.jar' 
2022-06-02 21:06:56.326 DEBUG [acme.Launcher@main] Found classpath entry '/C:/Users/diego/.m2/repository/org/skyscreamer/jsonassert/1.5.0/jsonassert-1.5.0.jar' 
2022-06-02 21:06:56.326 DEBUG [acme.Launcher@main] Found classpath entry '/C:/Users/diego/.m2/repository/com/vaadin/external/google/android-json/0.0.20131108.vaadin1/android-json-0.0.20131108.vaadin1.jar' 
2022-06-02 21:06:56.327 DEBUG [acme.Launcher@main] Found classpath entry '/C:/Users/diego/.m2/repository/org/springframework/spring-test/5.3.3/spring-test-5.3.3.jar' 
2022-06-02 21:06:56.327 DEBUG [acme.Launcher@main] Found classpath entry '/C:/Users/diego/.m2/repository/org/xmlunit/xmlunit-core/2.7.0/xmlunit-core-2.7.0.jar' 
2022-06-02 21:06:56.327 DEBUG [acme.Launcher@main] Found classpath entry '/C:/Users/diego/.m2/repository/org/junit/jupiter/junit-jupiter-engine/5.7.0/junit-jupiter-engine-5.7.0.jar' 
2022-06-02 21:06:56.328 DEBUG [acme.Launcher@main] Found classpath entry '/C:/Users/diego/.m2/repository/org/apiguardian/apiguardian-api/1.1.0/apiguardian-api-1.1.0.jar' 
2022-06-02 21:06:56.328 DEBUG [acme.Launcher@main] Found classpath entry '/C:/Users/diego/.m2/repository/org/junit/platform/junit-platform-engine/1.7.0/junit-platform-engine-1.7.0.jar' 
2022-06-02 21:06:56.328 DEBUG [acme.Launcher@main] Found classpath entry '/C:/Users/diego/.m2/repository/org/junit/jupiter/junit-jupiter-api/5.7.0/junit-jupiter-api-5.7.0.jar' 
2022-06-02 21:06:56.328 DEBUG [acme.Launcher@main] Found classpath entry '/C:/Users/diego/.m2/repository/org/opentest4j/opentest4j/1.2.0/opentest4j-1.2.0.jar' 
2022-06-02 21:06:56.329 DEBUG [acme.Launcher@main] Found classpath entry '/C:/Users/diego/.m2/repository/org/junit/platform/junit-platform-commons/1.7.0/junit-platform-commons-1.7.0.jar' 
2022-06-02 21:06:56.329 DEBUG [acme.Launcher@main] Found classpath entry '/C:/Users/diego/.m2/repository/org/junit/jupiter/junit-jupiter-params/5.7.0/junit-jupiter-params-5.7.0.jar' 
2022-06-02 21:06:56.329 DEBUG [acme.Launcher@main] Found classpath entry '/C:/Users/diego/.m2/repository/org/junit/platform/junit-platform-launcher/1.7.0/junit-platform-launcher-1.7.0.jar' 
2022-06-02 21:06:56.329 DEBUG [acme.Launcher@main] Found classpath entry '/C:/Users/diego/.m2/repository/org/seleniumhq/selenium/selenium-java/3.141.59/selenium-java-3.141.59.jar' 
2022-06-02 21:06:56.330 DEBUG [acme.Launcher@main] Found classpath entry '/C:/Users/diego/.m2/repository/org/seleniumhq/selenium/selenium-api/3.141.59/selenium-api-3.141.59.jar' 
2022-06-02 21:06:56.330 DEBUG [acme.Launcher@main] Found classpath entry '/C:/Users/diego/.m2/repository/org/seleniumhq/selenium/selenium-chrome-driver/3.141.59/selenium-chrome-driver-3.141.59.jar' 
2022-06-02 21:06:56.330 DEBUG [acme.Launcher@main] Found classpath entry '/C:/Users/diego/.m2/repository/org/seleniumhq/selenium/selenium-edge-driver/3.141.59/selenium-edge-driver-3.141.59.jar' 
2022-06-02 21:06:56.331 DEBUG [acme.Launcher@main] Found classpath entry '/C:/Users/diego/.m2/repository/org/seleniumhq/selenium/selenium-firefox-driver/3.141.59/selenium-firefox-driver-3.141.59.jar' 
2022-06-02 21:06:56.331 DEBUG [acme.Launcher@main] Found classpath entry '/C:/Users/diego/.m2/repository/org/seleniumhq/selenium/selenium-ie-driver/3.141.59/selenium-ie-driver-3.141.59.jar' 
2022-06-02 21:06:56.331 DEBUG [acme.Launcher@main] Found classpath entry '/C:/Users/diego/.m2/repository/org/seleniumhq/selenium/selenium-opera-driver/3.141.59/selenium-opera-driver-3.141.59.jar' 
2022-06-02 21:06:56.331 DEBUG [acme.Launcher@main] Found classpath entry '/C:/Users/diego/.m2/repository/org/seleniumhq/selenium/selenium-remote-driver/3.141.59/selenium-remote-driver-3.141.59.jar' 
2022-06-02 21:06:56.331 DEBUG [acme.Launcher@main] Found classpath entry '/C:/Users/diego/.m2/repository/org/seleniumhq/selenium/selenium-safari-driver/3.141.59/selenium-safari-driver-3.141.59.jar' 
2022-06-02 21:06:56.332 DEBUG [acme.Launcher@main] Found classpath entry '/C:/Users/diego/.m2/repository/org/seleniumhq/selenium/selenium-support/3.141.59/selenium-support-3.141.59.jar' 
2022-06-02 21:06:56.332 DEBUG [acme.Launcher@main] Found classpath entry '/C:/Users/diego/.m2/repository/net/bytebuddy/byte-buddy/1.10.19/byte-buddy-1.10.19.jar' 
2022-06-02 21:06:56.332 DEBUG [acme.Launcher@main] Found classpath entry '/C:/Users/diego/.m2/repository/org/apache/commons/commons-exec/1.3/commons-exec-1.3.jar' 
2022-06-02 21:06:56.332 DEBUG [acme.Launcher@main] Found classpath entry '/C:/Users/diego/.m2/repository/com/google/guava/guava/25.0-jre/guava-25.0-jre.jar' 
2022-06-02 21:06:56.333 DEBUG [acme.Launcher@main] Found classpath entry '/C:/Users/diego/.m2/repository/com/google/code/findbugs/jsr305/1.3.9/jsr305-1.3.9.jar' 
2022-06-02 21:06:56.333 DEBUG [acme.Launcher@main] Found classpath entry '/C:/Users/diego/.m2/repository/org/checkerframework/checker-compat-qual/2.0.0/checker-compat-qual-2.0.0.jar' 
2022-06-02 21:06:56.333 DEBUG [acme.Launcher@main] Found classpath entry '/C:/Users/diego/.m2/repository/com/google/errorprone/error_prone_annotations/2.1.3/error_prone_annotations-2.1.3.jar' 
2022-06-02 21:06:56.333 DEBUG [acme.Launcher@main] Found classpath entry '/C:/Users/diego/.m2/repository/com/google/j2objc/j2objc-annotations/1.1/j2objc-annotations-1.1.jar' 
2022-06-02 21:06:56.334 DEBUG [acme.Launcher@main] Found classpath entry '/C:/Users/diego/.m2/repository/org/codehaus/mojo/animal-sniffer-annotations/1.14/animal-sniffer-annotations-1.14.jar' 
2022-06-02 21:06:56.334 DEBUG [acme.Launcher@main] Found classpath entry '/C:/Users/diego/.m2/repository/com/squareup/okhttp3/okhttp/3.14.9/okhttp-3.14.9.jar' 
2022-06-02 21:06:56.334 DEBUG [acme.Launcher@main] Found classpath entry '/C:/Users/diego/.m2/repository/com/squareup/okio/okio/1.14.0/okio-1.14.0.jar' 
2022-06-02 21:06:56.334 DEBUG [acme.Launcher@main] Found classpath entry '/C:/Users/diego/.m2/repository/org/apache/commons/commons-lang3/3.11/commons-lang3-3.11.jar' 
2022-06-02 21:06:56.335 DEBUG [acme.Launcher@main] Found classpath entry '/C:/Users/diego/.m2/repository/org/apache/commons/commons-text/1.8/commons-text-1.8.jar' 
2022-06-02 21:06:56.335 DEBUG [acme.Launcher@main] Found classpath entry '/C:/Users/diego/.m2/repository/commons-io/commons-io/2.6/commons-io-2.6.jar' 
2022-06-02 21:06:56.335 DEBUG [acme.Launcher@main] Found classpath entry '/C:/Users/diego/.m2/repository/commons-cli/commons-cli/1.4/commons-cli-1.4.jar' 
2022-06-02 21:06:56.335 DEBUG [acme.Launcher@main] Found classpath entry '/C:/Users/diego/.m2/repository/org/projectlombok/lombok/1.18.16/lombok-1.18.16.jar' 
2022-06-02 21:06:56.336 DEBUG [acme.Launcher@main] Found classpath entry '/C:/Users/diego/.m2/repository/com/opencsv/opencsv/5.4/opencsv-5.4.jar' 
2022-06-02 21:06:56.336 DEBUG [acme.Launcher@main] Found classpath entry '/C:/Users/diego/.m2/repository/commons-beanutils/commons-beanutils/1.9.4/commons-beanutils-1.9.4.jar' 
2022-06-02 21:06:56.336 DEBUG [acme.Launcher@main] Found classpath entry '/C:/Users/diego/.m2/repository/commons-logging/commons-logging/1.2/commons-logging-1.2.jar' 
2022-06-02 21:06:56.336 DEBUG [acme.Launcher@main] Found classpath entry '/C:/Users/diego/.m2/repository/commons-collections/commons-collections/3.2.2/commons-collections-3.2.2.jar' 
2022-06-02 21:06:56.337 DEBUG [acme.Launcher@main] Found classpath entry '/C:/Users/diego/.m2/repository/org/apache/commons/commons-collections4/4.4/commons-collections4-4.4.jar' 
2022-06-02 21:06:56.616 DEBUG [acme.Launcher@main] Found entity class 'acme.artifact.Artifact 
2022-06-02 21:06:56.617 DEBUG [acme.Launcher@main] Found entity class 'acme.artifact.PartOf 
2022-06-02 21:06:56.617 DEBUG [acme.Launcher@main] Found entity class 'acme.artifact.ToolKit 
2022-06-02 21:06:56.617 DEBUG [acme.Launcher@main] Found entity class 'acme.entities.announcement.Announcement 
2022-06-02 21:06:56.617 DEBUG [acme.Launcher@main] Found entity class 'acme.entities.chirp.Chirp 
2022-06-02 21:06:56.617 DEBUG [acme.Launcher@main] Found entity class 'acme.entities.patronage.Patronage 
2022-06-02 21:06:56.618 DEBUG [acme.Launcher@main] Found entity class 'acme.entities.patronage.PatronageReport 
2022-06-02 21:06:56.618 DEBUG [acme.Launcher@main] Found entity class 'acme.roles.Consumer 
2022-06-02 21:06:56.618 DEBUG [acme.Launcher@main] Found entity class 'acme.roles.Inventor 
2022-06-02 21:06:56.618 DEBUG [acme.Launcher@main] Found entity class 'acme.roles.Patron 
2022-06-02 21:06:56.618 DEBUG [acme.Launcher@main] Found entity class 'acme.roles.Provider 
2022-06-02 21:06:56.618 DEBUG [acme.Launcher@main] Found entity class 'acme.systemSetting.SystemSetting 
2022-06-02 21:06:56.619 DEBUG [acme.Launcher@main] Found entity class 'acme.framework.entities.UserAccount 
2022-06-02 21:06:56.619 DEBUG [acme.Launcher@main] Found entity class 'acme.framework.roles.Administrator 
2022-06-02 21:06:56.619 DEBUG [acme.Launcher@main] Found entity class 'acme.framework.roles.Anonymous 
2022-06-02 21:06:56.619 DEBUG [acme.Launcher@main] Found entity class 'acme.framework.roles.Any 
2022-06-02 21:06:56.619 DEBUG [acme.Launcher@main] Found entity class 'acme.framework.roles.Authenticated 
2022-06-02 21:06:56.627 INFO  [acme.Launcher@main] Running application (Standalone) 
2022-06-02 21:07:12.506 DEBUG [acme.framework.components.tiles.DynamicTilesView@http-nio-8080-exec-3] View name 'fragments/welcome', model {} 
2022-06-02 21:07:12.534 DEBUG [org.apache.tiles.definition.dao.BaseLocaleUrlDefinitionDAO@http-nio-8080-exec-3] File Resource file:/C:/Users/diego/OneDrive/Documentos/Mis_Archivos/II-ISW/DP2/Workspace-22.0/Projects/Acme-Toolkit/target/classes/WEB-INF/views/master/tiles_en.xml at file:/C:/Users/diego/OneDrive/Documentos/Mis_Archivos/II-ISW/DP2/Workspace-22.0/Projects/Acme-Toolkit/target/classes/WEB-INF/views/master/tiles_en.xml not found, continue 
2022-06-02 21:07:12.551 DEBUG [org.apache.jasper.servlet.JspServlet@http-nio-8080-exec-3] JspEngine --> /WEB-INF/views/master/page.jsp 
2022-06-02 21:07:12.551 DEBUG [org.apache.jasper.servlet.JspServlet@http-nio-8080-exec-3] ServletPath: /WEB-INF/views/master/page.jsp 
2022-06-02 21:07:12.552 DEBUG [org.apache.jasper.servlet.JspServlet@http-nio-8080-exec-3] PathInfo: null 
2022-06-02 21:07:12.557 DEBUG [org.apache.jasper.servlet.JspServlet@http-nio-8080-exec-3] RealPath: C:\Users\diego\OneDrive\Documentos\Mis_Archivos\II-ISW\DP2\Workspace-22.0\Projects\Acme-Toolkit\target\classes\WEB-INF\views\master\page.jsp 
2022-06-02 21:07:12.557 DEBUG [org.apache.jasper.servlet.JspServlet@http-nio-8080-exec-3] RequestURI: /acme-toolkit-22.1/WEB-INF/views/master/page.jsp 
2022-06-02 21:07:12.558 DEBUG [org.apache.jasper.servlet.JspServlet@http-nio-8080-exec-3] QueryString: null 
2022-06-02 21:07:24.266 DEBUG [acme.framework.configuration.ExtendedMessageSource@http-nio-8080-exec-3] Loading properties [C:\Users\diego\OneDrive\Documentos\Mis_Archivos\II-ISW\DP2\Workspace-22.0\Projects\Acme-Toolkit\target\classes\WEB-INF\views\administrator\admin-dashboard\messages-en.i18n] with encoding 'utf-8' 
2022-06-02 21:07:24.270 DEBUG [acme.framework.configuration.ExtendedMessageSource@http-nio-8080-exec-3] Loading properties [C:\Users\diego\OneDrive\Documentos\Mis_Archivos\II-ISW\DP2\Workspace-22.0\Projects\Acme-Toolkit\target\classes\WEB-INF\views\administrator\announcement\messages-en.i18n] with encoding 'utf-8' 
2022-06-02 21:07:24.273 DEBUG [acme.framework.configuration.ExtendedMessageSource@http-nio-8080-exec-3] Loading properties [C:\Users\diego\OneDrive\Documentos\Mis_Archivos\II-ISW\DP2\Workspace-22.0\Projects\Acme-Toolkit\target\classes\WEB-INF\views\administrator\system-setting\messsages-en.i18n] with encoding 'utf-8' 
2022-06-02 21:07:24.275 DEBUG [acme.framework.configuration.ExtendedMessageSource@http-nio-8080-exec-3] Loading properties [C:\Users\diego\OneDrive\Documentos\Mis_Archivos\II-ISW\DP2\Workspace-22.0\Projects\Acme-Toolkit\target\classes\WEB-INF\views\administrator\user-account\messages-en.i18n] with encoding 'utf-8' 
2022-06-02 21:07:24.278 DEBUG [acme.framework.configuration.ExtendedMessageSource@http-nio-8080-exec-3] Loading properties [C:\Users\diego\OneDrive\Documentos\Mis_Archivos\II-ISW\DP2\Workspace-22.0\Projects\Acme-Toolkit\target\classes\WEB-INF\views\anonymous\user-account\messages-en.i18n] with encoding 'utf-8' 
2022-06-02 21:07:24.281 DEBUG [acme.framework.configuration.ExtendedMessageSource@http-nio-8080-exec-3] Loading properties [C:\Users\diego\OneDrive\Documentos\Mis_Archivos\II-ISW\DP2\Workspace-22.0\Projects\Acme-Toolkit\target\classes\WEB-INF\views\any\artifact\messages-en.i18n] with encoding 'utf-8' 
2022-06-02 21:07:24.282 DEBUG [acme.framework.configuration.ExtendedMessageSource@http-nio-8080-exec-3] Loading properties [C:\Users\diego\OneDrive\Documentos\Mis_Archivos\II-ISW\DP2\Workspace-22.0\Projects\Acme-Toolkit\target\classes\WEB-INF\views\any\chirp\messages-en.i18n] with encoding 'utf-8' 
2022-06-02 21:07:24.285 DEBUG [acme.framework.configuration.ExtendedMessageSource@http-nio-8080-exec-3] Loading properties [C:\Users\diego\OneDrive\Documentos\Mis_Archivos\II-ISW\DP2\Workspace-22.0\Projects\Acme-Toolkit\target\classes\WEB-INF\views\any\part-of\messages-en.i18n] with encoding 'utf-8' 
2022-06-02 21:07:24.287 DEBUG [acme.framework.configuration.ExtendedMessageSource@http-nio-8080-exec-3] Loading properties [C:\Users\diego\OneDrive\Documentos\Mis_Archivos\II-ISW\DP2\Workspace-22.0\Projects\Acme-Toolkit\target\classes\WEB-INF\views\any\tool-kit\messages-en.i18n] with encoding 'utf-8' 
2022-06-02 21:07:24.289 DEBUG [acme.framework.configuration.ExtendedMessageSource@http-nio-8080-exec-3] Loading properties [C:\Users\diego\OneDrive\Documentos\Mis_Archivos\II-ISW\DP2\Workspace-22.0\Projects\Acme-Toolkit\target\classes\WEB-INF\views\any\user-account\messsages-en.i18n] with encoding 'utf-8' 
2022-06-02 21:07:24.292 DEBUG [acme.framework.configuration.ExtendedMessageSource@http-nio-8080-exec-3] Loading properties [C:\Users\diego\OneDrive\Documentos\Mis_Archivos\II-ISW\DP2\Workspace-22.0\Projects\Acme-Toolkit\target\classes\WEB-INF\views\authenticated\announcement\messages-en.i18n] with encoding 'utf-8' 
2022-06-02 21:07:24.300 DEBUG [acme.framework.configuration.ExtendedMessageSource@http-nio-8080-exec-3] Loading properties [C:\Users\diego\OneDrive\Documentos\Mis_Archivos\II-ISW\DP2\Workspace-22.0\Projects\Acme-Toolkit\target\classes\WEB-INF\views\authenticated\consumer\messsages-en.i18n] with encoding 'utf-8' 
2022-06-02 21:07:24.304 DEBUG [acme.framework.configuration.ExtendedMessageSource@http-nio-8080-exec-3] Loading properties [C:\Users\diego\OneDrive\Documentos\Mis_Archivos\II-ISW\DP2\Workspace-22.0\Projects\Acme-Toolkit\target\classes\WEB-INF\views\authenticated\inventor\messsages-en.i18n] with encoding 'utf-8' 
2022-06-02 21:07:24.306 DEBUG [acme.framework.configuration.ExtendedMessageSource@http-nio-8080-exec-3] Loading properties [C:\Users\diego\OneDrive\Documentos\Mis_Archivos\II-ISW\DP2\Workspace-22.0\Projects\Acme-Toolkit\target\classes\WEB-INF\views\authenticated\patron\messsages-en.i18n] with encoding 'utf-8' 
2022-06-02 21:07:24.308 DEBUG [acme.framework.configuration.ExtendedMessageSource@http-nio-8080-exec-3] Loading properties [C:\Users\diego\OneDrive\Documentos\Mis_Archivos\II-ISW\DP2\Workspace-22.0\Projects\Acme-Toolkit\target\classes\WEB-INF\views\authenticated\provider\messsages-en.i18n] with encoding 'utf-8' 
2022-06-02 21:07:24.311 DEBUG [acme.framework.configuration.ExtendedMessageSource@http-nio-8080-exec-3] Loading properties [C:\Users\diego\OneDrive\Documentos\Mis_Archivos\II-ISW\DP2\Workspace-22.0\Projects\Acme-Toolkit\target\classes\WEB-INF\views\authenticated\system-setting\messsages-en.i18n] with encoding 'utf-8' 
2022-06-02 21:07:24.314 DEBUG [acme.framework.configuration.ExtendedMessageSource@http-nio-8080-exec-3] Loading properties [C:\Users\diego\OneDrive\Documentos\Mis_Archivos\II-ISW\DP2\Workspace-22.0\Projects\Acme-Toolkit\target\classes\WEB-INF\views\authenticated\user-account\messages-en.i18n] with encoding 'utf-8' 
2022-06-02 21:07:24.316 DEBUG [acme.framework.configuration.ExtendedMessageSource@http-nio-8080-exec-3] Loading properties [C:\Users\diego\OneDrive\Documentos\Mis_Archivos\II-ISW\DP2\Workspace-22.0\Projects\Acme-Toolkit\target\classes\WEB-INF\views\fragments\banner-en.i18n] with encoding 'utf-8' 
2022-06-02 21:07:24.320 DEBUG [acme.framework.configuration.ExtendedMessageSource@http-nio-8080-exec-3] Loading properties [C:\Users\diego\OneDrive\Documentos\Mis_Archivos\II-ISW\DP2\Workspace-22.0\Projects\Acme-Toolkit\target\classes\WEB-INF\views\fragments\company-en.i18n] with encoding 'utf-8' 
2022-06-02 21:07:24.323 DEBUG [acme.framework.configuration.ExtendedMessageSource@http-nio-8080-exec-3] Loading properties [C:\Users\diego\OneDrive\Documentos\Mis_Archivos\II-ISW\DP2\Workspace-22.0\Projects\Acme-Toolkit\target\classes\WEB-INF\views\fragments\footer-en.i18n] with encoding 'utf-8' 
2022-06-02 21:07:24.325 DEBUG [acme.framework.configuration.ExtendedMessageSource@http-nio-8080-exec-3] Loading properties [C:\Users\diego\OneDrive\Documentos\Mis_Archivos\II-ISW\DP2\Workspace-22.0\Projects\Acme-Toolkit\target\classes\WEB-INF\views\fragments\license-en.i18n] with encoding 'utf-8' 
2022-06-02 21:07:24.330 DEBUG [acme.framework.configuration.ExtendedMessageSource@http-nio-8080-exec-3] Loading properties [C:\Users\diego\OneDrive\Documentos\Mis_Archivos\II-ISW\DP2\Workspace-22.0\Projects\Acme-Toolkit\target\classes\WEB-INF\views\fragments\menu-en.i18n] with encoding 'utf-8' 
2022-06-02 21:07:24.334 DEBUG [acme.framework.configuration.ExtendedMessageSource@http-nio-8080-exec-3] Loading properties [C:\Users\diego\OneDrive\Documentos\Mis_Archivos\II-ISW\DP2\Workspace-22.0\Projects\Acme-Toolkit\target\classes\WEB-INF\views\fragments\messsages-en.i18n] with encoding 'utf-8' 
2022-06-02 21:07:24.340 DEBUG [acme.framework.configuration.ExtendedMessageSource@http-nio-8080-exec-3] Loading properties [C:\Users\diego\OneDrive\Documentos\Mis_Archivos\II-ISW\DP2\Workspace-22.0\Projects\Acme-Toolkit\target\classes\WEB-INF\views\fragments\title-en.i18n] with encoding 'utf-8' 
2022-06-02 21:07:24.343 DEBUG [acme.framework.configuration.ExtendedMessageSource@http-nio-8080-exec-3] Loading properties [C:\Users\diego\OneDrive\Documentos\Mis_Archivos\II-ISW\DP2\Workspace-22.0\Projects\Acme-Toolkit\target\classes\WEB-INF\views\fragments\welcome-en.i18n] with encoding 'utf-8' 
2022-06-02 21:07:24.345 DEBUG [acme.framework.configuration.ExtendedMessageSource@http-nio-8080-exec-3] Loading properties [C:\Users\diego\OneDrive\Documentos\Mis_Archivos\II-ISW\DP2\Workspace-22.0\Projects\Acme-Toolkit\target\classes\WEB-INF\views\inventor\artifact\messages-en.i18n] with encoding 'utf-8' 
2022-06-02 21:07:24.350 DEBUG [acme.framework.configuration.ExtendedMessageSource@http-nio-8080-exec-3] Loading properties [C:\Users\diego\OneDrive\Documentos\Mis_Archivos\II-ISW\DP2\Workspace-22.0\Projects\Acme-Toolkit\target\classes\WEB-INF\views\inventor\part-of\messages-en.i18n] with encoding 'utf-8' 
2022-06-02 21:07:24.353 DEBUG [acme.framework.configuration.ExtendedMessageSource@http-nio-8080-exec-3] Loading properties [C:\Users\diego\OneDrive\Documentos\Mis_Archivos\II-ISW\DP2\Workspace-22.0\Projects\Acme-Toolkit\target\classes\WEB-INF\views\inventor\patronage\messages-en.i18n] with encoding 'utf-8' 
2022-06-02 21:07:24.356 DEBUG [acme.framework.configuration.ExtendedMessageSource@http-nio-8080-exec-3] Loading properties [C:\Users\diego\OneDrive\Documentos\Mis_Archivos\II-ISW\DP2\Workspace-22.0\Projects\Acme-Toolkit\target\classes\WEB-INF\views\inventor\patronage-report\messages-en.i18n] with encoding 'utf-8' 
2022-06-02 21:07:24.361 DEBUG [acme.framework.configuration.ExtendedMessageSource@http-nio-8080-exec-3] Loading properties [C:\Users\diego\OneDrive\Documentos\Mis_Archivos\II-ISW\DP2\Workspace-22.0\Projects\Acme-Toolkit\target\classes\WEB-INF\views\inventor\tool-kit\messages-en.i18n] with encoding 'utf-8' 
2022-06-02 21:07:24.365 DEBUG [acme.framework.configuration.ExtendedMessageSource@http-nio-8080-exec-3] Loading properties [C:\Users\diego\OneDrive\Documentos\Mis_Archivos\II-ISW\DP2\Workspace-22.0\Projects\Acme-Toolkit\target\classes\WEB-INF\views\master\defaults-en.i18n] with encoding 'utf-8' 
2022-06-02 21:07:24.367 DEBUG [acme.framework.configuration.ExtendedMessageSource@http-nio-8080-exec-3] Loading properties [C:\Users\diego\OneDrive\Documentos\Mis_Archivos\II-ISW\DP2\Workspace-22.0\Projects\Acme-Toolkit\target\classes\WEB-INF\views\master\master-en.i18n] with encoding 'utf-8' 
2022-06-02 21:07:24.368 DEBUG [acme.framework.configuration.ExtendedMessageSource@http-nio-8080-exec-3] Loading properties [C:\Users\diego\OneDrive\Documentos\Mis_Archivos\II-ISW\DP2\Workspace-22.0\Projects\Acme-Toolkit\target\classes\WEB-INF\views\master\throwables-en.i18n] with encoding 'utf-8' 
2022-06-02 21:07:24.370 DEBUG [acme.framework.configuration.ExtendedMessageSource@http-nio-8080-exec-3] Loading properties [C:\Users\diego\OneDrive\Documentos\Mis_Archivos\II-ISW\DP2\Workspace-22.0\Projects\Acme-Toolkit\target\classes\WEB-INF\views\master\validation-en.i18n] with encoding 'utf-8' 
2022-06-02 21:07:24.372 DEBUG [acme.framework.configuration.ExtendedMessageSource@http-nio-8080-exec-3] Loading properties [C:\Users\diego\OneDrive\Documentos\Mis_Archivos\II-ISW\DP2\Workspace-22.0\Projects\Acme-Toolkit\target\classes\WEB-INF\views\patron\patronage\messages-en.i18n] with encoding 'utf-8' 
2022-06-02 21:07:24.981 DEBUG [org.apache.jasper.servlet.JspServlet@http-nio-8080-exec-3] JspEngine --> /WEB-INF/views/fragments/welcome.jsp 
2022-06-02 21:07:24.983 DEBUG [org.apache.jasper.servlet.JspServlet@http-nio-8080-exec-3] ServletPath: /WEB-INF/views/master/page.jsp 
2022-06-02 21:07:24.984 DEBUG [org.apache.jasper.servlet.JspServlet@http-nio-8080-exec-3] PathInfo: null 
2022-06-02 21:07:24.989 DEBUG [org.apache.jasper.servlet.JspServlet@http-nio-8080-exec-3] RealPath: C:\Users\diego\OneDrive\Documentos\Mis_Archivos\II-ISW\DP2\Workspace-22.0\Projects\Acme-Toolkit\target\classes\WEB-INF\views\fragments\welcome.jsp 
2022-06-02 21:07:24.990 DEBUG [org.apache.jasper.servlet.JspServlet@http-nio-8080-exec-3] RequestURI: /acme-toolkit-22.1/WEB-INF/views/master/page.jsp 
2022-06-02 21:07:24.992 DEBUG [org.apache.jasper.servlet.JspServlet@http-nio-8080-exec-3] QueryString: null 
2022-06-02 21:07:26.208 DEBUG [org.hibernate.SQL@http-nio-8080-exec-3] select useraccoun0_.id as id1_0_, useraccoun0_.version as version2_0_, useraccoun0_.enabled as enabled1_17_, useraccoun0_.identity as identity2_17_, useraccoun0_.password as password3_17_, useraccoun0_.username as username4_17_ from user_account useraccoun0_ where useraccoun0_.username=? 
2022-06-02 21:07:26.297 TRACE [org.hibernate.type.descriptor.sql.BasicBinder@http-nio-8080-exec-3] binding parameter [1] as [VARCHAR] - [anonymous] 
2022-06-02 21:07:26.491 DEBUG [org.hibernate.SQL@http-nio-8080-exec-3] select roles0_.user_account_id as user_acc1_18_0_, roles0_.id as id1_18_0_, roles0_.id as id1_0_1_, roles0_.version as version2_0_1_, roles0_.user_account_id as user_acc1_18_1_, roles0_.company as company1_8_1_, roles0_.sector as sector2_8_1_, roles0_.company as company1_9_1_, roles0_.link as link2_9_1_, roles0_.statement as statemen3_9_1_, roles0_.company as company1_11_1_, roles0_.link as link2_11_1_, roles0_.statement as statemen3_11_1_, roles0_.company as company1_14_1_, roles0_.sector as sector2_14_1_, roles0_.clazz_ as clazz_1_ from ( select id, version, user_account_id, company, sector, null as link, null as statement, 9 as clazz_ from consumer union all select id, version, user_account_id, company, null as sector, link, statement, 10 as clazz_ from inventor union all select id, version, user_account_id, company, null as sector, link, statement, 11 as clazz_ from patron union all select id, version, user_account_id, company, sector, null as link, null as statement, 12 as clazz_ from provider union all select id, version, user_account_id, null as company, null as sector, null as link, null as statement, 15 as clazz_ from administrator union all select id, version, user_account_id, null as company, null as sector, null as link, null as statement, 16 as clazz_ from anonymous union all select id, version, user_account_id, null as company, null as sector, null as link, null as statement, 17 as clazz_ from any union all select id, version, user_account_id, null as company, null as sector, null as link, null as statement, 18 as clazz_ from authenticated ) roles0_ where roles0_.user_account_id=? 
2022-06-02 21:07:26.494 TRACE [org.hibernate.type.descriptor.sql.BasicBinder@http-nio-8080-exec-3] binding parameter [1] as [INTEGER] - [2] 
2022-06-02 21:07:30.775 DEBUG [acme.framework.components.tiles.DynamicTilesView@http-nio-8080-exec-5] View name 'master/sign-in', model {username=, password=, remember=false} 
2022-06-02 21:07:30.778 DEBUG [org.apache.jasper.servlet.JspServlet@http-nio-8080-exec-5] JspEngine --> /WEB-INF/views/master/page.jsp 
2022-06-02 21:07:30.779 DEBUG [org.apache.jasper.servlet.JspServlet@http-nio-8080-exec-5] ServletPath: /WEB-INF/views/master/page.jsp 
2022-06-02 21:07:30.780 DEBUG [org.apache.jasper.servlet.JspServlet@http-nio-8080-exec-5] PathInfo: null 
2022-06-02 21:07:30.789 DEBUG [org.apache.jasper.servlet.JspServlet@http-nio-8080-exec-5] RealPath: C:\Users\diego\OneDrive\Documentos\Mis_Archivos\II-ISW\DP2\Workspace-22.0\Projects\Acme-Toolkit\target\classes\WEB-INF\views\master\page.jsp 
2022-06-02 21:07:30.791 DEBUG [org.apache.jasper.servlet.JspServlet@http-nio-8080-exec-5] RequestURI: /acme-toolkit-22.1/WEB-INF/views/master/page.jsp 
2022-06-02 21:07:30.792 DEBUG [org.apache.jasper.servlet.JspServlet@http-nio-8080-exec-5] QueryString: null 
2022-06-02 21:07:31.239 DEBUG [org.apache.jasper.servlet.JspServlet@http-nio-8080-exec-5] JspEngine --> /WEB-INF/views/master/sign-in.jsp 
2022-06-02 21:07:31.240 DEBUG [org.apache.jasper.servlet.JspServlet@http-nio-8080-exec-5] ServletPath: /WEB-INF/views/master/page.jsp 
2022-06-02 21:07:31.242 DEBUG [org.apache.jasper.servlet.JspServlet@http-nio-8080-exec-5] PathInfo: null 
2022-06-02 21:07:31.244 DEBUG [org.apache.jasper.servlet.JspServlet@http-nio-8080-exec-5] RealPath: C:\Users\diego\OneDrive\Documentos\Mis_Archivos\II-ISW\DP2\Workspace-22.0\Projects\Acme-Toolkit\target\classes\WEB-INF\views\master\sign-in.jsp 
2022-06-02 21:07:31.248 DEBUG [org.apache.jasper.servlet.JspServlet@http-nio-8080-exec-5] RequestURI: /acme-toolkit-22.1/WEB-INF/views/master/page.jsp 
2022-06-02 21:07:31.249 DEBUG [org.apache.jasper.servlet.JspServlet@http-nio-8080-exec-5] QueryString: null 
2022-06-02 21:07:37.526 DEBUG [org.hibernate.SQL@http-nio-8080-exec-5] select useraccoun0_.id as id1_0_, useraccoun0_.version as version2_0_, useraccoun0_.enabled as enabled1_17_, useraccoun0_.identity as identity2_17_, useraccoun0_.password as password3_17_, useraccoun0_.username as username4_17_ from user_account useraccoun0_ where useraccoun0_.username=? 
2022-06-02 21:07:37.528 TRACE [org.hibernate.type.descriptor.sql.BasicBinder@http-nio-8080-exec-5] binding parameter [1] as [VARCHAR] - [anonymous] 
2022-06-02 21:07:37.533 DEBUG [org.hibernate.SQL@http-nio-8080-exec-5] select roles0_.user_account_id as user_acc1_18_0_, roles0_.id as id1_18_0_, roles0_.id as id1_0_1_, roles0_.version as version2_0_1_, roles0_.user_account_id as user_acc1_18_1_, roles0_.company as company1_8_1_, roles0_.sector as sector2_8_1_, roles0_.company as company1_9_1_, roles0_.link as link2_9_1_, roles0_.statement as statemen3_9_1_, roles0_.company as company1_11_1_, roles0_.link as link2_11_1_, roles0_.statement as statemen3_11_1_, roles0_.company as company1_14_1_, roles0_.sector as sector2_14_1_, roles0_.clazz_ as clazz_1_ from ( select id, version, user_account_id, company, sector, null as link, null as statement, 9 as clazz_ from consumer union all select id, version, user_account_id, company, null as sector, link, statement, 10 as clazz_ from inventor union all select id, version, user_account_id, company, null as sector, link, statement, 11 as clazz_ from patron union all select id, version, user_account_id, company, sector, null as link, null as statement, 12 as clazz_ from provider union all select id, version, user_account_id, null as company, null as sector, null as link, null as statement, 15 as clazz_ from administrator union all select id, version, user_account_id, null as company, null as sector, null as link, null as statement, 16 as clazz_ from anonymous union all select id, version, user_account_id, null as company, null as sector, null as link, null as statement, 17 as clazz_ from any union all select id, version, user_account_id, null as company, null as sector, null as link, null as statement, 18 as clazz_ from authenticated ) roles0_ where roles0_.user_account_id=? 
2022-06-02 21:07:37.535 TRACE [org.hibernate.type.descriptor.sql.BasicBinder@http-nio-8080-exec-5] binding parameter [1] as [INTEGER] - [2] 
2022-06-02 21:07:39.631 DEBUG [org.hibernate.SQL@http-nio-8080-exec-7] select useraccoun0_.id as id1_0_, useraccoun0_.version as version2_0_, useraccoun0_.enabled as enabled1_17_, useraccoun0_.identity as identity2_17_, useraccoun0_.password as password3_17_, useraccoun0_.username as username4_17_ from user_account useraccoun0_ where useraccoun0_.username=? 
2022-06-02 21:07:39.633 TRACE [org.hibernate.type.descriptor.sql.BasicBinder@http-nio-8080-exec-7] binding parameter [1] as [VARCHAR] - [inventor1] 
2022-06-02 21:07:39.639 DEBUG [org.hibernate.SQL@http-nio-8080-exec-7] select roles0_.user_account_id as user_acc1_18_0_, roles0_.id as id1_18_0_, roles0_.id as id1_0_1_, roles0_.version as version2_0_1_, roles0_.user_account_id as user_acc1_18_1_, roles0_.company as company1_8_1_, roles0_.sector as sector2_8_1_, roles0_.company as company1_9_1_, roles0_.link as link2_9_1_, roles0_.statement as statemen3_9_1_, roles0_.company as company1_11_1_, roles0_.link as link2_11_1_, roles0_.statement as statemen3_11_1_, roles0_.company as company1_14_1_, roles0_.sector as sector2_14_1_, roles0_.clazz_ as clazz_1_ from ( select id, version, user_account_id, company, sector, null as link, null as statement, 9 as clazz_ from consumer union all select id, version, user_account_id, company, null as sector, link, statement, 10 as clazz_ from inventor union all select id, version, user_account_id, company, null as sector, link, statement, 11 as clazz_ from patron union all select id, version, user_account_id, company, sector, null as link, null as statement, 12 as clazz_ from provider union all select id, version, user_account_id, null as company, null as sector, null as link, null as statement, 15 as clazz_ from administrator union all select id, version, user_account_id, null as company, null as sector, null as link, null as statement, 16 as clazz_ from anonymous union all select id, version, user_account_id, null as company, null as sector, null as link, null as statement, 17 as clazz_ from any union all select id, version, user_account_id, null as company, null as sector, null as link, null as statement, 18 as clazz_ from authenticated ) roles0_ where roles0_.user_account_id=? 
2022-06-02 21:07:39.643 TRACE [org.hibernate.type.descriptor.sql.BasicBinder@http-nio-8080-exec-7] binding parameter [1] as [INTEGER] - [7] 
2022-06-02 21:07:39.692 DEBUG [acme.framework.components.tiles.DynamicTilesView@http-nio-8080-exec-8] View name 'fragments/welcome', model {} 
2022-06-02 21:07:39.696 DEBUG [org.apache.jasper.servlet.JspServlet@http-nio-8080-exec-8] JspEngine --> /WEB-INF/views/master/page.jsp 
2022-06-02 21:07:39.697 DEBUG [org.apache.jasper.servlet.JspServlet@http-nio-8080-exec-8] ServletPath: /WEB-INF/views/master/page.jsp 
2022-06-02 21:07:39.698 DEBUG [org.apache.jasper.servlet.JspServlet@http-nio-8080-exec-8] PathInfo: null 
2022-06-02 21:07:39.706 DEBUG [org.apache.jasper.servlet.JspServlet@http-nio-8080-exec-8] RealPath: C:\Users\diego\OneDrive\Documentos\Mis_Archivos\II-ISW\DP2\Workspace-22.0\Projects\Acme-Toolkit\target\classes\WEB-INF\views\master\page.jsp 
2022-06-02 21:07:39.708 DEBUG [org.apache.jasper.servlet.JspServlet@http-nio-8080-exec-8] RequestURI: /acme-toolkit-22.1/WEB-INF/views/master/page.jsp 
2022-06-02 21:07:39.709 DEBUG [org.apache.jasper.servlet.JspServlet@http-nio-8080-exec-8] QueryString: null 
2022-06-02 21:07:40.217 DEBUG [org.apache.jasper.servlet.JspServlet@http-nio-8080-exec-8] JspEngine --> /WEB-INF/views/fragments/welcome.jsp 
2022-06-02 21:07:40.219 DEBUG [org.apache.jasper.servlet.JspServlet@http-nio-8080-exec-8] ServletPath: /WEB-INF/views/master/page.jsp 
2022-06-02 21:07:40.221 DEBUG [org.apache.jasper.servlet.JspServlet@http-nio-8080-exec-8] PathInfo: null 
2022-06-02 21:07:40.231 DEBUG [org.apache.jasper.servlet.JspServlet@http-nio-8080-exec-8] RealPath: C:\Users\diego\OneDrive\Documentos\Mis_Archivos\II-ISW\DP2\Workspace-22.0\Projects\Acme-Toolkit\target\classes\WEB-INF\views\fragments\welcome.jsp 
2022-06-02 21:07:40.232 DEBUG [org.apache.jasper.servlet.JspServlet@http-nio-8080-exec-8] RequestURI: /acme-toolkit-22.1/WEB-INF/views/master/page.jsp 
2022-06-02 21:07:40.234 DEBUG [org.apache.jasper.servlet.JspServlet@http-nio-8080-exec-8] QueryString: null 
2022-06-02 21:07:44.226 DEBUG [acme.framework.controllers.AbstractController@http-nio-8080-exec-8] DISPATCHING GET /acme-toolkit-22.1/inventor/tool-kit/list 
2022-06-02 21:07:44.227 DEBUG [acme.framework.controllers.AbstractController@http-nio-8080-exec-8] Command: list 
2022-06-02 21:07:44.227 DEBUG [acme.framework.controllers.AbstractController@http-nio-8080-exec-8] Model:   {} 
2022-06-02 21:07:44.229 DEBUG [acme.framework.controllers.AbstractController@http-nio-8080-exec-8] Locale:  en 
2022-06-02 21:07:44.230 DEBUG [acme.framework.controllers.AbstractController@http-nio-8080-exec-8] Starting transaction e276c9dc-9fd8-433d-9f42-507e70ba0b85 
2022-06-02 21:07:44.267 DEBUG [org.hibernate.SQL@http-nio-8080-exec-8] select toolkit1_.id as id1_0_, toolkit1_.version as version2_0_, toolkit1_.assembly_notes as assembly1_16_, toolkit1_.code as code2_16_, toolkit1_.description as descript3_16_, toolkit1_.is_publish as is_publi4_16_, toolkit1_.link as link5_16_, toolkit1_.title as title6_16_ from part_of partof0_ inner join tool_kit toolkit1_ on partof0_.toolkit_id=toolkit1_.id cross join artifact artifact2_ where partof0_.artifact_id=artifact2_.id and artifact2_.inventor_id=? 
2022-06-02 21:07:44.268 TRACE [org.hibernate.type.descriptor.sql.BasicBinder@http-nio-8080-exec-8] binding parameter [1] as [INTEGER] - [9] 
2022-06-02 21:07:44.344 DEBUG [acme.framework.controllers.AbstractController@http-nio-8080-exec-8] Committing transaction e276c9dc-9fd8-433d-9f42-507e70ba0b85 
2022-06-02 21:07:44.353 DEBUG [acme.framework.controllers.AbstractController@http-nio-8080-exec-8] Starting transaction d01e6e09-e2c6-4c4d-b369-29d90faa0a50 
2022-06-02 21:07:44.355 DEBUG [acme.framework.controllers.AbstractController@http-nio-8080-exec-8] Committing transaction d01e6e09-e2c6-4c4d-b369-29d90faa0a50 
2022-06-02 21:07:44.357 DEBUG [acme.framework.controllers.AbstractController@http-nio-8080-exec-8] SERVING GET /acme-toolkit-22.1/inventor/tool-kit/list 
2022-06-02 21:07:44.358 DEBUG [acme.framework.controllers.AbstractController@http-nio-8080-exec-8] Result: ModelAndView [view="inventor/tool-kit/list"; model={title[3]=Toolkit 1, version[4]=0, version[3]=0, title[4]=Toolkit 2, title[1]=Toolkit 1, version[2]=0, version[1]=0, title[2]=Toolkit 1, list$size=5, code[4]=ZZZ-999-A, code[0]=AAA-000-P, version[0]=0, title[0]=Toolkit 1, code[1]=AAA-000-P, id[1]=25, code[2]=AAA-000-P, id[0]=25, code[3]=AAA-000-P, id[3]=25, id[2]=25, id[4]=26, command=list, principal=acme.framework.entities.Principal@6a8e388e}] 
2022-06-02 21:07:44.371 DEBUG [acme.framework.components.tiles.DynamicTilesView@http-nio-8080-exec-8] View name 'inventor/tool-kit/list', model {title[3]=Toolkit 1, version[4]=0, version[3]=0, title[4]=Toolkit 2, title[1]=Toolkit 1, version[2]=0, version[1]=0, title[2]=Toolkit 1, list$size=5, code[4]=ZZZ-999-A, code[0]=AAA-000-P, version[0]=0, title[0]=Toolkit 1, code[1]=AAA-000-P, id[1]=25, code[2]=AAA-000-P, id[0]=25, code[3]=AAA-000-P, id[3]=25, id[2]=25, id[4]=26, command=list, principal=acme.framework.entities.Principal@6a8e388e, org.springframework.validation.BindingResult.principal=org.springframework.validation.BeanPropertyBindingResult: 0 errors} 
2022-06-02 21:07:44.374 DEBUG [org.apache.jasper.servlet.JspServlet@http-nio-8080-exec-8] JspEngine --> /WEB-INF/views/master/page.jsp 
2022-06-02 21:07:44.376 DEBUG [org.apache.jasper.servlet.JspServlet@http-nio-8080-exec-8] ServletPath: /WEB-INF/views/master/page.jsp 
2022-06-02 21:07:44.378 DEBUG [org.apache.jasper.servlet.JspServlet@http-nio-8080-exec-8] PathInfo: null 
2022-06-02 21:07:44.379 DEBUG [org.apache.jasper.servlet.JspServlet@http-nio-8080-exec-8] RealPath: C:\Users\diego\OneDrive\Documentos\Mis_Archivos\II-ISW\DP2\Workspace-22.0\Projects\Acme-Toolkit\target\classes\WEB-INF\views\master\page.jsp 
2022-06-02 21:07:44.380 DEBUG [org.apache.jasper.servlet.JspServlet@http-nio-8080-exec-8] RequestURI: /acme-toolkit-22.1/WEB-INF/views/master/page.jsp 
2022-06-02 21:07:44.381 DEBUG [org.apache.jasper.servlet.JspServlet@http-nio-8080-exec-8] QueryString: null 
2022-06-02 21:07:44.859 DEBUG [org.apache.jasper.servlet.JspServlet@http-nio-8080-exec-8] JspEngine --> /WEB-INF/views/inventor/tool-kit/list.jsp 
2022-06-02 21:07:44.861 DEBUG [org.apache.jasper.servlet.JspServlet@http-nio-8080-exec-8] ServletPath: /WEB-INF/views/master/page.jsp 
2022-06-02 21:07:44.862 DEBUG [org.apache.jasper.servlet.JspServlet@http-nio-8080-exec-8] PathInfo: null 
2022-06-02 21:07:44.870 DEBUG [org.apache.jasper.servlet.JspServlet@http-nio-8080-exec-8] RealPath: C:\Users\diego\OneDrive\Documentos\Mis_Archivos\II-ISW\DP2\Workspace-22.0\Projects\Acme-Toolkit\target\classes\WEB-INF\views\inventor\tool-kit\list.jsp 
2022-06-02 21:07:44.871 DEBUG [org.apache.jasper.servlet.JspServlet@http-nio-8080-exec-8] RequestURI: /acme-toolkit-22.1/WEB-INF/views/master/page.jsp 
2022-06-02 21:07:44.873 DEBUG [org.apache.jasper.servlet.JspServlet@http-nio-8080-exec-8] QueryString: null 
2022-06-02 21:07:51.035 DEBUG [acme.framework.controllers.AbstractController@http-nio-8080-exec-5] DISPATCHING GET /acme-toolkit-22.1/inventor/tool-kit/show 
2022-06-02 21:07:51.036 DEBUG [acme.framework.controllers.AbstractController@http-nio-8080-exec-5] Command: show 
2022-06-02 21:07:51.037 DEBUG [acme.framework.controllers.AbstractController@http-nio-8080-exec-5] Model:   {id=25} 
2022-06-02 21:07:51.038 DEBUG [acme.framework.controllers.AbstractController@http-nio-8080-exec-5] Locale:  en 
2022-06-02 21:07:51.038 DEBUG [acme.framework.controllers.AbstractController@http-nio-8080-exec-5] Starting transaction 6c32e410-d71c-4876-b686-4c0b0ae3a652 
2022-06-02 21:07:51.047 DEBUG [org.hibernate.SQL@http-nio-8080-exec-5] select toolkit0_.id as id1_0_, toolkit0_.version as version2_0_, toolkit0_.assembly_notes as assembly1_16_, toolkit0_.code as code2_16_, toolkit0_.description as descript3_16_, toolkit0_.is_publish as is_publi4_16_, toolkit0_.link as link5_16_, toolkit0_.title as title6_16_ from tool_kit toolkit0_ where toolkit0_.id=? 
2022-06-02 21:07:51.049 TRACE [org.hibernate.type.descriptor.sql.BasicBinder@http-nio-8080-exec-5] binding parameter [1] as [INTEGER] - [25] 
2022-06-02 21:07:51.053 DEBUG [acme.framework.controllers.AbstractController@http-nio-8080-exec-5] Committing transaction 6c32e410-d71c-4876-b686-4c0b0ae3a652 
2022-06-02 21:07:51.055 DEBUG [acme.framework.controllers.AbstractController@http-nio-8080-exec-5] Starting transaction e4a78eb1-50a5-4b44-860d-80ebe786d63b 
2022-06-02 21:07:51.059 DEBUG [acme.framework.controllers.AbstractController@http-nio-8080-exec-5] Committing transaction e4a78eb1-50a5-4b44-860d-80ebe786d63b 
2022-06-02 21:07:51.061 DEBUG [acme.framework.controllers.AbstractController@http-nio-8080-exec-5] SERVING GET /acme-toolkit-22.1/inventor/tool-kit/show 
2022-06-02 21:07:51.061 DEBUG [acme.framework.controllers.AbstractController@http-nio-8080-exec-5] Result: ModelAndView [view="inventor/tool-kit/form"; model={assemblyNotes=Assembly notes for toolkit number 1, code=AAA-000-P, link=https://es.wikipedia.org/wiki/Artefacto, description=This is the first toolkit, id=25, title=Toolkit 1, version=0, command=show, principal=acme.framework.entities.Principal@6a8e388e}] 
2022-06-02 21:07:51.064 DEBUG [acme.framework.components.tiles.DynamicTilesView@http-nio-8080-exec-5] View name 'inventor/tool-kit/form', model {assemblyNotes=Assembly notes for toolkit number 1, code=AAA-000-P, link=https://es.wikipedia.org/wiki/Artefacto, description=This is the first toolkit, id=25, title=Toolkit 1, version=0, command=show, principal=acme.framework.entities.Principal@6a8e388e, org.springframework.validation.BindingResult.principal=org.springframework.validation.BeanPropertyBindingResult: 0 errors} 
2022-06-02 21:07:51.068 DEBUG [org.apache.jasper.servlet.JspServlet@http-nio-8080-exec-5] JspEngine --> /WEB-INF/views/master/page.jsp 
2022-06-02 21:07:51.069 DEBUG [org.apache.jasper.servlet.JspServlet@http-nio-8080-exec-5] ServletPath: /WEB-INF/views/master/page.jsp 
2022-06-02 21:07:51.070 DEBUG [org.apache.jasper.servlet.JspServlet@http-nio-8080-exec-5] PathInfo: null 
2022-06-02 21:07:51.080 DEBUG [org.apache.jasper.servlet.JspServlet@http-nio-8080-exec-5] RealPath: C:\Users\diego\OneDrive\Documentos\Mis_Archivos\II-ISW\DP2\Workspace-22.0\Projects\Acme-Toolkit\target\classes\WEB-INF\views\master\page.jsp 
2022-06-02 21:07:51.082 DEBUG [org.apache.jasper.servlet.JspServlet@http-nio-8080-exec-5] RequestURI: /acme-toolkit-22.1/WEB-INF/views/master/page.jsp 
2022-06-02 21:07:51.083 DEBUG [org.apache.jasper.servlet.JspServlet@http-nio-8080-exec-5] QueryString: id=25 
2022-06-02 21:07:51.569 DEBUG [org.apache.jasper.servlet.JspServlet@http-nio-8080-exec-5] JspEngine --> /WEB-INF/views/inventor/tool-kit/form.jsp 
2022-06-02 21:07:51.571 DEBUG [org.apache.jasper.servlet.JspServlet@http-nio-8080-exec-5] ServletPath: /WEB-INF/views/master/page.jsp 
2022-06-02 21:07:51.573 DEBUG [org.apache.jasper.servlet.JspServlet@http-nio-8080-exec-5] PathInfo: null 
2022-06-02 21:07:51.580 DEBUG [org.apache.jasper.servlet.JspServlet@http-nio-8080-exec-5] RealPath: C:\Users\diego\OneDrive\Documentos\Mis_Archivos\II-ISW\DP2\Workspace-22.0\Projects\Acme-Toolkit\target\classes\WEB-INF\views\inventor\tool-kit\form.jsp 
2022-06-02 21:07:51.582 DEBUG [org.apache.jasper.servlet.JspServlet@http-nio-8080-exec-5] RequestURI: /acme-toolkit-22.1/WEB-INF/views/master/page.jsp 
2022-06-02 21:07:51.584 DEBUG [org.apache.jasper.servlet.JspServlet@http-nio-8080-exec-5] QueryString: id=25 
2022-06-02 21:07:55.765 DEBUG [acme.framework.controllers.AbstractController@http-nio-8080-exec-10] DISPATCHING GET /acme-toolkit-22.1/inventor/part-of/list-tool 
2022-06-02 21:07:55.765 DEBUG [acme.framework.controllers.AbstractController@http-nio-8080-exec-10] Command: list-tool 
2022-06-02 21:07:55.766 DEBUG [acme.framework.controllers.AbstractController@http-nio-8080-exec-10] Model:   {masterId=25} 
2022-06-02 21:07:55.766 DEBUG [acme.framework.controllers.AbstractController@http-nio-8080-exec-10] Locale:  en 
2022-06-02 21:07:55.767 DEBUG [acme.framework.controllers.AbstractController@http-nio-8080-exec-10] Starting transaction 7e6c7e02-ab24-4c5f-b5ec-bde13b53c691 
2022-06-02 21:07:55.772 DEBUG [org.hibernate.SQL@http-nio-8080-exec-10] select partof0_.id as id1_0_, partof0_.version as version2_0_, partof0_.artifact_id as artifact2_10_, partof0_.quantity as quantity1_10_, partof0_.toolkit_id as toolkit_3_10_ from part_of partof0_ cross join artifact artifact1_ where partof0_.artifact_id=artifact1_.id and partof0_.toolkit_id=? and artifact1_.type=? 
2022-06-02 21:07:55.773 TRACE [org.hibernate.type.descriptor.sql.BasicBinder@http-nio-8080-exec-10] binding parameter [1] as [INTEGER] - [25] 
2022-06-02 21:07:55.773 TRACE [org.hibernate.type.descriptor.sql.BasicBinder@http-nio-8080-exec-10] binding parameter [2] as [INTEGER] - [1] 
2022-06-02 21:07:55.776 DEBUG [org.hibernate.SQL@http-nio-8080-exec-10] select artifact0_.id as id1_0_0_, artifact0_.version as version2_0_0_, artifact0_.code as code1_5_0_, artifact0_.description as descript2_5_0_, artifact0_.inventor_id as invento10_5_0_, artifact0_.is_publish as is_publi3_5_0_, artifact0_.link as link4_5_0_, artifact0_.name as name5_5_0_, artifact0_.retail_price_amount as retail_p6_5_0_, artifact0_.retail_price_currency as retail_p7_5_0_, artifact0_.technology as technolo8_5_0_, artifact0_.type as type9_5_0_, inventor1_.id as id1_0_1_, inventor1_.version as version2_0_1_, inventor1_.user_account_id as user_acc1_18_1_, inventor1_.company as company1_9_1_, inventor1_.link as link2_9_1_, inventor1_.statement as statemen3_9_1_, useraccoun2_.id as id1_0_2_, useraccoun2_.version as version2_0_2_, useraccoun2_.enabled as enabled1_17_2_, useraccoun2_.identity as identity2_17_2_, useraccoun2_.password as password3_17_2_, useraccoun2_.username as username4_17_2_ from artifact artifact0_ inner join inventor inventor1_ on artifact0_.inventor_id=inventor1_.id inner join user_account useraccoun2_ on inventor1_.user_account_id=useraccoun2_.id where artifact0_.id=? 
2022-06-02 21:07:55.778 TRACE [org.hibernate.type.descriptor.sql.BasicBinder@http-nio-8080-exec-10] binding parameter [1] as [INTEGER] - [20] 
2022-06-02 21:07:55.790 DEBUG [org.hibernate.SQL@http-nio-8080-exec-10] select toolkit0_.id as id1_0_0_, toolkit0_.version as version2_0_0_, toolkit0_.assembly_notes as assembly1_16_0_, toolkit0_.code as code2_16_0_, toolkit0_.description as descript3_16_0_, toolkit0_.is_publish as is_publi4_16_0_, toolkit0_.link as link5_16_0_, toolkit0_.title as title6_16_0_ from tool_kit toolkit0_ where toolkit0_.id=? 
2022-06-02 21:07:55.791 TRACE [org.hibernate.type.descriptor.sql.BasicBinder@http-nio-8080-exec-10] binding parameter [1] as [INTEGER] - [25] 
2022-06-02 21:07:55.798 DEBUG [org.hibernate.SQL@http-nio-8080-exec-10] select artifact0_.id as id1_0_0_, artifact0_.version as version2_0_0_, artifact0_.code as code1_5_0_, artifact0_.description as descript2_5_0_, artifact0_.inventor_id as invento10_5_0_, artifact0_.is_publish as is_publi3_5_0_, artifact0_.link as link4_5_0_, artifact0_.name as name5_5_0_, artifact0_.retail_price_amount as retail_p6_5_0_, artifact0_.retail_price_currency as retail_p7_5_0_, artifact0_.technology as technolo8_5_0_, artifact0_.type as type9_5_0_, inventor1_.id as id1_0_1_, inventor1_.version as version2_0_1_, inventor1_.user_account_id as user_acc1_18_1_, inventor1_.company as company1_9_1_, inventor1_.link as link2_9_1_, inventor1_.statement as statemen3_9_1_, useraccoun2_.id as id1_0_2_, useraccoun2_.version as version2_0_2_, useraccoun2_.enabled as enabled1_17_2_, useraccoun2_.identity as identity2_17_2_, useraccoun2_.password as password3_17_2_, useraccoun2_.username as username4_17_2_ from artifact artifact0_ inner join inventor inventor1_ on artifact0_.inventor_id=inventor1_.id inner join user_account useraccoun2_ on inventor1_.user_account_id=useraccoun2_.id where artifact0_.id=? 
2022-06-02 21:07:55.801 TRACE [org.hibernate.type.descriptor.sql.BasicBinder@http-nio-8080-exec-10] binding parameter [1] as [INTEGER] - [21] 
2022-06-02 21:07:55.849 DEBUG [acme.framework.controllers.AbstractController@http-nio-8080-exec-10] Committing transaction 7e6c7e02-ab24-4c5f-b5ec-bde13b53c691 
2022-06-02 21:07:55.880 DEBUG [acme.framework.controllers.AbstractController@http-nio-8080-exec-10] Starting transaction e9b8ff66-d6fb-4d8e-8b4e-4f45ee63fe3a 
2022-06-02 21:07:55.895 DEBUG [acme.framework.controllers.AbstractController@http-nio-8080-exec-10] Committing transaction e9b8ff66-d6fb-4d8e-8b4e-4f45ee63fe3a 
2022-06-02 21:07:55.906 DEBUG [acme.framework.controllers.AbstractController@http-nio-8080-exec-10] SERVING GET /acme-toolkit-22.1/inventor/part-of/list-tool 
2022-06-02 21:07:55.907 DEBUG [acme.framework.controllers.AbstractController@http-nio-8080-exec-10] Result: ModelAndView [view="inventor/part-of/list"; model={version[2]=0, version[1]=0, artifact.name[1]=This artifact name has the maximum amount of character which is 100 this is made for testing, artifact.name[0]=This artifact name has the maximum amount of character which is 100 this is made for testing, list$size=3, quantity[0]=2, quantity[1]=2, masterId=25, quantity[2]=1, artifact.name[2]=Artifact 1, version[0]=0, id[1]=43, id[0]=42, id[2]=30, command=list-tool, principal=acme.framework.entities.Principal@6a8e388e}] 
2022-06-02 21:07:55.909 DEBUG [acme.framework.components.tiles.DynamicTilesView@http-nio-8080-exec-10] View name 'inventor/part-of/list', model {version[2]=0, version[1]=0, artifact.name[1]=This artifact name has the maximum amount of character which is 100 this is made for testing, artifact.name[0]=This artifact name has the maximum amount of character which is 100 this is made for testing, list$size=3, quantity[0]=2, quantity[1]=2, masterId=25, quantity[2]=1, artifact.name[2]=Artifact 1, version[0]=0, id[1]=43, id[0]=42, id[2]=30, command=list-tool, principal=acme.framework.entities.Principal@6a8e388e, org.springframework.validation.BindingResult.principal=org.springframework.validation.BeanPropertyBindingResult: 0 errors} 
2022-06-02 21:07:55.911 DEBUG [org.apache.jasper.servlet.JspServlet@http-nio-8080-exec-10] JspEngine --> /WEB-INF/views/master/page.jsp 
2022-06-02 21:07:55.911 DEBUG [org.apache.jasper.servlet.JspServlet@http-nio-8080-exec-10] ServletPath: /WEB-INF/views/master/page.jsp 
2022-06-02 21:07:55.912 DEBUG [org.apache.jasper.servlet.JspServlet@http-nio-8080-exec-10] PathInfo: null 
2022-06-02 21:07:55.915 DEBUG [org.apache.jasper.servlet.JspServlet@http-nio-8080-exec-10] RealPath: C:\Users\diego\OneDrive\Documentos\Mis_Archivos\II-ISW\DP2\Workspace-22.0\Projects\Acme-Toolkit\target\classes\WEB-INF\views\master\page.jsp 
2022-06-02 21:07:55.917 DEBUG [org.apache.jasper.servlet.JspServlet@http-nio-8080-exec-10] RequestURI: /acme-toolkit-22.1/WEB-INF/views/master/page.jsp 
2022-06-02 21:07:55.918 DEBUG [org.apache.jasper.servlet.JspServlet@http-nio-8080-exec-10] QueryString: masterId=25 
2022-06-02 21:07:56.446 DEBUG [org.apache.jasper.servlet.JspServlet@http-nio-8080-exec-10] JspEngine --> /WEB-INF/views/inventor/part-of/list.jsp 
2022-06-02 21:07:56.448 DEBUG [org.apache.jasper.servlet.JspServlet@http-nio-8080-exec-10] ServletPath: /WEB-INF/views/master/page.jsp 
2022-06-02 21:07:56.450 DEBUG [org.apache.jasper.servlet.JspServlet@http-nio-8080-exec-10] PathInfo: null 
2022-06-02 21:07:56.456 DEBUG [org.apache.jasper.servlet.JspServlet@http-nio-8080-exec-10] RealPath: C:\Users\diego\OneDrive\Documentos\Mis_Archivos\II-ISW\DP2\Workspace-22.0\Projects\Acme-Toolkit\target\classes\WEB-INF\views\inventor\part-of\list.jsp 
2022-06-02 21:07:56.457 DEBUG [org.apache.jasper.servlet.JspServlet@http-nio-8080-exec-10] RequestURI: /acme-toolkit-22.1/WEB-INF/views/master/page.jsp 
2022-06-02 21:07:56.459 DEBUG [org.apache.jasper.servlet.JspServlet@http-nio-8080-exec-10] QueryString: masterId=25 
2022-06-02 21:07:59.162 DEBUG [acme.framework.controllers.AbstractController@http-nio-8080-exec-5] DISPATCHING GET /acme-toolkit-22.1/inventor/part-of/add-tool 
2022-06-02 21:07:59.163 DEBUG [acme.framework.controllers.AbstractController@http-nio-8080-exec-5] Command: add-tool 
2022-06-02 21:07:59.164 DEBUG [acme.framework.controllers.AbstractController@http-nio-8080-exec-5] Model:   {masterId=25} 
2022-06-02 21:07:59.164 DEBUG [acme.framework.controllers.AbstractController@http-nio-8080-exec-5] Locale:  en 
2022-06-02 21:07:59.164 DEBUG [acme.framework.controllers.AbstractController@http-nio-8080-exec-5] Starting transaction 9abb24ef-3076-4067-80ca-9944374af189 
2022-06-02 21:07:59.170 DEBUG [org.hibernate.SQL@http-nio-8080-exec-5] select toolkit0_.id as id1_0_, toolkit0_.version as version2_0_, toolkit0_.assembly_notes as assembly1_16_, toolkit0_.code as code2_16_, toolkit0_.description as descript3_16_, toolkit0_.is_publish as is_publi4_16_, toolkit0_.link as link5_16_, toolkit0_.title as title6_16_ from tool_kit toolkit0_ where toolkit0_.id=? 
2022-06-02 21:07:59.172 TRACE [org.hibernate.type.descriptor.sql.BasicBinder@http-nio-8080-exec-5] binding parameter [1] as [INTEGER] - [25] 
2022-06-02 21:07:59.193 DEBUG [org.hibernate.SQL@http-nio-8080-exec-5] select inventor0_.id as id1_0_, inventor0_.version as version2_0_, inventor0_.user_account_id as user_acc1_18_, inventor0_.company as company1_9_, inventor0_.link as link2_9_, inventor0_.statement as statemen3_9_ from inventor inventor0_ where inventor0_.id=? 
2022-06-02 21:07:59.195 TRACE [org.hibernate.type.descriptor.sql.BasicBinder@http-nio-8080-exec-5] binding parameter [1] as [INTEGER] - [9] 
2022-06-02 21:07:59.198 DEBUG [org.hibernate.SQL@http-nio-8080-exec-5] select useraccoun0_.id as id1_0_0_, useraccoun0_.version as version2_0_0_, useraccoun0_.enabled as enabled1_17_0_, useraccoun0_.identity as identity2_17_0_, useraccoun0_.password as password3_17_0_, useraccoun0_.username as username4_17_0_ from user_account useraccoun0_ where useraccoun0_.id=? 
2022-06-02 21:07:59.199 TRACE [org.hibernate.type.descriptor.sql.BasicBinder@http-nio-8080-exec-5] binding parameter [1] as [INTEGER] - [7] 
2022-06-02 21:07:59.235 DEBUG [org.hibernate.SQL@http-nio-8080-exec-5] select artifact0_.id as id1_0_, artifact0_.version as version2_0_, artifact0_.code as code1_5_, artifact0_.description as descript2_5_, artifact0_.inventor_id as invento10_5_, artifact0_.is_publish as is_publi3_5_, artifact0_.link as link4_5_, artifact0_.name as name5_5_, artifact0_.retail_price_amount as retail_p6_5_, artifact0_.retail_price_currency as retail_p7_5_, artifact0_.technology as technolo8_5_, artifact0_.type as type9_5_ from artifact artifact0_ where artifact0_.type=? and artifact0_.inventor_id=? 
2022-06-02 21:07:59.237 TRACE [org.hibernate.type.descriptor.sql.BasicBinder@http-nio-8080-exec-5] binding parameter [1] as [INTEGER] - [1] 
2022-06-02 21:07:59.241 TRACE [org.hibernate.type.descriptor.sql.BasicBinder@http-nio-8080-exec-5] binding parameter [2] as [INTEGER] - [9] 
2022-06-02 21:07:59.251 DEBUG [org.hibernate.SQL@http-nio-8080-exec-5] select artifact1_.id as id1_0_, artifact1_.version as version2_0_, artifact1_.code as code1_5_, artifact1_.description as descript2_5_, artifact1_.inventor_id as invento10_5_, artifact1_.is_publish as is_publi3_5_, artifact1_.link as link4_5_, artifact1_.name as name5_5_, artifact1_.retail_price_amount as retail_p6_5_, artifact1_.retail_price_currency as retail_p7_5_, artifact1_.technology as technolo8_5_, artifact1_.type as type9_5_ from part_of partof0_ inner join artifact artifact1_ on partof0_.artifact_id=artifact1_.id where artifact1_.type=? and partof0_.toolkit_id=? 
2022-06-02 21:07:59.252 TRACE [org.hibernate.type.descriptor.sql.BasicBinder@http-nio-8080-exec-5] binding parameter [1] as [INTEGER] - [1] 
2022-06-02 21:07:59.253 TRACE [org.hibernate.type.descriptor.sql.BasicBinder@http-nio-8080-exec-5] binding parameter [2] as [INTEGER] - [25] 
2022-06-02 21:07:59.258 DEBUG [acme.framework.controllers.AbstractController@http-nio-8080-exec-5] Committing transaction 9abb24ef-3076-4067-80ca-9944374af189 
2022-06-02 21:07:59.271 DEBUG [acme.framework.controllers.AbstractController@http-nio-8080-exec-5] Starting transaction 033592f6-3e88-416c-a023-7002817b766a 
2022-06-02 21:07:59.272 DEBUG [acme.framework.controllers.AbstractController@http-nio-8080-exec-5] Committing transaction 033592f6-3e88-416c-a023-7002817b766a 
2022-06-02 21:07:59.274 DEBUG [acme.framework.controllers.AbstractController@http-nio-8080-exec-5] SERVING GET /acme-toolkit-22.1/inventor/part-of/add-tool 
2022-06-02 21:07:59.274 DEBUG [acme.framework.controllers.AbstractController@http-nio-8080-exec-5] Result: ModelAndView [view="inventor/part-of/form"; model={artifact=null, quantity=null, toolkit=acme.artifact.ToolKit{id=25, version=0}, id=0, version=0, artifacts=[], command=add-tool, principal=acme.framework.entities.Principal@6a8e388e}] 
2022-06-02 21:07:59.277 DEBUG [acme.framework.components.tiles.DynamicTilesView@http-nio-8080-exec-5] View name 'inventor/part-of/form', model {artifact=null, quantity=null, toolkit=acme.artifact.ToolKit{id=25, version=0}, id=0, version=0, artifacts=[], command=add-tool, principal=acme.framework.entities.Principal@6a8e388e, org.springframework.validation.BindingResult.toolkit=org.springframework.validation.BeanPropertyBindingResult: 0 errors, org.springframework.validation.BindingResult.principal=org.springframework.validation.BeanPropertyBindingResult: 0 errors} 
2022-06-02 21:07:59.279 DEBUG [org.apache.jasper.servlet.JspServlet@http-nio-8080-exec-5] JspEngine --> /WEB-INF/views/master/page.jsp 
2022-06-02 21:07:59.280 DEBUG [org.apache.jasper.servlet.JspServlet@http-nio-8080-exec-5] ServletPath: /WEB-INF/views/master/page.jsp 
2022-06-02 21:07:59.281 DEBUG [org.apache.jasper.servlet.JspServlet@http-nio-8080-exec-5] PathInfo: null 
2022-06-02 21:07:59.287 DEBUG [org.apache.jasper.servlet.JspServlet@http-nio-8080-exec-5] RealPath: C:\Users\diego\OneDrive\Documentos\Mis_Archivos\II-ISW\DP2\Workspace-22.0\Projects\Acme-Toolkit\target\classes\WEB-INF\views\master\page.jsp 
2022-06-02 21:07:59.289 DEBUG [org.apache.jasper.servlet.JspServlet@http-nio-8080-exec-5] RequestURI: /acme-toolkit-22.1/WEB-INF/views/master/page.jsp 
2022-06-02 21:07:59.291 DEBUG [org.apache.jasper.servlet.JspServlet@http-nio-8080-exec-5] QueryString: masterId=25 
2022-06-02 21:07:59.782 DEBUG [org.apache.jasper.servlet.JspServlet@http-nio-8080-exec-5] JspEngine --> /WEB-INF/views/inventor/part-of/form.jsp 
2022-06-02 21:07:59.783 DEBUG [org.apache.jasper.servlet.JspServlet@http-nio-8080-exec-5] ServletPath: /WEB-INF/views/master/page.jsp 
2022-06-02 21:07:59.784 DEBUG [org.apache.jasper.servlet.JspServlet@http-nio-8080-exec-5] PathInfo: null 
2022-06-02 21:07:59.792 DEBUG [org.apache.jasper.servlet.JspServlet@http-nio-8080-exec-5] RealPath: C:\Users\diego\OneDrive\Documentos\Mis_Archivos\II-ISW\DP2\Workspace-22.0\Projects\Acme-Toolkit\target\classes\WEB-INF\views\inventor\part-of\form.jsp 
2022-06-02 21:07:59.793 DEBUG [org.apache.jasper.servlet.JspServlet@http-nio-8080-exec-5] RequestURI: /acme-toolkit-22.1/WEB-INF/views/master/page.jsp 
2022-06-02 21:07:59.795 DEBUG [org.apache.jasper.servlet.JspServlet@http-nio-8080-exec-5] QueryString: masterId=25 
2022-06-02 21:08:05.946 DEBUG [acme.framework.controllers.AbstractController@http-nio-8080-exec-9] DISPATCHING POST /acme-toolkit-22.1/inventor/part-of/add-tool 
2022-06-02 21:08:05.947 DEBUG [acme.framework.controllers.AbstractController@http-nio-8080-exec-9] Command: add-tool 
2022-06-02 21:08:05.947 DEBUG [acme.framework.controllers.AbstractController@http-nio-8080-exec-9] Model:   {masterId=25, id=0, version=0, _csrf=810c1928-cdbc-4630-84f0-f48ec924577d, quantity=, artifact=} 
2022-06-02 21:08:05.947 DEBUG [acme.framework.controllers.AbstractController@http-nio-8080-exec-9] Locale:  en 
2022-06-02 21:08:05.948 DEBUG [acme.framework.controllers.AbstractController@http-nio-8080-exec-9] Starting transaction 34bf6f4a-cbd4-4fa3-a154-f4d245cad877 
2022-06-02 21:08:05.951 DEBUG [org.hibernate.SQL@http-nio-8080-exec-9] select toolkit0_.id as id1_0_, toolkit0_.version as version2_0_, toolkit0_.assembly_notes as assembly1_16_, toolkit0_.code as code2_16_, toolkit0_.description as descript3_16_, toolkit0_.is_publish as is_publi4_16_, toolkit0_.link as link5_16_, toolkit0_.title as title6_16_ from tool_kit toolkit0_ where toolkit0_.id=? 
2022-06-02 21:08:05.953 TRACE [org.hibernate.type.descriptor.sql.BasicBinder@http-nio-8080-exec-9] binding parameter [1] as [INTEGER] - [25] 
2022-06-02 21:08:06.243 DEBUG [acme.framework.configuration.ExtendedMessageSource@http-nio-8080-exec-9] Loading properties [C:\Users\diego\OneDrive\Documentos\Mis_Archivos\II-ISW\DP2\Workspace-22.0\Projects\Acme-Toolkit\target\classes\WEB-INF\views\administrator\admin-dashboard\messages-en.i18n] with encoding 'utf-8' 
2022-06-02 21:08:06.246 DEBUG [acme.framework.configuration.ExtendedMessageSource@http-nio-8080-exec-9] Loading properties [C:\Users\diego\OneDrive\Documentos\Mis_Archivos\II-ISW\DP2\Workspace-22.0\Projects\Acme-Toolkit\target\classes\WEB-INF\views\administrator\announcement\messages-en.i18n] with encoding 'utf-8' 
2022-06-02 21:08:06.249 DEBUG [acme.framework.configuration.ExtendedMessageSource@http-nio-8080-exec-9] Loading properties [C:\Users\diego\OneDrive\Documentos\Mis_Archivos\II-ISW\DP2\Workspace-22.0\Projects\Acme-Toolkit\target\classes\WEB-INF\views\administrator\system-setting\messsages-en.i18n] with encoding 'utf-8' 
2022-06-02 21:08:06.254 DEBUG [acme.framework.configuration.ExtendedMessageSource@http-nio-8080-exec-9] Loading properties [C:\Users\diego\OneDrive\Documentos\Mis_Archivos\II-ISW\DP2\Workspace-22.0\Projects\Acme-Toolkit\target\classes\WEB-INF\views\administrator\user-account\messages-en.i18n] with encoding 'utf-8' 
2022-06-02 21:08:06.262 DEBUG [acme.framework.configuration.ExtendedMessageSource@http-nio-8080-exec-9] Loading properties [C:\Users\diego\OneDrive\Documentos\Mis_Archivos\II-ISW\DP2\Workspace-22.0\Projects\Acme-Toolkit\target\classes\WEB-INF\views\anonymous\user-account\messages-en.i18n] with encoding 'utf-8' 
2022-06-02 21:08:06.265 DEBUG [acme.framework.configuration.ExtendedMessageSource@http-nio-8080-exec-9] Loading properties [C:\Users\diego\OneDrive\Documentos\Mis_Archivos\II-ISW\DP2\Workspace-22.0\Projects\Acme-Toolkit\target\classes\WEB-INF\views\any\artifact\messages-en.i18n] with encoding 'utf-8' 
2022-06-02 21:08:06.268 DEBUG [acme.framework.configuration.ExtendedMessageSource@http-nio-8080-exec-9] Loading properties [C:\Users\diego\OneDrive\Documentos\Mis_Archivos\II-ISW\DP2\Workspace-22.0\Projects\Acme-Toolkit\target\classes\WEB-INF\views\any\chirp\messages-en.i18n] with encoding 'utf-8' 
2022-06-02 21:08:06.269 DEBUG [acme.framework.configuration.ExtendedMessageSource@http-nio-8080-exec-9] Loading properties [C:\Users\diego\OneDrive\Documentos\Mis_Archivos\II-ISW\DP2\Workspace-22.0\Projects\Acme-Toolkit\target\classes\WEB-INF\views\any\part-of\messages-en.i18n] with encoding 'utf-8' 
2022-06-02 21:08:06.271 DEBUG [acme.framework.configuration.ExtendedMessageSource@http-nio-8080-exec-9] Loading properties [C:\Users\diego\OneDrive\Documentos\Mis_Archivos\II-ISW\DP2\Workspace-22.0\Projects\Acme-Toolkit\target\classes\WEB-INF\views\any\tool-kit\messages-en.i18n] with encoding 'utf-8' 
2022-06-02 21:08:06.274 DEBUG [acme.framework.configuration.ExtendedMessageSource@http-nio-8080-exec-9] Loading properties [C:\Users\diego\OneDrive\Documentos\Mis_Archivos\II-ISW\DP2\Workspace-22.0\Projects\Acme-Toolkit\target\classes\WEB-INF\views\any\user-account\messsages-en.i18n] with encoding 'utf-8' 
2022-06-02 21:08:06.277 DEBUG [acme.framework.configuration.ExtendedMessageSource@http-nio-8080-exec-9] Loading properties [C:\Users\diego\OneDrive\Documentos\Mis_Archivos\II-ISW\DP2\Workspace-22.0\Projects\Acme-Toolkit\target\classes\WEB-INF\views\authenticated\announcement\messages-en.i18n] with encoding 'utf-8' 
2022-06-02 21:08:06.279 DEBUG [acme.framework.configuration.ExtendedMessageSource@http-nio-8080-exec-9] Loading properties [C:\Users\diego\OneDrive\Documentos\Mis_Archivos\II-ISW\DP2\Workspace-22.0\Projects\Acme-Toolkit\target\classes\WEB-INF\views\authenticated\consumer\messsages-en.i18n] with encoding 'utf-8' 
2022-06-02 21:08:06.283 DEBUG [acme.framework.configuration.ExtendedMessageSource@http-nio-8080-exec-9] Loading properties [C:\Users\diego\OneDrive\Documentos\Mis_Archivos\II-ISW\DP2\Workspace-22.0\Projects\Acme-Toolkit\target\classes\WEB-INF\views\authenticated\inventor\messsages-en.i18n] with encoding 'utf-8' 
2022-06-02 21:08:06.285 DEBUG [acme.framework.configuration.ExtendedMessageSource@http-nio-8080-exec-9] Loading properties [C:\Users\diego\OneDrive\Documentos\Mis_Archivos\II-ISW\DP2\Workspace-22.0\Projects\Acme-Toolkit\target\classes\WEB-INF\views\authenticated\patron\messsages-en.i18n] with encoding 'utf-8' 
2022-06-02 21:08:06.287 DEBUG [acme.framework.configuration.ExtendedMessageSource@http-nio-8080-exec-9] Loading properties [C:\Users\diego\OneDrive\Documentos\Mis_Archivos\II-ISW\DP2\Workspace-22.0\Projects\Acme-Toolkit\target\classes\WEB-INF\views\authenticated\provider\messsages-en.i18n] with encoding 'utf-8' 
2022-06-02 21:08:06.293 DEBUG [acme.framework.configuration.ExtendedMessageSource@http-nio-8080-exec-9] Loading properties [C:\Users\diego\OneDrive\Documentos\Mis_Archivos\II-ISW\DP2\Workspace-22.0\Projects\Acme-Toolkit\target\classes\WEB-INF\views\authenticated\system-setting\messsages-en.i18n] with encoding 'utf-8' 
2022-06-02 21:08:06.296 DEBUG [acme.framework.configuration.ExtendedMessageSource@http-nio-8080-exec-9] Loading properties [C:\Users\diego\OneDrive\Documentos\Mis_Archivos\II-ISW\DP2\Workspace-22.0\Projects\Acme-Toolkit\target\classes\WEB-INF\views\authenticated\user-account\messages-en.i18n] with encoding 'utf-8' 
2022-06-02 21:08:06.299 DEBUG [acme.framework.configuration.ExtendedMessageSource@http-nio-8080-exec-9] Loading properties [C:\Users\diego\OneDrive\Documentos\Mis_Archivos\II-ISW\DP2\Workspace-22.0\Projects\Acme-Toolkit\target\classes\WEB-INF\views\fragments\banner-en.i18n] with encoding 'utf-8' 
2022-06-02 21:08:06.302 DEBUG [acme.framework.configuration.ExtendedMessageSource@http-nio-8080-exec-9] Loading properties [C:\Users\diego\OneDrive\Documentos\Mis_Archivos\II-ISW\DP2\Workspace-22.0\Projects\Acme-Toolkit\target\classes\WEB-INF\views\fragments\company-en.i18n] with encoding 'utf-8' 
2022-06-02 21:08:06.305 DEBUG [acme.framework.configuration.ExtendedMessageSource@http-nio-8080-exec-9] Loading properties [C:\Users\diego\OneDrive\Documentos\Mis_Archivos\II-ISW\DP2\Workspace-22.0\Projects\Acme-Toolkit\target\classes\WEB-INF\views\fragments\footer-en.i18n] with encoding 'utf-8' 
2022-06-02 21:08:06.308 DEBUG [acme.framework.configuration.ExtendedMessageSource@http-nio-8080-exec-9] Loading properties [C:\Users\diego\OneDrive\Documentos\Mis_Archivos\II-ISW\DP2\Workspace-22.0\Projects\Acme-Toolkit\target\classes\WEB-INF\views\fragments\license-en.i18n] with encoding 'utf-8' 
2022-06-02 21:08:06.310 DEBUG [acme.framework.configuration.ExtendedMessageSource@http-nio-8080-exec-9] Loading properties [C:\Users\diego\OneDrive\Documentos\Mis_Archivos\II-ISW\DP2\Workspace-22.0\Projects\Acme-Toolkit\target\classes\WEB-INF\views\fragments\menu-en.i18n] with encoding 'utf-8' 
2022-06-02 21:08:06.312 DEBUG [acme.framework.configuration.ExtendedMessageSource@http-nio-8080-exec-9] Loading properties [C:\Users\diego\OneDrive\Documentos\Mis_Archivos\II-ISW\DP2\Workspace-22.0\Projects\Acme-Toolkit\target\classes\WEB-INF\views\fragments\messsages-en.i18n] with encoding 'utf-8' 
2022-06-02 21:08:06.314 DEBUG [acme.framework.configuration.ExtendedMessageSource@http-nio-8080-exec-9] Loading properties [C:\Users\diego\OneDrive\Documentos\Mis_Archivos\II-ISW\DP2\Workspace-22.0\Projects\Acme-Toolkit\target\classes\WEB-INF\views\fragments\title-en.i18n] with encoding 'utf-8' 
2022-06-02 21:08:06.316 DEBUG [acme.framework.configuration.ExtendedMessageSource@http-nio-8080-exec-9] Loading properties [C:\Users\diego\OneDrive\Documentos\Mis_Archivos\II-ISW\DP2\Workspace-22.0\Projects\Acme-Toolkit\target\classes\WEB-INF\views\fragments\welcome-en.i18n] with encoding 'utf-8' 
2022-06-02 21:08:06.318 DEBUG [acme.framework.configuration.ExtendedMessageSource@http-nio-8080-exec-9] Loading properties [C:\Users\diego\OneDrive\Documentos\Mis_Archivos\II-ISW\DP2\Workspace-22.0\Projects\Acme-Toolkit\target\classes\WEB-INF\views\inventor\artifact\messages-en.i18n] with encoding 'utf-8' 
2022-06-02 21:08:06.321 DEBUG [acme.framework.configuration.ExtendedMessageSource@http-nio-8080-exec-9] Loading properties [C:\Users\diego\OneDrive\Documentos\Mis_Archivos\II-ISW\DP2\Workspace-22.0\Projects\Acme-Toolkit\target\classes\WEB-INF\views\inventor\part-of\messages-en.i18n] with encoding 'utf-8' 
2022-06-02 21:08:06.323 DEBUG [acme.framework.configuration.ExtendedMessageSource@http-nio-8080-exec-9] Loading properties [C:\Users\diego\OneDrive\Documentos\Mis_Archivos\II-ISW\DP2\Workspace-22.0\Projects\Acme-Toolkit\target\classes\WEB-INF\views\inventor\patronage\messages-en.i18n] with encoding 'utf-8' 
2022-06-02 21:08:06.325 DEBUG [acme.framework.configuration.ExtendedMessageSource@http-nio-8080-exec-9] Loading properties [C:\Users\diego\OneDrive\Documentos\Mis_Archivos\II-ISW\DP2\Workspace-22.0\Projects\Acme-Toolkit\target\classes\WEB-INF\views\inventor\patronage-report\messages-en.i18n] with encoding 'utf-8' 
2022-06-02 21:08:06.328 DEBUG [acme.framework.configuration.ExtendedMessageSource@http-nio-8080-exec-9] Loading properties [C:\Users\diego\OneDrive\Documentos\Mis_Archivos\II-ISW\DP2\Workspace-22.0\Projects\Acme-Toolkit\target\classes\WEB-INF\views\inventor\tool-kit\messages-en.i18n] with encoding 'utf-8' 
2022-06-02 21:08:06.330 DEBUG [acme.framework.configuration.ExtendedMessageSource@http-nio-8080-exec-9] Loading properties [C:\Users\diego\OneDrive\Documentos\Mis_Archivos\II-ISW\DP2\Workspace-22.0\Projects\Acme-Toolkit\target\classes\WEB-INF\views\master\defaults-en.i18n] with encoding 'utf-8' 
2022-06-02 21:08:06.332 DEBUG [acme.framework.configuration.ExtendedMessageSource@http-nio-8080-exec-9] Loading properties [C:\Users\diego\OneDrive\Documentos\Mis_Archivos\II-ISW\DP2\Workspace-22.0\Projects\Acme-Toolkit\target\classes\WEB-INF\views\master\master-en.i18n] with encoding 'utf-8' 
2022-06-02 21:08:06.335 DEBUG [acme.framework.configuration.ExtendedMessageSource@http-nio-8080-exec-9] Loading properties [C:\Users\diego\OneDrive\Documentos\Mis_Archivos\II-ISW\DP2\Workspace-22.0\Projects\Acme-Toolkit\target\classes\WEB-INF\views\master\throwables-en.i18n] with encoding 'utf-8' 
2022-06-02 21:08:06.337 DEBUG [acme.framework.configuration.ExtendedMessageSource@http-nio-8080-exec-9] Loading properties [C:\Users\diego\OneDrive\Documentos\Mis_Archivos\II-ISW\DP2\Workspace-22.0\Projects\Acme-Toolkit\target\classes\WEB-INF\views\master\validation-en.i18n] with encoding 'utf-8' 
2022-06-02 21:08:06.339 DEBUG [acme.framework.configuration.ExtendedMessageSource@http-nio-8080-exec-9] Loading properties [C:\Users\diego\OneDrive\Documentos\Mis_Archivos\II-ISW\DP2\Workspace-22.0\Projects\Acme-Toolkit\target\classes\WEB-INF\views\patron\patronage\messages-en.i18n] with encoding 'utf-8' 
2022-06-02 21:08:06.453 DEBUG [org.hibernate.SQL@http-nio-8080-exec-9] select inventor0_.id as id1_0_, inventor0_.version as version2_0_, inventor0_.user_account_id as user_acc1_18_, inventor0_.company as company1_9_, inventor0_.link as link2_9_, inventor0_.statement as statemen3_9_ from inventor inventor0_ where inventor0_.id=? 
2022-06-02 21:08:06.455 TRACE [org.hibernate.type.descriptor.sql.BasicBinder@http-nio-8080-exec-9] binding parameter [1] as [INTEGER] - [9] 
2022-06-02 21:08:06.458 DEBUG [org.hibernate.SQL@http-nio-8080-exec-9] select useraccoun0_.id as id1_0_0_, useraccoun0_.version as version2_0_0_, useraccoun0_.enabled as enabled1_17_0_, useraccoun0_.identity as identity2_17_0_, useraccoun0_.password as password3_17_0_, useraccoun0_.username as username4_17_0_ from user_account useraccoun0_ where useraccoun0_.id=? 
2022-06-02 21:08:06.459 TRACE [org.hibernate.type.descriptor.sql.BasicBinder@http-nio-8080-exec-9] binding parameter [1] as [INTEGER] - [7] 
2022-06-02 21:08:06.468 DEBUG [org.hibernate.SQL@http-nio-8080-exec-9] select artifact0_.id as id1_0_, artifact0_.version as version2_0_, artifact0_.code as code1_5_, artifact0_.description as descript2_5_, artifact0_.inventor_id as invento10_5_, artifact0_.is_publish as is_publi3_5_, artifact0_.link as link4_5_, artifact0_.name as name5_5_, artifact0_.retail_price_amount as retail_p6_5_, artifact0_.retail_price_currency as retail_p7_5_, artifact0_.technology as technolo8_5_, artifact0_.type as type9_5_ from artifact artifact0_ where artifact0_.type=? and artifact0_.inventor_id=? 
2022-06-02 21:08:06.470 TRACE [org.hibernate.type.descriptor.sql.BasicBinder@http-nio-8080-exec-9] binding parameter [1] as [INTEGER] - [1] 
2022-06-02 21:08:06.470 TRACE [org.hibernate.type.descriptor.sql.BasicBinder@http-nio-8080-exec-9] binding parameter [2] as [INTEGER] - [9] 
2022-06-02 21:08:06.477 DEBUG [org.hibernate.SQL@http-nio-8080-exec-9] select artifact1_.id as id1_0_, artifact1_.version as version2_0_, artifact1_.code as code1_5_, artifact1_.description as descript2_5_, artifact1_.inventor_id as invento10_5_, artifact1_.is_publish as is_publi3_5_, artifact1_.link as link4_5_, artifact1_.name as name5_5_, artifact1_.retail_price_amount as retail_p6_5_, artifact1_.retail_price_currency as retail_p7_5_, artifact1_.technology as technolo8_5_, artifact1_.type as type9_5_ from part_of partof0_ inner join artifact artifact1_ on partof0_.artifact_id=artifact1_.id where artifact1_.type=? and partof0_.toolkit_id=? 
2022-06-02 21:08:06.479 TRACE [org.hibernate.type.descriptor.sql.BasicBinder@http-nio-8080-exec-9] binding parameter [1] as [INTEGER] - [1] 
2022-06-02 21:08:06.479 TRACE [org.hibernate.type.descriptor.sql.BasicBinder@http-nio-8080-exec-9] binding parameter [2] as [INTEGER] - [25] 
2022-06-02 21:08:06.482 DEBUG [acme.framework.controllers.AbstractController@http-nio-8080-exec-9] Rolling transaction 34bf6f4a-cbd4-4fa3-a154-f4d245cad877 back 
2022-06-02 21:08:06.498 DEBUG [acme.framework.controllers.AbstractController@http-nio-8080-exec-9] Starting transaction 6ba77cc0-2ec4-4f74-8807-d7fc67ad055d 
2022-06-02 21:08:06.501 DEBUG [acme.framework.controllers.AbstractController@http-nio-8080-exec-9] Committing transaction 6ba77cc0-2ec4-4f74-8807-d7fc67ad055d 
2022-06-02 21:08:06.503 DEBUG [acme.framework.controllers.AbstractController@http-nio-8080-exec-9] SERVING POST /acme-toolkit-22.1/inventor/part-of/add-tool 
2022-06-02 21:08:06.503 DEBUG [acme.framework.controllers.AbstractController@http-nio-8080-exec-9] Result: ModelAndView [view="inventor/part-of/form"; model={artifact=, quantity=null, toolkit=acme.artifact.ToolKit{id=25, version=0}, id=0, version=0, artifacts=[], artifact$error=May not be null., command=add-tool, principal=acme.framework.entities.Principal@6a8e388e}] 
2022-06-02 21:08:06.504 DEBUG [acme.framework.components.tiles.DynamicTilesView@http-nio-8080-exec-9] View name 'inventor/part-of/form', model {artifact=, quantity=null, toolkit=acme.artifact.ToolKit{id=25, version=0}, id=0, version=0, artifacts=[], artifact$error=May not be null., command=add-tool, principal=acme.framework.entities.Principal@6a8e388e, org.springframework.validation.BindingResult.toolkit=org.springframework.validation.BeanPropertyBindingResult: 0 errors, org.springframework.validation.BindingResult.principal=org.springframework.validation.BeanPropertyBindingResult: 0 errors} 
2022-06-02 21:08:06.507 DEBUG [org.apache.jasper.servlet.JspServlet@http-nio-8080-exec-9] JspEngine --> /WEB-INF/views/master/page.jsp 
2022-06-02 21:08:06.509 DEBUG [org.apache.jasper.servlet.JspServlet@http-nio-8080-exec-9] ServletPath: /WEB-INF/views/master/page.jsp 
2022-06-02 21:08:06.510 DEBUG [org.apache.jasper.servlet.JspServlet@http-nio-8080-exec-9] PathInfo: null 
2022-06-02 21:08:06.518 DEBUG [org.apache.jasper.servlet.JspServlet@http-nio-8080-exec-9] RealPath: C:\Users\diego\OneDrive\Documentos\Mis_Archivos\II-ISW\DP2\Workspace-22.0\Projects\Acme-Toolkit\target\classes\WEB-INF\views\master\page.jsp 
2022-06-02 21:08:06.519 DEBUG [org.apache.jasper.servlet.JspServlet@http-nio-8080-exec-9] RequestURI: /acme-toolkit-22.1/WEB-INF/views/master/page.jsp 
2022-06-02 21:08:06.520 DEBUG [org.apache.jasper.servlet.JspServlet@http-nio-8080-exec-9] QueryString: masterId=25 
2022-06-02 21:08:07.023 DEBUG [org.apache.jasper.servlet.JspServlet@http-nio-8080-exec-9] JspEngine --> /WEB-INF/views/inventor/part-of/form.jsp 
2022-06-02 21:08:07.024 DEBUG [org.apache.jasper.servlet.JspServlet@http-nio-8080-exec-9] ServletPath: /WEB-INF/views/master/page.jsp 
2022-06-02 21:08:07.026 DEBUG [org.apache.jasper.servlet.JspServlet@http-nio-8080-exec-9] PathInfo: null 
2022-06-02 21:08:07.035 DEBUG [org.apache.jasper.servlet.JspServlet@http-nio-8080-exec-9] RealPath: C:\Users\diego\OneDrive\Documentos\Mis_Archivos\II-ISW\DP2\Workspace-22.0\Projects\Acme-Toolkit\target\classes\WEB-INF\views\inventor\part-of\form.jsp 
2022-06-02 21:08:07.035 DEBUG [org.apache.jasper.servlet.JspServlet@http-nio-8080-exec-9] RequestURI: /acme-toolkit-22.1/WEB-INF/views/master/page.jsp 
2022-06-02 21:08:07.037 DEBUG [org.apache.jasper.servlet.JspServlet@http-nio-8080-exec-9] QueryString: masterId=25 
