2022-06-02 21:30:07.177 INFO  [acme.Launcher@main] Starting Launcher using Java 1.8.0_281 on TABLET-8TV7I4NF with PID 9276 (C:\Users\diego\OneDrive\Documentos\Mis_Archivos\II-ISW\DP2\Workspace-22.0\Projects\Acme-Framework-22.7\target\classes started by diego in C:\Users\diego\OneDrive\Documentos\Mis_Archivos\II-ISW\DP2\Workspace-22.0\Projects\Acme-Toolkit) 
2022-06-02 21:30:07.179 DEBUG [acme.Launcher@main] Running with Spring Boot v2.4.2, Spring v5.3.3 
2022-06-02 21:30:07.182 INFO  [acme.Launcher@main] The following profiles are active: development,default 
2022-06-02 21:30:15.035 DEBUG [org.apache.jasper.servlet.JasperInitializer@main] Initializing Jasper for context [application] 
2022-06-02 21:30:31.015 DEBUG [org.apache.jasper.servlet.JspServlet@main] Scratch dir for the JSP engine is: [C:\Users\diego\AppData\Local\Temp\tomcat.8080.6257909657479736809\work\Tomcat\localhost\acme-toolkit-22.1] 
2022-06-02 21:30:31.016 DEBUG [org.apache.jasper.servlet.JspServlet@main] IMPORTANT: Do not modify the generated servlets 
2022-06-02 21:30:31.065 INFO  [acme.Launcher@main] Started Launcher in 25.697 seconds (JVM running for 27.713) 
2022-06-02 21:30:31.083 DEBUG [acme.Launcher@main] Found classpath entry '/C:/Users/diego/OneDrive/Documentos/Mis_Archivos/II-ISW/DP2/Workspace-22.0/Projects/Acme-Toolkit/target/test-classes/' 
2022-06-02 21:30:31.085 DEBUG [acme.Launcher@main] Found classpath entry '/C:/Users/diego/OneDrive/Documentos/Mis_Archivos/II-ISW/DP2/Workspace-22.0/Projects/Acme-Toolkit/target/classes/' 
2022-06-02 21:30:31.086 DEBUG [acme.Launcher@main] Found classpath entry '/C:/Users/diego/OneDrive/Documentos/Mis_Archivos/II-ISW/DP2/Workspace-22.0/Projects/Acme-Framework-22.7/target/classes/' 
2022-06-02 21:30:31.087 DEBUG [acme.Launcher@main] Found classpath entry '/C:/Users/diego/OneDrive/Documentos/Mis_Archivos/II-ISW/DP2/Workspace-22.0/Projects/Acme-Framework-22.7/target/test-classes/' 
2022-06-02 21:30:31.088 DEBUG [acme.Launcher@main] Found classpath entry '/C:/Users/diego/.m2/repository/org/springframework/boot/spring-boot-starter-tomcat/2.4.2/spring-boot-starter-tomcat-2.4.2.jar' 
2022-06-02 21:30:31.089 DEBUG [acme.Launcher@main] Found classpath entry '/C:/Users/diego/.m2/repository/jakarta/annotation/jakarta.annotation-api/1.3.5/jakarta.annotation-api-1.3.5.jar' 
2022-06-02 21:30:31.089 DEBUG [acme.Launcher@main] Found classpath entry '/C:/Users/diego/.m2/repository/org/apache/tomcat/embed/tomcat-embed-core/9.0.41/tomcat-embed-core-9.0.41.jar' 
2022-06-02 21:30:31.090 DEBUG [acme.Launcher@main] Found classpath entry '/C:/Users/diego/.m2/repository/org/glassfish/jakarta.el/3.0.3/jakarta.el-3.0.3.jar' 
2022-06-02 21:30:31.090 DEBUG [acme.Launcher@main] Found classpath entry '/C:/Users/diego/.m2/repository/org/apache/tomcat/embed/tomcat-embed-websocket/9.0.41/tomcat-embed-websocket-9.0.41.jar' 
2022-06-02 21:30:31.091 DEBUG [acme.Launcher@main] Found classpath entry '/C:/Users/diego/.m2/repository/org/apache/tomcat/embed/tomcat-embed-jasper/9.0.41/tomcat-embed-jasper-9.0.41.jar' 
2022-06-02 21:30:31.093 DEBUG [acme.Launcher@main] Found classpath entry '/C:/Users/diego/.m2/repository/org/apache/tomcat/embed/tomcat-embed-el/9.0.41/tomcat-embed-el-9.0.41.jar' 
2022-06-02 21:30:31.095 DEBUG [acme.Launcher@main] Found classpath entry '/C:/Users/diego/.m2/repository/org/eclipse/jdt/ecj/3.18.0/ecj-3.18.0.jar' 
2022-06-02 21:30:31.096 DEBUG [acme.Launcher@main] Found classpath entry '/C:/Users/diego/.m2/repository/javax/servlet/jstl/1.2/jstl-1.2.jar' 
2022-06-02 21:30:31.097 DEBUG [acme.Launcher@main] Found classpath entry '/C:/Users/diego/.m2/repository/org/springframework/boot/spring-boot-starter-security/2.4.2/spring-boot-starter-security-2.4.2.jar' 
2022-06-02 21:30:31.099 DEBUG [acme.Launcher@main] Found classpath entry '/C:/Users/diego/.m2/repository/org/springframework/boot/spring-boot-starter/2.4.2/spring-boot-starter-2.4.2.jar' 
2022-06-02 21:30:31.100 DEBUG [acme.Launcher@main] Found classpath entry '/C:/Users/diego/.m2/repository/org/springframework/boot/spring-boot/2.4.2/spring-boot-2.4.2.jar' 
2022-06-02 21:30:31.100 DEBUG [acme.Launcher@main] Found classpath entry '/C:/Users/diego/.m2/repository/org/springframework/boot/spring-boot-autoconfigure/2.4.2/spring-boot-autoconfigure-2.4.2.jar' 
2022-06-02 21:30:31.101 DEBUG [acme.Launcher@main] Found classpath entry '/C:/Users/diego/.m2/repository/org/springframework/boot/spring-boot-starter-logging/2.4.2/spring-boot-starter-logging-2.4.2.jar' 
2022-06-02 21:30:31.101 DEBUG [acme.Launcher@main] Found classpath entry '/C:/Users/diego/.m2/repository/ch/qos/logback/logback-classic/1.2.3/logback-classic-1.2.3.jar' 
2022-06-02 21:30:31.101 DEBUG [acme.Launcher@main] Found classpath entry '/C:/Users/diego/.m2/repository/ch/qos/logback/logback-core/1.2.3/logback-core-1.2.3.jar' 
2022-06-02 21:30:31.102 DEBUG [acme.Launcher@main] Found classpath entry '/C:/Users/diego/.m2/repository/org/apache/logging/log4j/log4j-to-slf4j/2.13.3/log4j-to-slf4j-2.13.3.jar' 
2022-06-02 21:30:31.102 DEBUG [acme.Launcher@main] Found classpath entry '/C:/Users/diego/.m2/repository/org/apache/logging/log4j/log4j-api/2.13.3/log4j-api-2.13.3.jar' 
2022-06-02 21:30:31.103 DEBUG [acme.Launcher@main] Found classpath entry '/C:/Users/diego/.m2/repository/org/slf4j/jul-to-slf4j/1.7.30/jul-to-slf4j-1.7.30.jar' 
2022-06-02 21:30:31.103 DEBUG [acme.Launcher@main] Found classpath entry '/C:/Users/diego/.m2/repository/org/yaml/snakeyaml/1.27/snakeyaml-1.27.jar' 
2022-06-02 21:30:31.104 DEBUG [acme.Launcher@main] Found classpath entry '/C:/Users/diego/.m2/repository/org/springframework/spring-aop/5.3.3/spring-aop-5.3.3.jar' 
2022-06-02 21:30:31.104 DEBUG [acme.Launcher@main] Found classpath entry '/C:/Users/diego/.m2/repository/org/springframework/security/spring-security-web/5.4.2/spring-security-web-5.4.2.jar' 
2022-06-02 21:30:31.105 DEBUG [acme.Launcher@main] Found classpath entry '/C:/Users/diego/.m2/repository/org/springframework/security/spring-security-core/5.4.2/spring-security-core-5.4.2.jar' 
2022-06-02 21:30:31.105 DEBUG [acme.Launcher@main] Found classpath entry '/C:/Users/diego/.m2/repository/org/springframework/spring-beans/5.3.3/spring-beans-5.3.3.jar' 
2022-06-02 21:30:31.105 DEBUG [acme.Launcher@main] Found classpath entry '/C:/Users/diego/.m2/repository/org/springframework/spring-context/5.3.3/spring-context-5.3.3.jar' 
2022-06-02 21:30:31.105 DEBUG [acme.Launcher@main] Found classpath entry '/C:/Users/diego/.m2/repository/org/springframework/spring-core/5.3.3/spring-core-5.3.3.jar' 
2022-06-02 21:30:31.106 DEBUG [acme.Launcher@main] Found classpath entry '/C:/Users/diego/.m2/repository/org/springframework/spring-jcl/5.3.3/spring-jcl-5.3.3.jar' 
2022-06-02 21:30:31.106 DEBUG [acme.Launcher@main] Found classpath entry '/C:/Users/diego/.m2/repository/org/springframework/spring-expression/5.3.3/spring-expression-5.3.3.jar' 
2022-06-02 21:30:31.107 DEBUG [acme.Launcher@main] Found classpath entry '/C:/Users/diego/.m2/repository/org/springframework/spring-web/5.3.3/spring-web-5.3.3.jar' 
2022-06-02 21:30:31.107 DEBUG [acme.Launcher@main] Found classpath entry '/C:/Users/diego/.m2/repository/org/springframework/security/spring-security-config/5.4.2/spring-security-config-5.4.2.jar' 
2022-06-02 21:30:31.108 DEBUG [acme.Launcher@main] Found classpath entry '/C:/Users/diego/.m2/repository/org/springframework/security/spring-security-taglibs/5.4.2/spring-security-taglibs-5.4.2.jar' 
2022-06-02 21:30:31.108 DEBUG [acme.Launcher@main] Found classpath entry '/C:/Users/diego/.m2/repository/org/springframework/security/spring-security-acl/5.4.2/spring-security-acl-5.4.2.jar' 
2022-06-02 21:30:31.109 DEBUG [acme.Launcher@main] Found classpath entry '/C:/Users/diego/.m2/repository/org/springframework/spring-jdbc/5.3.3/spring-jdbc-5.3.3.jar' 
2022-06-02 21:30:31.109 DEBUG [acme.Launcher@main] Found classpath entry '/C:/Users/diego/.m2/repository/org/springframework/spring-tx/5.3.3/spring-tx-5.3.3.jar' 
2022-06-02 21:30:31.110 DEBUG [acme.Launcher@main] Found classpath entry '/C:/Users/diego/.m2/repository/org/springframework/boot/spring-boot-starter-web/2.4.2/spring-boot-starter-web-2.4.2.jar' 
2022-06-02 21:30:31.110 DEBUG [acme.Launcher@main] Found classpath entry '/C:/Users/diego/.m2/repository/org/springframework/boot/spring-boot-starter-json/2.4.2/spring-boot-starter-json-2.4.2.jar' 
2022-06-02 21:30:31.111 DEBUG [acme.Launcher@main] Found classpath entry '/C:/Users/diego/.m2/repository/com/fasterxml/jackson/core/jackson-databind/2.11.4/jackson-databind-2.11.4.jar' 
2022-06-02 21:30:31.111 DEBUG [acme.Launcher@main] Found classpath entry '/C:/Users/diego/.m2/repository/com/fasterxml/jackson/core/jackson-annotations/2.11.4/jackson-annotations-2.11.4.jar' 
2022-06-02 21:30:31.112 DEBUG [acme.Launcher@main] Found classpath entry '/C:/Users/diego/.m2/repository/com/fasterxml/jackson/core/jackson-core/2.11.4/jackson-core-2.11.4.jar' 
2022-06-02 21:30:31.113 DEBUG [acme.Launcher@main] Found classpath entry '/C:/Users/diego/.m2/repository/com/fasterxml/jackson/datatype/jackson-datatype-jdk8/2.11.4/jackson-datatype-jdk8-2.11.4.jar' 
2022-06-02 21:30:31.114 DEBUG [acme.Launcher@main] Found classpath entry '/C:/Users/diego/.m2/repository/com/fasterxml/jackson/datatype/jackson-datatype-jsr310/2.11.4/jackson-datatype-jsr310-2.11.4.jar' 
2022-06-02 21:30:31.114 DEBUG [acme.Launcher@main] Found classpath entry '/C:/Users/diego/.m2/repository/com/fasterxml/jackson/module/jackson-module-parameter-names/2.11.4/jackson-module-parameter-names-2.11.4.jar' 
2022-06-02 21:30:31.115 DEBUG [acme.Launcher@main] Found classpath entry '/C:/Users/diego/.m2/repository/org/springframework/spring-webmvc/5.3.3/spring-webmvc-5.3.3.jar' 
2022-06-02 21:30:31.115 DEBUG [acme.Launcher@main] Found classpath entry '/C:/Users/diego/.m2/repository/org/apache/tiles/tiles-jsp/3.0.8/tiles-jsp-3.0.8.jar' 
2022-06-02 21:30:31.115 DEBUG [acme.Launcher@main] Found classpath entry '/C:/Users/diego/.m2/repository/org/apache/tiles/tiles-servlet/3.0.8/tiles-servlet-3.0.8.jar' 
2022-06-02 21:30:31.116 DEBUG [acme.Launcher@main] Found classpath entry '/C:/Users/diego/.m2/repository/org/apache/tiles/tiles-core/3.0.8/tiles-core-3.0.8.jar' 
2022-06-02 21:30:31.117 DEBUG [acme.Launcher@main] Found classpath entry '/C:/Users/diego/.m2/repository/commons-digester/commons-digester/2.0/commons-digester-2.0.jar' 
2022-06-02 21:30:31.117 DEBUG [acme.Launcher@main] Found classpath entry '/C:/Users/diego/.m2/repository/org/slf4j/jcl-over-slf4j/1.7.30/jcl-over-slf4j-1.7.30.jar' 
2022-06-02 21:30:31.119 DEBUG [acme.Launcher@main] Found classpath entry '/C:/Users/diego/.m2/repository/org/apache/tiles/tiles-request-servlet/1.0.7/tiles-request-servlet-1.0.7.jar' 
2022-06-02 21:30:31.119 DEBUG [acme.Launcher@main] Found classpath entry '/C:/Users/diego/.m2/repository/org/apache/tiles/tiles-template/3.0.8/tiles-template-3.0.8.jar' 
2022-06-02 21:30:31.119 DEBUG [acme.Launcher@main] Found classpath entry '/C:/Users/diego/.m2/repository/org/apache/tiles/tiles-api/3.0.8/tiles-api-3.0.8.jar' 
2022-06-02 21:30:31.119 DEBUG [acme.Launcher@main] Found classpath entry '/C:/Users/diego/.m2/repository/org/apache/tiles/tiles-autotag-core-runtime/1.2/tiles-autotag-core-runtime-1.2.jar' 
2022-06-02 21:30:31.121 DEBUG [acme.Launcher@main] Found classpath entry '/C:/Users/diego/.m2/repository/org/slf4j/slf4j-api/1.7.30/slf4j-api-1.7.30.jar' 
2022-06-02 21:30:31.121 DEBUG [acme.Launcher@main] Found classpath entry '/C:/Users/diego/.m2/repository/org/apache/tiles/tiles-request-jsp/1.0.7/tiles-request-jsp-1.0.7.jar' 
2022-06-02 21:30:31.122 DEBUG [acme.Launcher@main] Found classpath entry '/C:/Users/diego/.m2/repository/org/apache/tiles/tiles-request-api/1.0.7/tiles-request-api-1.0.7.jar' 
2022-06-02 21:30:31.123 DEBUG [acme.Launcher@main] Found classpath entry '/C:/Users/diego/.m2/repository/org/springframework/boot/spring-boot-starter-data-jpa/2.4.2/spring-boot-starter-data-jpa-2.4.2.jar' 
2022-06-02 21:30:31.123 DEBUG [acme.Launcher@main] Found classpath entry '/C:/Users/diego/.m2/repository/org/springframework/boot/spring-boot-starter-aop/2.4.2/spring-boot-starter-aop-2.4.2.jar' 
2022-06-02 21:30:31.124 DEBUG [acme.Launcher@main] Found classpath entry '/C:/Users/diego/.m2/repository/org/aspectj/aspectjweaver/1.9.6/aspectjweaver-1.9.6.jar' 
2022-06-02 21:30:31.125 DEBUG [acme.Launcher@main] Found classpath entry '/C:/Users/diego/.m2/repository/org/springframework/boot/spring-boot-starter-jdbc/2.4.2/spring-boot-starter-jdbc-2.4.2.jar' 
2022-06-02 21:30:31.126 DEBUG [acme.Launcher@main] Found classpath entry '/C:/Users/diego/.m2/repository/jakarta/transaction/jakarta.transaction-api/1.3.3/jakarta.transaction-api-1.3.3.jar' 
2022-06-02 21:30:31.127 DEBUG [acme.Launcher@main] Found classpath entry '/C:/Users/diego/.m2/repository/jakarta/persistence/jakarta.persistence-api/2.2.3/jakarta.persistence-api-2.2.3.jar' 
2022-06-02 21:30:31.128 DEBUG [acme.Launcher@main] Found classpath entry '/C:/Users/diego/.m2/repository/org/hibernate/hibernate-core/5.4.27.Final/hibernate-core-5.4.27.Final.jar' 
2022-06-02 21:30:31.130 DEBUG [acme.Launcher@main] Found classpath entry '/C:/Users/diego/.m2/repository/org/jboss/logging/jboss-logging/3.4.1.Final/jboss-logging-3.4.1.Final.jar' 
2022-06-02 21:30:31.130 DEBUG [acme.Launcher@main] Found classpath entry '/C:/Users/diego/.m2/repository/org/javassist/javassist/3.27.0-GA/javassist-3.27.0-GA.jar' 
2022-06-02 21:30:31.131 DEBUG [acme.Launcher@main] Found classpath entry '/C:/Users/diego/.m2/repository/antlr/antlr/2.7.7/antlr-2.7.7.jar' 
2022-06-02 21:30:31.131 DEBUG [acme.Launcher@main] Found classpath entry '/C:/Users/diego/.m2/repository/org/jboss/jandex/2.1.3.Final/jandex-2.1.3.Final.jar' 
2022-06-02 21:30:31.132 DEBUG [acme.Launcher@main] Found classpath entry '/C:/Users/diego/.m2/repository/com/fasterxml/classmate/1.5.1/classmate-1.5.1.jar' 
2022-06-02 21:30:31.132 DEBUG [acme.Launcher@main] Found classpath entry '/C:/Users/diego/.m2/repository/org/dom4j/dom4j/2.1.3/dom4j-2.1.3.jar' 
2022-06-02 21:30:31.133 DEBUG [acme.Launcher@main] Found classpath entry '/C:/Users/diego/.m2/repository/org/hibernate/common/hibernate-commons-annotations/5.1.2.Final/hibernate-commons-annotations-5.1.2.Final.jar' 
2022-06-02 21:30:31.133 DEBUG [acme.Launcher@main] Found classpath entry '/C:/Users/diego/.m2/repository/org/glassfish/jaxb/jaxb-runtime/2.3.3/jaxb-runtime-2.3.3.jar' 
2022-06-02 21:30:31.133 DEBUG [acme.Launcher@main] Found classpath entry '/C:/Users/diego/.m2/repository/org/glassfish/jaxb/txw2/2.3.3/txw2-2.3.3.jar' 
2022-06-02 21:30:31.134 DEBUG [acme.Launcher@main] Found classpath entry '/C:/Users/diego/.m2/repository/com/sun/istack/istack-commons-runtime/3.0.11/istack-commons-runtime-3.0.11.jar' 
2022-06-02 21:30:31.135 DEBUG [acme.Launcher@main] Found classpath entry '/C:/Users/diego/.m2/repository/com/sun/activation/jakarta.activation/1.2.2/jakarta.activation-1.2.2.jar' 
2022-06-02 21:30:31.136 DEBUG [acme.Launcher@main] Found classpath entry '/C:/Users/diego/.m2/repository/org/springframework/data/spring-data-jpa/2.4.3/spring-data-jpa-2.4.3.jar' 
2022-06-02 21:30:31.137 DEBUG [acme.Launcher@main] Found classpath entry '/C:/Users/diego/.m2/repository/org/springframework/data/spring-data-commons/2.4.3/spring-data-commons-2.4.3.jar' 
2022-06-02 21:30:31.137 DEBUG [acme.Launcher@main] Found classpath entry '/C:/Users/diego/.m2/repository/org/springframework/spring-orm/5.3.3/spring-orm-5.3.3.jar' 
2022-06-02 21:30:31.137 DEBUG [acme.Launcher@main] Found classpath entry '/C:/Users/diego/.m2/repository/org/springframework/spring-aspects/5.3.3/spring-aspects-5.3.3.jar' 
2022-06-02 21:30:31.138 DEBUG [acme.Launcher@main] Found classpath entry '/C:/Users/diego/.m2/repository/org/springframework/boot/spring-boot-starter-validation/2.4.2/spring-boot-starter-validation-2.4.2.jar' 
2022-06-02 21:30:31.138 DEBUG [acme.Launcher@main] Found classpath entry '/C:/Users/diego/.m2/repository/org/hibernate/validator/hibernate-validator/6.1.7.Final/hibernate-validator-6.1.7.Final.jar' 
2022-06-02 21:30:31.139 DEBUG [acme.Launcher@main] Found classpath entry '/C:/Users/diego/.m2/repository/jakarta/validation/jakarta.validation-api/2.0.2/jakarta.validation-api-2.0.2.jar' 
2022-06-02 21:30:31.139 DEBUG [acme.Launcher@main] Found classpath entry '/C:/Users/diego/.m2/repository/mysql/mysql-connector-java/8.0.22/mysql-connector-java-8.0.22.jar' 
2022-06-02 21:30:31.140 DEBUG [acme.Launcher@main] Found classpath entry '/C:/Users/diego/.m2/repository/com/zaxxer/HikariCP/3.4.5/HikariCP-3.4.5.jar' 
2022-06-02 21:30:31.140 DEBUG [acme.Launcher@main] Found classpath entry '/C:/Users/diego/.m2/repository/org/springframework/boot/spring-boot-starter-test/2.4.2/spring-boot-starter-test-2.4.2.jar' 
2022-06-02 21:30:31.141 DEBUG [acme.Launcher@main] Found classpath entry '/C:/Users/diego/.m2/repository/org/springframework/boot/spring-boot-test/2.4.2/spring-boot-test-2.4.2.jar' 
2022-06-02 21:30:31.141 DEBUG [acme.Launcher@main] Found classpath entry '/C:/Users/diego/.m2/repository/org/springframework/boot/spring-boot-test-autoconfigure/2.4.2/spring-boot-test-autoconfigure-2.4.2.jar' 
2022-06-02 21:30:31.142 DEBUG [acme.Launcher@main] Found classpath entry '/C:/Users/diego/.m2/repository/com/jayway/jsonpath/json-path/2.4.0/json-path-2.4.0.jar' 
2022-06-02 21:30:31.142 DEBUG [acme.Launcher@main] Found classpath entry '/C:/Users/diego/.m2/repository/net/minidev/json-smart/2.3/json-smart-2.3.jar' 
2022-06-02 21:30:31.143 DEBUG [acme.Launcher@main] Found classpath entry '/C:/Users/diego/.m2/repository/net/minidev/accessors-smart/1.2/accessors-smart-1.2.jar' 
2022-06-02 21:30:31.143 DEBUG [acme.Launcher@main] Found classpath entry '/C:/Users/diego/.m2/repository/org/ow2/asm/asm/5.0.4/asm-5.0.4.jar' 
2022-06-02 21:30:31.143 DEBUG [acme.Launcher@main] Found classpath entry '/C:/Users/diego/.m2/repository/jakarta/xml/bind/jakarta.xml.bind-api/2.3.3/jakarta.xml.bind-api-2.3.3.jar' 
2022-06-02 21:30:31.144 DEBUG [acme.Launcher@main] Found classpath entry '/C:/Users/diego/.m2/repository/jakarta/activation/jakarta.activation-api/1.2.2/jakarta.activation-api-1.2.2.jar' 
2022-06-02 21:30:31.144 DEBUG [acme.Launcher@main] Found classpath entry '/C:/Users/diego/.m2/repository/org/assertj/assertj-core/3.18.1/assertj-core-3.18.1.jar' 
2022-06-02 21:30:31.145 DEBUG [acme.Launcher@main] Found classpath entry '/C:/Users/diego/.m2/repository/org/hamcrest/hamcrest/2.2/hamcrest-2.2.jar' 
2022-06-02 21:30:31.145 DEBUG [acme.Launcher@main] Found classpath entry '/C:/Users/diego/.m2/repository/org/junit/jupiter/junit-jupiter/5.7.0/junit-jupiter-5.7.0.jar' 
2022-06-02 21:30:31.146 DEBUG [acme.Launcher@main] Found classpath entry '/C:/Users/diego/.m2/repository/org/mockito/mockito-core/3.6.28/mockito-core-3.6.28.jar' 
2022-06-02 21:30:31.146 DEBUG [acme.Launcher@main] Found classpath entry '/C:/Users/diego/.m2/repository/net/bytebuddy/byte-buddy-agent/1.10.19/byte-buddy-agent-1.10.19.jar' 
2022-06-02 21:30:31.147 DEBUG [acme.Launcher@main] Found classpath entry '/C:/Users/diego/.m2/repository/org/objenesis/objenesis/3.1/objenesis-3.1.jar' 
2022-06-02 21:30:31.147 DEBUG [acme.Launcher@main] Found classpath entry '/C:/Users/diego/.m2/repository/org/mockito/mockito-junit-jupiter/3.6.28/mockito-junit-jupiter-3.6.28.jar' 
2022-06-02 21:30:31.147 DEBUG [acme.Launcher@main] Found classpath entry '/C:/Users/diego/.m2/repository/org/skyscreamer/jsonassert/1.5.0/jsonassert-1.5.0.jar' 
2022-06-02 21:30:31.147 DEBUG [acme.Launcher@main] Found classpath entry '/C:/Users/diego/.m2/repository/com/vaadin/external/google/android-json/0.0.20131108.vaadin1/android-json-0.0.20131108.vaadin1.jar' 
2022-06-02 21:30:31.149 DEBUG [acme.Launcher@main] Found classpath entry '/C:/Users/diego/.m2/repository/org/springframework/spring-test/5.3.3/spring-test-5.3.3.jar' 
2022-06-02 21:30:31.149 DEBUG [acme.Launcher@main] Found classpath entry '/C:/Users/diego/.m2/repository/org/xmlunit/xmlunit-core/2.7.0/xmlunit-core-2.7.0.jar' 
2022-06-02 21:30:31.149 DEBUG [acme.Launcher@main] Found classpath entry '/C:/Users/diego/.m2/repository/org/junit/jupiter/junit-jupiter-engine/5.7.0/junit-jupiter-engine-5.7.0.jar' 
2022-06-02 21:30:31.149 DEBUG [acme.Launcher@main] Found classpath entry '/C:/Users/diego/.m2/repository/org/apiguardian/apiguardian-api/1.1.0/apiguardian-api-1.1.0.jar' 
2022-06-02 21:30:31.150 DEBUG [acme.Launcher@main] Found classpath entry '/C:/Users/diego/.m2/repository/org/junit/platform/junit-platform-engine/1.7.0/junit-platform-engine-1.7.0.jar' 
2022-06-02 21:30:31.150 DEBUG [acme.Launcher@main] Found classpath entry '/C:/Users/diego/.m2/repository/org/junit/jupiter/junit-jupiter-api/5.7.0/junit-jupiter-api-5.7.0.jar' 
2022-06-02 21:30:31.150 DEBUG [acme.Launcher@main] Found classpath entry '/C:/Users/diego/.m2/repository/org/opentest4j/opentest4j/1.2.0/opentest4j-1.2.0.jar' 
2022-06-02 21:30:31.150 DEBUG [acme.Launcher@main] Found classpath entry '/C:/Users/diego/.m2/repository/org/junit/platform/junit-platform-commons/1.7.0/junit-platform-commons-1.7.0.jar' 
2022-06-02 21:30:31.151 DEBUG [acme.Launcher@main] Found classpath entry '/C:/Users/diego/.m2/repository/org/junit/jupiter/junit-jupiter-params/5.7.0/junit-jupiter-params-5.7.0.jar' 
2022-06-02 21:30:31.151 DEBUG [acme.Launcher@main] Found classpath entry '/C:/Users/diego/.m2/repository/org/junit/platform/junit-platform-launcher/1.7.0/junit-platform-launcher-1.7.0.jar' 
2022-06-02 21:30:31.151 DEBUG [acme.Launcher@main] Found classpath entry '/C:/Users/diego/.m2/repository/org/seleniumhq/selenium/selenium-java/3.141.59/selenium-java-3.141.59.jar' 
2022-06-02 21:30:31.152 DEBUG [acme.Launcher@main] Found classpath entry '/C:/Users/diego/.m2/repository/org/seleniumhq/selenium/selenium-api/3.141.59/selenium-api-3.141.59.jar' 
2022-06-02 21:30:31.153 DEBUG [acme.Launcher@main] Found classpath entry '/C:/Users/diego/.m2/repository/org/seleniumhq/selenium/selenium-chrome-driver/3.141.59/selenium-chrome-driver-3.141.59.jar' 
2022-06-02 21:30:31.153 DEBUG [acme.Launcher@main] Found classpath entry '/C:/Users/diego/.m2/repository/org/seleniumhq/selenium/selenium-edge-driver/3.141.59/selenium-edge-driver-3.141.59.jar' 
2022-06-02 21:30:31.154 DEBUG [acme.Launcher@main] Found classpath entry '/C:/Users/diego/.m2/repository/org/seleniumhq/selenium/selenium-firefox-driver/3.141.59/selenium-firefox-driver-3.141.59.jar' 
2022-06-02 21:30:31.155 DEBUG [acme.Launcher@main] Found classpath entry '/C:/Users/diego/.m2/repository/org/seleniumhq/selenium/selenium-ie-driver/3.141.59/selenium-ie-driver-3.141.59.jar' 
2022-06-02 21:30:31.156 DEBUG [acme.Launcher@main] Found classpath entry '/C:/Users/diego/.m2/repository/org/seleniumhq/selenium/selenium-opera-driver/3.141.59/selenium-opera-driver-3.141.59.jar' 
2022-06-02 21:30:31.156 DEBUG [acme.Launcher@main] Found classpath entry '/C:/Users/diego/.m2/repository/org/seleniumhq/selenium/selenium-remote-driver/3.141.59/selenium-remote-driver-3.141.59.jar' 
2022-06-02 21:30:31.157 DEBUG [acme.Launcher@main] Found classpath entry '/C:/Users/diego/.m2/repository/org/seleniumhq/selenium/selenium-safari-driver/3.141.59/selenium-safari-driver-3.141.59.jar' 
2022-06-02 21:30:31.157 DEBUG [acme.Launcher@main] Found classpath entry '/C:/Users/diego/.m2/repository/org/seleniumhq/selenium/selenium-support/3.141.59/selenium-support-3.141.59.jar' 
2022-06-02 21:30:31.158 DEBUG [acme.Launcher@main] Found classpath entry '/C:/Users/diego/.m2/repository/net/bytebuddy/byte-buddy/1.10.19/byte-buddy-1.10.19.jar' 
2022-06-02 21:30:31.158 DEBUG [acme.Launcher@main] Found classpath entry '/C:/Users/diego/.m2/repository/org/apache/commons/commons-exec/1.3/commons-exec-1.3.jar' 
2022-06-02 21:30:31.159 DEBUG [acme.Launcher@main] Found classpath entry '/C:/Users/diego/.m2/repository/com/google/guava/guava/25.0-jre/guava-25.0-jre.jar' 
2022-06-02 21:30:31.159 DEBUG [acme.Launcher@main] Found classpath entry '/C:/Users/diego/.m2/repository/com/google/code/findbugs/jsr305/1.3.9/jsr305-1.3.9.jar' 
2022-06-02 21:30:31.161 DEBUG [acme.Launcher@main] Found classpath entry '/C:/Users/diego/.m2/repository/org/checkerframework/checker-compat-qual/2.0.0/checker-compat-qual-2.0.0.jar' 
2022-06-02 21:30:31.161 DEBUG [acme.Launcher@main] Found classpath entry '/C:/Users/diego/.m2/repository/com/google/errorprone/error_prone_annotations/2.1.3/error_prone_annotations-2.1.3.jar' 
2022-06-02 21:30:31.162 DEBUG [acme.Launcher@main] Found classpath entry '/C:/Users/diego/.m2/repository/com/google/j2objc/j2objc-annotations/1.1/j2objc-annotations-1.1.jar' 
2022-06-02 21:30:31.162 DEBUG [acme.Launcher@main] Found classpath entry '/C:/Users/diego/.m2/repository/org/codehaus/mojo/animal-sniffer-annotations/1.14/animal-sniffer-annotations-1.14.jar' 
2022-06-02 21:30:31.162 DEBUG [acme.Launcher@main] Found classpath entry '/C:/Users/diego/.m2/repository/com/squareup/okhttp3/okhttp/3.14.9/okhttp-3.14.9.jar' 
2022-06-02 21:30:31.163 DEBUG [acme.Launcher@main] Found classpath entry '/C:/Users/diego/.m2/repository/com/squareup/okio/okio/1.14.0/okio-1.14.0.jar' 
2022-06-02 21:30:31.163 DEBUG [acme.Launcher@main] Found classpath entry '/C:/Users/diego/.m2/repository/org/apache/commons/commons-lang3/3.11/commons-lang3-3.11.jar' 
2022-06-02 21:30:31.164 DEBUG [acme.Launcher@main] Found classpath entry '/C:/Users/diego/.m2/repository/org/apache/commons/commons-text/1.8/commons-text-1.8.jar' 
2022-06-02 21:30:31.164 DEBUG [acme.Launcher@main] Found classpath entry '/C:/Users/diego/.m2/repository/commons-io/commons-io/2.6/commons-io-2.6.jar' 
2022-06-02 21:30:31.164 DEBUG [acme.Launcher@main] Found classpath entry '/C:/Users/diego/.m2/repository/commons-cli/commons-cli/1.4/commons-cli-1.4.jar' 
2022-06-02 21:30:31.165 DEBUG [acme.Launcher@main] Found classpath entry '/C:/Users/diego/.m2/repository/org/projectlombok/lombok/1.18.16/lombok-1.18.16.jar' 
2022-06-02 21:30:31.165 DEBUG [acme.Launcher@main] Found classpath entry '/C:/Users/diego/.m2/repository/com/opencsv/opencsv/5.4/opencsv-5.4.jar' 
2022-06-02 21:30:31.165 DEBUG [acme.Launcher@main] Found classpath entry '/C:/Users/diego/.m2/repository/commons-beanutils/commons-beanutils/1.9.4/commons-beanutils-1.9.4.jar' 
2022-06-02 21:30:31.165 DEBUG [acme.Launcher@main] Found classpath entry '/C:/Users/diego/.m2/repository/commons-logging/commons-logging/1.2/commons-logging-1.2.jar' 
2022-06-02 21:30:31.166 DEBUG [acme.Launcher@main] Found classpath entry '/C:/Users/diego/.m2/repository/commons-collections/commons-collections/3.2.2/commons-collections-3.2.2.jar' 
2022-06-02 21:30:31.166 DEBUG [acme.Launcher@main] Found classpath entry '/C:/Users/diego/.m2/repository/org/apache/commons/commons-collections4/4.4/commons-collections4-4.4.jar' 
2022-06-02 21:30:31.167 DEBUG [acme.Launcher@main] Found classpath entry '/C:/Users/diego/OneDrive/Documentos/Mis_Archivos/II-ISW/DP2/Workspace-22.0/Tools/IDEs/eclipse-jee-2021-12-R/configuration/org.eclipse.osgi/418/0/.cp/lib/javaagent-shaded.jar' 
2022-06-02 21:30:31.613 DEBUG [acme.Launcher@main] Found entity class 'acme.artifact.Artifact 
2022-06-02 21:30:31.614 DEBUG [acme.Launcher@main] Found entity class 'acme.artifact.PartOf 
2022-06-02 21:30:31.614 DEBUG [acme.Launcher@main] Found entity class 'acme.artifact.ToolKit 
2022-06-02 21:30:31.615 DEBUG [acme.Launcher@main] Found entity class 'acme.entities.announcement.Announcement 
2022-06-02 21:30:31.615 DEBUG [acme.Launcher@main] Found entity class 'acme.entities.chirp.Chirp 
2022-06-02 21:30:31.615 DEBUG [acme.Launcher@main] Found entity class 'acme.entities.patronage.Patronage 
2022-06-02 21:30:31.615 DEBUG [acme.Launcher@main] Found entity class 'acme.entities.patronage.PatronageReport 
2022-06-02 21:30:31.615 DEBUG [acme.Launcher@main] Found entity class 'acme.roles.Consumer 
2022-06-02 21:30:31.615 DEBUG [acme.Launcher@main] Found entity class 'acme.roles.Inventor 
2022-06-02 21:30:31.615 DEBUG [acme.Launcher@main] Found entity class 'acme.roles.Patron 
2022-06-02 21:30:31.616 DEBUG [acme.Launcher@main] Found entity class 'acme.roles.Provider 
2022-06-02 21:30:31.616 DEBUG [acme.Launcher@main] Found entity class 'acme.systemSetting.SystemSetting 
2022-06-02 21:30:31.616 DEBUG [acme.Launcher@main] Found entity class 'acme.framework.entities.UserAccount 
2022-06-02 21:30:31.616 DEBUG [acme.Launcher@main] Found entity class 'acme.framework.roles.Administrator 
2022-06-02 21:30:31.616 DEBUG [acme.Launcher@main] Found entity class 'acme.framework.roles.Anonymous 
2022-06-02 21:30:31.617 DEBUG [acme.Launcher@main] Found entity class 'acme.framework.roles.Any 
2022-06-02 21:30:31.617 DEBUG [acme.Launcher@main] Found entity class 'acme.framework.roles.Authenticated 
2022-06-02 21:30:31.631 INFO  [acme.Launcher@main] Running application (Standalone) 
2022-06-02 21:30:54.234 DEBUG [acme.framework.components.tiles.DynamicTilesView@http-nio-8080-exec-1] View name 'fragments/welcome', model {} 
2022-06-02 21:30:54.277 DEBUG [org.apache.tiles.definition.dao.BaseLocaleUrlDefinitionDAO@http-nio-8080-exec-1] File Resource file:/C:/Users/diego/OneDrive/Documentos/Mis_Archivos/II-ISW/DP2/Workspace-22.0/Projects/Acme-Toolkit/target/classes/WEB-INF/views/master/tiles_en.xml at file:/C:/Users/diego/OneDrive/Documentos/Mis_Archivos/II-ISW/DP2/Workspace-22.0/Projects/Acme-Toolkit/target/classes/WEB-INF/views/master/tiles_en.xml not found, continue 
2022-06-02 21:30:54.301 DEBUG [org.apache.jasper.servlet.JspServlet@http-nio-8080-exec-1] JspEngine --> /WEB-INF/views/master/page.jsp 
2022-06-02 21:30:54.302 DEBUG [org.apache.jasper.servlet.JspServlet@http-nio-8080-exec-1] ServletPath: /WEB-INF/views/master/page.jsp 
2022-06-02 21:30:54.303 DEBUG [org.apache.jasper.servlet.JspServlet@http-nio-8080-exec-1] PathInfo: null 
2022-06-02 21:30:54.308 DEBUG [org.apache.jasper.servlet.JspServlet@http-nio-8080-exec-1] RealPath: C:\Users\diego\OneDrive\Documentos\Mis_Archivos\II-ISW\DP2\Workspace-22.0\Projects\Acme-Toolkit\target\classes\WEB-INF\views\master\page.jsp 
2022-06-02 21:30:54.308 DEBUG [org.apache.jasper.servlet.JspServlet@http-nio-8080-exec-1] RequestURI: /acme-toolkit-22.1/WEB-INF/views/master/page.jsp 
2022-06-02 21:30:54.309 DEBUG [org.apache.jasper.servlet.JspServlet@http-nio-8080-exec-1] QueryString: null 
2022-06-02 21:31:03.468 DEBUG [acme.framework.configuration.ExtendedMessageSource@http-nio-8080-exec-1] Loading properties [C:\Users\diego\OneDrive\Documentos\Mis_Archivos\II-ISW\DP2\Workspace-22.0\Projects\Acme-Toolkit\target\classes\WEB-INF\views\administrator\admin-dashboard\messages-en.i18n] with encoding 'utf-8' 
2022-06-02 21:31:03.470 DEBUG [acme.framework.configuration.ExtendedMessageSource@http-nio-8080-exec-1] Loading properties [C:\Users\diego\OneDrive\Documentos\Mis_Archivos\II-ISW\DP2\Workspace-22.0\Projects\Acme-Toolkit\target\classes\WEB-INF\views\administrator\announcement\messages-en.i18n] with encoding 'utf-8' 
2022-06-02 21:31:03.472 DEBUG [acme.framework.configuration.ExtendedMessageSource@http-nio-8080-exec-1] Loading properties [C:\Users\diego\OneDrive\Documentos\Mis_Archivos\II-ISW\DP2\Workspace-22.0\Projects\Acme-Toolkit\target\classes\WEB-INF\views\administrator\system-setting\messsages-en.i18n] with encoding 'utf-8' 
2022-06-02 21:31:03.473 DEBUG [acme.framework.configuration.ExtendedMessageSource@http-nio-8080-exec-1] Loading properties [C:\Users\diego\OneDrive\Documentos\Mis_Archivos\II-ISW\DP2\Workspace-22.0\Projects\Acme-Toolkit\target\classes\WEB-INF\views\administrator\user-account\messages-en.i18n] with encoding 'utf-8' 
2022-06-02 21:31:03.476 DEBUG [acme.framework.configuration.ExtendedMessageSource@http-nio-8080-exec-1] Loading properties [C:\Users\diego\OneDrive\Documentos\Mis_Archivos\II-ISW\DP2\Workspace-22.0\Projects\Acme-Toolkit\target\classes\WEB-INF\views\anonymous\user-account\messages-en.i18n] with encoding 'utf-8' 
2022-06-02 21:31:03.478 DEBUG [acme.framework.configuration.ExtendedMessageSource@http-nio-8080-exec-1] Loading properties [C:\Users\diego\OneDrive\Documentos\Mis_Archivos\II-ISW\DP2\Workspace-22.0\Projects\Acme-Toolkit\target\classes\WEB-INF\views\any\artifact\messages-en.i18n] with encoding 'utf-8' 
2022-06-02 21:31:03.479 DEBUG [acme.framework.configuration.ExtendedMessageSource@http-nio-8080-exec-1] Loading properties [C:\Users\diego\OneDrive\Documentos\Mis_Archivos\II-ISW\DP2\Workspace-22.0\Projects\Acme-Toolkit\target\classes\WEB-INF\views\any\chirp\messages-en.i18n] with encoding 'utf-8' 
2022-06-02 21:31:03.482 DEBUG [acme.framework.configuration.ExtendedMessageSource@http-nio-8080-exec-1] Loading properties [C:\Users\diego\OneDrive\Documentos\Mis_Archivos\II-ISW\DP2\Workspace-22.0\Projects\Acme-Toolkit\target\classes\WEB-INF\views\any\part-of\messages-en.i18n] with encoding 'utf-8' 
2022-06-02 21:31:03.484 DEBUG [acme.framework.configuration.ExtendedMessageSource@http-nio-8080-exec-1] Loading properties [C:\Users\diego\OneDrive\Documentos\Mis_Archivos\II-ISW\DP2\Workspace-22.0\Projects\Acme-Toolkit\target\classes\WEB-INF\views\any\tool-kit\messages-en.i18n] with encoding 'utf-8' 
2022-06-02 21:31:03.487 DEBUG [acme.framework.configuration.ExtendedMessageSource@http-nio-8080-exec-1] Loading properties [C:\Users\diego\OneDrive\Documentos\Mis_Archivos\II-ISW\DP2\Workspace-22.0\Projects\Acme-Toolkit\target\classes\WEB-INF\views\any\user-account\messsages-en.i18n] with encoding 'utf-8' 
2022-06-02 21:31:03.488 DEBUG [acme.framework.configuration.ExtendedMessageSource@http-nio-8080-exec-1] Loading properties [C:\Users\diego\OneDrive\Documentos\Mis_Archivos\II-ISW\DP2\Workspace-22.0\Projects\Acme-Toolkit\target\classes\WEB-INF\views\authenticated\announcement\messages-en.i18n] with encoding 'utf-8' 
2022-06-02 21:31:03.489 DEBUG [acme.framework.configuration.ExtendedMessageSource@http-nio-8080-exec-1] Loading properties [C:\Users\diego\OneDrive\Documentos\Mis_Archivos\II-ISW\DP2\Workspace-22.0\Projects\Acme-Toolkit\target\classes\WEB-INF\views\authenticated\consumer\messsages-en.i18n] with encoding 'utf-8' 
2022-06-02 21:31:03.492 DEBUG [acme.framework.configuration.ExtendedMessageSource@http-nio-8080-exec-1] Loading properties [C:\Users\diego\OneDrive\Documentos\Mis_Archivos\II-ISW\DP2\Workspace-22.0\Projects\Acme-Toolkit\target\classes\WEB-INF\views\authenticated\inventor\messsages-en.i18n] with encoding 'utf-8' 
2022-06-02 21:31:03.494 DEBUG [acme.framework.configuration.ExtendedMessageSource@http-nio-8080-exec-1] Loading properties [C:\Users\diego\OneDrive\Documentos\Mis_Archivos\II-ISW\DP2\Workspace-22.0\Projects\Acme-Toolkit\target\classes\WEB-INF\views\authenticated\patron\messsages-en.i18n] with encoding 'utf-8' 
2022-06-02 21:31:03.498 DEBUG [acme.framework.configuration.ExtendedMessageSource@http-nio-8080-exec-1] Loading properties [C:\Users\diego\OneDrive\Documentos\Mis_Archivos\II-ISW\DP2\Workspace-22.0\Projects\Acme-Toolkit\target\classes\WEB-INF\views\authenticated\provider\messsages-en.i18n] with encoding 'utf-8' 
2022-06-02 21:31:03.500 DEBUG [acme.framework.configuration.ExtendedMessageSource@http-nio-8080-exec-1] Loading properties [C:\Users\diego\OneDrive\Documentos\Mis_Archivos\II-ISW\DP2\Workspace-22.0\Projects\Acme-Toolkit\target\classes\WEB-INF\views\authenticated\system-setting\messsages-en.i18n] with encoding 'utf-8' 
2022-06-02 21:31:03.502 DEBUG [acme.framework.configuration.ExtendedMessageSource@http-nio-8080-exec-1] Loading properties [C:\Users\diego\OneDrive\Documentos\Mis_Archivos\II-ISW\DP2\Workspace-22.0\Projects\Acme-Toolkit\target\classes\WEB-INF\views\authenticated\user-account\messages-en.i18n] with encoding 'utf-8' 
2022-06-02 21:31:03.504 DEBUG [acme.framework.configuration.ExtendedMessageSource@http-nio-8080-exec-1] Loading properties [C:\Users\diego\OneDrive\Documentos\Mis_Archivos\II-ISW\DP2\Workspace-22.0\Projects\Acme-Toolkit\target\classes\WEB-INF\views\fragments\banner-en.i18n] with encoding 'utf-8' 
2022-06-02 21:31:03.506 DEBUG [acme.framework.configuration.ExtendedMessageSource@http-nio-8080-exec-1] Loading properties [C:\Users\diego\OneDrive\Documentos\Mis_Archivos\II-ISW\DP2\Workspace-22.0\Projects\Acme-Toolkit\target\classes\WEB-INF\views\fragments\company-en.i18n] with encoding 'utf-8' 
2022-06-02 21:31:03.508 DEBUG [acme.framework.configuration.ExtendedMessageSource@http-nio-8080-exec-1] Loading properties [C:\Users\diego\OneDrive\Documentos\Mis_Archivos\II-ISW\DP2\Workspace-22.0\Projects\Acme-Toolkit\target\classes\WEB-INF\views\fragments\footer-en.i18n] with encoding 'utf-8' 
2022-06-02 21:31:03.509 DEBUG [acme.framework.configuration.ExtendedMessageSource@http-nio-8080-exec-1] Loading properties [C:\Users\diego\OneDrive\Documentos\Mis_Archivos\II-ISW\DP2\Workspace-22.0\Projects\Acme-Toolkit\target\classes\WEB-INF\views\fragments\license-en.i18n] with encoding 'utf-8' 
2022-06-02 21:31:03.511 DEBUG [acme.framework.configuration.ExtendedMessageSource@http-nio-8080-exec-1] Loading properties [C:\Users\diego\OneDrive\Documentos\Mis_Archivos\II-ISW\DP2\Workspace-22.0\Projects\Acme-Toolkit\target\classes\WEB-INF\views\fragments\menu-en.i18n] with encoding 'utf-8' 
2022-06-02 21:31:03.514 DEBUG [acme.framework.configuration.ExtendedMessageSource@http-nio-8080-exec-1] Loading properties [C:\Users\diego\OneDrive\Documentos\Mis_Archivos\II-ISW\DP2\Workspace-22.0\Projects\Acme-Toolkit\target\classes\WEB-INF\views\fragments\messsages-en.i18n] with encoding 'utf-8' 
2022-06-02 21:31:03.517 DEBUG [acme.framework.configuration.ExtendedMessageSource@http-nio-8080-exec-1] Loading properties [C:\Users\diego\OneDrive\Documentos\Mis_Archivos\II-ISW\DP2\Workspace-22.0\Projects\Acme-Toolkit\target\classes\WEB-INF\views\fragments\title-en.i18n] with encoding 'utf-8' 
2022-06-02 21:31:03.520 DEBUG [acme.framework.configuration.ExtendedMessageSource@http-nio-8080-exec-1] Loading properties [C:\Users\diego\OneDrive\Documentos\Mis_Archivos\II-ISW\DP2\Workspace-22.0\Projects\Acme-Toolkit\target\classes\WEB-INF\views\fragments\welcome-en.i18n] with encoding 'utf-8' 
2022-06-02 21:31:03.521 DEBUG [acme.framework.configuration.ExtendedMessageSource@http-nio-8080-exec-1] Loading properties [C:\Users\diego\OneDrive\Documentos\Mis_Archivos\II-ISW\DP2\Workspace-22.0\Projects\Acme-Toolkit\target\classes\WEB-INF\views\inventor\artifact\messages-en.i18n] with encoding 'utf-8' 
2022-06-02 21:31:03.522 DEBUG [acme.framework.configuration.ExtendedMessageSource@http-nio-8080-exec-1] Loading properties [C:\Users\diego\OneDrive\Documentos\Mis_Archivos\II-ISW\DP2\Workspace-22.0\Projects\Acme-Toolkit\target\classes\WEB-INF\views\inventor\part-of\messages-en.i18n] with encoding 'utf-8' 
2022-06-02 21:31:03.525 DEBUG [acme.framework.configuration.ExtendedMessageSource@http-nio-8080-exec-1] Loading properties [C:\Users\diego\OneDrive\Documentos\Mis_Archivos\II-ISW\DP2\Workspace-22.0\Projects\Acme-Toolkit\target\classes\WEB-INF\views\inventor\patronage\messages-en.i18n] with encoding 'utf-8' 
2022-06-02 21:31:03.528 DEBUG [acme.framework.configuration.ExtendedMessageSource@http-nio-8080-exec-1] Loading properties [C:\Users\diego\OneDrive\Documentos\Mis_Archivos\II-ISW\DP2\Workspace-22.0\Projects\Acme-Toolkit\target\classes\WEB-INF\views\inventor\patronage-report\messages-en.i18n] with encoding 'utf-8' 
2022-06-02 21:31:03.531 DEBUG [acme.framework.configuration.ExtendedMessageSource@http-nio-8080-exec-1] Loading properties [C:\Users\diego\OneDrive\Documentos\Mis_Archivos\II-ISW\DP2\Workspace-22.0\Projects\Acme-Toolkit\target\classes\WEB-INF\views\inventor\tool-kit\messages-en.i18n] with encoding 'utf-8' 
2022-06-02 21:31:03.533 DEBUG [acme.framework.configuration.ExtendedMessageSource@http-nio-8080-exec-1] Loading properties [C:\Users\diego\OneDrive\Documentos\Mis_Archivos\II-ISW\DP2\Workspace-22.0\Projects\Acme-Toolkit\target\classes\WEB-INF\views\master\defaults-en.i18n] with encoding 'utf-8' 
2022-06-02 21:31:03.535 DEBUG [acme.framework.configuration.ExtendedMessageSource@http-nio-8080-exec-1] Loading properties [C:\Users\diego\OneDrive\Documentos\Mis_Archivos\II-ISW\DP2\Workspace-22.0\Projects\Acme-Toolkit\target\classes\WEB-INF\views\master\master-en.i18n] with encoding 'utf-8' 
2022-06-02 21:31:03.536 DEBUG [acme.framework.configuration.ExtendedMessageSource@http-nio-8080-exec-1] Loading properties [C:\Users\diego\OneDrive\Documentos\Mis_Archivos\II-ISW\DP2\Workspace-22.0\Projects\Acme-Toolkit\target\classes\WEB-INF\views\master\throwables-en.i18n] with encoding 'utf-8' 
2022-06-02 21:31:03.538 DEBUG [acme.framework.configuration.ExtendedMessageSource@http-nio-8080-exec-1] Loading properties [C:\Users\diego\OneDrive\Documentos\Mis_Archivos\II-ISW\DP2\Workspace-22.0\Projects\Acme-Toolkit\target\classes\WEB-INF\views\master\validation-en.i18n] with encoding 'utf-8' 
2022-06-02 21:31:03.539 DEBUG [acme.framework.configuration.ExtendedMessageSource@http-nio-8080-exec-1] Loading properties [C:\Users\diego\OneDrive\Documentos\Mis_Archivos\II-ISW\DP2\Workspace-22.0\Projects\Acme-Toolkit\target\classes\WEB-INF\views\patron\patronage\messages-en.i18n] with encoding 'utf-8' 
2022-06-02 21:31:03.937 DEBUG [org.apache.jasper.servlet.JspServlet@http-nio-8080-exec-1] JspEngine --> /WEB-INF/views/fragments/welcome.jsp 
2022-06-02 21:31:03.938 DEBUG [org.apache.jasper.servlet.JspServlet@http-nio-8080-exec-1] ServletPath: /WEB-INF/views/master/page.jsp 
2022-06-02 21:31:03.938 DEBUG [org.apache.jasper.servlet.JspServlet@http-nio-8080-exec-1] PathInfo: null 
2022-06-02 21:31:03.942 DEBUG [org.apache.jasper.servlet.JspServlet@http-nio-8080-exec-1] RealPath: C:\Users\diego\OneDrive\Documentos\Mis_Archivos\II-ISW\DP2\Workspace-22.0\Projects\Acme-Toolkit\target\classes\WEB-INF\views\fragments\welcome.jsp 
2022-06-02 21:31:03.943 DEBUG [org.apache.jasper.servlet.JspServlet@http-nio-8080-exec-1] RequestURI: /acme-toolkit-22.1/WEB-INF/views/master/page.jsp 
2022-06-02 21:31:03.943 DEBUG [org.apache.jasper.servlet.JspServlet@http-nio-8080-exec-1] QueryString: null 
2022-06-02 21:31:04.695 DEBUG [org.hibernate.SQL@http-nio-8080-exec-1] select useraccoun0_.id as id1_0_, useraccoun0_.version as version2_0_, useraccoun0_.enabled as enabled1_17_, useraccoun0_.identity as identity2_17_, useraccoun0_.password as password3_17_, useraccoun0_.username as username4_17_ from user_account useraccoun0_ where useraccoun0_.username=? 
2022-06-02 21:31:04.758 TRACE [org.hibernate.type.descriptor.sql.BasicBinder@http-nio-8080-exec-1] binding parameter [1] as [VARCHAR] - [anonymous] 
2022-06-02 21:31:04.880 DEBUG [org.hibernate.SQL@http-nio-8080-exec-1] select roles0_.user_account_id as user_acc1_18_0_, roles0_.id as id1_18_0_, roles0_.id as id1_0_1_, roles0_.version as version2_0_1_, roles0_.user_account_id as user_acc1_18_1_, roles0_.company as company1_8_1_, roles0_.sector as sector2_8_1_, roles0_.company as company1_9_1_, roles0_.link as link2_9_1_, roles0_.statement as statemen3_9_1_, roles0_.company as company1_11_1_, roles0_.link as link2_11_1_, roles0_.statement as statemen3_11_1_, roles0_.company as company1_14_1_, roles0_.sector as sector2_14_1_, roles0_.clazz_ as clazz_1_ from ( select id, version, user_account_id, company, sector, null as link, null as statement, 9 as clazz_ from consumer union all select id, version, user_account_id, company, null as sector, link, statement, 10 as clazz_ from inventor union all select id, version, user_account_id, company, null as sector, link, statement, 11 as clazz_ from patron union all select id, version, user_account_id, company, sector, null as link, null as statement, 12 as clazz_ from provider union all select id, version, user_account_id, null as company, null as sector, null as link, null as statement, 15 as clazz_ from administrator union all select id, version, user_account_id, null as company, null as sector, null as link, null as statement, 16 as clazz_ from anonymous union all select id, version, user_account_id, null as company, null as sector, null as link, null as statement, 17 as clazz_ from any union all select id, version, user_account_id, null as company, null as sector, null as link, null as statement, 18 as clazz_ from authenticated ) roles0_ where roles0_.user_account_id=? 
2022-06-02 21:31:04.881 TRACE [org.hibernate.type.descriptor.sql.BasicBinder@http-nio-8080-exec-1] binding parameter [1] as [INTEGER] - [2] 
2022-06-02 21:31:19.024 DEBUG [acme.framework.components.tiles.DynamicTilesView@http-nio-8080-exec-5] View name 'master/sign-in', model {username=, password=, remember=false} 
2022-06-02 21:31:19.030 DEBUG [org.apache.jasper.servlet.JspServlet@http-nio-8080-exec-5] JspEngine --> /WEB-INF/views/master/page.jsp 
2022-06-02 21:31:19.031 DEBUG [org.apache.jasper.servlet.JspServlet@http-nio-8080-exec-5] ServletPath: /WEB-INF/views/master/page.jsp 
2022-06-02 21:31:19.032 DEBUG [org.apache.jasper.servlet.JspServlet@http-nio-8080-exec-5] PathInfo: null 
2022-06-02 21:31:19.042 DEBUG [org.apache.jasper.servlet.JspServlet@http-nio-8080-exec-5] RealPath: C:\Users\diego\OneDrive\Documentos\Mis_Archivos\II-ISW\DP2\Workspace-22.0\Projects\Acme-Toolkit\target\classes\WEB-INF\views\master\page.jsp 
2022-06-02 21:31:19.045 DEBUG [org.apache.jasper.servlet.JspServlet@http-nio-8080-exec-5] RequestURI: /acme-toolkit-22.1/WEB-INF/views/master/page.jsp 
2022-06-02 21:31:19.048 DEBUG [org.apache.jasper.servlet.JspServlet@http-nio-8080-exec-5] QueryString: null 
2022-06-02 21:31:19.400 DEBUG [org.apache.jasper.servlet.JspServlet@http-nio-8080-exec-5] JspEngine --> /WEB-INF/views/master/sign-in.jsp 
2022-06-02 21:31:19.400 DEBUG [org.apache.jasper.servlet.JspServlet@http-nio-8080-exec-5] ServletPath: /WEB-INF/views/master/page.jsp 
2022-06-02 21:31:19.402 DEBUG [org.apache.jasper.servlet.JspServlet@http-nio-8080-exec-5] PathInfo: null 
2022-06-02 21:31:19.404 DEBUG [org.apache.jasper.servlet.JspServlet@http-nio-8080-exec-5] RealPath: C:\Users\diego\OneDrive\Documentos\Mis_Archivos\II-ISW\DP2\Workspace-22.0\Projects\Acme-Toolkit\target\classes\WEB-INF\views\master\sign-in.jsp 
2022-06-02 21:31:19.405 DEBUG [org.apache.jasper.servlet.JspServlet@http-nio-8080-exec-5] RequestURI: /acme-toolkit-22.1/WEB-INF/views/master/page.jsp 
2022-06-02 21:31:19.405 DEBUG [org.apache.jasper.servlet.JspServlet@http-nio-8080-exec-5] QueryString: null 
2022-06-02 21:31:23.100 DEBUG [org.hibernate.SQL@http-nio-8080-exec-5] select useraccoun0_.id as id1_0_, useraccoun0_.version as version2_0_, useraccoun0_.enabled as enabled1_17_, useraccoun0_.identity as identity2_17_, useraccoun0_.password as password3_17_, useraccoun0_.username as username4_17_ from user_account useraccoun0_ where useraccoun0_.username=? 
2022-06-02 21:31:23.102 TRACE [org.hibernate.type.descriptor.sql.BasicBinder@http-nio-8080-exec-5] binding parameter [1] as [VARCHAR] - [anonymous] 
2022-06-02 21:31:23.106 DEBUG [org.hibernate.SQL@http-nio-8080-exec-5] select roles0_.user_account_id as user_acc1_18_0_, roles0_.id as id1_18_0_, roles0_.id as id1_0_1_, roles0_.version as version2_0_1_, roles0_.user_account_id as user_acc1_18_1_, roles0_.company as company1_8_1_, roles0_.sector as sector2_8_1_, roles0_.company as company1_9_1_, roles0_.link as link2_9_1_, roles0_.statement as statemen3_9_1_, roles0_.company as company1_11_1_, roles0_.link as link2_11_1_, roles0_.statement as statemen3_11_1_, roles0_.company as company1_14_1_, roles0_.sector as sector2_14_1_, roles0_.clazz_ as clazz_1_ from ( select id, version, user_account_id, company, sector, null as link, null as statement, 9 as clazz_ from consumer union all select id, version, user_account_id, company, null as sector, link, statement, 10 as clazz_ from inventor union all select id, version, user_account_id, company, null as sector, link, statement, 11 as clazz_ from patron union all select id, version, user_account_id, company, sector, null as link, null as statement, 12 as clazz_ from provider union all select id, version, user_account_id, null as company, null as sector, null as link, null as statement, 15 as clazz_ from administrator union all select id, version, user_account_id, null as company, null as sector, null as link, null as statement, 16 as clazz_ from anonymous union all select id, version, user_account_id, null as company, null as sector, null as link, null as statement, 17 as clazz_ from any union all select id, version, user_account_id, null as company, null as sector, null as link, null as statement, 18 as clazz_ from authenticated ) roles0_ where roles0_.user_account_id=? 
2022-06-02 21:31:23.109 TRACE [org.hibernate.type.descriptor.sql.BasicBinder@http-nio-8080-exec-5] binding parameter [1] as [INTEGER] - [2] 
2022-06-02 21:31:31.108 DEBUG [org.hibernate.SQL@http-nio-8080-exec-10] select useraccoun0_.id as id1_0_, useraccoun0_.version as version2_0_, useraccoun0_.enabled as enabled1_17_, useraccoun0_.identity as identity2_17_, useraccoun0_.password as password3_17_, useraccoun0_.username as username4_17_ from user_account useraccoun0_ where useraccoun0_.username=? 
2022-06-02 21:31:31.112 TRACE [org.hibernate.type.descriptor.sql.BasicBinder@http-nio-8080-exec-10] binding parameter [1] as [VARCHAR] - [inventor1] 
2022-06-02 21:31:31.118 DEBUG [org.hibernate.SQL@http-nio-8080-exec-10] select roles0_.user_account_id as user_acc1_18_0_, roles0_.id as id1_18_0_, roles0_.id as id1_0_1_, roles0_.version as version2_0_1_, roles0_.user_account_id as user_acc1_18_1_, roles0_.company as company1_8_1_, roles0_.sector as sector2_8_1_, roles0_.company as company1_9_1_, roles0_.link as link2_9_1_, roles0_.statement as statemen3_9_1_, roles0_.company as company1_11_1_, roles0_.link as link2_11_1_, roles0_.statement as statemen3_11_1_, roles0_.company as company1_14_1_, roles0_.sector as sector2_14_1_, roles0_.clazz_ as clazz_1_ from ( select id, version, user_account_id, company, sector, null as link, null as statement, 9 as clazz_ from consumer union all select id, version, user_account_id, company, null as sector, link, statement, 10 as clazz_ from inventor union all select id, version, user_account_id, company, null as sector, link, statement, 11 as clazz_ from patron union all select id, version, user_account_id, company, sector, null as link, null as statement, 12 as clazz_ from provider union all select id, version, user_account_id, null as company, null as sector, null as link, null as statement, 15 as clazz_ from administrator union all select id, version, user_account_id, null as company, null as sector, null as link, null as statement, 16 as clazz_ from anonymous union all select id, version, user_account_id, null as company, null as sector, null as link, null as statement, 17 as clazz_ from any union all select id, version, user_account_id, null as company, null as sector, null as link, null as statement, 18 as clazz_ from authenticated ) roles0_ where roles0_.user_account_id=? 
2022-06-02 21:31:31.119 TRACE [org.hibernate.type.descriptor.sql.BasicBinder@http-nio-8080-exec-10] binding parameter [1] as [INTEGER] - [7] 
2022-06-02 21:31:31.169 DEBUG [acme.framework.components.tiles.DynamicTilesView@http-nio-8080-exec-1] View name 'fragments/welcome', model {} 
2022-06-02 21:31:31.171 DEBUG [org.apache.jasper.servlet.JspServlet@http-nio-8080-exec-1] JspEngine --> /WEB-INF/views/master/page.jsp 
2022-06-02 21:31:31.171 DEBUG [org.apache.jasper.servlet.JspServlet@http-nio-8080-exec-1] ServletPath: /WEB-INF/views/master/page.jsp 
2022-06-02 21:31:31.172 DEBUG [org.apache.jasper.servlet.JspServlet@http-nio-8080-exec-1] PathInfo: null 
2022-06-02 21:31:31.178 DEBUG [org.apache.jasper.servlet.JspServlet@http-nio-8080-exec-1] RealPath: C:\Users\diego\OneDrive\Documentos\Mis_Archivos\II-ISW\DP2\Workspace-22.0\Projects\Acme-Toolkit\target\classes\WEB-INF\views\master\page.jsp 
2022-06-02 21:31:31.178 DEBUG [org.apache.jasper.servlet.JspServlet@http-nio-8080-exec-1] RequestURI: /acme-toolkit-22.1/WEB-INF/views/master/page.jsp 
2022-06-02 21:31:31.179 DEBUG [org.apache.jasper.servlet.JspServlet@http-nio-8080-exec-1] QueryString: null 
2022-06-02 21:31:31.681 DEBUG [org.apache.jasper.servlet.JspServlet@http-nio-8080-exec-1] JspEngine --> /WEB-INF/views/fragments/welcome.jsp 
2022-06-02 21:31:31.682 DEBUG [org.apache.jasper.servlet.JspServlet@http-nio-8080-exec-1] ServletPath: /WEB-INF/views/master/page.jsp 
2022-06-02 21:31:31.683 DEBUG [org.apache.jasper.servlet.JspServlet@http-nio-8080-exec-1] PathInfo: null 
2022-06-02 21:31:31.690 DEBUG [org.apache.jasper.servlet.JspServlet@http-nio-8080-exec-1] RealPath: C:\Users\diego\OneDrive\Documentos\Mis_Archivos\II-ISW\DP2\Workspace-22.0\Projects\Acme-Toolkit\target\classes\WEB-INF\views\fragments\welcome.jsp 
2022-06-02 21:31:31.696 DEBUG [org.apache.jasper.servlet.JspServlet@http-nio-8080-exec-1] RequestURI: /acme-toolkit-22.1/WEB-INF/views/master/page.jsp 
2022-06-02 21:31:31.699 DEBUG [org.apache.jasper.servlet.JspServlet@http-nio-8080-exec-1] QueryString: null 
2022-06-02 21:31:36.782 DEBUG [acme.framework.controllers.AbstractController@http-nio-8080-exec-3] DISPATCHING GET /acme-toolkit-22.1/inventor/tool-kit/list 
2022-06-02 21:31:36.783 DEBUG [acme.framework.controllers.AbstractController@http-nio-8080-exec-3] Command: list 
2022-06-02 21:31:36.783 DEBUG [acme.framework.controllers.AbstractController@http-nio-8080-exec-3] Model:   {} 
2022-06-02 21:31:36.784 DEBUG [acme.framework.controllers.AbstractController@http-nio-8080-exec-3] Locale:  en 
2022-06-02 21:31:36.784 DEBUG [acme.framework.controllers.AbstractController@http-nio-8080-exec-3] Starting transaction 09ffe740-04e1-4096-9e75-f65f34abaf42 
2022-06-02 21:31:36.809 DEBUG [org.hibernate.SQL@http-nio-8080-exec-3] select toolkit1_.id as id1_0_, toolkit1_.version as version2_0_, toolkit1_.assembly_notes as assembly1_16_, toolkit1_.code as code2_16_, toolkit1_.description as descript3_16_, toolkit1_.is_publish as is_publi4_16_, toolkit1_.link as link5_16_, toolkit1_.title as title6_16_ from part_of partof0_ inner join tool_kit toolkit1_ on partof0_.toolkit_id=toolkit1_.id cross join artifact artifact2_ where partof0_.artifact_id=artifact2_.id and artifact2_.inventor_id=? 
2022-06-02 21:31:36.809 TRACE [org.hibernate.type.descriptor.sql.BasicBinder@http-nio-8080-exec-3] binding parameter [1] as [INTEGER] - [9] 
2022-06-02 21:31:36.863 DEBUG [acme.framework.controllers.AbstractController@http-nio-8080-exec-3] Committing transaction 09ffe740-04e1-4096-9e75-f65f34abaf42 
2022-06-02 21:31:36.867 DEBUG [acme.framework.controllers.AbstractController@http-nio-8080-exec-3] Starting transaction 59b46cc8-a1ee-4d61-98c1-0359491021d5 
2022-06-02 21:31:36.868 DEBUG [acme.framework.controllers.AbstractController@http-nio-8080-exec-3] Committing transaction 59b46cc8-a1ee-4d61-98c1-0359491021d5 
2022-06-02 21:31:36.869 DEBUG [acme.framework.controllers.AbstractController@http-nio-8080-exec-3] SERVING GET /acme-toolkit-22.1/inventor/tool-kit/list 
2022-06-02 21:31:36.869 DEBUG [acme.framework.controllers.AbstractController@http-nio-8080-exec-3] Result: ModelAndView [view="inventor/tool-kit/list"; model={title[3]=Toolkit 2, version[3]=0, title[1]=Toolkit 1, version[2]=0, version[1]=0, title[2]=Toolkit 1, list$size=4, code[0]=AAA-000-P, version[0]=0, title[0]=Toolkit 1, code[1]=AAA-000-P, id[1]=25, code[2]=AAA-000-P, id[0]=25, code[3]=ZZZ-999-A, id[3]=26, id[2]=25, command=list, principal=acme.framework.entities.Principal@22bc01b5}] 
2022-06-02 21:31:36.876 DEBUG [acme.framework.components.tiles.DynamicTilesView@http-nio-8080-exec-3] View name 'inventor/tool-kit/list', model {title[3]=Toolkit 2, version[3]=0, title[1]=Toolkit 1, version[2]=0, version[1]=0, title[2]=Toolkit 1, list$size=4, code[0]=AAA-000-P, version[0]=0, title[0]=Toolkit 1, code[1]=AAA-000-P, id[1]=25, code[2]=AAA-000-P, id[0]=25, code[3]=ZZZ-999-A, id[3]=26, id[2]=25, command=list, principal=acme.framework.entities.Principal@22bc01b5, org.springframework.validation.BindingResult.principal=org.springframework.validation.BeanPropertyBindingResult: 0 errors} 
2022-06-02 21:31:36.877 DEBUG [org.apache.jasper.servlet.JspServlet@http-nio-8080-exec-3] JspEngine --> /WEB-INF/views/master/page.jsp 
2022-06-02 21:31:36.878 DEBUG [org.apache.jasper.servlet.JspServlet@http-nio-8080-exec-3] ServletPath: /WEB-INF/views/master/page.jsp 
2022-06-02 21:31:36.878 DEBUG [org.apache.jasper.servlet.JspServlet@http-nio-8080-exec-3] PathInfo: null 
2022-06-02 21:31:36.880 DEBUG [org.apache.jasper.servlet.JspServlet@http-nio-8080-exec-3] RealPath: C:\Users\diego\OneDrive\Documentos\Mis_Archivos\II-ISW\DP2\Workspace-22.0\Projects\Acme-Toolkit\target\classes\WEB-INF\views\master\page.jsp 
2022-06-02 21:31:36.881 DEBUG [org.apache.jasper.servlet.JspServlet@http-nio-8080-exec-3] RequestURI: /acme-toolkit-22.1/WEB-INF/views/master/page.jsp 
2022-06-02 21:31:36.881 DEBUG [org.apache.jasper.servlet.JspServlet@http-nio-8080-exec-3] QueryString: null 
2022-06-02 21:31:37.343 DEBUG [org.apache.jasper.servlet.JspServlet@http-nio-8080-exec-3] JspEngine --> /WEB-INF/views/inventor/tool-kit/list.jsp 
2022-06-02 21:31:37.344 DEBUG [org.apache.jasper.servlet.JspServlet@http-nio-8080-exec-3] ServletPath: /WEB-INF/views/master/page.jsp 
2022-06-02 21:31:37.345 DEBUG [org.apache.jasper.servlet.JspServlet@http-nio-8080-exec-3] PathInfo: null 
2022-06-02 21:31:37.349 DEBUG [org.apache.jasper.servlet.JspServlet@http-nio-8080-exec-3] RealPath: C:\Users\diego\OneDrive\Documentos\Mis_Archivos\II-ISW\DP2\Workspace-22.0\Projects\Acme-Toolkit\target\classes\WEB-INF\views\inventor\tool-kit\list.jsp 
2022-06-02 21:31:37.350 DEBUG [org.apache.jasper.servlet.JspServlet@http-nio-8080-exec-3] RequestURI: /acme-toolkit-22.1/WEB-INF/views/master/page.jsp 
2022-06-02 21:31:37.351 DEBUG [org.apache.jasper.servlet.JspServlet@http-nio-8080-exec-3] QueryString: null 
2022-06-02 21:31:42.257 DEBUG [acme.framework.controllers.AbstractController@http-nio-8080-exec-8] DISPATCHING GET /acme-toolkit-22.1/inventor/tool-kit/show 
2022-06-02 21:31:42.257 DEBUG [acme.framework.controllers.AbstractController@http-nio-8080-exec-8] Command: show 
2022-06-02 21:31:42.258 DEBUG [acme.framework.controllers.AbstractController@http-nio-8080-exec-8] Model:   {id=25} 
2022-06-02 21:31:42.260 DEBUG [acme.framework.controllers.AbstractController@http-nio-8080-exec-8] Locale:  en 
2022-06-02 21:31:42.261 DEBUG [acme.framework.controllers.AbstractController@http-nio-8080-exec-8] Starting transaction bc77acc9-f680-4369-a5cc-d6094608c443 
2022-06-02 21:31:42.276 DEBUG [org.hibernate.SQL@http-nio-8080-exec-8] select toolkit0_.id as id1_0_, toolkit0_.version as version2_0_, toolkit0_.assembly_notes as assembly1_16_, toolkit0_.code as code2_16_, toolkit0_.description as descript3_16_, toolkit0_.is_publish as is_publi4_16_, toolkit0_.link as link5_16_, toolkit0_.title as title6_16_ from tool_kit toolkit0_ where toolkit0_.id=? 
2022-06-02 21:31:42.277 TRACE [org.hibernate.type.descriptor.sql.BasicBinder@http-nio-8080-exec-8] binding parameter [1] as [INTEGER] - [25] 
2022-06-02 21:31:42.281 DEBUG [acme.framework.controllers.AbstractController@http-nio-8080-exec-8] Committing transaction bc77acc9-f680-4369-a5cc-d6094608c443 
2022-06-02 21:31:42.284 DEBUG [acme.framework.controllers.AbstractController@http-nio-8080-exec-8] Starting transaction d1e575df-5836-48dd-b888-8dd41ed477ca 
2022-06-02 21:31:42.286 DEBUG [acme.framework.controllers.AbstractController@http-nio-8080-exec-8] Committing transaction d1e575df-5836-48dd-b888-8dd41ed477ca 
2022-06-02 21:31:42.288 DEBUG [acme.framework.controllers.AbstractController@http-nio-8080-exec-8] SERVING GET /acme-toolkit-22.1/inventor/tool-kit/show 
2022-06-02 21:31:42.289 DEBUG [acme.framework.controllers.AbstractController@http-nio-8080-exec-8] Result: ModelAndView [view="inventor/tool-kit/form"; model={assemblyNotes=Assembly notes for toolkit number 1, code=AAA-000-P, link=https://es.wikipedia.org/wiki/Artefacto, description=This is the first toolkit, id=25, title=Toolkit 1, version=0, command=show, principal=acme.framework.entities.Principal@22bc01b5}] 
2022-06-02 21:31:42.291 DEBUG [acme.framework.components.tiles.DynamicTilesView@http-nio-8080-exec-8] View name 'inventor/tool-kit/form', model {assemblyNotes=Assembly notes for toolkit number 1, code=AAA-000-P, link=https://es.wikipedia.org/wiki/Artefacto, description=This is the first toolkit, id=25, title=Toolkit 1, version=0, command=show, principal=acme.framework.entities.Principal@22bc01b5, org.springframework.validation.BindingResult.principal=org.springframework.validation.BeanPropertyBindingResult: 0 errors} 
2022-06-02 21:31:42.296 DEBUG [org.apache.jasper.servlet.JspServlet@http-nio-8080-exec-8] JspEngine --> /WEB-INF/views/master/page.jsp 
2022-06-02 21:31:42.297 DEBUG [org.apache.jasper.servlet.JspServlet@http-nio-8080-exec-8] ServletPath: /WEB-INF/views/master/page.jsp 
2022-06-02 21:31:42.299 DEBUG [org.apache.jasper.servlet.JspServlet@http-nio-8080-exec-8] PathInfo: null 
2022-06-02 21:31:42.310 DEBUG [org.apache.jasper.servlet.JspServlet@http-nio-8080-exec-8] RealPath: C:\Users\diego\OneDrive\Documentos\Mis_Archivos\II-ISW\DP2\Workspace-22.0\Projects\Acme-Toolkit\target\classes\WEB-INF\views\master\page.jsp 
2022-06-02 21:31:42.311 DEBUG [org.apache.jasper.servlet.JspServlet@http-nio-8080-exec-8] RequestURI: /acme-toolkit-22.1/WEB-INF/views/master/page.jsp 
2022-06-02 21:31:42.312 DEBUG [org.apache.jasper.servlet.JspServlet@http-nio-8080-exec-8] QueryString: id=25 
2022-06-02 21:31:42.663 DEBUG [org.apache.jasper.servlet.JspServlet@http-nio-8080-exec-8] JspEngine --> /WEB-INF/views/inventor/tool-kit/form.jsp 
2022-06-02 21:31:42.664 DEBUG [org.apache.jasper.servlet.JspServlet@http-nio-8080-exec-8] ServletPath: /WEB-INF/views/master/page.jsp 
2022-06-02 21:31:42.665 DEBUG [org.apache.jasper.servlet.JspServlet@http-nio-8080-exec-8] PathInfo: null 
2022-06-02 21:31:42.669 DEBUG [org.apache.jasper.servlet.JspServlet@http-nio-8080-exec-8] RealPath: C:\Users\diego\OneDrive\Documentos\Mis_Archivos\II-ISW\DP2\Workspace-22.0\Projects\Acme-Toolkit\target\classes\WEB-INF\views\inventor\tool-kit\form.jsp 
2022-06-02 21:31:42.670 DEBUG [org.apache.jasper.servlet.JspServlet@http-nio-8080-exec-8] RequestURI: /acme-toolkit-22.1/WEB-INF/views/master/page.jsp 
2022-06-02 21:31:42.670 DEBUG [org.apache.jasper.servlet.JspServlet@http-nio-8080-exec-8] QueryString: id=25 
2022-06-02 21:31:46.160 DEBUG [acme.framework.controllers.AbstractController@http-nio-8080-exec-3] DISPATCHING GET /acme-toolkit-22.1/inventor/part-of/list-component 
2022-06-02 21:31:46.161 DEBUG [acme.framework.controllers.AbstractController@http-nio-8080-exec-3] Command: list-component 
2022-06-02 21:31:46.162 DEBUG [acme.framework.controllers.AbstractController@http-nio-8080-exec-3] Model:   {masterId=25} 
2022-06-02 21:31:46.164 DEBUG [acme.framework.controllers.AbstractController@http-nio-8080-exec-3] Locale:  en 
2022-06-02 21:31:46.164 DEBUG [acme.framework.controllers.AbstractController@http-nio-8080-exec-3] Starting transaction 423bbc67-2d9e-4bf7-973b-7b1a2edd7a99 
2022-06-02 21:31:46.170 DEBUG [org.hibernate.SQL@http-nio-8080-exec-3] select partof0_.id as id1_0_, partof0_.version as version2_0_, partof0_.artifact_id as artifact2_10_, partof0_.quantity as quantity1_10_, partof0_.toolkit_id as toolkit_3_10_ from part_of partof0_ cross join artifact artifact1_ where partof0_.artifact_id=artifact1_.id and partof0_.toolkit_id=? and artifact1_.type=? 
2022-06-02 21:31:46.170 TRACE [org.hibernate.type.descriptor.sql.BasicBinder@http-nio-8080-exec-3] binding parameter [1] as [INTEGER] - [25] 
2022-06-02 21:31:46.171 TRACE [org.hibernate.type.descriptor.sql.BasicBinder@http-nio-8080-exec-3] binding parameter [2] as [INTEGER] - [0] 
2022-06-02 21:31:46.174 DEBUG [org.hibernate.SQL@http-nio-8080-exec-3] select artifact0_.id as id1_0_0_, artifact0_.version as version2_0_0_, artifact0_.code as code1_5_0_, artifact0_.description as descript2_5_0_, artifact0_.inventor_id as invento10_5_0_, artifact0_.is_publish as is_publi3_5_0_, artifact0_.link as link4_5_0_, artifact0_.name as name5_5_0_, artifact0_.retail_price_amount as retail_p6_5_0_, artifact0_.retail_price_currency as retail_p7_5_0_, artifact0_.technology as technolo8_5_0_, artifact0_.type as type9_5_0_, inventor1_.id as id1_0_1_, inventor1_.version as version2_0_1_, inventor1_.user_account_id as user_acc1_18_1_, inventor1_.company as company1_9_1_, inventor1_.link as link2_9_1_, inventor1_.statement as statemen3_9_1_, useraccoun2_.id as id1_0_2_, useraccoun2_.version as version2_0_2_, useraccoun2_.enabled as enabled1_17_2_, useraccoun2_.identity as identity2_17_2_, useraccoun2_.password as password3_17_2_, useraccoun2_.username as username4_17_2_ from artifact artifact0_ inner join inventor inventor1_ on artifact0_.inventor_id=inventor1_.id inner join user_account useraccoun2_ on inventor1_.user_account_id=useraccoun2_.id where artifact0_.id=? 
2022-06-02 21:31:46.177 TRACE [org.hibernate.type.descriptor.sql.BasicBinder@http-nio-8080-exec-3] binding parameter [1] as [INTEGER] - [28] 
2022-06-02 21:31:46.190 DEBUG [org.hibernate.SQL@http-nio-8080-exec-3] select toolkit0_.id as id1_0_0_, toolkit0_.version as version2_0_0_, toolkit0_.assembly_notes as assembly1_16_0_, toolkit0_.code as code2_16_0_, toolkit0_.description as descript3_16_0_, toolkit0_.is_publish as is_publi4_16_0_, toolkit0_.link as link5_16_0_, toolkit0_.title as title6_16_0_ from tool_kit toolkit0_ where toolkit0_.id=? 
2022-06-02 21:31:46.191 TRACE [org.hibernate.type.descriptor.sql.BasicBinder@http-nio-8080-exec-3] binding parameter [1] as [INTEGER] - [25] 
2022-06-02 21:31:46.195 DEBUG [org.hibernate.SQL@http-nio-8080-exec-3] select artifact0_.id as id1_0_0_, artifact0_.version as version2_0_0_, artifact0_.code as code1_5_0_, artifact0_.description as descript2_5_0_, artifact0_.inventor_id as invento10_5_0_, artifact0_.is_publish as is_publi3_5_0_, artifact0_.link as link4_5_0_, artifact0_.name as name5_5_0_, artifact0_.retail_price_amount as retail_p6_5_0_, artifact0_.retail_price_currency as retail_p7_5_0_, artifact0_.technology as technolo8_5_0_, artifact0_.type as type9_5_0_, inventor1_.id as id1_0_1_, inventor1_.version as version2_0_1_, inventor1_.user_account_id as user_acc1_18_1_, inventor1_.company as company1_9_1_, inventor1_.link as link2_9_1_, inventor1_.statement as statemen3_9_1_, useraccoun2_.id as id1_0_2_, useraccoun2_.version as version2_0_2_, useraccoun2_.enabled as enabled1_17_2_, useraccoun2_.identity as identity2_17_2_, useraccoun2_.password as password3_17_2_, useraccoun2_.username as username4_17_2_ from artifact artifact0_ inner join inventor inventor1_ on artifact0_.inventor_id=inventor1_.id inner join user_account useraccoun2_ on inventor1_.user_account_id=useraccoun2_.id where artifact0_.id=? 
2022-06-02 21:31:46.197 TRACE [org.hibernate.type.descriptor.sql.BasicBinder@http-nio-8080-exec-3] binding parameter [1] as [INTEGER] - [29] 
2022-06-02 21:31:46.208 DEBUG [org.hibernate.SQL@http-nio-8080-exec-3] select artifact0_.id as id1_0_0_, artifact0_.version as version2_0_0_, artifact0_.code as code1_5_0_, artifact0_.description as descript2_5_0_, artifact0_.inventor_id as invento10_5_0_, artifact0_.is_publish as is_publi3_5_0_, artifact0_.link as link4_5_0_, artifact0_.name as name5_5_0_, artifact0_.retail_price_amount as retail_p6_5_0_, artifact0_.retail_price_currency as retail_p7_5_0_, artifact0_.technology as technolo8_5_0_, artifact0_.type as type9_5_0_, inventor1_.id as id1_0_1_, inventor1_.version as version2_0_1_, inventor1_.user_account_id as user_acc1_18_1_, inventor1_.company as company1_9_1_, inventor1_.link as link2_9_1_, inventor1_.statement as statemen3_9_1_, useraccoun2_.id as id1_0_2_, useraccoun2_.version as version2_0_2_, useraccoun2_.enabled as enabled1_17_2_, useraccoun2_.identity as identity2_17_2_, useraccoun2_.password as password3_17_2_, useraccoun2_.username as username4_17_2_ from artifact artifact0_ inner join inventor inventor1_ on artifact0_.inventor_id=inventor1_.id inner join user_account useraccoun2_ on inventor1_.user_account_id=useraccoun2_.id where artifact0_.id=? 
2022-06-02 21:31:46.208 TRACE [org.hibernate.type.descriptor.sql.BasicBinder@http-nio-8080-exec-3] binding parameter [1] as [INTEGER] - [27] 
2022-06-02 21:31:46.263 DEBUG [acme.framework.controllers.AbstractController@http-nio-8080-exec-3] Committing transaction 423bbc67-2d9e-4bf7-973b-7b1a2edd7a99 
2022-06-02 21:31:46.265 DEBUG [acme.framework.controllers.AbstractController@http-nio-8080-exec-3] Starting transaction 212790df-aeab-40d8-a2a5-c3cbf33595e8 
2022-06-02 21:31:46.266 DEBUG [acme.framework.controllers.AbstractController@http-nio-8080-exec-3] Committing transaction 212790df-aeab-40d8-a2a5-c3cbf33595e8 
2022-06-02 21:31:46.267 DEBUG [acme.framework.controllers.AbstractController@http-nio-8080-exec-3] SERVING GET /acme-toolkit-22.1/inventor/part-of/list-component 
2022-06-02 21:31:46.268 DEBUG [acme.framework.controllers.AbstractController@http-nio-8080-exec-3] Result: ModelAndView [view="inventor/part-of/list"; model={version[2]=0, version[1]=0, artifact.name[1]=A, artifact.name[0]=Artifact 1, list$size=3, quantity[0]=4, quantity[1]=2, masterId=25, quantity[2]=1, artifact.name[2]=Transportation truck with lenghty name, version[0]=0, id[1]=34, id[0]=33, id[2]=42, command=list-component, principal=acme.framework.entities.Principal@22bc01b5}] 
2022-06-02 21:31:46.269 DEBUG [acme.framework.components.tiles.DynamicTilesView@http-nio-8080-exec-3] View name 'inventor/part-of/list', model {version[2]=0, version[1]=0, artifact.name[1]=A, artifact.name[0]=Artifact 1, list$size=3, quantity[0]=4, quantity[1]=2, masterId=25, quantity[2]=1, artifact.name[2]=Transportation truck with lenghty name, version[0]=0, id[1]=34, id[0]=33, id[2]=42, command=list-component, principal=acme.framework.entities.Principal@22bc01b5, org.springframework.validation.BindingResult.principal=org.springframework.validation.BeanPropertyBindingResult: 0 errors} 
2022-06-02 21:31:46.272 DEBUG [org.apache.jasper.servlet.JspServlet@http-nio-8080-exec-3] JspEngine --> /WEB-INF/views/master/page.jsp 
2022-06-02 21:31:46.273 DEBUG [org.apache.jasper.servlet.JspServlet@http-nio-8080-exec-3] ServletPath: /WEB-INF/views/master/page.jsp 
2022-06-02 21:31:46.273 DEBUG [org.apache.jasper.servlet.JspServlet@http-nio-8080-exec-3] PathInfo: null 
2022-06-02 21:31:46.277 DEBUG [org.apache.jasper.servlet.JspServlet@http-nio-8080-exec-3] RealPath: C:\Users\diego\OneDrive\Documentos\Mis_Archivos\II-ISW\DP2\Workspace-22.0\Projects\Acme-Toolkit\target\classes\WEB-INF\views\master\page.jsp 
2022-06-02 21:31:46.278 DEBUG [org.apache.jasper.servlet.JspServlet@http-nio-8080-exec-3] RequestURI: /acme-toolkit-22.1/WEB-INF/views/master/page.jsp 
2022-06-02 21:31:46.279 DEBUG [org.apache.jasper.servlet.JspServlet@http-nio-8080-exec-3] QueryString: masterId=25 
2022-06-02 21:31:46.830 DEBUG [org.apache.jasper.servlet.JspServlet@http-nio-8080-exec-3] JspEngine --> /WEB-INF/views/inventor/part-of/list.jsp 
2022-06-02 21:31:46.831 DEBUG [org.apache.jasper.servlet.JspServlet@http-nio-8080-exec-3] ServletPath: /WEB-INF/views/master/page.jsp 
2022-06-02 21:31:46.832 DEBUG [org.apache.jasper.servlet.JspServlet@http-nio-8080-exec-3] PathInfo: null 
2022-06-02 21:31:46.836 DEBUG [org.apache.jasper.servlet.JspServlet@http-nio-8080-exec-3] RealPath: C:\Users\diego\OneDrive\Documentos\Mis_Archivos\II-ISW\DP2\Workspace-22.0\Projects\Acme-Toolkit\target\classes\WEB-INF\views\inventor\part-of\list.jsp 
2022-06-02 21:31:46.839 DEBUG [org.apache.jasper.servlet.JspServlet@http-nio-8080-exec-3] RequestURI: /acme-toolkit-22.1/WEB-INF/views/master/page.jsp 
2022-06-02 21:31:46.841 DEBUG [org.apache.jasper.servlet.JspServlet@http-nio-8080-exec-3] QueryString: masterId=25 
2022-06-02 21:31:51.198 DEBUG [acme.framework.controllers.AbstractController@http-nio-8080-exec-4] DISPATCHING GET /acme-toolkit-22.1/inventor/part-of/show 
2022-06-02 21:31:51.199 DEBUG [acme.framework.controllers.AbstractController@http-nio-8080-exec-4] Command: show 
2022-06-02 21:31:51.200 DEBUG [acme.framework.controllers.AbstractController@http-nio-8080-exec-4] Model:   {id=33} 
2022-06-02 21:31:51.200 DEBUG [acme.framework.controllers.AbstractController@http-nio-8080-exec-4] Locale:  en 
2022-06-02 21:31:51.200 DEBUG [acme.framework.controllers.AbstractController@http-nio-8080-exec-4] Starting transaction 3e173c8b-8ff2-43c0-a1e6-c6f9a81ba983 
2022-06-02 21:31:51.207 DEBUG [org.hibernate.SQL@http-nio-8080-exec-4] select partof0_.id as id1_0_, partof0_.version as version2_0_, partof0_.artifact_id as artifact2_10_, partof0_.quantity as quantity1_10_, partof0_.toolkit_id as toolkit_3_10_ from part_of partof0_ where partof0_.id=? 
2022-06-02 21:31:51.209 TRACE [org.hibernate.type.descriptor.sql.BasicBinder@http-nio-8080-exec-4] binding parameter [1] as [INTEGER] - [33] 
2022-06-02 21:31:51.212 DEBUG [org.hibernate.SQL@http-nio-8080-exec-4] select artifact0_.id as id1_0_0_, artifact0_.version as version2_0_0_, artifact0_.code as code1_5_0_, artifact0_.description as descript2_5_0_, artifact0_.inventor_id as invento10_5_0_, artifact0_.is_publish as is_publi3_5_0_, artifact0_.link as link4_5_0_, artifact0_.name as name5_5_0_, artifact0_.retail_price_amount as retail_p6_5_0_, artifact0_.retail_price_currency as retail_p7_5_0_, artifact0_.technology as technolo8_5_0_, artifact0_.type as type9_5_0_, inventor1_.id as id1_0_1_, inventor1_.version as version2_0_1_, inventor1_.user_account_id as user_acc1_18_1_, inventor1_.company as company1_9_1_, inventor1_.link as link2_9_1_, inventor1_.statement as statemen3_9_1_, useraccoun2_.id as id1_0_2_, useraccoun2_.version as version2_0_2_, useraccoun2_.enabled as enabled1_17_2_, useraccoun2_.identity as identity2_17_2_, useraccoun2_.password as password3_17_2_, useraccoun2_.username as username4_17_2_ from artifact artifact0_ inner join inventor inventor1_ on artifact0_.inventor_id=inventor1_.id inner join user_account useraccoun2_ on inventor1_.user_account_id=useraccoun2_.id where artifact0_.id=? 
2022-06-02 21:31:51.213 TRACE [org.hibernate.type.descriptor.sql.BasicBinder@http-nio-8080-exec-4] binding parameter [1] as [INTEGER] - [28] 
2022-06-02 21:31:51.220 DEBUG [org.hibernate.SQL@http-nio-8080-exec-4] select toolkit0_.id as id1_0_0_, toolkit0_.version as version2_0_0_, toolkit0_.assembly_notes as assembly1_16_0_, toolkit0_.code as code2_16_0_, toolkit0_.description as descript3_16_0_, toolkit0_.is_publish as is_publi4_16_0_, toolkit0_.link as link5_16_0_, toolkit0_.title as title6_16_0_ from tool_kit toolkit0_ where toolkit0_.id=? 
2022-06-02 21:31:51.221 TRACE [org.hibernate.type.descriptor.sql.BasicBinder@http-nio-8080-exec-4] binding parameter [1] as [INTEGER] - [25] 
2022-06-02 21:32:38.056 DEBUG [org.hibernate.SQL@http-nio-8080-exec-4] select inventor0_.id as id1_0_, inventor0_.version as version2_0_, inventor0_.user_account_id as user_acc1_18_, inventor0_.company as company1_9_, inventor0_.link as link2_9_, inventor0_.statement as statemen3_9_ from inventor inventor0_ where inventor0_.id=? 
2022-06-02 21:32:38.057 TRACE [org.hibernate.type.descriptor.sql.BasicBinder@http-nio-8080-exec-4] binding parameter [1] as [INTEGER] - [9] 
2022-06-02 21:32:38.069 DEBUG [org.hibernate.SQL@http-nio-8080-exec-4] select useraccoun0_.id as id1_0_0_, useraccoun0_.version as version2_0_0_, useraccoun0_.enabled as enabled1_17_0_, useraccoun0_.identity as identity2_17_0_, useraccoun0_.password as password3_17_0_, useraccoun0_.username as username4_17_0_ from user_account useraccoun0_ where useraccoun0_.id=? 
2022-06-02 21:32:38.070 TRACE [org.hibernate.type.descriptor.sql.BasicBinder@http-nio-8080-exec-4] binding parameter [1] as [INTEGER] - [7] 
2022-06-02 21:32:38.128 DEBUG [org.hibernate.SQL@http-nio-8080-exec-4] select artifact0_.id as id1_0_, artifact0_.version as version2_0_, artifact0_.code as code1_5_, artifact0_.description as descript2_5_, artifact0_.inventor_id as invento10_5_, artifact0_.is_publish as is_publi3_5_, artifact0_.link as link4_5_, artifact0_.name as name5_5_, artifact0_.retail_price_amount as retail_p6_5_, artifact0_.retail_price_currency as retail_p7_5_, artifact0_.technology as technolo8_5_, artifact0_.type as type9_5_ from artifact artifact0_ where artifact0_.type=? and artifact0_.inventor_id=? 
2022-06-02 21:32:38.129 TRACE [org.hibernate.type.descriptor.sql.BasicBinder@http-nio-8080-exec-4] binding parameter [1] as [INTEGER] - [1] 
2022-06-02 21:32:38.135 TRACE [org.hibernate.type.descriptor.sql.BasicBinder@http-nio-8080-exec-4] binding parameter [2] as [INTEGER] - [9] 
2022-06-02 21:32:38.168 DEBUG [org.hibernate.SQL@http-nio-8080-exec-4] select artifact1_.id as id1_0_, artifact1_.version as version2_0_, artifact1_.code as code1_5_, artifact1_.description as descript2_5_, artifact1_.inventor_id as invento10_5_, artifact1_.is_publish as is_publi3_5_, artifact1_.link as link4_5_, artifact1_.name as name5_5_, artifact1_.retail_price_amount as retail_p6_5_, artifact1_.retail_price_currency as retail_p7_5_, artifact1_.technology as technolo8_5_, artifact1_.type as type9_5_ from part_of partof0_ inner join artifact artifact1_ on partof0_.artifact_id=artifact1_.id where artifact1_.type=? and partof0_.toolkit_id=? 
2022-06-02 21:32:38.169 TRACE [org.hibernate.type.descriptor.sql.BasicBinder@http-nio-8080-exec-4] binding parameter [1] as [INTEGER] - [1] 
2022-06-02 21:32:38.169 TRACE [org.hibernate.type.descriptor.sql.BasicBinder@http-nio-8080-exec-4] binding parameter [2] as [INTEGER] - [25] 
2022-06-02 21:32:38.187 DEBUG [acme.framework.controllers.AbstractController@http-nio-8080-exec-4] Committing transaction 3e173c8b-8ff2-43c0-a1e6-c6f9a81ba983 
2022-06-02 21:32:38.548 DEBUG [acme.framework.controllers.AbstractController@http-nio-8080-exec-4] Starting transaction a5dc07bd-af56-4432-afcb-829f448390ab 
2022-06-02 21:32:38.550 DEBUG [acme.framework.controllers.AbstractController@http-nio-8080-exec-4] Committing transaction a5dc07bd-af56-4432-afcb-829f448390ab 
2022-06-02 21:32:38.552 DEBUG [acme.framework.controllers.AbstractController@http-nio-8080-exec-4] SERVING GET /acme-toolkit-22.1/inventor/part-of/show 
2022-06-02 21:32:38.554 DEBUG [acme.framework.controllers.AbstractController@http-nio-8080-exec-4] Result: ModelAndView [view="inventor/part-of/form"; model={artifact=acme.artifact.Artifact{id=28, version=0}, quantity=4, toolkit=acme.artifact.ToolKit{id=25, version=0}, id=33, version=0, artifacts=[acme.artifact.Artifact{id=30, version=0}], command=show, principal=acme.framework.entities.Principal@22bc01b5}] 
2022-06-02 21:32:38.558 DEBUG [acme.framework.components.tiles.DynamicTilesView@http-nio-8080-exec-4] View name 'inventor/part-of/form', model {artifact=acme.artifact.Artifact{id=28, version=0}, quantity=4, toolkit=acme.artifact.ToolKit{id=25, version=0}, id=33, version=0, artifacts=[acme.artifact.Artifact{id=30, version=0}], command=show, principal=acme.framework.entities.Principal@22bc01b5, org.springframework.validation.BindingResult.artifact=org.springframework.validation.BeanPropertyBindingResult: 0 errors, org.springframework.validation.BindingResult.toolkit=org.springframework.validation.BeanPropertyBindingResult: 0 errors, org.springframework.validation.BindingResult.principal=org.springframework.validation.BeanPropertyBindingResult: 0 errors} 
2022-06-02 21:32:38.561 DEBUG [org.apache.jasper.servlet.JspServlet@http-nio-8080-exec-4] JspEngine --> /WEB-INF/views/master/page.jsp 
2022-06-02 21:32:38.563 DEBUG [org.apache.jasper.servlet.JspServlet@http-nio-8080-exec-4] ServletPath: /WEB-INF/views/master/page.jsp 
2022-06-02 21:32:38.564 DEBUG [org.apache.jasper.servlet.JspServlet@http-nio-8080-exec-4] PathInfo: null 
2022-06-02 21:32:38.569 DEBUG [org.apache.jasper.servlet.JspServlet@http-nio-8080-exec-4] RealPath: C:\Users\diego\OneDrive\Documentos\Mis_Archivos\II-ISW\DP2\Workspace-22.0\Projects\Acme-Toolkit\target\classes\WEB-INF\views\master\page.jsp 
2022-06-02 21:32:38.570 DEBUG [org.apache.jasper.servlet.JspServlet@http-nio-8080-exec-4] RequestURI: /acme-toolkit-22.1/WEB-INF/views/master/page.jsp 
2022-06-02 21:32:38.571 DEBUG [org.apache.jasper.servlet.JspServlet@http-nio-8080-exec-4] QueryString: id=33 
2022-06-02 21:32:40.446 DEBUG [org.apache.jasper.servlet.JspServlet@http-nio-8080-exec-4] JspEngine --> /WEB-INF/views/inventor/part-of/form.jsp 
2022-06-02 21:32:40.449 DEBUG [org.apache.jasper.servlet.JspServlet@http-nio-8080-exec-4] ServletPath: /WEB-INF/views/master/page.jsp 
2022-06-02 21:32:40.450 DEBUG [org.apache.jasper.servlet.JspServlet@http-nio-8080-exec-4] PathInfo: null 
2022-06-02 21:32:40.453 DEBUG [org.apache.jasper.servlet.JspServlet@http-nio-8080-exec-4] RealPath: C:\Users\diego\OneDrive\Documentos\Mis_Archivos\II-ISW\DP2\Workspace-22.0\Projects\Acme-Toolkit\target\classes\WEB-INF\views\inventor\part-of\form.jsp 
2022-06-02 21:32:40.454 DEBUG [org.apache.jasper.servlet.JspServlet@http-nio-8080-exec-4] RequestURI: /acme-toolkit-22.1/WEB-INF/views/master/page.jsp 
2022-06-02 21:32:40.455 DEBUG [org.apache.jasper.servlet.JspServlet@http-nio-8080-exec-4] QueryString: id=33 
