2022-06-02 22:36:15.241 INFO  [acme.Launcher@main] Starting Launcher using Java 1.8.0_281 on TABLET-8TV7I4NF with PID 5212 (C:\Users\diego\OneDrive\Documentos\Mis_Archivos\II-ISW\DP2\Workspace-22.0\Projects\Acme-Framework-22.7\target\classes started by diego in C:\Users\diego\OneDrive\Documentos\Mis_Archivos\II-ISW\DP2\Workspace-22.0\Projects\Acme-Toolkit) 
2022-06-02 22:36:15.245 DEBUG [acme.Launcher@main] Running with Spring Boot v2.4.2, Spring v5.3.3 
2022-06-02 22:36:15.250 INFO  [acme.Launcher@main] The following profiles are active: development,default 
2022-06-02 22:36:26.006 DEBUG [org.apache.jasper.servlet.JasperInitializer@main] Initializing Jasper for context [application] 
2022-06-02 22:36:51.937 DEBUG [org.apache.jasper.servlet.JspServlet@main] Scratch dir for the JSP engine is: [C:\Users\diego\AppData\Local\Temp\tomcat.8080.9089854982252358848\work\Tomcat\localhost\acme-toolkit-22.1] 
2022-06-02 22:36:51.939 DEBUG [org.apache.jasper.servlet.JspServlet@main] IMPORTANT: Do not modify the generated servlets 
2022-06-02 22:36:51.981 INFO  [acme.Launcher@main] Started Launcher in 40.291 seconds (JVM running for 42.348) 
2022-06-02 22:36:52.008 DEBUG [acme.Launcher@main] Found classpath entry '/C:/Users/diego/OneDrive/Documentos/Mis_Archivos/II-ISW/DP2/Workspace-22.0/Projects/Acme-Toolkit/target/test-classes/' 
2022-06-02 22:36:52.009 DEBUG [acme.Launcher@main] Found classpath entry '/C:/Users/diego/OneDrive/Documentos/Mis_Archivos/II-ISW/DP2/Workspace-22.0/Projects/Acme-Toolkit/target/classes/' 
2022-06-02 22:36:52.011 DEBUG [acme.Launcher@main] Found classpath entry '/C:/Users/diego/OneDrive/Documentos/Mis_Archivos/II-ISW/DP2/Workspace-22.0/Projects/Acme-Framework-22.7/target/classes/' 
2022-06-02 22:36:52.012 DEBUG [acme.Launcher@main] Found classpath entry '/C:/Users/diego/OneDrive/Documentos/Mis_Archivos/II-ISW/DP2/Workspace-22.0/Projects/Acme-Framework-22.7/target/test-classes/' 
2022-06-02 22:36:52.012 DEBUG [acme.Launcher@main] Found classpath entry '/C:/Users/diego/.m2/repository/org/springframework/boot/spring-boot-starter-tomcat/2.4.2/spring-boot-starter-tomcat-2.4.2.jar' 
2022-06-02 22:36:52.015 DEBUG [acme.Launcher@main] Found classpath entry '/C:/Users/diego/.m2/repository/jakarta/annotation/jakarta.annotation-api/1.3.5/jakarta.annotation-api-1.3.5.jar' 
2022-06-02 22:36:52.017 DEBUG [acme.Launcher@main] Found classpath entry '/C:/Users/diego/.m2/repository/org/apache/tomcat/embed/tomcat-embed-core/9.0.41/tomcat-embed-core-9.0.41.jar' 
2022-06-02 22:36:52.021 DEBUG [acme.Launcher@main] Found classpath entry '/C:/Users/diego/.m2/repository/org/glassfish/jakarta.el/3.0.3/jakarta.el-3.0.3.jar' 
2022-06-02 22:36:52.023 DEBUG [acme.Launcher@main] Found classpath entry '/C:/Users/diego/.m2/repository/org/apache/tomcat/embed/tomcat-embed-websocket/9.0.41/tomcat-embed-websocket-9.0.41.jar' 
2022-06-02 22:36:52.023 DEBUG [acme.Launcher@main] Found classpath entry '/C:/Users/diego/.m2/repository/org/apache/tomcat/embed/tomcat-embed-jasper/9.0.41/tomcat-embed-jasper-9.0.41.jar' 
2022-06-02 22:36:52.024 DEBUG [acme.Launcher@main] Found classpath entry '/C:/Users/diego/.m2/repository/org/apache/tomcat/embed/tomcat-embed-el/9.0.41/tomcat-embed-el-9.0.41.jar' 
2022-06-02 22:36:52.025 DEBUG [acme.Launcher@main] Found classpath entry '/C:/Users/diego/.m2/repository/org/eclipse/jdt/ecj/3.18.0/ecj-3.18.0.jar' 
2022-06-02 22:36:52.025 DEBUG [acme.Launcher@main] Found classpath entry '/C:/Users/diego/.m2/repository/javax/servlet/jstl/1.2/jstl-1.2.jar' 
2022-06-02 22:36:52.026 DEBUG [acme.Launcher@main] Found classpath entry '/C:/Users/diego/.m2/repository/org/springframework/boot/spring-boot-starter-security/2.4.2/spring-boot-starter-security-2.4.2.jar' 
2022-06-02 22:36:52.036 DEBUG [acme.Launcher@main] Found classpath entry '/C:/Users/diego/.m2/repository/org/springframework/boot/spring-boot-starter/2.4.2/spring-boot-starter-2.4.2.jar' 
2022-06-02 22:36:52.037 DEBUG [acme.Launcher@main] Found classpath entry '/C:/Users/diego/.m2/repository/org/springframework/boot/spring-boot/2.4.2/spring-boot-2.4.2.jar' 
2022-06-02 22:36:52.038 DEBUG [acme.Launcher@main] Found classpath entry '/C:/Users/diego/.m2/repository/org/springframework/boot/spring-boot-autoconfigure/2.4.2/spring-boot-autoconfigure-2.4.2.jar' 
2022-06-02 22:36:52.038 DEBUG [acme.Launcher@main] Found classpath entry '/C:/Users/diego/.m2/repository/org/springframework/boot/spring-boot-starter-logging/2.4.2/spring-boot-starter-logging-2.4.2.jar' 
2022-06-02 22:36:52.039 DEBUG [acme.Launcher@main] Found classpath entry '/C:/Users/diego/.m2/repository/ch/qos/logback/logback-classic/1.2.3/logback-classic-1.2.3.jar' 
2022-06-02 22:36:52.039 DEBUG [acme.Launcher@main] Found classpath entry '/C:/Users/diego/.m2/repository/ch/qos/logback/logback-core/1.2.3/logback-core-1.2.3.jar' 
2022-06-02 22:36:52.040 DEBUG [acme.Launcher@main] Found classpath entry '/C:/Users/diego/.m2/repository/org/apache/logging/log4j/log4j-to-slf4j/2.13.3/log4j-to-slf4j-2.13.3.jar' 
2022-06-02 22:36:52.040 DEBUG [acme.Launcher@main] Found classpath entry '/C:/Users/diego/.m2/repository/org/apache/logging/log4j/log4j-api/2.13.3/log4j-api-2.13.3.jar' 
2022-06-02 22:36:52.041 DEBUG [acme.Launcher@main] Found classpath entry '/C:/Users/diego/.m2/repository/org/slf4j/jul-to-slf4j/1.7.30/jul-to-slf4j-1.7.30.jar' 
2022-06-02 22:36:52.041 DEBUG [acme.Launcher@main] Found classpath entry '/C:/Users/diego/.m2/repository/org/yaml/snakeyaml/1.27/snakeyaml-1.27.jar' 
2022-06-02 22:36:52.041 DEBUG [acme.Launcher@main] Found classpath entry '/C:/Users/diego/.m2/repository/org/springframework/spring-aop/5.3.3/spring-aop-5.3.3.jar' 
2022-06-02 22:36:52.042 DEBUG [acme.Launcher@main] Found classpath entry '/C:/Users/diego/.m2/repository/org/springframework/security/spring-security-web/5.4.2/spring-security-web-5.4.2.jar' 
2022-06-02 22:36:52.043 DEBUG [acme.Launcher@main] Found classpath entry '/C:/Users/diego/.m2/repository/org/springframework/security/spring-security-core/5.4.2/spring-security-core-5.4.2.jar' 
2022-06-02 22:36:52.044 DEBUG [acme.Launcher@main] Found classpath entry '/C:/Users/diego/.m2/repository/org/springframework/spring-beans/5.3.3/spring-beans-5.3.3.jar' 
2022-06-02 22:36:52.044 DEBUG [acme.Launcher@main] Found classpath entry '/C:/Users/diego/.m2/repository/org/springframework/spring-context/5.3.3/spring-context-5.3.3.jar' 
2022-06-02 22:36:52.045 DEBUG [acme.Launcher@main] Found classpath entry '/C:/Users/diego/.m2/repository/org/springframework/spring-core/5.3.3/spring-core-5.3.3.jar' 
2022-06-02 22:36:52.045 DEBUG [acme.Launcher@main] Found classpath entry '/C:/Users/diego/.m2/repository/org/springframework/spring-jcl/5.3.3/spring-jcl-5.3.3.jar' 
2022-06-02 22:36:52.046 DEBUG [acme.Launcher@main] Found classpath entry '/C:/Users/diego/.m2/repository/org/springframework/spring-expression/5.3.3/spring-expression-5.3.3.jar' 
2022-06-02 22:36:52.046 DEBUG [acme.Launcher@main] Found classpath entry '/C:/Users/diego/.m2/repository/org/springframework/spring-web/5.3.3/spring-web-5.3.3.jar' 
2022-06-02 22:36:52.046 DEBUG [acme.Launcher@main] Found classpath entry '/C:/Users/diego/.m2/repository/org/springframework/security/spring-security-config/5.4.2/spring-security-config-5.4.2.jar' 
2022-06-02 22:36:52.047 DEBUG [acme.Launcher@main] Found classpath entry '/C:/Users/diego/.m2/repository/org/springframework/security/spring-security-taglibs/5.4.2/spring-security-taglibs-5.4.2.jar' 
2022-06-02 22:36:52.048 DEBUG [acme.Launcher@main] Found classpath entry '/C:/Users/diego/.m2/repository/org/springframework/security/spring-security-acl/5.4.2/spring-security-acl-5.4.2.jar' 
2022-06-02 22:36:52.048 DEBUG [acme.Launcher@main] Found classpath entry '/C:/Users/diego/.m2/repository/org/springframework/spring-jdbc/5.3.3/spring-jdbc-5.3.3.jar' 
2022-06-02 22:36:52.052 DEBUG [acme.Launcher@main] Found classpath entry '/C:/Users/diego/.m2/repository/org/springframework/spring-tx/5.3.3/spring-tx-5.3.3.jar' 
2022-06-02 22:36:52.053 DEBUG [acme.Launcher@main] Found classpath entry '/C:/Users/diego/.m2/repository/org/springframework/boot/spring-boot-starter-web/2.4.2/spring-boot-starter-web-2.4.2.jar' 
2022-06-02 22:36:52.054 DEBUG [acme.Launcher@main] Found classpath entry '/C:/Users/diego/.m2/repository/org/springframework/boot/spring-boot-starter-json/2.4.2/spring-boot-starter-json-2.4.2.jar' 
2022-06-02 22:36:52.054 DEBUG [acme.Launcher@main] Found classpath entry '/C:/Users/diego/.m2/repository/com/fasterxml/jackson/core/jackson-databind/2.11.4/jackson-databind-2.11.4.jar' 
2022-06-02 22:36:52.055 DEBUG [acme.Launcher@main] Found classpath entry '/C:/Users/diego/.m2/repository/com/fasterxml/jackson/core/jackson-annotations/2.11.4/jackson-annotations-2.11.4.jar' 
2022-06-02 22:36:52.055 DEBUG [acme.Launcher@main] Found classpath entry '/C:/Users/diego/.m2/repository/com/fasterxml/jackson/core/jackson-core/2.11.4/jackson-core-2.11.4.jar' 
2022-06-02 22:36:52.056 DEBUG [acme.Launcher@main] Found classpath entry '/C:/Users/diego/.m2/repository/com/fasterxml/jackson/datatype/jackson-datatype-jdk8/2.11.4/jackson-datatype-jdk8-2.11.4.jar' 
2022-06-02 22:36:52.056 DEBUG [acme.Launcher@main] Found classpath entry '/C:/Users/diego/.m2/repository/com/fasterxml/jackson/datatype/jackson-datatype-jsr310/2.11.4/jackson-datatype-jsr310-2.11.4.jar' 
2022-06-02 22:36:52.057 DEBUG [acme.Launcher@main] Found classpath entry '/C:/Users/diego/.m2/repository/com/fasterxml/jackson/module/jackson-module-parameter-names/2.11.4/jackson-module-parameter-names-2.11.4.jar' 
2022-06-02 22:36:52.060 DEBUG [acme.Launcher@main] Found classpath entry '/C:/Users/diego/.m2/repository/org/springframework/spring-webmvc/5.3.3/spring-webmvc-5.3.3.jar' 
2022-06-02 22:36:52.063 DEBUG [acme.Launcher@main] Found classpath entry '/C:/Users/diego/.m2/repository/org/apache/tiles/tiles-jsp/3.0.8/tiles-jsp-3.0.8.jar' 
2022-06-02 22:36:52.064 DEBUG [acme.Launcher@main] Found classpath entry '/C:/Users/diego/.m2/repository/org/apache/tiles/tiles-servlet/3.0.8/tiles-servlet-3.0.8.jar' 
2022-06-02 22:36:52.065 DEBUG [acme.Launcher@main] Found classpath entry '/C:/Users/diego/.m2/repository/org/apache/tiles/tiles-core/3.0.8/tiles-core-3.0.8.jar' 
2022-06-02 22:36:52.065 DEBUG [acme.Launcher@main] Found classpath entry '/C:/Users/diego/.m2/repository/commons-digester/commons-digester/2.0/commons-digester-2.0.jar' 
2022-06-02 22:36:52.066 DEBUG [acme.Launcher@main] Found classpath entry '/C:/Users/diego/.m2/repository/org/slf4j/jcl-over-slf4j/1.7.30/jcl-over-slf4j-1.7.30.jar' 
2022-06-02 22:36:52.066 DEBUG [acme.Launcher@main] Found classpath entry '/C:/Users/diego/.m2/repository/org/apache/tiles/tiles-request-servlet/1.0.7/tiles-request-servlet-1.0.7.jar' 
2022-06-02 22:36:52.070 DEBUG [acme.Launcher@main] Found classpath entry '/C:/Users/diego/.m2/repository/org/apache/tiles/tiles-template/3.0.8/tiles-template-3.0.8.jar' 
2022-06-02 22:36:52.072 DEBUG [acme.Launcher@main] Found classpath entry '/C:/Users/diego/.m2/repository/org/apache/tiles/tiles-api/3.0.8/tiles-api-3.0.8.jar' 
2022-06-02 22:36:52.072 DEBUG [acme.Launcher@main] Found classpath entry '/C:/Users/diego/.m2/repository/org/apache/tiles/tiles-autotag-core-runtime/1.2/tiles-autotag-core-runtime-1.2.jar' 
2022-06-02 22:36:52.074 DEBUG [acme.Launcher@main] Found classpath entry '/C:/Users/diego/.m2/repository/org/slf4j/slf4j-api/1.7.30/slf4j-api-1.7.30.jar' 
2022-06-02 22:36:52.074 DEBUG [acme.Launcher@main] Found classpath entry '/C:/Users/diego/.m2/repository/org/apache/tiles/tiles-request-jsp/1.0.7/tiles-request-jsp-1.0.7.jar' 
2022-06-02 22:36:52.074 DEBUG [acme.Launcher@main] Found classpath entry '/C:/Users/diego/.m2/repository/org/apache/tiles/tiles-request-api/1.0.7/tiles-request-api-1.0.7.jar' 
2022-06-02 22:36:52.074 DEBUG [acme.Launcher@main] Found classpath entry '/C:/Users/diego/.m2/repository/org/springframework/boot/spring-boot-starter-data-jpa/2.4.2/spring-boot-starter-data-jpa-2.4.2.jar' 
2022-06-02 22:36:52.075 DEBUG [acme.Launcher@main] Found classpath entry '/C:/Users/diego/.m2/repository/org/springframework/boot/spring-boot-starter-aop/2.4.2/spring-boot-starter-aop-2.4.2.jar' 
2022-06-02 22:36:52.075 DEBUG [acme.Launcher@main] Found classpath entry '/C:/Users/diego/.m2/repository/org/aspectj/aspectjweaver/1.9.6/aspectjweaver-1.9.6.jar' 
2022-06-02 22:36:52.076 DEBUG [acme.Launcher@main] Found classpath entry '/C:/Users/diego/.m2/repository/org/springframework/boot/spring-boot-starter-jdbc/2.4.2/spring-boot-starter-jdbc-2.4.2.jar' 
2022-06-02 22:36:52.076 DEBUG [acme.Launcher@main] Found classpath entry '/C:/Users/diego/.m2/repository/jakarta/transaction/jakarta.transaction-api/1.3.3/jakarta.transaction-api-1.3.3.jar' 
2022-06-02 22:36:52.076 DEBUG [acme.Launcher@main] Found classpath entry '/C:/Users/diego/.m2/repository/jakarta/persistence/jakarta.persistence-api/2.2.3/jakarta.persistence-api-2.2.3.jar' 
2022-06-02 22:36:52.077 DEBUG [acme.Launcher@main] Found classpath entry '/C:/Users/diego/.m2/repository/org/hibernate/hibernate-core/5.4.27.Final/hibernate-core-5.4.27.Final.jar' 
2022-06-02 22:36:52.077 DEBUG [acme.Launcher@main] Found classpath entry '/C:/Users/diego/.m2/repository/org/jboss/logging/jboss-logging/3.4.1.Final/jboss-logging-3.4.1.Final.jar' 
2022-06-02 22:36:52.078 DEBUG [acme.Launcher@main] Found classpath entry '/C:/Users/diego/.m2/repository/org/javassist/javassist/3.27.0-GA/javassist-3.27.0-GA.jar' 
2022-06-02 22:36:52.078 DEBUG [acme.Launcher@main] Found classpath entry '/C:/Users/diego/.m2/repository/antlr/antlr/2.7.7/antlr-2.7.7.jar' 
2022-06-02 22:36:52.078 DEBUG [acme.Launcher@main] Found classpath entry '/C:/Users/diego/.m2/repository/org/jboss/jandex/2.1.3.Final/jandex-2.1.3.Final.jar' 
2022-06-02 22:36:52.079 DEBUG [acme.Launcher@main] Found classpath entry '/C:/Users/diego/.m2/repository/com/fasterxml/classmate/1.5.1/classmate-1.5.1.jar' 
2022-06-02 22:36:52.080 DEBUG [acme.Launcher@main] Found classpath entry '/C:/Users/diego/.m2/repository/org/dom4j/dom4j/2.1.3/dom4j-2.1.3.jar' 
2022-06-02 22:36:52.081 DEBUG [acme.Launcher@main] Found classpath entry '/C:/Users/diego/.m2/repository/org/hibernate/common/hibernate-commons-annotations/5.1.2.Final/hibernate-commons-annotations-5.1.2.Final.jar' 
2022-06-02 22:36:52.082 DEBUG [acme.Launcher@main] Found classpath entry '/C:/Users/diego/.m2/repository/org/glassfish/jaxb/jaxb-runtime/2.3.3/jaxb-runtime-2.3.3.jar' 
2022-06-02 22:36:52.082 DEBUG [acme.Launcher@main] Found classpath entry '/C:/Users/diego/.m2/repository/org/glassfish/jaxb/txw2/2.3.3/txw2-2.3.3.jar' 
2022-06-02 22:36:52.083 DEBUG [acme.Launcher@main] Found classpath entry '/C:/Users/diego/.m2/repository/com/sun/istack/istack-commons-runtime/3.0.11/istack-commons-runtime-3.0.11.jar' 
2022-06-02 22:36:52.083 DEBUG [acme.Launcher@main] Found classpath entry '/C:/Users/diego/.m2/repository/com/sun/activation/jakarta.activation/1.2.2/jakarta.activation-1.2.2.jar' 
2022-06-02 22:36:52.084 DEBUG [acme.Launcher@main] Found classpath entry '/C:/Users/diego/.m2/repository/org/springframework/data/spring-data-jpa/2.4.3/spring-data-jpa-2.4.3.jar' 
2022-06-02 22:36:52.085 DEBUG [acme.Launcher@main] Found classpath entry '/C:/Users/diego/.m2/repository/org/springframework/data/spring-data-commons/2.4.3/spring-data-commons-2.4.3.jar' 
2022-06-02 22:36:52.085 DEBUG [acme.Launcher@main] Found classpath entry '/C:/Users/diego/.m2/repository/org/springframework/spring-orm/5.3.3/spring-orm-5.3.3.jar' 
2022-06-02 22:36:52.087 DEBUG [acme.Launcher@main] Found classpath entry '/C:/Users/diego/.m2/repository/org/springframework/spring-aspects/5.3.3/spring-aspects-5.3.3.jar' 
2022-06-02 22:36:52.088 DEBUG [acme.Launcher@main] Found classpath entry '/C:/Users/diego/.m2/repository/org/springframework/boot/spring-boot-starter-validation/2.4.2/spring-boot-starter-validation-2.4.2.jar' 
2022-06-02 22:36:52.088 DEBUG [acme.Launcher@main] Found classpath entry '/C:/Users/diego/.m2/repository/org/hibernate/validator/hibernate-validator/6.1.7.Final/hibernate-validator-6.1.7.Final.jar' 
2022-06-02 22:36:52.089 DEBUG [acme.Launcher@main] Found classpath entry '/C:/Users/diego/.m2/repository/jakarta/validation/jakarta.validation-api/2.0.2/jakarta.validation-api-2.0.2.jar' 
2022-06-02 22:36:52.089 DEBUG [acme.Launcher@main] Found classpath entry '/C:/Users/diego/.m2/repository/mysql/mysql-connector-java/8.0.22/mysql-connector-java-8.0.22.jar' 
2022-06-02 22:36:52.090 DEBUG [acme.Launcher@main] Found classpath entry '/C:/Users/diego/.m2/repository/com/zaxxer/HikariCP/3.4.5/HikariCP-3.4.5.jar' 
2022-06-02 22:36:52.090 DEBUG [acme.Launcher@main] Found classpath entry '/C:/Users/diego/.m2/repository/org/springframework/boot/spring-boot-starter-test/2.4.2/spring-boot-starter-test-2.4.2.jar' 
2022-06-02 22:36:52.091 DEBUG [acme.Launcher@main] Found classpath entry '/C:/Users/diego/.m2/repository/org/springframework/boot/spring-boot-test/2.4.2/spring-boot-test-2.4.2.jar' 
2022-06-02 22:36:52.091 DEBUG [acme.Launcher@main] Found classpath entry '/C:/Users/diego/.m2/repository/org/springframework/boot/spring-boot-test-autoconfigure/2.4.2/spring-boot-test-autoconfigure-2.4.2.jar' 
2022-06-02 22:36:52.092 DEBUG [acme.Launcher@main] Found classpath entry '/C:/Users/diego/.m2/repository/com/jayway/jsonpath/json-path/2.4.0/json-path-2.4.0.jar' 
2022-06-02 22:36:52.092 DEBUG [acme.Launcher@main] Found classpath entry '/C:/Users/diego/.m2/repository/net/minidev/json-smart/2.3/json-smart-2.3.jar' 
2022-06-02 22:36:52.092 DEBUG [acme.Launcher@main] Found classpath entry '/C:/Users/diego/.m2/repository/net/minidev/accessors-smart/1.2/accessors-smart-1.2.jar' 
2022-06-02 22:36:52.093 DEBUG [acme.Launcher@main] Found classpath entry '/C:/Users/diego/.m2/repository/org/ow2/asm/asm/5.0.4/asm-5.0.4.jar' 
2022-06-02 22:36:52.093 DEBUG [acme.Launcher@main] Found classpath entry '/C:/Users/diego/.m2/repository/jakarta/xml/bind/jakarta.xml.bind-api/2.3.3/jakarta.xml.bind-api-2.3.3.jar' 
2022-06-02 22:36:52.094 DEBUG [acme.Launcher@main] Found classpath entry '/C:/Users/diego/.m2/repository/jakarta/activation/jakarta.activation-api/1.2.2/jakarta.activation-api-1.2.2.jar' 
2022-06-02 22:36:52.094 DEBUG [acme.Launcher@main] Found classpath entry '/C:/Users/diego/.m2/repository/org/assertj/assertj-core/3.18.1/assertj-core-3.18.1.jar' 
2022-06-02 22:36:52.094 DEBUG [acme.Launcher@main] Found classpath entry '/C:/Users/diego/.m2/repository/org/hamcrest/hamcrest/2.2/hamcrest-2.2.jar' 
2022-06-02 22:36:52.095 DEBUG [acme.Launcher@main] Found classpath entry '/C:/Users/diego/.m2/repository/org/junit/jupiter/junit-jupiter/5.7.0/junit-jupiter-5.7.0.jar' 
2022-06-02 22:36:52.095 DEBUG [acme.Launcher@main] Found classpath entry '/C:/Users/diego/.m2/repository/org/mockito/mockito-core/3.6.28/mockito-core-3.6.28.jar' 
2022-06-02 22:36:52.095 DEBUG [acme.Launcher@main] Found classpath entry '/C:/Users/diego/.m2/repository/net/bytebuddy/byte-buddy-agent/1.10.19/byte-buddy-agent-1.10.19.jar' 
2022-06-02 22:36:52.096 DEBUG [acme.Launcher@main] Found classpath entry '/C:/Users/diego/.m2/repository/org/objenesis/objenesis/3.1/objenesis-3.1.jar' 
2022-06-02 22:36:52.096 DEBUG [acme.Launcher@main] Found classpath entry '/C:/Users/diego/.m2/repository/org/mockito/mockito-junit-jupiter/3.6.28/mockito-junit-jupiter-3.6.28.jar' 
2022-06-02 22:36:52.104 DEBUG [acme.Launcher@main] Found classpath entry '/C:/Users/diego/.m2/repository/org/skyscreamer/jsonassert/1.5.0/jsonassert-1.5.0.jar' 
2022-06-02 22:36:52.104 DEBUG [acme.Launcher@main] Found classpath entry '/C:/Users/diego/.m2/repository/com/vaadin/external/google/android-json/0.0.20131108.vaadin1/android-json-0.0.20131108.vaadin1.jar' 
2022-06-02 22:36:52.105 DEBUG [acme.Launcher@main] Found classpath entry '/C:/Users/diego/.m2/repository/org/springframework/spring-test/5.3.3/spring-test-5.3.3.jar' 
2022-06-02 22:36:52.105 DEBUG [acme.Launcher@main] Found classpath entry '/C:/Users/diego/.m2/repository/org/xmlunit/xmlunit-core/2.7.0/xmlunit-core-2.7.0.jar' 
2022-06-02 22:36:52.105 DEBUG [acme.Launcher@main] Found classpath entry '/C:/Users/diego/.m2/repository/org/junit/jupiter/junit-jupiter-engine/5.7.0/junit-jupiter-engine-5.7.0.jar' 
2022-06-02 22:36:52.105 DEBUG [acme.Launcher@main] Found classpath entry '/C:/Users/diego/.m2/repository/org/apiguardian/apiguardian-api/1.1.0/apiguardian-api-1.1.0.jar' 
2022-06-02 22:36:52.106 DEBUG [acme.Launcher@main] Found classpath entry '/C:/Users/diego/.m2/repository/org/junit/platform/junit-platform-engine/1.7.0/junit-platform-engine-1.7.0.jar' 
2022-06-02 22:36:52.106 DEBUG [acme.Launcher@main] Found classpath entry '/C:/Users/diego/.m2/repository/org/junit/jupiter/junit-jupiter-api/5.7.0/junit-jupiter-api-5.7.0.jar' 
2022-06-02 22:36:52.106 DEBUG [acme.Launcher@main] Found classpath entry '/C:/Users/diego/.m2/repository/org/opentest4j/opentest4j/1.2.0/opentest4j-1.2.0.jar' 
2022-06-02 22:36:52.107 DEBUG [acme.Launcher@main] Found classpath entry '/C:/Users/diego/.m2/repository/org/junit/platform/junit-platform-commons/1.7.0/junit-platform-commons-1.7.0.jar' 
2022-06-02 22:36:52.107 DEBUG [acme.Launcher@main] Found classpath entry '/C:/Users/diego/.m2/repository/org/junit/jupiter/junit-jupiter-params/5.7.0/junit-jupiter-params-5.7.0.jar' 
2022-06-02 22:36:52.107 DEBUG [acme.Launcher@main] Found classpath entry '/C:/Users/diego/.m2/repository/org/junit/platform/junit-platform-launcher/1.7.0/junit-platform-launcher-1.7.0.jar' 
2022-06-02 22:36:52.108 DEBUG [acme.Launcher@main] Found classpath entry '/C:/Users/diego/.m2/repository/org/seleniumhq/selenium/selenium-java/3.141.59/selenium-java-3.141.59.jar' 
2022-06-02 22:36:52.108 DEBUG [acme.Launcher@main] Found classpath entry '/C:/Users/diego/.m2/repository/org/seleniumhq/selenium/selenium-api/3.141.59/selenium-api-3.141.59.jar' 
2022-06-02 22:36:52.109 DEBUG [acme.Launcher@main] Found classpath entry '/C:/Users/diego/.m2/repository/org/seleniumhq/selenium/selenium-chrome-driver/3.141.59/selenium-chrome-driver-3.141.59.jar' 
2022-06-02 22:36:52.109 DEBUG [acme.Launcher@main] Found classpath entry '/C:/Users/diego/.m2/repository/org/seleniumhq/selenium/selenium-edge-driver/3.141.59/selenium-edge-driver-3.141.59.jar' 
2022-06-02 22:36:52.110 DEBUG [acme.Launcher@main] Found classpath entry '/C:/Users/diego/.m2/repository/org/seleniumhq/selenium/selenium-firefox-driver/3.141.59/selenium-firefox-driver-3.141.59.jar' 
2022-06-02 22:36:52.110 DEBUG [acme.Launcher@main] Found classpath entry '/C:/Users/diego/.m2/repository/org/seleniumhq/selenium/selenium-ie-driver/3.141.59/selenium-ie-driver-3.141.59.jar' 
2022-06-02 22:36:52.112 DEBUG [acme.Launcher@main] Found classpath entry '/C:/Users/diego/.m2/repository/org/seleniumhq/selenium/selenium-opera-driver/3.141.59/selenium-opera-driver-3.141.59.jar' 
2022-06-02 22:36:52.112 DEBUG [acme.Launcher@main] Found classpath entry '/C:/Users/diego/.m2/repository/org/seleniumhq/selenium/selenium-remote-driver/3.141.59/selenium-remote-driver-3.141.59.jar' 
2022-06-02 22:36:52.112 DEBUG [acme.Launcher@main] Found classpath entry '/C:/Users/diego/.m2/repository/org/seleniumhq/selenium/selenium-safari-driver/3.141.59/selenium-safari-driver-3.141.59.jar' 
2022-06-02 22:36:52.113 DEBUG [acme.Launcher@main] Found classpath entry '/C:/Users/diego/.m2/repository/org/seleniumhq/selenium/selenium-support/3.141.59/selenium-support-3.141.59.jar' 
2022-06-02 22:36:52.113 DEBUG [acme.Launcher@main] Found classpath entry '/C:/Users/diego/.m2/repository/net/bytebuddy/byte-buddy/1.10.19/byte-buddy-1.10.19.jar' 
2022-06-02 22:36:52.113 DEBUG [acme.Launcher@main] Found classpath entry '/C:/Users/diego/.m2/repository/org/apache/commons/commons-exec/1.3/commons-exec-1.3.jar' 
2022-06-02 22:36:52.113 DEBUG [acme.Launcher@main] Found classpath entry '/C:/Users/diego/.m2/repository/com/google/guava/guava/25.0-jre/guava-25.0-jre.jar' 
2022-06-02 22:36:52.114 DEBUG [acme.Launcher@main] Found classpath entry '/C:/Users/diego/.m2/repository/com/google/code/findbugs/jsr305/1.3.9/jsr305-1.3.9.jar' 
2022-06-02 22:36:52.114 DEBUG [acme.Launcher@main] Found classpath entry '/C:/Users/diego/.m2/repository/org/checkerframework/checker-compat-qual/2.0.0/checker-compat-qual-2.0.0.jar' 
2022-06-02 22:36:52.114 DEBUG [acme.Launcher@main] Found classpath entry '/C:/Users/diego/.m2/repository/com/google/errorprone/error_prone_annotations/2.1.3/error_prone_annotations-2.1.3.jar' 
2022-06-02 22:36:52.115 DEBUG [acme.Launcher@main] Found classpath entry '/C:/Users/diego/.m2/repository/com/google/j2objc/j2objc-annotations/1.1/j2objc-annotations-1.1.jar' 
2022-06-02 22:36:52.115 DEBUG [acme.Launcher@main] Found classpath entry '/C:/Users/diego/.m2/repository/org/codehaus/mojo/animal-sniffer-annotations/1.14/animal-sniffer-annotations-1.14.jar' 
2022-06-02 22:36:52.116 DEBUG [acme.Launcher@main] Found classpath entry '/C:/Users/diego/.m2/repository/com/squareup/okhttp3/okhttp/3.14.9/okhttp-3.14.9.jar' 
2022-06-02 22:36:52.116 DEBUG [acme.Launcher@main] Found classpath entry '/C:/Users/diego/.m2/repository/com/squareup/okio/okio/1.14.0/okio-1.14.0.jar' 
2022-06-02 22:36:52.117 DEBUG [acme.Launcher@main] Found classpath entry '/C:/Users/diego/.m2/repository/org/apache/commons/commons-lang3/3.11/commons-lang3-3.11.jar' 
2022-06-02 22:36:52.118 DEBUG [acme.Launcher@main] Found classpath entry '/C:/Users/diego/.m2/repository/org/apache/commons/commons-text/1.8/commons-text-1.8.jar' 
2022-06-02 22:36:52.118 DEBUG [acme.Launcher@main] Found classpath entry '/C:/Users/diego/.m2/repository/commons-io/commons-io/2.6/commons-io-2.6.jar' 
2022-06-02 22:36:52.119 DEBUG [acme.Launcher@main] Found classpath entry '/C:/Users/diego/.m2/repository/commons-cli/commons-cli/1.4/commons-cli-1.4.jar' 
2022-06-02 22:36:52.119 DEBUG [acme.Launcher@main] Found classpath entry '/C:/Users/diego/.m2/repository/org/projectlombok/lombok/1.18.16/lombok-1.18.16.jar' 
2022-06-02 22:36:52.120 DEBUG [acme.Launcher@main] Found classpath entry '/C:/Users/diego/.m2/repository/com/opencsv/opencsv/5.4/opencsv-5.4.jar' 
2022-06-02 22:36:52.120 DEBUG [acme.Launcher@main] Found classpath entry '/C:/Users/diego/.m2/repository/commons-beanutils/commons-beanutils/1.9.4/commons-beanutils-1.9.4.jar' 
2022-06-02 22:36:52.121 DEBUG [acme.Launcher@main] Found classpath entry '/C:/Users/diego/.m2/repository/commons-logging/commons-logging/1.2/commons-logging-1.2.jar' 
2022-06-02 22:36:52.121 DEBUG [acme.Launcher@main] Found classpath entry '/C:/Users/diego/.m2/repository/commons-collections/commons-collections/3.2.2/commons-collections-3.2.2.jar' 
2022-06-02 22:36:52.121 DEBUG [acme.Launcher@main] Found classpath entry '/C:/Users/diego/.m2/repository/org/apache/commons/commons-collections4/4.4/commons-collections4-4.4.jar' 
2022-06-02 22:36:52.771 DEBUG [acme.Launcher@main] Found entity class 'acme.artifact.Artifact 
2022-06-02 22:36:52.774 DEBUG [acme.Launcher@main] Found entity class 'acme.artifact.PartOf 
2022-06-02 22:36:52.774 DEBUG [acme.Launcher@main] Found entity class 'acme.artifact.ToolKit 
2022-06-02 22:36:52.775 DEBUG [acme.Launcher@main] Found entity class 'acme.entities.announcement.Announcement 
2022-06-02 22:36:52.775 DEBUG [acme.Launcher@main] Found entity class 'acme.entities.chirp.Chirp 
2022-06-02 22:36:52.776 DEBUG [acme.Launcher@main] Found entity class 'acme.entities.patronage.Patronage 
2022-06-02 22:36:52.776 DEBUG [acme.Launcher@main] Found entity class 'acme.entities.patronage.PatronageReport 
2022-06-02 22:36:52.776 DEBUG [acme.Launcher@main] Found entity class 'acme.roles.Consumer 
2022-06-02 22:36:52.777 DEBUG [acme.Launcher@main] Found entity class 'acme.roles.Inventor 
2022-06-02 22:36:52.777 DEBUG [acme.Launcher@main] Found entity class 'acme.roles.Patron 
2022-06-02 22:36:52.778 DEBUG [acme.Launcher@main] Found entity class 'acme.roles.Provider 
2022-06-02 22:36:52.778 DEBUG [acme.Launcher@main] Found entity class 'acme.systemSetting.SystemSetting 
2022-06-02 22:36:52.778 DEBUG [acme.Launcher@main] Found entity class 'acme.framework.entities.UserAccount 
2022-06-02 22:36:52.779 DEBUG [acme.Launcher@main] Found entity class 'acme.framework.roles.Administrator 
2022-06-02 22:36:52.779 DEBUG [acme.Launcher@main] Found entity class 'acme.framework.roles.Anonymous 
2022-06-02 22:36:52.780 DEBUG [acme.Launcher@main] Found entity class 'acme.framework.roles.Any 
2022-06-02 22:36:52.781 DEBUG [acme.Launcher@main] Found entity class 'acme.framework.roles.Authenticated 
2022-06-02 22:36:52.799 INFO  [acme.Launcher@main] Running application (Standalone) 
2022-06-02 22:36:52.890 DEBUG [acme.framework.components.tiles.DynamicTilesView@http-nio-8080-exec-2] View name 'fragments/welcome', model {} 
2022-06-02 22:36:52.989 DEBUG [org.apache.tiles.definition.dao.BaseLocaleUrlDefinitionDAO@http-nio-8080-exec-2] File Resource file:/C:/Users/diego/OneDrive/Documentos/Mis_Archivos/II-ISW/DP2/Workspace-22.0/Projects/Acme-Toolkit/target/classes/WEB-INF/views/master/tiles_en.xml at file:/C:/Users/diego/OneDrive/Documentos/Mis_Archivos/II-ISW/DP2/Workspace-22.0/Projects/Acme-Toolkit/target/classes/WEB-INF/views/master/tiles_en.xml not found, continue 
2022-06-02 22:36:53.025 DEBUG [org.apache.jasper.servlet.JspServlet@http-nio-8080-exec-2] JspEngine --> /WEB-INF/views/master/page.jsp 
2022-06-02 22:36:53.027 DEBUG [org.apache.jasper.servlet.JspServlet@http-nio-8080-exec-2] ServletPath: /WEB-INF/views/master/page.jsp 
2022-06-02 22:36:53.028 DEBUG [org.apache.jasper.servlet.JspServlet@http-nio-8080-exec-2] PathInfo: null 
2022-06-02 22:36:53.043 DEBUG [org.apache.jasper.servlet.JspServlet@http-nio-8080-exec-2] RealPath: C:\Users\diego\OneDrive\Documentos\Mis_Archivos\II-ISW\DP2\Workspace-22.0\Projects\Acme-Toolkit\target\classes\WEB-INF\views\master\page.jsp 
2022-06-02 22:36:53.045 DEBUG [org.apache.jasper.servlet.JspServlet@http-nio-8080-exec-2] RequestURI: /acme-toolkit-22.1/WEB-INF/views/master/page.jsp 
2022-06-02 22:36:53.047 DEBUG [org.apache.jasper.servlet.JspServlet@http-nio-8080-exec-2] QueryString: null 
2022-06-02 22:37:09.084 DEBUG [acme.framework.configuration.ExtendedMessageSource@http-nio-8080-exec-2] Loading properties [C:\Users\diego\OneDrive\Documentos\Mis_Archivos\II-ISW\DP2\Workspace-22.0\Projects\Acme-Toolkit\target\classes\WEB-INF\views\administrator\admin-dashboard\messages-en.i18n] with encoding 'utf-8' 
2022-06-02 22:37:09.088 DEBUG [acme.framework.configuration.ExtendedMessageSource@http-nio-8080-exec-2] Loading properties [C:\Users\diego\OneDrive\Documentos\Mis_Archivos\II-ISW\DP2\Workspace-22.0\Projects\Acme-Toolkit\target\classes\WEB-INF\views\administrator\announcement\messages-en.i18n] with encoding 'utf-8' 
2022-06-02 22:37:09.091 DEBUG [acme.framework.configuration.ExtendedMessageSource@http-nio-8080-exec-2] Loading properties [C:\Users\diego\OneDrive\Documentos\Mis_Archivos\II-ISW\DP2\Workspace-22.0\Projects\Acme-Toolkit\target\classes\WEB-INF\views\administrator\system-setting\messsages-en.i18n] with encoding 'utf-8' 
2022-06-02 22:37:09.095 DEBUG [acme.framework.configuration.ExtendedMessageSource@http-nio-8080-exec-2] Loading properties [C:\Users\diego\OneDrive\Documentos\Mis_Archivos\II-ISW\DP2\Workspace-22.0\Projects\Acme-Toolkit\target\classes\WEB-INF\views\administrator\user-account\messages-en.i18n] with encoding 'utf-8' 
2022-06-02 22:37:09.099 DEBUG [acme.framework.configuration.ExtendedMessageSource@http-nio-8080-exec-2] Loading properties [C:\Users\diego\OneDrive\Documentos\Mis_Archivos\II-ISW\DP2\Workspace-22.0\Projects\Acme-Toolkit\target\classes\WEB-INF\views\anonymous\user-account\messages-en.i18n] with encoding 'utf-8' 
2022-06-02 22:37:09.102 DEBUG [acme.framework.configuration.ExtendedMessageSource@http-nio-8080-exec-2] Loading properties [C:\Users\diego\OneDrive\Documentos\Mis_Archivos\II-ISW\DP2\Workspace-22.0\Projects\Acme-Toolkit\target\classes\WEB-INF\views\any\artifact\messages-en.i18n] with encoding 'utf-8' 
2022-06-02 22:37:09.104 DEBUG [acme.framework.configuration.ExtendedMessageSource@http-nio-8080-exec-2] Loading properties [C:\Users\diego\OneDrive\Documentos\Mis_Archivos\II-ISW\DP2\Workspace-22.0\Projects\Acme-Toolkit\target\classes\WEB-INF\views\any\chirp\messages-en.i18n] with encoding 'utf-8' 
2022-06-02 22:37:09.107 DEBUG [acme.framework.configuration.ExtendedMessageSource@http-nio-8080-exec-2] Loading properties [C:\Users\diego\OneDrive\Documentos\Mis_Archivos\II-ISW\DP2\Workspace-22.0\Projects\Acme-Toolkit\target\classes\WEB-INF\views\any\part-of\messages-en.i18n] with encoding 'utf-8' 
2022-06-02 22:37:09.109 DEBUG [acme.framework.configuration.ExtendedMessageSource@http-nio-8080-exec-2] Loading properties [C:\Users\diego\OneDrive\Documentos\Mis_Archivos\II-ISW\DP2\Workspace-22.0\Projects\Acme-Toolkit\target\classes\WEB-INF\views\any\tool-kit\messages-en.i18n] with encoding 'utf-8' 
2022-06-02 22:37:09.113 DEBUG [acme.framework.configuration.ExtendedMessageSource@http-nio-8080-exec-2] Loading properties [C:\Users\diego\OneDrive\Documentos\Mis_Archivos\II-ISW\DP2\Workspace-22.0\Projects\Acme-Toolkit\target\classes\WEB-INF\views\any\user-account\messsages-en.i18n] with encoding 'utf-8' 
2022-06-02 22:37:09.115 DEBUG [acme.framework.configuration.ExtendedMessageSource@http-nio-8080-exec-2] Loading properties [C:\Users\diego\OneDrive\Documentos\Mis_Archivos\II-ISW\DP2\Workspace-22.0\Projects\Acme-Toolkit\target\classes\WEB-INF\views\authenticated\announcement\messages-en.i18n] with encoding 'utf-8' 
2022-06-02 22:37:09.116 DEBUG [acme.framework.configuration.ExtendedMessageSource@http-nio-8080-exec-2] Loading properties [C:\Users\diego\OneDrive\Documentos\Mis_Archivos\II-ISW\DP2\Workspace-22.0\Projects\Acme-Toolkit\target\classes\WEB-INF\views\authenticated\consumer\messsages-en.i18n] with encoding 'utf-8' 
2022-06-02 22:37:09.119 DEBUG [acme.framework.configuration.ExtendedMessageSource@http-nio-8080-exec-2] Loading properties [C:\Users\diego\OneDrive\Documentos\Mis_Archivos\II-ISW\DP2\Workspace-22.0\Projects\Acme-Toolkit\target\classes\WEB-INF\views\authenticated\inventor\messsages-en.i18n] with encoding 'utf-8' 
2022-06-02 22:37:09.120 DEBUG [acme.framework.configuration.ExtendedMessageSource@http-nio-8080-exec-2] Loading properties [C:\Users\diego\OneDrive\Documentos\Mis_Archivos\II-ISW\DP2\Workspace-22.0\Projects\Acme-Toolkit\target\classes\WEB-INF\views\authenticated\patron\messsages-en.i18n] with encoding 'utf-8' 
2022-06-02 22:37:09.124 DEBUG [acme.framework.configuration.ExtendedMessageSource@http-nio-8080-exec-2] Loading properties [C:\Users\diego\OneDrive\Documentos\Mis_Archivos\II-ISW\DP2\Workspace-22.0\Projects\Acme-Toolkit\target\classes\WEB-INF\views\authenticated\provider\messsages-en.i18n] with encoding 'utf-8' 
2022-06-02 22:37:09.126 DEBUG [acme.framework.configuration.ExtendedMessageSource@http-nio-8080-exec-2] Loading properties [C:\Users\diego\OneDrive\Documentos\Mis_Archivos\II-ISW\DP2\Workspace-22.0\Projects\Acme-Toolkit\target\classes\WEB-INF\views\authenticated\system-setting\messsages-en.i18n] with encoding 'utf-8' 
2022-06-02 22:37:09.129 DEBUG [acme.framework.configuration.ExtendedMessageSource@http-nio-8080-exec-2] Loading properties [C:\Users\diego\OneDrive\Documentos\Mis_Archivos\II-ISW\DP2\Workspace-22.0\Projects\Acme-Toolkit\target\classes\WEB-INF\views\authenticated\user-account\messages-en.i18n] with encoding 'utf-8' 
2022-06-02 22:37:09.131 DEBUG [acme.framework.configuration.ExtendedMessageSource@http-nio-8080-exec-2] Loading properties [C:\Users\diego\OneDrive\Documentos\Mis_Archivos\II-ISW\DP2\Workspace-22.0\Projects\Acme-Toolkit\target\classes\WEB-INF\views\fragments\banner-en.i18n] with encoding 'utf-8' 
2022-06-02 22:37:09.134 DEBUG [acme.framework.configuration.ExtendedMessageSource@http-nio-8080-exec-2] Loading properties [C:\Users\diego\OneDrive\Documentos\Mis_Archivos\II-ISW\DP2\Workspace-22.0\Projects\Acme-Toolkit\target\classes\WEB-INF\views\fragments\company-en.i18n] with encoding 'utf-8' 
2022-06-02 22:37:09.136 DEBUG [acme.framework.configuration.ExtendedMessageSource@http-nio-8080-exec-2] Loading properties [C:\Users\diego\OneDrive\Documentos\Mis_Archivos\II-ISW\DP2\Workspace-22.0\Projects\Acme-Toolkit\target\classes\WEB-INF\views\fragments\footer-en.i18n] with encoding 'utf-8' 
2022-06-02 22:37:09.138 DEBUG [acme.framework.configuration.ExtendedMessageSource@http-nio-8080-exec-2] Loading properties [C:\Users\diego\OneDrive\Documentos\Mis_Archivos\II-ISW\DP2\Workspace-22.0\Projects\Acme-Toolkit\target\classes\WEB-INF\views\fragments\license-en.i18n] with encoding 'utf-8' 
2022-06-02 22:37:09.141 DEBUG [acme.framework.configuration.ExtendedMessageSource@http-nio-8080-exec-2] Loading properties [C:\Users\diego\OneDrive\Documentos\Mis_Archivos\II-ISW\DP2\Workspace-22.0\Projects\Acme-Toolkit\target\classes\WEB-INF\views\fragments\menu-en.i18n] with encoding 'utf-8' 
2022-06-02 22:37:09.144 DEBUG [acme.framework.configuration.ExtendedMessageSource@http-nio-8080-exec-2] Loading properties [C:\Users\diego\OneDrive\Documentos\Mis_Archivos\II-ISW\DP2\Workspace-22.0\Projects\Acme-Toolkit\target\classes\WEB-INF\views\fragments\messsages-en.i18n] with encoding 'utf-8' 
2022-06-02 22:37:09.147 DEBUG [acme.framework.configuration.ExtendedMessageSource@http-nio-8080-exec-2] Loading properties [C:\Users\diego\OneDrive\Documentos\Mis_Archivos\II-ISW\DP2\Workspace-22.0\Projects\Acme-Toolkit\target\classes\WEB-INF\views\fragments\title-en.i18n] with encoding 'utf-8' 
2022-06-02 22:37:09.149 DEBUG [acme.framework.configuration.ExtendedMessageSource@http-nio-8080-exec-2] Loading properties [C:\Users\diego\OneDrive\Documentos\Mis_Archivos\II-ISW\DP2\Workspace-22.0\Projects\Acme-Toolkit\target\classes\WEB-INF\views\fragments\welcome-en.i18n] with encoding 'utf-8' 
2022-06-02 22:37:09.152 DEBUG [acme.framework.configuration.ExtendedMessageSource@http-nio-8080-exec-2] Loading properties [C:\Users\diego\OneDrive\Documentos\Mis_Archivos\II-ISW\DP2\Workspace-22.0\Projects\Acme-Toolkit\target\classes\WEB-INF\views\inventor\artifact\messages-en.i18n] with encoding 'utf-8' 
2022-06-02 22:37:09.156 DEBUG [acme.framework.configuration.ExtendedMessageSource@http-nio-8080-exec-2] Loading properties [C:\Users\diego\OneDrive\Documentos\Mis_Archivos\II-ISW\DP2\Workspace-22.0\Projects\Acme-Toolkit\target\classes\WEB-INF\views\inventor\part-of\messages-en.i18n] with encoding 'utf-8' 
2022-06-02 22:37:09.158 DEBUG [acme.framework.configuration.ExtendedMessageSource@http-nio-8080-exec-2] Loading properties [C:\Users\diego\OneDrive\Documentos\Mis_Archivos\II-ISW\DP2\Workspace-22.0\Projects\Acme-Toolkit\target\classes\WEB-INF\views\inventor\patronage\messages-en.i18n] with encoding 'utf-8' 
2022-06-02 22:37:09.161 DEBUG [acme.framework.configuration.ExtendedMessageSource@http-nio-8080-exec-2] Loading properties [C:\Users\diego\OneDrive\Documentos\Mis_Archivos\II-ISW\DP2\Workspace-22.0\Projects\Acme-Toolkit\target\classes\WEB-INF\views\inventor\patronage-report\messages-en.i18n] with encoding 'utf-8' 
2022-06-02 22:37:09.163 DEBUG [acme.framework.configuration.ExtendedMessageSource@http-nio-8080-exec-2] Loading properties [C:\Users\diego\OneDrive\Documentos\Mis_Archivos\II-ISW\DP2\Workspace-22.0\Projects\Acme-Toolkit\target\classes\WEB-INF\views\inventor\tool-kit\messages-en.i18n] with encoding 'utf-8' 
2022-06-02 22:37:09.167 DEBUG [acme.framework.configuration.ExtendedMessageSource@http-nio-8080-exec-2] Loading properties [C:\Users\diego\OneDrive\Documentos\Mis_Archivos\II-ISW\DP2\Workspace-22.0\Projects\Acme-Toolkit\target\classes\WEB-INF\views\master\defaults-en.i18n] with encoding 'utf-8' 
2022-06-02 22:37:09.169 DEBUG [acme.framework.configuration.ExtendedMessageSource@http-nio-8080-exec-2] Loading properties [C:\Users\diego\OneDrive\Documentos\Mis_Archivos\II-ISW\DP2\Workspace-22.0\Projects\Acme-Toolkit\target\classes\WEB-INF\views\master\master-en.i18n] with encoding 'utf-8' 
2022-06-02 22:37:09.171 DEBUG [acme.framework.configuration.ExtendedMessageSource@http-nio-8080-exec-2] Loading properties [C:\Users\diego\OneDrive\Documentos\Mis_Archivos\II-ISW\DP2\Workspace-22.0\Projects\Acme-Toolkit\target\classes\WEB-INF\views\master\throwables-en.i18n] with encoding 'utf-8' 
2022-06-02 22:37:09.173 DEBUG [acme.framework.configuration.ExtendedMessageSource@http-nio-8080-exec-2] Loading properties [C:\Users\diego\OneDrive\Documentos\Mis_Archivos\II-ISW\DP2\Workspace-22.0\Projects\Acme-Toolkit\target\classes\WEB-INF\views\master\validation-en.i18n] with encoding 'utf-8' 
2022-06-02 22:37:09.176 DEBUG [acme.framework.configuration.ExtendedMessageSource@http-nio-8080-exec-2] Loading properties [C:\Users\diego\OneDrive\Documentos\Mis_Archivos\II-ISW\DP2\Workspace-22.0\Projects\Acme-Toolkit\target\classes\WEB-INF\views\patron\patronage\messages-en.i18n] with encoding 'utf-8' 
2022-06-02 22:37:09.906 DEBUG [org.apache.jasper.servlet.JspServlet@http-nio-8080-exec-2] JspEngine --> /WEB-INF/views/fragments/welcome.jsp 
2022-06-02 22:37:09.908 DEBUG [org.apache.jasper.servlet.JspServlet@http-nio-8080-exec-2] ServletPath: /WEB-INF/views/master/page.jsp 
2022-06-02 22:37:09.909 DEBUG [org.apache.jasper.servlet.JspServlet@http-nio-8080-exec-2] PathInfo: null 
2022-06-02 22:37:09.917 DEBUG [org.apache.jasper.servlet.JspServlet@http-nio-8080-exec-2] RealPath: C:\Users\diego\OneDrive\Documentos\Mis_Archivos\II-ISW\DP2\Workspace-22.0\Projects\Acme-Toolkit\target\classes\WEB-INF\views\fragments\welcome.jsp 
2022-06-02 22:37:09.918 DEBUG [org.apache.jasper.servlet.JspServlet@http-nio-8080-exec-2] RequestURI: /acme-toolkit-22.1/WEB-INF/views/master/page.jsp 
2022-06-02 22:37:09.919 DEBUG [org.apache.jasper.servlet.JspServlet@http-nio-8080-exec-2] QueryString: null 
2022-06-02 22:37:11.283 DEBUG [org.hibernate.SQL@http-nio-8080-exec-2] select useraccoun0_.id as id1_0_, useraccoun0_.version as version2_0_, useraccoun0_.enabled as enabled1_17_, useraccoun0_.identity as identity2_17_, useraccoun0_.password as password3_17_, useraccoun0_.username as username4_17_ from user_account useraccoun0_ where useraccoun0_.username=? 
2022-06-02 22:37:11.369 TRACE [org.hibernate.type.descriptor.sql.BasicBinder@http-nio-8080-exec-2] binding parameter [1] as [VARCHAR] - [anonymous] 
2022-06-02 22:37:11.587 DEBUG [org.hibernate.SQL@http-nio-8080-exec-2] select roles0_.user_account_id as user_acc1_18_0_, roles0_.id as id1_18_0_, roles0_.id as id1_0_1_, roles0_.version as version2_0_1_, roles0_.user_account_id as user_acc1_18_1_, roles0_.company as company1_8_1_, roles0_.sector as sector2_8_1_, roles0_.company as company1_9_1_, roles0_.link as link2_9_1_, roles0_.statement as statemen3_9_1_, roles0_.company as company1_11_1_, roles0_.link as link2_11_1_, roles0_.statement as statemen3_11_1_, roles0_.company as company1_14_1_, roles0_.sector as sector2_14_1_, roles0_.clazz_ as clazz_1_ from ( select id, version, user_account_id, company, sector, null as link, null as statement, 9 as clazz_ from consumer union all select id, version, user_account_id, company, null as sector, link, statement, 10 as clazz_ from inventor union all select id, version, user_account_id, company, null as sector, link, statement, 11 as clazz_ from patron union all select id, version, user_account_id, company, sector, null as link, null as statement, 12 as clazz_ from provider union all select id, version, user_account_id, null as company, null as sector, null as link, null as statement, 15 as clazz_ from administrator union all select id, version, user_account_id, null as company, null as sector, null as link, null as statement, 16 as clazz_ from anonymous union all select id, version, user_account_id, null as company, null as sector, null as link, null as statement, 17 as clazz_ from any union all select id, version, user_account_id, null as company, null as sector, null as link, null as statement, 18 as clazz_ from authenticated ) roles0_ where roles0_.user_account_id=? 
2022-06-02 22:37:11.589 TRACE [org.hibernate.type.descriptor.sql.BasicBinder@http-nio-8080-exec-2] binding parameter [1] as [INTEGER] - [1] 
2022-06-02 22:37:37.181 DEBUG [acme.framework.components.tiles.DynamicTilesView@http-nio-8080-exec-2] View name 'master/sign-in', model {username=, password=, remember=false} 
2022-06-02 22:37:37.184 DEBUG [org.apache.jasper.servlet.JspServlet@http-nio-8080-exec-2] JspEngine --> /WEB-INF/views/master/page.jsp 
2022-06-02 22:37:37.185 DEBUG [org.apache.jasper.servlet.JspServlet@http-nio-8080-exec-2] ServletPath: /WEB-INF/views/master/page.jsp 
2022-06-02 22:37:37.187 DEBUG [org.apache.jasper.servlet.JspServlet@http-nio-8080-exec-2] PathInfo: null 
2022-06-02 22:37:37.193 DEBUG [org.apache.jasper.servlet.JspServlet@http-nio-8080-exec-2] RealPath: C:\Users\diego\OneDrive\Documentos\Mis_Archivos\II-ISW\DP2\Workspace-22.0\Projects\Acme-Toolkit\target\classes\WEB-INF\views\master\page.jsp 
2022-06-02 22:37:37.195 DEBUG [org.apache.jasper.servlet.JspServlet@http-nio-8080-exec-2] RequestURI: /acme-toolkit-22.1/WEB-INF/views/master/page.jsp 
2022-06-02 22:37:37.195 DEBUG [org.apache.jasper.servlet.JspServlet@http-nio-8080-exec-2] QueryString: null 
2022-06-02 22:37:37.548 DEBUG [org.apache.jasper.servlet.JspServlet@http-nio-8080-exec-2] JspEngine --> /WEB-INF/views/master/sign-in.jsp 
2022-06-02 22:37:37.549 DEBUG [org.apache.jasper.servlet.JspServlet@http-nio-8080-exec-2] ServletPath: /WEB-INF/views/master/page.jsp 
2022-06-02 22:37:37.551 DEBUG [org.apache.jasper.servlet.JspServlet@http-nio-8080-exec-2] PathInfo: null 
2022-06-02 22:37:37.553 DEBUG [org.apache.jasper.servlet.JspServlet@http-nio-8080-exec-2] RealPath: C:\Users\diego\OneDrive\Documentos\Mis_Archivos\II-ISW\DP2\Workspace-22.0\Projects\Acme-Toolkit\target\classes\WEB-INF\views\master\sign-in.jsp 
2022-06-02 22:37:37.554 DEBUG [org.apache.jasper.servlet.JspServlet@http-nio-8080-exec-2] RequestURI: /acme-toolkit-22.1/WEB-INF/views/master/page.jsp 
2022-06-02 22:37:37.555 DEBUG [org.apache.jasper.servlet.JspServlet@http-nio-8080-exec-2] QueryString: null 
2022-06-02 22:37:44.550 DEBUG [org.hibernate.SQL@http-nio-8080-exec-2] select useraccoun0_.id as id1_0_, useraccoun0_.version as version2_0_, useraccoun0_.enabled as enabled1_17_, useraccoun0_.identity as identity2_17_, useraccoun0_.password as password3_17_, useraccoun0_.username as username4_17_ from user_account useraccoun0_ where useraccoun0_.username=? 
2022-06-02 22:37:44.553 TRACE [org.hibernate.type.descriptor.sql.BasicBinder@http-nio-8080-exec-2] binding parameter [1] as [VARCHAR] - [anonymous] 
2022-06-02 22:37:44.558 DEBUG [org.hibernate.SQL@http-nio-8080-exec-2] select roles0_.user_account_id as user_acc1_18_0_, roles0_.id as id1_18_0_, roles0_.id as id1_0_1_, roles0_.version as version2_0_1_, roles0_.user_account_id as user_acc1_18_1_, roles0_.company as company1_8_1_, roles0_.sector as sector2_8_1_, roles0_.company as company1_9_1_, roles0_.link as link2_9_1_, roles0_.statement as statemen3_9_1_, roles0_.company as company1_11_1_, roles0_.link as link2_11_1_, roles0_.statement as statemen3_11_1_, roles0_.company as company1_14_1_, roles0_.sector as sector2_14_1_, roles0_.clazz_ as clazz_1_ from ( select id, version, user_account_id, company, sector, null as link, null as statement, 9 as clazz_ from consumer union all select id, version, user_account_id, company, null as sector, link, statement, 10 as clazz_ from inventor union all select id, version, user_account_id, company, null as sector, link, statement, 11 as clazz_ from patron union all select id, version, user_account_id, company, sector, null as link, null as statement, 12 as clazz_ from provider union all select id, version, user_account_id, null as company, null as sector, null as link, null as statement, 15 as clazz_ from administrator union all select id, version, user_account_id, null as company, null as sector, null as link, null as statement, 16 as clazz_ from anonymous union all select id, version, user_account_id, null as company, null as sector, null as link, null as statement, 17 as clazz_ from any union all select id, version, user_account_id, null as company, null as sector, null as link, null as statement, 18 as clazz_ from authenticated ) roles0_ where roles0_.user_account_id=? 
2022-06-02 22:37:44.560 TRACE [org.hibernate.type.descriptor.sql.BasicBinder@http-nio-8080-exec-2] binding parameter [1] as [INTEGER] - [1] 
2022-06-02 22:37:59.731 DEBUG [org.hibernate.SQL@http-nio-8080-exec-10] select useraccoun0_.id as id1_0_, useraccoun0_.version as version2_0_, useraccoun0_.enabled as enabled1_17_, useraccoun0_.identity as identity2_17_, useraccoun0_.password as password3_17_, useraccoun0_.username as username4_17_ from user_account useraccoun0_ where useraccoun0_.username=? 
2022-06-02 22:37:59.733 TRACE [org.hibernate.type.descriptor.sql.BasicBinder@http-nio-8080-exec-10] binding parameter [1] as [VARCHAR] - [inventor1] 
2022-06-02 22:37:59.739 DEBUG [org.hibernate.SQL@http-nio-8080-exec-10] select roles0_.user_account_id as user_acc1_18_0_, roles0_.id as id1_18_0_, roles0_.id as id1_0_1_, roles0_.version as version2_0_1_, roles0_.user_account_id as user_acc1_18_1_, roles0_.company as company1_8_1_, roles0_.sector as sector2_8_1_, roles0_.company as company1_9_1_, roles0_.link as link2_9_1_, roles0_.statement as statemen3_9_1_, roles0_.company as company1_11_1_, roles0_.link as link2_11_1_, roles0_.statement as statemen3_11_1_, roles0_.company as company1_14_1_, roles0_.sector as sector2_14_1_, roles0_.clazz_ as clazz_1_ from ( select id, version, user_account_id, company, sector, null as link, null as statement, 9 as clazz_ from consumer union all select id, version, user_account_id, company, null as sector, link, statement, 10 as clazz_ from inventor union all select id, version, user_account_id, company, null as sector, link, statement, 11 as clazz_ from patron union all select id, version, user_account_id, company, sector, null as link, null as statement, 12 as clazz_ from provider union all select id, version, user_account_id, null as company, null as sector, null as link, null as statement, 15 as clazz_ from administrator union all select id, version, user_account_id, null as company, null as sector, null as link, null as statement, 16 as clazz_ from anonymous union all select id, version, user_account_id, null as company, null as sector, null as link, null as statement, 17 as clazz_ from any union all select id, version, user_account_id, null as company, null as sector, null as link, null as statement, 18 as clazz_ from authenticated ) roles0_ where roles0_.user_account_id=? 
2022-06-02 22:37:59.742 TRACE [org.hibernate.type.descriptor.sql.BasicBinder@http-nio-8080-exec-10] binding parameter [1] as [INTEGER] - [6] 
2022-06-02 22:37:59.799 DEBUG [acme.framework.components.tiles.DynamicTilesView@http-nio-8080-exec-3] View name 'fragments/welcome', model {} 
2022-06-02 22:37:59.802 DEBUG [org.apache.jasper.servlet.JspServlet@http-nio-8080-exec-3] JspEngine --> /WEB-INF/views/master/page.jsp 
2022-06-02 22:37:59.804 DEBUG [org.apache.jasper.servlet.JspServlet@http-nio-8080-exec-3] ServletPath: /WEB-INF/views/master/page.jsp 
2022-06-02 22:37:59.804 DEBUG [org.apache.jasper.servlet.JspServlet@http-nio-8080-exec-3] PathInfo: null 
2022-06-02 22:37:59.813 DEBUG [org.apache.jasper.servlet.JspServlet@http-nio-8080-exec-3] RealPath: C:\Users\diego\OneDrive\Documentos\Mis_Archivos\II-ISW\DP2\Workspace-22.0\Projects\Acme-Toolkit\target\classes\WEB-INF\views\master\page.jsp 
2022-06-02 22:37:59.814 DEBUG [org.apache.jasper.servlet.JspServlet@http-nio-8080-exec-3] RequestURI: /acme-toolkit-22.1/WEB-INF/views/master/page.jsp 
2022-06-02 22:37:59.815 DEBUG [org.apache.jasper.servlet.JspServlet@http-nio-8080-exec-3] QueryString: null 
2022-06-02 22:38:00.280 DEBUG [org.apache.jasper.servlet.JspServlet@http-nio-8080-exec-3] JspEngine --> /WEB-INF/views/fragments/welcome.jsp 
2022-06-02 22:38:00.281 DEBUG [org.apache.jasper.servlet.JspServlet@http-nio-8080-exec-3] ServletPath: /WEB-INF/views/master/page.jsp 
2022-06-02 22:38:00.283 DEBUG [org.apache.jasper.servlet.JspServlet@http-nio-8080-exec-3] PathInfo: null 
2022-06-02 22:38:00.290 DEBUG [org.apache.jasper.servlet.JspServlet@http-nio-8080-exec-3] RealPath: C:\Users\diego\OneDrive\Documentos\Mis_Archivos\II-ISW\DP2\Workspace-22.0\Projects\Acme-Toolkit\target\classes\WEB-INF\views\fragments\welcome.jsp 
2022-06-02 22:38:00.292 DEBUG [org.apache.jasper.servlet.JspServlet@http-nio-8080-exec-3] RequestURI: /acme-toolkit-22.1/WEB-INF/views/master/page.jsp 
2022-06-02 22:38:00.294 DEBUG [org.apache.jasper.servlet.JspServlet@http-nio-8080-exec-3] QueryString: null 
2022-06-02 22:38:04.060 DEBUG [acme.framework.controllers.AbstractController@http-nio-8080-exec-2] DISPATCHING GET /acme-toolkit-22.1/inventor/tool-kit/list 
2022-06-02 22:38:04.060 DEBUG [acme.framework.controllers.AbstractController@http-nio-8080-exec-2] Command: list 
2022-06-02 22:38:04.061 DEBUG [acme.framework.controllers.AbstractController@http-nio-8080-exec-2] Model:   {} 
2022-06-02 22:38:04.061 DEBUG [acme.framework.controllers.AbstractController@http-nio-8080-exec-2] Locale:  en 
2022-06-02 22:38:04.061 DEBUG [acme.framework.controllers.AbstractController@http-nio-8080-exec-2] Starting transaction c421f72e-6815-4f16-9532-38b7b53e52db 
2022-06-02 22:38:04.093 DEBUG [org.hibernate.SQL@http-nio-8080-exec-2] select toolkit0_.id as id1_0_, toolkit0_.version as version2_0_, toolkit0_.assembly_notes as assembly1_16_, toolkit0_.code as code2_16_, toolkit0_.description as descript3_16_, toolkit0_.inventor_id as inventor7_16_, toolkit0_.is_publish as is_publi4_16_, toolkit0_.link as link5_16_, toolkit0_.title as title6_16_ from tool_kit toolkit0_ where toolkit0_.inventor_id=? 
2022-06-02 22:38:04.094 TRACE [org.hibernate.type.descriptor.sql.BasicBinder@http-nio-8080-exec-2] binding parameter [1] as [INTEGER] - [9] 
2022-06-02 22:38:04.097 DEBUG [org.hibernate.SQL@http-nio-8080-exec-2] select inventor0_.id as id1_0_0_, inventor0_.version as version2_0_0_, inventor0_.user_account_id as user_acc1_18_0_, inventor0_.company as company1_9_0_, inventor0_.link as link2_9_0_, inventor0_.statement as statemen3_9_0_, useraccoun1_.id as id1_0_1_, useraccoun1_.version as version2_0_1_, useraccoun1_.enabled as enabled1_17_1_, useraccoun1_.identity as identity2_17_1_, useraccoun1_.password as password3_17_1_, useraccoun1_.username as username4_17_1_ from inventor inventor0_ inner join user_account useraccoun1_ on inventor0_.user_account_id=useraccoun1_.id where inventor0_.id=? 
2022-06-02 22:38:04.098 TRACE [org.hibernate.type.descriptor.sql.BasicBinder@http-nio-8080-exec-2] binding parameter [1] as [INTEGER] - [9] 
2022-06-02 22:38:04.177 DEBUG [acme.framework.controllers.AbstractController@http-nio-8080-exec-2] Committing transaction c421f72e-6815-4f16-9532-38b7b53e52db 
2022-06-02 22:38:04.182 DEBUG [acme.framework.controllers.AbstractController@http-nio-8080-exec-2] Starting transaction 92830977-6f0d-4c0d-b042-43c6c99bae33 
2022-06-02 22:38:04.184 DEBUG [acme.framework.controllers.AbstractController@http-nio-8080-exec-2] Committing transaction 92830977-6f0d-4c0d-b042-43c6c99bae33 
2022-06-02 22:38:04.186 DEBUG [acme.framework.controllers.AbstractController@http-nio-8080-exec-2] SERVING GET /acme-toolkit-22.1/inventor/tool-kit/list 
2022-06-02 22:38:04.186 DEBUG [acme.framework.controllers.AbstractController@http-nio-8080-exec-2] Result: ModelAndView [view="inventor/tool-kit/list"; model={title[1]=Toolkit 1, version[1]=0, code[0]=AKL-869-A, version[0]=0, title[0]=Toolkit 4, code[1]=AAA-000-P, id[1]=17, id[0]=16, list$size=2, command=list, principal=acme.framework.entities.Principal@3959d09}] 
2022-06-02 22:38:04.197 DEBUG [acme.framework.components.tiles.DynamicTilesView@http-nio-8080-exec-2] View name 'inventor/tool-kit/list', model {title[1]=Toolkit 1, version[1]=0, code[0]=AKL-869-A, version[0]=0, title[0]=Toolkit 4, code[1]=AAA-000-P, id[1]=17, id[0]=16, list$size=2, command=list, principal=acme.framework.entities.Principal@3959d09, org.springframework.validation.BindingResult.principal=org.springframework.validation.BeanPropertyBindingResult: 0 errors} 
2022-06-02 22:38:04.201 DEBUG [org.apache.jasper.servlet.JspServlet@http-nio-8080-exec-2] JspEngine --> /WEB-INF/views/master/page.jsp 
2022-06-02 22:38:04.202 DEBUG [org.apache.jasper.servlet.JspServlet@http-nio-8080-exec-2] ServletPath: /WEB-INF/views/master/page.jsp 
2022-06-02 22:38:04.203 DEBUG [org.apache.jasper.servlet.JspServlet@http-nio-8080-exec-2] PathInfo: null 
2022-06-02 22:38:04.204 DEBUG [org.apache.jasper.servlet.JspServlet@http-nio-8080-exec-2] RealPath: C:\Users\diego\OneDrive\Documentos\Mis_Archivos\II-ISW\DP2\Workspace-22.0\Projects\Acme-Toolkit\target\classes\WEB-INF\views\master\page.jsp 
2022-06-02 22:38:04.205 DEBUG [org.apache.jasper.servlet.JspServlet@http-nio-8080-exec-2] RequestURI: /acme-toolkit-22.1/WEB-INF/views/master/page.jsp 
2022-06-02 22:38:04.206 DEBUG [org.apache.jasper.servlet.JspServlet@http-nio-8080-exec-2] QueryString: null 
2022-06-02 22:38:04.620 DEBUG [org.apache.jasper.servlet.JspServlet@http-nio-8080-exec-2] JspEngine --> /WEB-INF/views/inventor/tool-kit/list.jsp 
2022-06-02 22:38:04.622 DEBUG [org.apache.jasper.servlet.JspServlet@http-nio-8080-exec-2] ServletPath: /WEB-INF/views/master/page.jsp 
2022-06-02 22:38:04.623 DEBUG [org.apache.jasper.servlet.JspServlet@http-nio-8080-exec-2] PathInfo: null 
2022-06-02 22:38:04.630 DEBUG [org.apache.jasper.servlet.JspServlet@http-nio-8080-exec-2] RealPath: C:\Users\diego\OneDrive\Documentos\Mis_Archivos\II-ISW\DP2\Workspace-22.0\Projects\Acme-Toolkit\target\classes\WEB-INF\views\inventor\tool-kit\list.jsp 
2022-06-02 22:38:04.632 DEBUG [org.apache.jasper.servlet.JspServlet@http-nio-8080-exec-2] RequestURI: /acme-toolkit-22.1/WEB-INF/views/master/page.jsp 
2022-06-02 22:38:04.633 DEBUG [org.apache.jasper.servlet.JspServlet@http-nio-8080-exec-2] QueryString: null 
2022-06-02 22:38:13.406 DEBUG [acme.framework.controllers.AbstractController@http-nio-8080-exec-9] DISPATCHING GET /acme-toolkit-22.1/inventor/tool-kit/show 
2022-06-02 22:38:13.407 DEBUG [acme.framework.controllers.AbstractController@http-nio-8080-exec-9] Command: show 
2022-06-02 22:38:13.407 DEBUG [acme.framework.controllers.AbstractController@http-nio-8080-exec-9] Model:   {id=17} 
2022-06-02 22:38:13.407 DEBUG [acme.framework.controllers.AbstractController@http-nio-8080-exec-9] Locale:  en 
2022-06-02 22:38:13.408 DEBUG [acme.framework.controllers.AbstractController@http-nio-8080-exec-9] Starting transaction 4c1fdec1-1d68-4334-a096-952bee733482 
2022-06-02 22:38:13.418 DEBUG [org.hibernate.SQL@http-nio-8080-exec-9] select toolkit0_.id as id1_0_, toolkit0_.version as version2_0_, toolkit0_.assembly_notes as assembly1_16_, toolkit0_.code as code2_16_, toolkit0_.description as descript3_16_, toolkit0_.inventor_id as inventor7_16_, toolkit0_.is_publish as is_publi4_16_, toolkit0_.link as link5_16_, toolkit0_.title as title6_16_ from tool_kit toolkit0_ where toolkit0_.id=? 
2022-06-02 22:38:13.419 TRACE [org.hibernate.type.descriptor.sql.BasicBinder@http-nio-8080-exec-9] binding parameter [1] as [INTEGER] - [17] 
2022-06-02 22:38:13.423 DEBUG [org.hibernate.SQL@http-nio-8080-exec-9] select inventor0_.id as id1_0_0_, inventor0_.version as version2_0_0_, inventor0_.user_account_id as user_acc1_18_0_, inventor0_.company as company1_9_0_, inventor0_.link as link2_9_0_, inventor0_.statement as statemen3_9_0_, useraccoun1_.id as id1_0_1_, useraccoun1_.version as version2_0_1_, useraccoun1_.enabled as enabled1_17_1_, useraccoun1_.identity as identity2_17_1_, useraccoun1_.password as password3_17_1_, useraccoun1_.username as username4_17_1_ from inventor inventor0_ inner join user_account useraccoun1_ on inventor0_.user_account_id=useraccoun1_.id where inventor0_.id=? 
2022-06-02 22:38:13.426 TRACE [org.hibernate.type.descriptor.sql.BasicBinder@http-nio-8080-exec-9] binding parameter [1] as [INTEGER] - [9] 
2022-06-02 22:38:13.437 DEBUG [acme.framework.controllers.AbstractController@http-nio-8080-exec-9] Committing transaction 4c1fdec1-1d68-4334-a096-952bee733482 
2022-06-02 22:38:13.440 DEBUG [acme.framework.controllers.AbstractController@http-nio-8080-exec-9] Starting transaction 608f8986-b16e-43ad-942a-7bcd7119f767 
2022-06-02 22:38:13.443 DEBUG [acme.framework.controllers.AbstractController@http-nio-8080-exec-9] Committing transaction 608f8986-b16e-43ad-942a-7bcd7119f767 
2022-06-02 22:38:13.445 DEBUG [acme.framework.controllers.AbstractController@http-nio-8080-exec-9] SERVING GET /acme-toolkit-22.1/inventor/tool-kit/show 
2022-06-02 22:38:13.445 DEBUG [acme.framework.controllers.AbstractController@http-nio-8080-exec-9] Result: ModelAndView [view="inventor/tool-kit/form"; model={assemblyNotes=Assembly notes for toolkit number 1, code=AAA-000-P, link=https://es.wikipedia.org/wiki/Artefacto, description=This is the first toolkit, id=17, title=Toolkit 1, isPublish=false, version=0, command=show, principal=acme.framework.entities.Principal@3959d09}] 
2022-06-02 22:38:13.447 DEBUG [acme.framework.components.tiles.DynamicTilesView@http-nio-8080-exec-9] View name 'inventor/tool-kit/form', model {assemblyNotes=Assembly notes for toolkit number 1, code=AAA-000-P, link=https://es.wikipedia.org/wiki/Artefacto, description=This is the first toolkit, id=17, title=Toolkit 1, isPublish=false, version=0, command=show, principal=acme.framework.entities.Principal@3959d09, org.springframework.validation.BindingResult.principal=org.springframework.validation.BeanPropertyBindingResult: 0 errors} 
2022-06-02 22:38:13.450 DEBUG [org.apache.jasper.servlet.JspServlet@http-nio-8080-exec-9] JspEngine --> /WEB-INF/views/master/page.jsp 
2022-06-02 22:38:13.451 DEBUG [org.apache.jasper.servlet.JspServlet@http-nio-8080-exec-9] ServletPath: /WEB-INF/views/master/page.jsp 
2022-06-02 22:38:13.453 DEBUG [org.apache.jasper.servlet.JspServlet@http-nio-8080-exec-9] PathInfo: null 
2022-06-02 22:38:13.462 DEBUG [org.apache.jasper.servlet.JspServlet@http-nio-8080-exec-9] RealPath: C:\Users\diego\OneDrive\Documentos\Mis_Archivos\II-ISW\DP2\Workspace-22.0\Projects\Acme-Toolkit\target\classes\WEB-INF\views\master\page.jsp 
2022-06-02 22:38:13.463 DEBUG [org.apache.jasper.servlet.JspServlet@http-nio-8080-exec-9] RequestURI: /acme-toolkit-22.1/WEB-INF/views/master/page.jsp 
2022-06-02 22:38:13.465 DEBUG [org.apache.jasper.servlet.JspServlet@http-nio-8080-exec-9] QueryString: id=17 
2022-06-02 22:38:14.227 DEBUG [org.apache.jasper.servlet.JspServlet@http-nio-8080-exec-9] JspEngine --> /WEB-INF/views/inventor/tool-kit/form.jsp 
2022-06-02 22:38:14.229 DEBUG [org.apache.jasper.servlet.JspServlet@http-nio-8080-exec-9] ServletPath: /WEB-INF/views/master/page.jsp 
2022-06-02 22:38:14.231 DEBUG [org.apache.jasper.servlet.JspServlet@http-nio-8080-exec-9] PathInfo: null 
2022-06-02 22:38:14.239 DEBUG [org.apache.jasper.servlet.JspServlet@http-nio-8080-exec-9] RealPath: C:\Users\diego\OneDrive\Documentos\Mis_Archivos\II-ISW\DP2\Workspace-22.0\Projects\Acme-Toolkit\target\classes\WEB-INF\views\inventor\tool-kit\form.jsp 
2022-06-02 22:38:14.243 DEBUG [org.apache.jasper.servlet.JspServlet@http-nio-8080-exec-9] RequestURI: /acme-toolkit-22.1/WEB-INF/views/master/page.jsp 
2022-06-02 22:38:14.245 DEBUG [org.apache.jasper.servlet.JspServlet@http-nio-8080-exec-9] QueryString: id=17 
2022-06-02 22:38:23.336 DEBUG [acme.framework.controllers.AbstractController@http-nio-8080-exec-7] DISPATCHING GET /acme-toolkit-22.1/inventor/part-of/list-tool 
2022-06-02 22:38:23.337 DEBUG [acme.framework.controllers.AbstractController@http-nio-8080-exec-7] Command: list-tool 
2022-06-02 22:38:23.337 DEBUG [acme.framework.controllers.AbstractController@http-nio-8080-exec-7] Model:   {masterId=17} 
2022-06-02 22:38:23.337 DEBUG [acme.framework.controllers.AbstractController@http-nio-8080-exec-7] Locale:  en 
2022-06-02 22:38:23.337 DEBUG [acme.framework.controllers.AbstractController@http-nio-8080-exec-7] Starting transaction ae262f85-7540-43a6-a95f-6c745505d5e2 
2022-06-02 22:38:23.341 DEBUG [org.hibernate.SQL@http-nio-8080-exec-7] select partof0_.id as id1_0_, partof0_.version as version2_0_, partof0_.artifact_id as artifact2_10_, partof0_.quantity as quantity1_10_, partof0_.toolkit_id as toolkit_3_10_ from part_of partof0_ cross join artifact artifact1_ where partof0_.artifact_id=artifact1_.id and partof0_.toolkit_id=? and artifact1_.type=? 
2022-06-02 22:38:23.342 TRACE [org.hibernate.type.descriptor.sql.BasicBinder@http-nio-8080-exec-7] binding parameter [1] as [INTEGER] - [17] 
2022-06-02 22:38:23.342 TRACE [org.hibernate.type.descriptor.sql.BasicBinder@http-nio-8080-exec-7] binding parameter [2] as [INTEGER] - [1] 
2022-06-02 22:38:23.345 DEBUG [org.hibernate.SQL@http-nio-8080-exec-7] select artifact0_.id as id1_0_0_, artifact0_.version as version2_0_0_, artifact0_.code as code1_5_0_, artifact0_.description as descript2_5_0_, artifact0_.inventor_id as invento10_5_0_, artifact0_.is_publish as is_publi3_5_0_, artifact0_.link as link4_5_0_, artifact0_.name as name5_5_0_, artifact0_.retail_price_amount as retail_p6_5_0_, artifact0_.retail_price_currency as retail_p7_5_0_, artifact0_.technology as technolo8_5_0_, artifact0_.type as type9_5_0_, inventor1_.id as id1_0_1_, inventor1_.version as version2_0_1_, inventor1_.user_account_id as user_acc1_18_1_, inventor1_.company as company1_9_1_, inventor1_.link as link2_9_1_, inventor1_.statement as statemen3_9_1_, useraccoun2_.id as id1_0_2_, useraccoun2_.version as version2_0_2_, useraccoun2_.enabled as enabled1_17_2_, useraccoun2_.identity as identity2_17_2_, useraccoun2_.password as password3_17_2_, useraccoun2_.username as username4_17_2_ from artifact artifact0_ inner join inventor inventor1_ on artifact0_.inventor_id=inventor1_.id inner join user_account useraccoun2_ on inventor1_.user_account_id=useraccoun2_.id where artifact0_.id=? 
2022-06-02 22:38:23.346 TRACE [org.hibernate.type.descriptor.sql.BasicBinder@http-nio-8080-exec-7] binding parameter [1] as [INTEGER] - [14] 
2022-06-02 22:38:23.355 DEBUG [org.hibernate.SQL@http-nio-8080-exec-7] select toolkit0_.id as id1_0_0_, toolkit0_.version as version2_0_0_, toolkit0_.assembly_notes as assembly1_16_0_, toolkit0_.code as code2_16_0_, toolkit0_.description as descript3_16_0_, toolkit0_.inventor_id as inventor7_16_0_, toolkit0_.is_publish as is_publi4_16_0_, toolkit0_.link as link5_16_0_, toolkit0_.title as title6_16_0_, inventor1_.id as id1_0_1_, inventor1_.version as version2_0_1_, inventor1_.user_account_id as user_acc1_18_1_, inventor1_.company as company1_9_1_, inventor1_.link as link2_9_1_, inventor1_.statement as statemen3_9_1_, useraccoun2_.id as id1_0_2_, useraccoun2_.version as version2_0_2_, useraccoun2_.enabled as enabled1_17_2_, useraccoun2_.identity as identity2_17_2_, useraccoun2_.password as password3_17_2_, useraccoun2_.username as username4_17_2_ from tool_kit toolkit0_ inner join inventor inventor1_ on toolkit0_.inventor_id=inventor1_.id inner join user_account useraccoun2_ on inventor1_.user_account_id=useraccoun2_.id where toolkit0_.id=? 
2022-06-02 22:38:23.356 TRACE [org.hibernate.type.descriptor.sql.BasicBinder@http-nio-8080-exec-7] binding parameter [1] as [INTEGER] - [17] 
2022-06-02 22:38:23.360 DEBUG [org.hibernate.SQL@http-nio-8080-exec-7] select artifact0_.id as id1_0_0_, artifact0_.version as version2_0_0_, artifact0_.code as code1_5_0_, artifact0_.description as descript2_5_0_, artifact0_.inventor_id as invento10_5_0_, artifact0_.is_publish as is_publi3_5_0_, artifact0_.link as link4_5_0_, artifact0_.name as name5_5_0_, artifact0_.retail_price_amount as retail_p6_5_0_, artifact0_.retail_price_currency as retail_p7_5_0_, artifact0_.technology as technolo8_5_0_, artifact0_.type as type9_5_0_, inventor1_.id as id1_0_1_, inventor1_.version as version2_0_1_, inventor1_.user_account_id as user_acc1_18_1_, inventor1_.company as company1_9_1_, inventor1_.link as link2_9_1_, inventor1_.statement as statemen3_9_1_, useraccoun2_.id as id1_0_2_, useraccoun2_.version as version2_0_2_, useraccoun2_.enabled as enabled1_17_2_, useraccoun2_.identity as identity2_17_2_, useraccoun2_.password as password3_17_2_, useraccoun2_.username as username4_17_2_ from artifact artifact0_ inner join inventor inventor1_ on artifact0_.inventor_id=inventor1_.id inner join user_account useraccoun2_ on inventor1_.user_account_id=useraccoun2_.id where artifact0_.id=? 
2022-06-02 22:38:23.362 TRACE [org.hibernate.type.descriptor.sql.BasicBinder@http-nio-8080-exec-7] binding parameter [1] as [INTEGER] - [13] 
2022-06-02 22:38:23.388 DEBUG [acme.framework.controllers.AbstractController@http-nio-8080-exec-7] Committing transaction ae262f85-7540-43a6-a95f-6c745505d5e2 
2022-06-02 22:38:23.390 DEBUG [acme.framework.controllers.AbstractController@http-nio-8080-exec-7] Starting transaction 2195581f-8721-4ab5-b017-f2d98421dfc1 
2022-06-02 22:38:23.391 DEBUG [acme.framework.controllers.AbstractController@http-nio-8080-exec-7] Committing transaction 2195581f-8721-4ab5-b017-f2d98421dfc1 
2022-06-02 22:38:23.392 DEBUG [acme.framework.controllers.AbstractController@http-nio-8080-exec-7] SERVING GET /acme-toolkit-22.1/inventor/part-of/list-tool 
2022-06-02 22:38:23.392 DEBUG [acme.framework.controllers.AbstractController@http-nio-8080-exec-7] Result: ModelAndView [view="inventor/part-of/list"; model={quantity[0]=1, quantity[1]=1, masterId=17, version[1]=0, version[0]=0, artifact.name[1]=This artifact name has the maximum amount of character which is 100 this is made for testing, artifact.name[0]=Artifact 1, id[1]=42, id[0]=22, list$size=2, command=list-tool, principal=acme.framework.entities.Principal@3959d09}] 
2022-06-02 22:38:23.394 DEBUG [acme.framework.components.tiles.DynamicTilesView@http-nio-8080-exec-7] View name 'inventor/part-of/list', model {quantity[0]=1, quantity[1]=1, masterId=17, version[1]=0, version[0]=0, artifact.name[1]=This artifact name has the maximum amount of character which is 100 this is made for testing, artifact.name[0]=Artifact 1, id[1]=42, id[0]=22, list$size=2, command=list-tool, principal=acme.framework.entities.Principal@3959d09, org.springframework.validation.BindingResult.principal=org.springframework.validation.BeanPropertyBindingResult: 0 errors} 
2022-06-02 22:38:23.396 DEBUG [org.apache.jasper.servlet.JspServlet@http-nio-8080-exec-7] JspEngine --> /WEB-INF/views/master/page.jsp 
2022-06-02 22:38:23.397 DEBUG [org.apache.jasper.servlet.JspServlet@http-nio-8080-exec-7] ServletPath: /WEB-INF/views/master/page.jsp 
2022-06-02 22:38:23.398 DEBUG [org.apache.jasper.servlet.JspServlet@http-nio-8080-exec-7] PathInfo: null 
2022-06-02 22:38:23.404 DEBUG [org.apache.jasper.servlet.JspServlet@http-nio-8080-exec-7] RealPath: C:\Users\diego\OneDrive\Documentos\Mis_Archivos\II-ISW\DP2\Workspace-22.0\Projects\Acme-Toolkit\target\classes\WEB-INF\views\master\page.jsp 
2022-06-02 22:38:23.404 DEBUG [org.apache.jasper.servlet.JspServlet@http-nio-8080-exec-7] RequestURI: /acme-toolkit-22.1/WEB-INF/views/master/page.jsp 
2022-06-02 22:38:23.405 DEBUG [org.apache.jasper.servlet.JspServlet@http-nio-8080-exec-7] QueryString: masterId=17 
2022-06-02 22:38:23.722 DEBUG [org.apache.jasper.servlet.JspServlet@http-nio-8080-exec-7] JspEngine --> /WEB-INF/views/inventor/part-of/list.jsp 
2022-06-02 22:38:23.723 DEBUG [org.apache.jasper.servlet.JspServlet@http-nio-8080-exec-7] ServletPath: /WEB-INF/views/master/page.jsp 
2022-06-02 22:38:23.724 DEBUG [org.apache.jasper.servlet.JspServlet@http-nio-8080-exec-7] PathInfo: null 
2022-06-02 22:38:23.729 DEBUG [org.apache.jasper.servlet.JspServlet@http-nio-8080-exec-7] RealPath: C:\Users\diego\OneDrive\Documentos\Mis_Archivos\II-ISW\DP2\Workspace-22.0\Projects\Acme-Toolkit\target\classes\WEB-INF\views\inventor\part-of\list.jsp 
2022-06-02 22:38:23.729 DEBUG [org.apache.jasper.servlet.JspServlet@http-nio-8080-exec-7] RequestURI: /acme-toolkit-22.1/WEB-INF/views/master/page.jsp 
2022-06-02 22:38:23.730 DEBUG [org.apache.jasper.servlet.JspServlet@http-nio-8080-exec-7] QueryString: masterId=17 
2022-06-02 22:38:26.786 DEBUG [acme.framework.controllers.AbstractController@http-nio-8080-exec-8] DISPATCHING GET /acme-toolkit-22.1/inventor/part-of/show 
2022-06-02 22:38:26.786 DEBUG [acme.framework.controllers.AbstractController@http-nio-8080-exec-8] Command: show 
2022-06-02 22:38:26.786 DEBUG [acme.framework.controllers.AbstractController@http-nio-8080-exec-8] Model:   {id=22} 
2022-06-02 22:38:26.786 DEBUG [acme.framework.controllers.AbstractController@http-nio-8080-exec-8] Locale:  en 
2022-06-02 22:38:26.786 DEBUG [acme.framework.controllers.AbstractController@http-nio-8080-exec-8] Starting transaction e9b1a899-6a45-4c96-9a18-f12fd09e7e64 
2022-06-02 22:38:26.793 DEBUG [org.hibernate.SQL@http-nio-8080-exec-8] select partof0_.id as id1_0_, partof0_.version as version2_0_, partof0_.artifact_id as artifact2_10_, partof0_.quantity as quantity1_10_, partof0_.toolkit_id as toolkit_3_10_ from part_of partof0_ where partof0_.id=? 
2022-06-02 22:38:26.794 TRACE [org.hibernate.type.descriptor.sql.BasicBinder@http-nio-8080-exec-8] binding parameter [1] as [INTEGER] - [22] 
2022-06-02 22:38:26.796 DEBUG [org.hibernate.SQL@http-nio-8080-exec-8] select artifact0_.id as id1_0_0_, artifact0_.version as version2_0_0_, artifact0_.code as code1_5_0_, artifact0_.description as descript2_5_0_, artifact0_.inventor_id as invento10_5_0_, artifact0_.is_publish as is_publi3_5_0_, artifact0_.link as link4_5_0_, artifact0_.name as name5_5_0_, artifact0_.retail_price_amount as retail_p6_5_0_, artifact0_.retail_price_currency as retail_p7_5_0_, artifact0_.technology as technolo8_5_0_, artifact0_.type as type9_5_0_, inventor1_.id as id1_0_1_, inventor1_.version as version2_0_1_, inventor1_.user_account_id as user_acc1_18_1_, inventor1_.company as company1_9_1_, inventor1_.link as link2_9_1_, inventor1_.statement as statemen3_9_1_, useraccoun2_.id as id1_0_2_, useraccoun2_.version as version2_0_2_, useraccoun2_.enabled as enabled1_17_2_, useraccoun2_.identity as identity2_17_2_, useraccoun2_.password as password3_17_2_, useraccoun2_.username as username4_17_2_ from artifact artifact0_ inner join inventor inventor1_ on artifact0_.inventor_id=inventor1_.id inner join user_account useraccoun2_ on inventor1_.user_account_id=useraccoun2_.id where artifact0_.id=? 
2022-06-02 22:38:26.798 TRACE [org.hibernate.type.descriptor.sql.BasicBinder@http-nio-8080-exec-8] binding parameter [1] as [INTEGER] - [14] 
2022-06-02 22:38:26.803 DEBUG [org.hibernate.SQL@http-nio-8080-exec-8] select toolkit0_.id as id1_0_0_, toolkit0_.version as version2_0_0_, toolkit0_.assembly_notes as assembly1_16_0_, toolkit0_.code as code2_16_0_, toolkit0_.description as descript3_16_0_, toolkit0_.inventor_id as inventor7_16_0_, toolkit0_.is_publish as is_publi4_16_0_, toolkit0_.link as link5_16_0_, toolkit0_.title as title6_16_0_, inventor1_.id as id1_0_1_, inventor1_.version as version2_0_1_, inventor1_.user_account_id as user_acc1_18_1_, inventor1_.company as company1_9_1_, inventor1_.link as link2_9_1_, inventor1_.statement as statemen3_9_1_, useraccoun2_.id as id1_0_2_, useraccoun2_.version as version2_0_2_, useraccoun2_.enabled as enabled1_17_2_, useraccoun2_.identity as identity2_17_2_, useraccoun2_.password as password3_17_2_, useraccoun2_.username as username4_17_2_ from tool_kit toolkit0_ inner join inventor inventor1_ on toolkit0_.inventor_id=inventor1_.id inner join user_account useraccoun2_ on inventor1_.user_account_id=useraccoun2_.id where toolkit0_.id=? 
2022-06-02 22:38:26.805 TRACE [org.hibernate.type.descriptor.sql.BasicBinder@http-nio-8080-exec-8] binding parameter [1] as [INTEGER] - [17] 
2022-06-02 22:38:26.813 DEBUG [org.hibernate.SQL@http-nio-8080-exec-8] select inventor0_.id as id1_0_, inventor0_.version as version2_0_, inventor0_.user_account_id as user_acc1_18_, inventor0_.company as company1_9_, inventor0_.link as link2_9_, inventor0_.statement as statemen3_9_ from inventor inventor0_ where inventor0_.id=? 
2022-06-02 22:38:26.814 TRACE [org.hibernate.type.descriptor.sql.BasicBinder@http-nio-8080-exec-8] binding parameter [1] as [INTEGER] - [9] 
2022-06-02 22:38:26.816 DEBUG [org.hibernate.SQL@http-nio-8080-exec-8] select useraccoun0_.id as id1_0_0_, useraccoun0_.version as version2_0_0_, useraccoun0_.enabled as enabled1_17_0_, useraccoun0_.identity as identity2_17_0_, useraccoun0_.password as password3_17_0_, useraccoun0_.username as username4_17_0_ from user_account useraccoun0_ where useraccoun0_.id=? 
2022-06-02 22:38:26.817 TRACE [org.hibernate.type.descriptor.sql.BasicBinder@http-nio-8080-exec-8] binding parameter [1] as [INTEGER] - [6] 
2022-06-02 22:38:26.852 DEBUG [org.hibernate.SQL@http-nio-8080-exec-8] select artifact0_.id as id1_0_, artifact0_.version as version2_0_, artifact0_.code as code1_5_, artifact0_.description as descript2_5_, artifact0_.inventor_id as invento10_5_, artifact0_.is_publish as is_publi3_5_, artifact0_.link as link4_5_, artifact0_.name as name5_5_, artifact0_.retail_price_amount as retail_p6_5_, artifact0_.retail_price_currency as retail_p7_5_, artifact0_.technology as technolo8_5_, artifact0_.type as type9_5_ from artifact artifact0_ where artifact0_.type=? and artifact0_.inventor_id=? 
2022-06-02 22:38:26.853 TRACE [org.hibernate.type.descriptor.sql.BasicBinder@http-nio-8080-exec-8] binding parameter [1] as [INTEGER] - [1] 
2022-06-02 22:38:26.858 TRACE [org.hibernate.type.descriptor.sql.BasicBinder@http-nio-8080-exec-8] binding parameter [2] as [INTEGER] - [9] 
2022-06-02 22:38:26.867 DEBUG [org.hibernate.SQL@http-nio-8080-exec-8] select artifact1_.id as id1_0_, artifact1_.version as version2_0_, artifact1_.code as code1_5_, artifact1_.description as descript2_5_, artifact1_.inventor_id as invento10_5_, artifact1_.is_publish as is_publi3_5_, artifact1_.link as link4_5_, artifact1_.name as name5_5_, artifact1_.retail_price_amount as retail_p6_5_, artifact1_.retail_price_currency as retail_p7_5_, artifact1_.technology as technolo8_5_, artifact1_.type as type9_5_ from part_of partof0_ inner join artifact artifact1_ on partof0_.artifact_id=artifact1_.id where artifact1_.type=? and partof0_.toolkit_id=? 
2022-06-02 22:38:26.868 TRACE [org.hibernate.type.descriptor.sql.BasicBinder@http-nio-8080-exec-8] binding parameter [1] as [INTEGER] - [1] 
2022-06-02 22:38:26.869 TRACE [org.hibernate.type.descriptor.sql.BasicBinder@http-nio-8080-exec-8] binding parameter [2] as [INTEGER] - [17] 
2022-06-02 22:38:26.873 DEBUG [acme.framework.controllers.AbstractController@http-nio-8080-exec-8] Committing transaction e9b1a899-6a45-4c96-9a18-f12fd09e7e64 
2022-06-02 22:38:26.881 DEBUG [acme.framework.controllers.AbstractController@http-nio-8080-exec-8] Starting transaction 04478ecf-8bf9-4dfe-8180-e4c4821b69be 
2022-06-02 22:38:26.883 DEBUG [acme.framework.controllers.AbstractController@http-nio-8080-exec-8] Committing transaction 04478ecf-8bf9-4dfe-8180-e4c4821b69be 
2022-06-02 22:38:26.884 DEBUG [acme.framework.controllers.AbstractController@http-nio-8080-exec-8] SERVING GET /acme-toolkit-22.1/inventor/part-of/show 
2022-06-02 22:38:26.885 DEBUG [acme.framework.controllers.AbstractController@http-nio-8080-exec-8] Result: ModelAndView [view="inventor/part-of/form"; model={artifact=acme.artifact.Artifact{id=14, version=0}, quantity=1, toolkit=acme.artifact.ToolKit{id=17, version=0}, artifact.type=TOOL, id=22, version=0, artifacts=[acme.artifact.Artifact{id=14, version=0}], command=show, principal=acme.framework.entities.Principal@3959d09}] 
2022-06-02 22:38:26.885 DEBUG [acme.framework.components.tiles.DynamicTilesView@http-nio-8080-exec-8] View name 'inventor/part-of/form', model {artifact=acme.artifact.Artifact{id=14, version=0}, quantity=1, toolkit=acme.artifact.ToolKit{id=17, version=0}, artifact.type=TOOL, id=22, version=0, artifacts=[acme.artifact.Artifact{id=14, version=0}], command=show, principal=acme.framework.entities.Principal@3959d09, org.springframework.validation.BindingResult.artifact=org.springframework.validation.BeanPropertyBindingResult: 0 errors, org.springframework.validation.BindingResult.toolkit=org.springframework.validation.BeanPropertyBindingResult: 0 errors, org.springframework.validation.BindingResult.principal=org.springframework.validation.BeanPropertyBindingResult: 0 errors} 
2022-06-02 22:38:26.887 DEBUG [org.apache.jasper.servlet.JspServlet@http-nio-8080-exec-8] JspEngine --> /WEB-INF/views/master/page.jsp 
2022-06-02 22:38:26.888 DEBUG [org.apache.jasper.servlet.JspServlet@http-nio-8080-exec-8] ServletPath: /WEB-INF/views/master/page.jsp 
2022-06-02 22:38:26.889 DEBUG [org.apache.jasper.servlet.JspServlet@http-nio-8080-exec-8] PathInfo: null 
2022-06-02 22:38:26.893 DEBUG [org.apache.jasper.servlet.JspServlet@http-nio-8080-exec-8] RealPath: C:\Users\diego\OneDrive\Documentos\Mis_Archivos\II-ISW\DP2\Workspace-22.0\Projects\Acme-Toolkit\target\classes\WEB-INF\views\master\page.jsp 
2022-06-02 22:38:26.894 DEBUG [org.apache.jasper.servlet.JspServlet@http-nio-8080-exec-8] RequestURI: /acme-toolkit-22.1/WEB-INF/views/master/page.jsp 
2022-06-02 22:38:26.895 DEBUG [org.apache.jasper.servlet.JspServlet@http-nio-8080-exec-8] QueryString: id=22 
2022-06-02 22:38:27.252 DEBUG [org.apache.jasper.servlet.JspServlet@http-nio-8080-exec-8] JspEngine --> /WEB-INF/views/inventor/part-of/form.jsp 
2022-06-02 22:38:27.254 DEBUG [org.apache.jasper.servlet.JspServlet@http-nio-8080-exec-8] ServletPath: /WEB-INF/views/master/page.jsp 
2022-06-02 22:38:27.254 DEBUG [org.apache.jasper.servlet.JspServlet@http-nio-8080-exec-8] PathInfo: null 
2022-06-02 22:38:27.260 DEBUG [org.apache.jasper.servlet.JspServlet@http-nio-8080-exec-8] RealPath: C:\Users\diego\OneDrive\Documentos\Mis_Archivos\II-ISW\DP2\Workspace-22.0\Projects\Acme-Toolkit\target\classes\WEB-INF\views\inventor\part-of\form.jsp 
2022-06-02 22:38:27.261 DEBUG [org.apache.jasper.servlet.JspServlet@http-nio-8080-exec-8] RequestURI: /acme-toolkit-22.1/WEB-INF/views/master/page.jsp 
2022-06-02 22:38:27.262 DEBUG [org.apache.jasper.servlet.JspServlet@http-nio-8080-exec-8] QueryString: id=22 
2022-06-02 22:38:59.312 DEBUG [acme.framework.controllers.AbstractController@http-nio-8080-exec-3] DISPATCHING POST /acme-toolkit-22.1/inventor/part-of/delete 
2022-06-02 22:38:59.312 DEBUG [acme.framework.controllers.AbstractController@http-nio-8080-exec-3] Command: delete 
2022-06-02 22:38:59.313 DEBUG [acme.framework.controllers.AbstractController@http-nio-8080-exec-3] Model:   {id=22, version=0, _csrf=94624192-090c-4313-84fe-ad80d27f48f8, quantity=1, artifact=14, artifact_proxy=14} 
2022-06-02 22:38:59.313 DEBUG [acme.framework.controllers.AbstractController@http-nio-8080-exec-3] Locale:  en 
2022-06-02 22:38:59.313 DEBUG [acme.framework.controllers.AbstractController@http-nio-8080-exec-3] Starting transaction c677caf7-d208-4a27-afef-67cf87d86307 
2022-06-02 22:38:59.314 DEBUG [org.hibernate.SQL@http-nio-8080-exec-3] select partof0_.id as id1_0_, partof0_.version as version2_0_, partof0_.artifact_id as artifact2_10_, partof0_.quantity as quantity1_10_, partof0_.toolkit_id as toolkit_3_10_ from part_of partof0_ where partof0_.id=? 
2022-06-02 22:38:59.315 TRACE [org.hibernate.type.descriptor.sql.BasicBinder@http-nio-8080-exec-3] binding parameter [1] as [INTEGER] - [22] 
2022-06-02 22:38:59.316 DEBUG [org.hibernate.SQL@http-nio-8080-exec-3] select artifact0_.id as id1_0_0_, artifact0_.version as version2_0_0_, artifact0_.code as code1_5_0_, artifact0_.description as descript2_5_0_, artifact0_.inventor_id as invento10_5_0_, artifact0_.is_publish as is_publi3_5_0_, artifact0_.link as link4_5_0_, artifact0_.name as name5_5_0_, artifact0_.retail_price_amount as retail_p6_5_0_, artifact0_.retail_price_currency as retail_p7_5_0_, artifact0_.technology as technolo8_5_0_, artifact0_.type as type9_5_0_, inventor1_.id as id1_0_1_, inventor1_.version as version2_0_1_, inventor1_.user_account_id as user_acc1_18_1_, inventor1_.company as company1_9_1_, inventor1_.link as link2_9_1_, inventor1_.statement as statemen3_9_1_, useraccoun2_.id as id1_0_2_, useraccoun2_.version as version2_0_2_, useraccoun2_.enabled as enabled1_17_2_, useraccoun2_.identity as identity2_17_2_, useraccoun2_.password as password3_17_2_, useraccoun2_.username as username4_17_2_ from artifact artifact0_ inner join inventor inventor1_ on artifact0_.inventor_id=inventor1_.id inner join user_account useraccoun2_ on inventor1_.user_account_id=useraccoun2_.id where artifact0_.id=? 
2022-06-02 22:38:59.317 TRACE [org.hibernate.type.descriptor.sql.BasicBinder@http-nio-8080-exec-3] binding parameter [1] as [INTEGER] - [14] 
2022-06-02 22:38:59.321 DEBUG [org.hibernate.SQL@http-nio-8080-exec-3] select toolkit0_.id as id1_0_0_, toolkit0_.version as version2_0_0_, toolkit0_.assembly_notes as assembly1_16_0_, toolkit0_.code as code2_16_0_, toolkit0_.description as descript3_16_0_, toolkit0_.inventor_id as inventor7_16_0_, toolkit0_.is_publish as is_publi4_16_0_, toolkit0_.link as link5_16_0_, toolkit0_.title as title6_16_0_, inventor1_.id as id1_0_1_, inventor1_.version as version2_0_1_, inventor1_.user_account_id as user_acc1_18_1_, inventor1_.company as company1_9_1_, inventor1_.link as link2_9_1_, inventor1_.statement as statemen3_9_1_, useraccoun2_.id as id1_0_2_, useraccoun2_.version as version2_0_2_, useraccoun2_.enabled as enabled1_17_2_, useraccoun2_.identity as identity2_17_2_, useraccoun2_.password as password3_17_2_, useraccoun2_.username as username4_17_2_ from tool_kit toolkit0_ inner join inventor inventor1_ on toolkit0_.inventor_id=inventor1_.id inner join user_account useraccoun2_ on inventor1_.user_account_id=useraccoun2_.id where toolkit0_.id=? 
2022-06-02 22:38:59.322 TRACE [org.hibernate.type.descriptor.sql.BasicBinder@http-nio-8080-exec-3] binding parameter [1] as [INTEGER] - [17] 
2022-06-02 22:38:59.346 DEBUG [org.hibernate.SQL@http-nio-8080-exec-3] select partof0_.id as id1_0_0_, partof0_.version as version2_0_0_, partof0_.artifact_id as artifact2_10_0_, partof0_.quantity as quantity1_10_0_, partof0_.toolkit_id as toolkit_3_10_0_, artifact1_.id as id1_0_1_, artifact1_.version as version2_0_1_, artifact1_.code as code1_5_1_, artifact1_.description as descript2_5_1_, artifact1_.inventor_id as invento10_5_1_, artifact1_.is_publish as is_publi3_5_1_, artifact1_.link as link4_5_1_, artifact1_.name as name5_5_1_, artifact1_.retail_price_amount as retail_p6_5_1_, artifact1_.retail_price_currency as retail_p7_5_1_, artifact1_.technology as technolo8_5_1_, artifact1_.type as type9_5_1_, inventor2_.id as id1_0_2_, inventor2_.version as version2_0_2_, inventor2_.user_account_id as user_acc1_18_2_, inventor2_.company as company1_9_2_, inventor2_.link as link2_9_2_, inventor2_.statement as statemen3_9_2_, toolkit3_.id as id1_0_3_, toolkit3_.version as version2_0_3_, toolkit3_.assembly_notes as assembly1_16_3_, toolkit3_.code as code2_16_3_, toolkit3_.description as descript3_16_3_, toolkit3_.inventor_id as inventor7_16_3_, toolkit3_.is_publish as is_publi4_16_3_, toolkit3_.link as link5_16_3_, toolkit3_.title as title6_16_3_, inventor4_.id as id1_0_4_, inventor4_.version as version2_0_4_, inventor4_.user_account_id as user_acc1_18_4_, inventor4_.company as company1_9_4_, inventor4_.link as link2_9_4_, inventor4_.statement as statemen3_9_4_ from part_of partof0_ inner join artifact artifact1_ on partof0_.artifact_id=artifact1_.id inner join inventor inventor2_ on artifact1_.inventor_id=inventor2_.id inner join tool_kit toolkit3_ on partof0_.toolkit_id=toolkit3_.id inner join inventor inventor4_ on toolkit3_.inventor_id=inventor4_.id where partof0_.id=? 
2022-06-02 22:38:59.348 TRACE [org.hibernate.type.descriptor.sql.BasicBinder@http-nio-8080-exec-3] binding parameter [1] as [INTEGER] - [22] 
2022-06-02 22:38:59.350 DEBUG [org.hibernate.SQL@http-nio-8080-exec-3] select useraccoun0_.id as id1_0_0_, useraccoun0_.version as version2_0_0_, useraccoun0_.enabled as enabled1_17_0_, useraccoun0_.identity as identity2_17_0_, useraccoun0_.password as password3_17_0_, useraccoun0_.username as username4_17_0_ from user_account useraccoun0_ where useraccoun0_.id=? 
2022-06-02 22:38:59.351 TRACE [org.hibernate.type.descriptor.sql.BasicBinder@http-nio-8080-exec-3] binding parameter [1] as [INTEGER] - [6] 
2022-06-02 22:38:59.386 DEBUG [acme.framework.controllers.AbstractController@http-nio-8080-exec-3] Committing transaction c677caf7-d208-4a27-afef-67cf87d86307 
2022-06-02 22:38:59.422 DEBUG [org.hibernate.SQL@http-nio-8080-exec-3] delete from part_of where id=? and version=? 
2022-06-02 22:38:59.423 TRACE [org.hibernate.type.descriptor.sql.BasicBinder@http-nio-8080-exec-3] binding parameter [1] as [INTEGER] - [22] 
2022-06-02 22:38:59.423 TRACE [org.hibernate.type.descriptor.sql.BasicBinder@http-nio-8080-exec-3] binding parameter [2] as [INTEGER] - [0] 
2022-06-02 22:38:59.431 DEBUG [acme.framework.controllers.AbstractController@http-nio-8080-exec-3] Starting transaction 8c1ee425-7ad6-48a2-ae6d-8cd4d523fdc4 
2022-06-02 22:38:59.432 DEBUG [acme.framework.controllers.AbstractController@http-nio-8080-exec-3] Committing transaction 8c1ee425-7ad6-48a2-ae6d-8cd4d523fdc4 
2022-06-02 22:38:59.434 DEBUG [acme.framework.controllers.AbstractController@http-nio-8080-exec-3] SERVING POST /acme-toolkit-22.1/inventor/part-of/delete 
2022-06-02 22:38:59.434 DEBUG [acme.framework.controllers.AbstractController@http-nio-8080-exec-3] Result: ModelAndView [view="redirect:/master/referrer"; model={command=delete, principal=acme.framework.entities.Principal@3959d09}] 
2022-06-02 22:38:59.442 DEBUG [acme.framework.components.tiles.DynamicTilesView@http-nio-8080-exec-2] View name 'master/referrer', model {} 
2022-06-02 22:38:59.443 DEBUG [org.apache.jasper.servlet.JspServlet@http-nio-8080-exec-2] JspEngine --> /WEB-INF/views/master/page.jsp 
2022-06-02 22:38:59.443 DEBUG [org.apache.jasper.servlet.JspServlet@http-nio-8080-exec-2] ServletPath: /WEB-INF/views/master/page.jsp 
2022-06-02 22:38:59.444 DEBUG [org.apache.jasper.servlet.JspServlet@http-nio-8080-exec-2] PathInfo: null 
2022-06-02 22:38:59.449 DEBUG [org.apache.jasper.servlet.JspServlet@http-nio-8080-exec-2] RealPath: C:\Users\diego\OneDrive\Documentos\Mis_Archivos\II-ISW\DP2\Workspace-22.0\Projects\Acme-Toolkit\target\classes\WEB-INF\views\master\page.jsp 
2022-06-02 22:38:59.449 DEBUG [org.apache.jasper.servlet.JspServlet@http-nio-8080-exec-2] RequestURI: /acme-toolkit-22.1/WEB-INF/views/master/page.jsp 
2022-06-02 22:38:59.450 DEBUG [org.apache.jasper.servlet.JspServlet@http-nio-8080-exec-2] QueryString: command=delete 
2022-06-02 22:38:59.774 DEBUG [org.apache.jasper.servlet.JspServlet@http-nio-8080-exec-2] JspEngine --> /WEB-INF/views/master/referrer.jsp 
2022-06-02 22:38:59.775 DEBUG [org.apache.jasper.servlet.JspServlet@http-nio-8080-exec-2] ServletPath: /WEB-INF/views/master/page.jsp 
2022-06-02 22:38:59.776 DEBUG [org.apache.jasper.servlet.JspServlet@http-nio-8080-exec-2] PathInfo: null 
2022-06-02 22:38:59.778 DEBUG [org.apache.jasper.servlet.JspServlet@http-nio-8080-exec-2] RealPath: C:\Users\diego\OneDrive\Documentos\Mis_Archivos\II-ISW\DP2\Workspace-22.0\Projects\Acme-Toolkit\target\classes\WEB-INF\views\master\referrer.jsp 
2022-06-02 22:38:59.778 DEBUG [org.apache.jasper.servlet.JspServlet@http-nio-8080-exec-2] RequestURI: /acme-toolkit-22.1/WEB-INF/views/master/page.jsp 
2022-06-02 22:38:59.779 DEBUG [org.apache.jasper.servlet.JspServlet@http-nio-8080-exec-2] QueryString: command=delete 
2022-06-02 22:39:00.471 DEBUG [acme.framework.controllers.AbstractController@http-nio-8080-exec-2] DISPATCHING GET /acme-toolkit-22.1/inventor/part-of/list-tool 
2022-06-02 22:39:00.471 DEBUG [acme.framework.controllers.AbstractController@http-nio-8080-exec-2] Command: list-tool 
2022-06-02 22:39:00.472 DEBUG [acme.framework.controllers.AbstractController@http-nio-8080-exec-2] Model:   {masterId=17} 
2022-06-02 22:39:00.473 DEBUG [acme.framework.controllers.AbstractController@http-nio-8080-exec-2] Locale:  en 
2022-06-02 22:39:00.473 DEBUG [acme.framework.controllers.AbstractController@http-nio-8080-exec-2] Starting transaction ed6e767d-9ccb-4164-ba13-54a347a5c891 
2022-06-02 22:39:00.484 DEBUG [org.hibernate.SQL@http-nio-8080-exec-2] select partof0_.id as id1_0_, partof0_.version as version2_0_, partof0_.artifact_id as artifact2_10_, partof0_.quantity as quantity1_10_, partof0_.toolkit_id as toolkit_3_10_ from part_of partof0_ cross join artifact artifact1_ where partof0_.artifact_id=artifact1_.id and partof0_.toolkit_id=? and artifact1_.type=? 
2022-06-02 22:39:00.485 TRACE [org.hibernate.type.descriptor.sql.BasicBinder@http-nio-8080-exec-2] binding parameter [1] as [INTEGER] - [17] 
2022-06-02 22:39:00.486 TRACE [org.hibernate.type.descriptor.sql.BasicBinder@http-nio-8080-exec-2] binding parameter [2] as [INTEGER] - [1] 
2022-06-02 22:39:00.494 DEBUG [org.hibernate.SQL@http-nio-8080-exec-2] select artifact0_.id as id1_0_0_, artifact0_.version as version2_0_0_, artifact0_.code as code1_5_0_, artifact0_.description as descript2_5_0_, artifact0_.inventor_id as invento10_5_0_, artifact0_.is_publish as is_publi3_5_0_, artifact0_.link as link4_5_0_, artifact0_.name as name5_5_0_, artifact0_.retail_price_amount as retail_p6_5_0_, artifact0_.retail_price_currency as retail_p7_5_0_, artifact0_.technology as technolo8_5_0_, artifact0_.type as type9_5_0_, inventor1_.id as id1_0_1_, inventor1_.version as version2_0_1_, inventor1_.user_account_id as user_acc1_18_1_, inventor1_.company as company1_9_1_, inventor1_.link as link2_9_1_, inventor1_.statement as statemen3_9_1_, useraccoun2_.id as id1_0_2_, useraccoun2_.version as version2_0_2_, useraccoun2_.enabled as enabled1_17_2_, useraccoun2_.identity as identity2_17_2_, useraccoun2_.password as password3_17_2_, useraccoun2_.username as username4_17_2_ from artifact artifact0_ inner join inventor inventor1_ on artifact0_.inventor_id=inventor1_.id inner join user_account useraccoun2_ on inventor1_.user_account_id=useraccoun2_.id where artifact0_.id=? 
2022-06-02 22:39:00.496 TRACE [org.hibernate.type.descriptor.sql.BasicBinder@http-nio-8080-exec-2] binding parameter [1] as [INTEGER] - [13] 
2022-06-02 22:39:00.507 DEBUG [org.hibernate.SQL@http-nio-8080-exec-2] select toolkit0_.id as id1_0_0_, toolkit0_.version as version2_0_0_, toolkit0_.assembly_notes as assembly1_16_0_, toolkit0_.code as code2_16_0_, toolkit0_.description as descript3_16_0_, toolkit0_.inventor_id as inventor7_16_0_, toolkit0_.is_publish as is_publi4_16_0_, toolkit0_.link as link5_16_0_, toolkit0_.title as title6_16_0_, inventor1_.id as id1_0_1_, inventor1_.version as version2_0_1_, inventor1_.user_account_id as user_acc1_18_1_, inventor1_.company as company1_9_1_, inventor1_.link as link2_9_1_, inventor1_.statement as statemen3_9_1_, useraccoun2_.id as id1_0_2_, useraccoun2_.version as version2_0_2_, useraccoun2_.enabled as enabled1_17_2_, useraccoun2_.identity as identity2_17_2_, useraccoun2_.password as password3_17_2_, useraccoun2_.username as username4_17_2_ from tool_kit toolkit0_ inner join inventor inventor1_ on toolkit0_.inventor_id=inventor1_.id inner join user_account useraccoun2_ on inventor1_.user_account_id=useraccoun2_.id where toolkit0_.id=? 
2022-06-02 22:39:00.509 TRACE [org.hibernate.type.descriptor.sql.BasicBinder@http-nio-8080-exec-2] binding parameter [1] as [INTEGER] - [17] 
2022-06-02 22:39:00.516 DEBUG [acme.framework.controllers.AbstractController@http-nio-8080-exec-2] Committing transaction ed6e767d-9ccb-4164-ba13-54a347a5c891 
2022-06-02 22:39:00.521 DEBUG [acme.framework.controllers.AbstractController@http-nio-8080-exec-2] Starting transaction ef4f2ccf-29b9-4e76-a1a3-12657965ff65 
2022-06-02 22:39:00.523 DEBUG [acme.framework.controllers.AbstractController@http-nio-8080-exec-2] Committing transaction ef4f2ccf-29b9-4e76-a1a3-12657965ff65 
2022-06-02 22:39:00.524 DEBUG [acme.framework.controllers.AbstractController@http-nio-8080-exec-2] SERVING GET /acme-toolkit-22.1/inventor/part-of/list-tool 
2022-06-02 22:39:00.525 DEBUG [acme.framework.controllers.AbstractController@http-nio-8080-exec-2] Result: ModelAndView [view="inventor/part-of/list"; model={quantity[0]=1, masterId=17, version[0]=0, artifact.name[0]=This artifact name has the maximum amount of character which is 100 this is made for testing, id[0]=42, list$size=1, command=list-tool, principal=acme.framework.entities.Principal@3959d09}] 
2022-06-02 22:39:00.525 DEBUG [acme.framework.components.tiles.DynamicTilesView@http-nio-8080-exec-2] View name 'inventor/part-of/list', model {quantity[0]=1, masterId=17, version[0]=0, artifact.name[0]=This artifact name has the maximum amount of character which is 100 this is made for testing, id[0]=42, list$size=1, command=list-tool, principal=acme.framework.entities.Principal@3959d09, org.springframework.validation.BindingResult.principal=org.springframework.validation.BeanPropertyBindingResult: 0 errors} 
2022-06-02 22:39:00.528 DEBUG [org.apache.jasper.servlet.JspServlet@http-nio-8080-exec-2] JspEngine --> /WEB-INF/views/master/page.jsp 
2022-06-02 22:39:00.529 DEBUG [org.apache.jasper.servlet.JspServlet@http-nio-8080-exec-2] ServletPath: /WEB-INF/views/master/page.jsp 
2022-06-02 22:39:00.530 DEBUG [org.apache.jasper.servlet.JspServlet@http-nio-8080-exec-2] PathInfo: null 
2022-06-02 22:39:00.537 DEBUG [org.apache.jasper.servlet.JspServlet@http-nio-8080-exec-2] RealPath: C:\Users\diego\OneDrive\Documentos\Mis_Archivos\II-ISW\DP2\Workspace-22.0\Projects\Acme-Toolkit\target\classes\WEB-INF\views\master\page.jsp 
2022-06-02 22:39:00.538 DEBUG [org.apache.jasper.servlet.JspServlet@http-nio-8080-exec-2] RequestURI: /acme-toolkit-22.1/WEB-INF/views/master/page.jsp 
2022-06-02 22:39:00.538 DEBUG [org.apache.jasper.servlet.JspServlet@http-nio-8080-exec-2] QueryString: masterId=17 
2022-06-02 22:39:01.074 DEBUG [org.apache.jasper.servlet.JspServlet@http-nio-8080-exec-2] JspEngine --> /WEB-INF/views/inventor/part-of/list.jsp 
2022-06-02 22:39:01.075 DEBUG [org.apache.jasper.servlet.JspServlet@http-nio-8080-exec-2] ServletPath: /WEB-INF/views/master/page.jsp 
2022-06-02 22:39:01.076 DEBUG [org.apache.jasper.servlet.JspServlet@http-nio-8080-exec-2] PathInfo: null 
2022-06-02 22:39:01.084 DEBUG [org.apache.jasper.servlet.JspServlet@http-nio-8080-exec-2] RealPath: C:\Users\diego\OneDrive\Documentos\Mis_Archivos\II-ISW\DP2\Workspace-22.0\Projects\Acme-Toolkit\target\classes\WEB-INF\views\inventor\part-of\list.jsp 
2022-06-02 22:39:01.085 DEBUG [org.apache.jasper.servlet.JspServlet@http-nio-8080-exec-2] RequestURI: /acme-toolkit-22.1/WEB-INF/views/master/page.jsp 
2022-06-02 22:39:01.086 DEBUG [org.apache.jasper.servlet.JspServlet@http-nio-8080-exec-2] QueryString: masterId=17 
