2022-06-02 06:58:43.463 INFO  [acme.Launcher@main] Starting Launcher using Java 1.8.0_281 on TABLET-8TV7I4NF with PID 2280 (C:\Users\diego\OneDrive\Documentos\Mis_Archivos\II-ISW\DP2\Workspace-22.0\Projects\Acme-Framework-22.7\target\classes started by diego in C:\Users\diego\OneDrive\Documentos\Mis_Archivos\II-ISW\DP2\Workspace-22.0\Projects\Acme-Toolkit) 
2022-06-02 06:58:43.466 DEBUG [acme.Launcher@main] Running with Spring Boot v2.4.2, Spring v5.3.3 
2022-06-02 06:58:43.469 INFO  [acme.Launcher@main] The following profiles are active: development,default 
2022-06-02 06:58:52.093 DEBUG [org.apache.jasper.servlet.JasperInitializer@main] Initializing Jasper for context [application] 
2022-06-02 06:59:05.131 DEBUG [org.apache.jasper.servlet.JspServlet@main] Scratch dir for the JSP engine is: [C:\Users\diego\AppData\Local\Temp\tomcat.8080.7372324833321963038\work\Tomcat\localhost\acme-toolkit-22.1] 
2022-06-02 06:59:05.133 DEBUG [org.apache.jasper.servlet.JspServlet@main] IMPORTANT: Do not modify the generated servlets 
2022-06-02 06:59:05.166 INFO  [acme.Launcher@main] Started Launcher in 23.371 seconds (JVM running for 24.806) 
2022-06-02 06:59:05.180 DEBUG [acme.Launcher@main] Found classpath entry '/C:/Users/diego/OneDrive/Documentos/Mis_Archivos/II-ISW/DP2/Workspace-22.0/Projects/Acme-Toolkit/target/test-classes/' 
2022-06-02 06:59:05.181 DEBUG [acme.Launcher@main] Found classpath entry '/C:/Users/diego/OneDrive/Documentos/Mis_Archivos/II-ISW/DP2/Workspace-22.0/Projects/Acme-Toolkit/target/classes/' 
2022-06-02 06:59:05.182 DEBUG [acme.Launcher@main] Found classpath entry '/C:/Users/diego/OneDrive/Documentos/Mis_Archivos/II-ISW/DP2/Workspace-22.0/Projects/Acme-Framework-22.7/target/classes/' 
2022-06-02 06:59:05.183 DEBUG [acme.Launcher@main] Found classpath entry '/C:/Users/diego/OneDrive/Documentos/Mis_Archivos/II-ISW/DP2/Workspace-22.0/Projects/Acme-Framework-22.7/target/test-classes/' 
2022-06-02 06:59:05.183 DEBUG [acme.Launcher@main] Found classpath entry '/C:/Users/diego/.m2/repository/org/springframework/boot/spring-boot-starter-tomcat/2.4.2/spring-boot-starter-tomcat-2.4.2.jar' 
2022-06-02 06:59:05.183 DEBUG [acme.Launcher@main] Found classpath entry '/C:/Users/diego/.m2/repository/jakarta/annotation/jakarta.annotation-api/1.3.5/jakarta.annotation-api-1.3.5.jar' 
2022-06-02 06:59:05.184 DEBUG [acme.Launcher@main] Found classpath entry '/C:/Users/diego/.m2/repository/org/apache/tomcat/embed/tomcat-embed-core/9.0.41/tomcat-embed-core-9.0.41.jar' 
2022-06-02 06:59:05.185 DEBUG [acme.Launcher@main] Found classpath entry '/C:/Users/diego/.m2/repository/org/glassfish/jakarta.el/3.0.3/jakarta.el-3.0.3.jar' 
2022-06-02 06:59:05.185 DEBUG [acme.Launcher@main] Found classpath entry '/C:/Users/diego/.m2/repository/org/apache/tomcat/embed/tomcat-embed-websocket/9.0.41/tomcat-embed-websocket-9.0.41.jar' 
2022-06-02 06:59:05.186 DEBUG [acme.Launcher@main] Found classpath entry '/C:/Users/diego/.m2/repository/org/apache/tomcat/embed/tomcat-embed-jasper/9.0.41/tomcat-embed-jasper-9.0.41.jar' 
2022-06-02 06:59:05.195 DEBUG [acme.Launcher@main] Found classpath entry '/C:/Users/diego/.m2/repository/org/apache/tomcat/embed/tomcat-embed-el/9.0.41/tomcat-embed-el-9.0.41.jar' 
2022-06-02 06:59:05.196 DEBUG [acme.Launcher@main] Found classpath entry '/C:/Users/diego/.m2/repository/org/eclipse/jdt/ecj/3.18.0/ecj-3.18.0.jar' 
2022-06-02 06:59:05.196 DEBUG [acme.Launcher@main] Found classpath entry '/C:/Users/diego/.m2/repository/javax/servlet/jstl/1.2/jstl-1.2.jar' 
2022-06-02 06:59:05.198 DEBUG [acme.Launcher@main] Found classpath entry '/C:/Users/diego/.m2/repository/org/springframework/boot/spring-boot-starter-security/2.4.2/spring-boot-starter-security-2.4.2.jar' 
2022-06-02 06:59:05.203 DEBUG [acme.Launcher@main] Found classpath entry '/C:/Users/diego/.m2/repository/org/springframework/boot/spring-boot-starter/2.4.2/spring-boot-starter-2.4.2.jar' 
2022-06-02 06:59:05.204 DEBUG [acme.Launcher@main] Found classpath entry '/C:/Users/diego/.m2/repository/org/springframework/boot/spring-boot/2.4.2/spring-boot-2.4.2.jar' 
2022-06-02 06:59:05.217 DEBUG [acme.Launcher@main] Found classpath entry '/C:/Users/diego/.m2/repository/org/springframework/boot/spring-boot-autoconfigure/2.4.2/spring-boot-autoconfigure-2.4.2.jar' 
2022-06-02 06:59:05.218 DEBUG [acme.Launcher@main] Found classpath entry '/C:/Users/diego/.m2/repository/org/springframework/boot/spring-boot-starter-logging/2.4.2/spring-boot-starter-logging-2.4.2.jar' 
2022-06-02 06:59:05.218 DEBUG [acme.Launcher@main] Found classpath entry '/C:/Users/diego/.m2/repository/ch/qos/logback/logback-classic/1.2.3/logback-classic-1.2.3.jar' 
2022-06-02 06:59:05.219 DEBUG [acme.Launcher@main] Found classpath entry '/C:/Users/diego/.m2/repository/ch/qos/logback/logback-core/1.2.3/logback-core-1.2.3.jar' 
2022-06-02 06:59:05.220 DEBUG [acme.Launcher@main] Found classpath entry '/C:/Users/diego/.m2/repository/org/apache/logging/log4j/log4j-to-slf4j/2.13.3/log4j-to-slf4j-2.13.3.jar' 
2022-06-02 06:59:05.220 DEBUG [acme.Launcher@main] Found classpath entry '/C:/Users/diego/.m2/repository/org/apache/logging/log4j/log4j-api/2.13.3/log4j-api-2.13.3.jar' 
2022-06-02 06:59:05.222 DEBUG [acme.Launcher@main] Found classpath entry '/C:/Users/diego/.m2/repository/org/slf4j/jul-to-slf4j/1.7.30/jul-to-slf4j-1.7.30.jar' 
2022-06-02 06:59:05.223 DEBUG [acme.Launcher@main] Found classpath entry '/C:/Users/diego/.m2/repository/org/yaml/snakeyaml/1.27/snakeyaml-1.27.jar' 
2022-06-02 06:59:05.223 DEBUG [acme.Launcher@main] Found classpath entry '/C:/Users/diego/.m2/repository/org/springframework/spring-aop/5.3.3/spring-aop-5.3.3.jar' 
2022-06-02 06:59:05.224 DEBUG [acme.Launcher@main] Found classpath entry '/C:/Users/diego/.m2/repository/org/springframework/security/spring-security-web/5.4.2/spring-security-web-5.4.2.jar' 
2022-06-02 06:59:05.224 DEBUG [acme.Launcher@main] Found classpath entry '/C:/Users/diego/.m2/repository/org/springframework/security/spring-security-core/5.4.2/spring-security-core-5.4.2.jar' 
2022-06-02 06:59:05.225 DEBUG [acme.Launcher@main] Found classpath entry '/C:/Users/diego/.m2/repository/org/springframework/spring-beans/5.3.3/spring-beans-5.3.3.jar' 
2022-06-02 06:59:05.225 DEBUG [acme.Launcher@main] Found classpath entry '/C:/Users/diego/.m2/repository/org/springframework/spring-context/5.3.3/spring-context-5.3.3.jar' 
2022-06-02 06:59:05.225 DEBUG [acme.Launcher@main] Found classpath entry '/C:/Users/diego/.m2/repository/org/springframework/spring-core/5.3.3/spring-core-5.3.3.jar' 
2022-06-02 06:59:05.226 DEBUG [acme.Launcher@main] Found classpath entry '/C:/Users/diego/.m2/repository/org/springframework/spring-jcl/5.3.3/spring-jcl-5.3.3.jar' 
2022-06-02 06:59:05.227 DEBUG [acme.Launcher@main] Found classpath entry '/C:/Users/diego/.m2/repository/org/springframework/spring-expression/5.3.3/spring-expression-5.3.3.jar' 
2022-06-02 06:59:05.228 DEBUG [acme.Launcher@main] Found classpath entry '/C:/Users/diego/.m2/repository/org/springframework/spring-web/5.3.3/spring-web-5.3.3.jar' 
2022-06-02 06:59:05.228 DEBUG [acme.Launcher@main] Found classpath entry '/C:/Users/diego/.m2/repository/org/springframework/security/spring-security-config/5.4.2/spring-security-config-5.4.2.jar' 
2022-06-02 06:59:05.229 DEBUG [acme.Launcher@main] Found classpath entry '/C:/Users/diego/.m2/repository/org/springframework/security/spring-security-taglibs/5.4.2/spring-security-taglibs-5.4.2.jar' 
2022-06-02 06:59:05.229 DEBUG [acme.Launcher@main] Found classpath entry '/C:/Users/diego/.m2/repository/org/springframework/security/spring-security-acl/5.4.2/spring-security-acl-5.4.2.jar' 
2022-06-02 06:59:05.229 DEBUG [acme.Launcher@main] Found classpath entry '/C:/Users/diego/.m2/repository/org/springframework/spring-jdbc/5.3.3/spring-jdbc-5.3.3.jar' 
2022-06-02 06:59:05.230 DEBUG [acme.Launcher@main] Found classpath entry '/C:/Users/diego/.m2/repository/org/springframework/spring-tx/5.3.3/spring-tx-5.3.3.jar' 
2022-06-02 06:59:05.230 DEBUG [acme.Launcher@main] Found classpath entry '/C:/Users/diego/.m2/repository/org/springframework/boot/spring-boot-starter-web/2.4.2/spring-boot-starter-web-2.4.2.jar' 
2022-06-02 06:59:05.231 DEBUG [acme.Launcher@main] Found classpath entry '/C:/Users/diego/.m2/repository/org/springframework/boot/spring-boot-starter-json/2.4.2/spring-boot-starter-json-2.4.2.jar' 
2022-06-02 06:59:05.231 DEBUG [acme.Launcher@main] Found classpath entry '/C:/Users/diego/.m2/repository/com/fasterxml/jackson/core/jackson-databind/2.11.4/jackson-databind-2.11.4.jar' 
2022-06-02 06:59:05.231 DEBUG [acme.Launcher@main] Found classpath entry '/C:/Users/diego/.m2/repository/com/fasterxml/jackson/core/jackson-annotations/2.11.4/jackson-annotations-2.11.4.jar' 
2022-06-02 06:59:05.232 DEBUG [acme.Launcher@main] Found classpath entry '/C:/Users/diego/.m2/repository/com/fasterxml/jackson/core/jackson-core/2.11.4/jackson-core-2.11.4.jar' 
2022-06-02 06:59:05.232 DEBUG [acme.Launcher@main] Found classpath entry '/C:/Users/diego/.m2/repository/com/fasterxml/jackson/datatype/jackson-datatype-jdk8/2.11.4/jackson-datatype-jdk8-2.11.4.jar' 
2022-06-02 06:59:05.232 DEBUG [acme.Launcher@main] Found classpath entry '/C:/Users/diego/.m2/repository/com/fasterxml/jackson/datatype/jackson-datatype-jsr310/2.11.4/jackson-datatype-jsr310-2.11.4.jar' 
2022-06-02 06:59:05.233 DEBUG [acme.Launcher@main] Found classpath entry '/C:/Users/diego/.m2/repository/com/fasterxml/jackson/module/jackson-module-parameter-names/2.11.4/jackson-module-parameter-names-2.11.4.jar' 
2022-06-02 06:59:05.233 DEBUG [acme.Launcher@main] Found classpath entry '/C:/Users/diego/.m2/repository/org/springframework/spring-webmvc/5.3.3/spring-webmvc-5.3.3.jar' 
2022-06-02 06:59:05.233 DEBUG [acme.Launcher@main] Found classpath entry '/C:/Users/diego/.m2/repository/org/apache/tiles/tiles-jsp/3.0.8/tiles-jsp-3.0.8.jar' 
2022-06-02 06:59:05.234 DEBUG [acme.Launcher@main] Found classpath entry '/C:/Users/diego/.m2/repository/org/apache/tiles/tiles-servlet/3.0.8/tiles-servlet-3.0.8.jar' 
2022-06-02 06:59:05.234 DEBUG [acme.Launcher@main] Found classpath entry '/C:/Users/diego/.m2/repository/org/apache/tiles/tiles-core/3.0.8/tiles-core-3.0.8.jar' 
2022-06-02 06:59:05.234 DEBUG [acme.Launcher@main] Found classpath entry '/C:/Users/diego/.m2/repository/commons-digester/commons-digester/2.0/commons-digester-2.0.jar' 
2022-06-02 06:59:05.235 DEBUG [acme.Launcher@main] Found classpath entry '/C:/Users/diego/.m2/repository/org/slf4j/jcl-over-slf4j/1.7.30/jcl-over-slf4j-1.7.30.jar' 
2022-06-02 06:59:05.235 DEBUG [acme.Launcher@main] Found classpath entry '/C:/Users/diego/.m2/repository/org/apache/tiles/tiles-request-servlet/1.0.7/tiles-request-servlet-1.0.7.jar' 
2022-06-02 06:59:05.236 DEBUG [acme.Launcher@main] Found classpath entry '/C:/Users/diego/.m2/repository/org/apache/tiles/tiles-template/3.0.8/tiles-template-3.0.8.jar' 
2022-06-02 06:59:05.237 DEBUG [acme.Launcher@main] Found classpath entry '/C:/Users/diego/.m2/repository/org/apache/tiles/tiles-api/3.0.8/tiles-api-3.0.8.jar' 
2022-06-02 06:59:05.237 DEBUG [acme.Launcher@main] Found classpath entry '/C:/Users/diego/.m2/repository/org/apache/tiles/tiles-autotag-core-runtime/1.2/tiles-autotag-core-runtime-1.2.jar' 
2022-06-02 06:59:05.238 DEBUG [acme.Launcher@main] Found classpath entry '/C:/Users/diego/.m2/repository/org/slf4j/slf4j-api/1.7.30/slf4j-api-1.7.30.jar' 
2022-06-02 06:59:05.238 DEBUG [acme.Launcher@main] Found classpath entry '/C:/Users/diego/.m2/repository/org/apache/tiles/tiles-request-jsp/1.0.7/tiles-request-jsp-1.0.7.jar' 
2022-06-02 06:59:05.238 DEBUG [acme.Launcher@main] Found classpath entry '/C:/Users/diego/.m2/repository/org/apache/tiles/tiles-request-api/1.0.7/tiles-request-api-1.0.7.jar' 
2022-06-02 06:59:05.239 DEBUG [acme.Launcher@main] Found classpath entry '/C:/Users/diego/.m2/repository/org/springframework/boot/spring-boot-starter-data-jpa/2.4.2/spring-boot-starter-data-jpa-2.4.2.jar' 
2022-06-02 06:59:05.239 DEBUG [acme.Launcher@main] Found classpath entry '/C:/Users/diego/.m2/repository/org/springframework/boot/spring-boot-starter-aop/2.4.2/spring-boot-starter-aop-2.4.2.jar' 
2022-06-02 06:59:05.239 DEBUG [acme.Launcher@main] Found classpath entry '/C:/Users/diego/.m2/repository/org/aspectj/aspectjweaver/1.9.6/aspectjweaver-1.9.6.jar' 
2022-06-02 06:59:05.240 DEBUG [acme.Launcher@main] Found classpath entry '/C:/Users/diego/.m2/repository/org/springframework/boot/spring-boot-starter-jdbc/2.4.2/spring-boot-starter-jdbc-2.4.2.jar' 
2022-06-02 06:59:05.240 DEBUG [acme.Launcher@main] Found classpath entry '/C:/Users/diego/.m2/repository/jakarta/transaction/jakarta.transaction-api/1.3.3/jakarta.transaction-api-1.3.3.jar' 
2022-06-02 06:59:05.240 DEBUG [acme.Launcher@main] Found classpath entry '/C:/Users/diego/.m2/repository/jakarta/persistence/jakarta.persistence-api/2.2.3/jakarta.persistence-api-2.2.3.jar' 
2022-06-02 06:59:05.241 DEBUG [acme.Launcher@main] Found classpath entry '/C:/Users/diego/.m2/repository/org/hibernate/hibernate-core/5.4.27.Final/hibernate-core-5.4.27.Final.jar' 
2022-06-02 06:59:05.241 DEBUG [acme.Launcher@main] Found classpath entry '/C:/Users/diego/.m2/repository/org/jboss/logging/jboss-logging/3.4.1.Final/jboss-logging-3.4.1.Final.jar' 
2022-06-02 06:59:05.241 DEBUG [acme.Launcher@main] Found classpath entry '/C:/Users/diego/.m2/repository/org/javassist/javassist/3.27.0-GA/javassist-3.27.0-GA.jar' 
2022-06-02 06:59:05.242 DEBUG [acme.Launcher@main] Found classpath entry '/C:/Users/diego/.m2/repository/antlr/antlr/2.7.7/antlr-2.7.7.jar' 
2022-06-02 06:59:05.242 DEBUG [acme.Launcher@main] Found classpath entry '/C:/Users/diego/.m2/repository/org/jboss/jandex/2.1.3.Final/jandex-2.1.3.Final.jar' 
2022-06-02 06:59:05.242 DEBUG [acme.Launcher@main] Found classpath entry '/C:/Users/diego/.m2/repository/com/fasterxml/classmate/1.5.1/classmate-1.5.1.jar' 
2022-06-02 06:59:05.242 DEBUG [acme.Launcher@main] Found classpath entry '/C:/Users/diego/.m2/repository/org/dom4j/dom4j/2.1.3/dom4j-2.1.3.jar' 
2022-06-02 06:59:05.243 DEBUG [acme.Launcher@main] Found classpath entry '/C:/Users/diego/.m2/repository/org/hibernate/common/hibernate-commons-annotations/5.1.2.Final/hibernate-commons-annotations-5.1.2.Final.jar' 
2022-06-02 06:59:05.243 DEBUG [acme.Launcher@main] Found classpath entry '/C:/Users/diego/.m2/repository/org/glassfish/jaxb/jaxb-runtime/2.3.3/jaxb-runtime-2.3.3.jar' 
2022-06-02 06:59:05.243 DEBUG [acme.Launcher@main] Found classpath entry '/C:/Users/diego/.m2/repository/org/glassfish/jaxb/txw2/2.3.3/txw2-2.3.3.jar' 
2022-06-02 06:59:05.244 DEBUG [acme.Launcher@main] Found classpath entry '/C:/Users/diego/.m2/repository/com/sun/istack/istack-commons-runtime/3.0.11/istack-commons-runtime-3.0.11.jar' 
2022-06-02 06:59:05.244 DEBUG [acme.Launcher@main] Found classpath entry '/C:/Users/diego/.m2/repository/com/sun/activation/jakarta.activation/1.2.2/jakarta.activation-1.2.2.jar' 
2022-06-02 06:59:05.244 DEBUG [acme.Launcher@main] Found classpath entry '/C:/Users/diego/.m2/repository/org/springframework/data/spring-data-jpa/2.4.3/spring-data-jpa-2.4.3.jar' 
2022-06-02 06:59:05.244 DEBUG [acme.Launcher@main] Found classpath entry '/C:/Users/diego/.m2/repository/org/springframework/data/spring-data-commons/2.4.3/spring-data-commons-2.4.3.jar' 
2022-06-02 06:59:05.245 DEBUG [acme.Launcher@main] Found classpath entry '/C:/Users/diego/.m2/repository/org/springframework/spring-orm/5.3.3/spring-orm-5.3.3.jar' 
2022-06-02 06:59:05.245 DEBUG [acme.Launcher@main] Found classpath entry '/C:/Users/diego/.m2/repository/org/springframework/spring-aspects/5.3.3/spring-aspects-5.3.3.jar' 
2022-06-02 06:59:05.245 DEBUG [acme.Launcher@main] Found classpath entry '/C:/Users/diego/.m2/repository/org/springframework/boot/spring-boot-starter-validation/2.4.2/spring-boot-starter-validation-2.4.2.jar' 
2022-06-02 06:59:05.246 DEBUG [acme.Launcher@main] Found classpath entry '/C:/Users/diego/.m2/repository/org/hibernate/validator/hibernate-validator/6.1.7.Final/hibernate-validator-6.1.7.Final.jar' 
2022-06-02 06:59:05.246 DEBUG [acme.Launcher@main] Found classpath entry '/C:/Users/diego/.m2/repository/jakarta/validation/jakarta.validation-api/2.0.2/jakarta.validation-api-2.0.2.jar' 
2022-06-02 06:59:05.247 DEBUG [acme.Launcher@main] Found classpath entry '/C:/Users/diego/.m2/repository/mysql/mysql-connector-java/8.0.22/mysql-connector-java-8.0.22.jar' 
2022-06-02 06:59:05.247 DEBUG [acme.Launcher@main] Found classpath entry '/C:/Users/diego/.m2/repository/com/zaxxer/HikariCP/3.4.5/HikariCP-3.4.5.jar' 
2022-06-02 06:59:05.262 DEBUG [acme.Launcher@main] Found classpath entry '/C:/Users/diego/.m2/repository/org/springframework/boot/spring-boot-starter-test/2.4.2/spring-boot-starter-test-2.4.2.jar' 
2022-06-02 06:59:05.262 DEBUG [acme.Launcher@main] Found classpath entry '/C:/Users/diego/.m2/repository/org/springframework/boot/spring-boot-test/2.4.2/spring-boot-test-2.4.2.jar' 
2022-06-02 06:59:05.262 DEBUG [acme.Launcher@main] Found classpath entry '/C:/Users/diego/.m2/repository/org/springframework/boot/spring-boot-test-autoconfigure/2.4.2/spring-boot-test-autoconfigure-2.4.2.jar' 
2022-06-02 06:59:05.263 DEBUG [acme.Launcher@main] Found classpath entry '/C:/Users/diego/.m2/repository/com/jayway/jsonpath/json-path/2.4.0/json-path-2.4.0.jar' 
2022-06-02 06:59:05.263 DEBUG [acme.Launcher@main] Found classpath entry '/C:/Users/diego/.m2/repository/net/minidev/json-smart/2.3/json-smart-2.3.jar' 
2022-06-02 06:59:05.263 DEBUG [acme.Launcher@main] Found classpath entry '/C:/Users/diego/.m2/repository/net/minidev/accessors-smart/1.2/accessors-smart-1.2.jar' 
2022-06-02 06:59:05.264 DEBUG [acme.Launcher@main] Found classpath entry '/C:/Users/diego/.m2/repository/org/ow2/asm/asm/5.0.4/asm-5.0.4.jar' 
2022-06-02 06:59:05.264 DEBUG [acme.Launcher@main] Found classpath entry '/C:/Users/diego/.m2/repository/jakarta/xml/bind/jakarta.xml.bind-api/2.3.3/jakarta.xml.bind-api-2.3.3.jar' 
2022-06-02 06:59:05.264 DEBUG [acme.Launcher@main] Found classpath entry '/C:/Users/diego/.m2/repository/jakarta/activation/jakarta.activation-api/1.2.2/jakarta.activation-api-1.2.2.jar' 
2022-06-02 06:59:05.264 DEBUG [acme.Launcher@main] Found classpath entry '/C:/Users/diego/.m2/repository/org/assertj/assertj-core/3.18.1/assertj-core-3.18.1.jar' 
2022-06-02 06:59:05.265 DEBUG [acme.Launcher@main] Found classpath entry '/C:/Users/diego/.m2/repository/org/hamcrest/hamcrest/2.2/hamcrest-2.2.jar' 
2022-06-02 06:59:05.265 DEBUG [acme.Launcher@main] Found classpath entry '/C:/Users/diego/.m2/repository/org/junit/jupiter/junit-jupiter/5.7.0/junit-jupiter-5.7.0.jar' 
2022-06-02 06:59:05.265 DEBUG [acme.Launcher@main] Found classpath entry '/C:/Users/diego/.m2/repository/org/mockito/mockito-core/3.6.28/mockito-core-3.6.28.jar' 
2022-06-02 06:59:05.266 DEBUG [acme.Launcher@main] Found classpath entry '/C:/Users/diego/.m2/repository/net/bytebuddy/byte-buddy-agent/1.10.19/byte-buddy-agent-1.10.19.jar' 
2022-06-02 06:59:05.266 DEBUG [acme.Launcher@main] Found classpath entry '/C:/Users/diego/.m2/repository/org/objenesis/objenesis/3.1/objenesis-3.1.jar' 
2022-06-02 06:59:05.266 DEBUG [acme.Launcher@main] Found classpath entry '/C:/Users/diego/.m2/repository/org/mockito/mockito-junit-jupiter/3.6.28/mockito-junit-jupiter-3.6.28.jar' 
2022-06-02 06:59:05.266 DEBUG [acme.Launcher@main] Found classpath entry '/C:/Users/diego/.m2/repository/org/skyscreamer/jsonassert/1.5.0/jsonassert-1.5.0.jar' 
2022-06-02 06:59:05.269 DEBUG [acme.Launcher@main] Found classpath entry '/C:/Users/diego/.m2/repository/com/vaadin/external/google/android-json/0.0.20131108.vaadin1/android-json-0.0.20131108.vaadin1.jar' 
2022-06-02 06:59:05.270 DEBUG [acme.Launcher@main] Found classpath entry '/C:/Users/diego/.m2/repository/org/springframework/spring-test/5.3.3/spring-test-5.3.3.jar' 
2022-06-02 06:59:05.270 DEBUG [acme.Launcher@main] Found classpath entry '/C:/Users/diego/.m2/repository/org/xmlunit/xmlunit-core/2.7.0/xmlunit-core-2.7.0.jar' 
2022-06-02 06:59:05.270 DEBUG [acme.Launcher@main] Found classpath entry '/C:/Users/diego/.m2/repository/org/junit/jupiter/junit-jupiter-engine/5.7.0/junit-jupiter-engine-5.7.0.jar' 
2022-06-02 06:59:05.270 DEBUG [acme.Launcher@main] Found classpath entry '/C:/Users/diego/.m2/repository/org/apiguardian/apiguardian-api/1.1.0/apiguardian-api-1.1.0.jar' 
2022-06-02 06:59:05.271 DEBUG [acme.Launcher@main] Found classpath entry '/C:/Users/diego/.m2/repository/org/junit/platform/junit-platform-engine/1.7.0/junit-platform-engine-1.7.0.jar' 
2022-06-02 06:59:05.271 DEBUG [acme.Launcher@main] Found classpath entry '/C:/Users/diego/.m2/repository/org/junit/jupiter/junit-jupiter-api/5.7.0/junit-jupiter-api-5.7.0.jar' 
2022-06-02 06:59:05.271 DEBUG [acme.Launcher@main] Found classpath entry '/C:/Users/diego/.m2/repository/org/opentest4j/opentest4j/1.2.0/opentest4j-1.2.0.jar' 
2022-06-02 06:59:05.272 DEBUG [acme.Launcher@main] Found classpath entry '/C:/Users/diego/.m2/repository/org/junit/platform/junit-platform-commons/1.7.0/junit-platform-commons-1.7.0.jar' 
2022-06-02 06:59:05.272 DEBUG [acme.Launcher@main] Found classpath entry '/C:/Users/diego/.m2/repository/org/junit/jupiter/junit-jupiter-params/5.7.0/junit-jupiter-params-5.7.0.jar' 
2022-06-02 06:59:05.272 DEBUG [acme.Launcher@main] Found classpath entry '/C:/Users/diego/.m2/repository/org/junit/platform/junit-platform-launcher/1.7.0/junit-platform-launcher-1.7.0.jar' 
2022-06-02 06:59:05.272 DEBUG [acme.Launcher@main] Found classpath entry '/C:/Users/diego/.m2/repository/org/seleniumhq/selenium/selenium-java/3.141.59/selenium-java-3.141.59.jar' 
2022-06-02 06:59:05.273 DEBUG [acme.Launcher@main] Found classpath entry '/C:/Users/diego/.m2/repository/org/seleniumhq/selenium/selenium-api/3.141.59/selenium-api-3.141.59.jar' 
2022-06-02 06:59:05.273 DEBUG [acme.Launcher@main] Found classpath entry '/C:/Users/diego/.m2/repository/org/seleniumhq/selenium/selenium-chrome-driver/3.141.59/selenium-chrome-driver-3.141.59.jar' 
2022-06-02 06:59:05.273 DEBUG [acme.Launcher@main] Found classpath entry '/C:/Users/diego/.m2/repository/org/seleniumhq/selenium/selenium-edge-driver/3.141.59/selenium-edge-driver-3.141.59.jar' 
2022-06-02 06:59:05.274 DEBUG [acme.Launcher@main] Found classpath entry '/C:/Users/diego/.m2/repository/org/seleniumhq/selenium/selenium-firefox-driver/3.141.59/selenium-firefox-driver-3.141.59.jar' 
2022-06-02 06:59:05.274 DEBUG [acme.Launcher@main] Found classpath entry '/C:/Users/diego/.m2/repository/org/seleniumhq/selenium/selenium-ie-driver/3.141.59/selenium-ie-driver-3.141.59.jar' 
2022-06-02 06:59:05.274 DEBUG [acme.Launcher@main] Found classpath entry '/C:/Users/diego/.m2/repository/org/seleniumhq/selenium/selenium-opera-driver/3.141.59/selenium-opera-driver-3.141.59.jar' 
2022-06-02 06:59:05.274 DEBUG [acme.Launcher@main] Found classpath entry '/C:/Users/diego/.m2/repository/org/seleniumhq/selenium/selenium-remote-driver/3.141.59/selenium-remote-driver-3.141.59.jar' 
2022-06-02 06:59:05.275 DEBUG [acme.Launcher@main] Found classpath entry '/C:/Users/diego/.m2/repository/org/seleniumhq/selenium/selenium-safari-driver/3.141.59/selenium-safari-driver-3.141.59.jar' 
2022-06-02 06:59:05.275 DEBUG [acme.Launcher@main] Found classpath entry '/C:/Users/diego/.m2/repository/org/seleniumhq/selenium/selenium-support/3.141.59/selenium-support-3.141.59.jar' 
2022-06-02 06:59:05.275 DEBUG [acme.Launcher@main] Found classpath entry '/C:/Users/diego/.m2/repository/net/bytebuddy/byte-buddy/1.10.19/byte-buddy-1.10.19.jar' 
2022-06-02 06:59:05.275 DEBUG [acme.Launcher@main] Found classpath entry '/C:/Users/diego/.m2/repository/org/apache/commons/commons-exec/1.3/commons-exec-1.3.jar' 
2022-06-02 06:59:05.276 DEBUG [acme.Launcher@main] Found classpath entry '/C:/Users/diego/.m2/repository/com/google/guava/guava/25.0-jre/guava-25.0-jre.jar' 
2022-06-02 06:59:05.276 DEBUG [acme.Launcher@main] Found classpath entry '/C:/Users/diego/.m2/repository/com/google/code/findbugs/jsr305/1.3.9/jsr305-1.3.9.jar' 
2022-06-02 06:59:05.276 DEBUG [acme.Launcher@main] Found classpath entry '/C:/Users/diego/.m2/repository/org/checkerframework/checker-compat-qual/2.0.0/checker-compat-qual-2.0.0.jar' 
2022-06-02 06:59:05.276 DEBUG [acme.Launcher@main] Found classpath entry '/C:/Users/diego/.m2/repository/com/google/errorprone/error_prone_annotations/2.1.3/error_prone_annotations-2.1.3.jar' 
2022-06-02 06:59:05.277 DEBUG [acme.Launcher@main] Found classpath entry '/C:/Users/diego/.m2/repository/com/google/j2objc/j2objc-annotations/1.1/j2objc-annotations-1.1.jar' 
2022-06-02 06:59:05.277 DEBUG [acme.Launcher@main] Found classpath entry '/C:/Users/diego/.m2/repository/org/codehaus/mojo/animal-sniffer-annotations/1.14/animal-sniffer-annotations-1.14.jar' 
2022-06-02 06:59:05.277 DEBUG [acme.Launcher@main] Found classpath entry '/C:/Users/diego/.m2/repository/com/squareup/okhttp3/okhttp/3.14.9/okhttp-3.14.9.jar' 
2022-06-02 06:59:05.277 DEBUG [acme.Launcher@main] Found classpath entry '/C:/Users/diego/.m2/repository/com/squareup/okio/okio/1.14.0/okio-1.14.0.jar' 
2022-06-02 06:59:05.278 DEBUG [acme.Launcher@main] Found classpath entry '/C:/Users/diego/.m2/repository/org/apache/commons/commons-lang3/3.11/commons-lang3-3.11.jar' 
2022-06-02 06:59:05.278 DEBUG [acme.Launcher@main] Found classpath entry '/C:/Users/diego/.m2/repository/org/apache/commons/commons-text/1.8/commons-text-1.8.jar' 
2022-06-02 06:59:05.278 DEBUG [acme.Launcher@main] Found classpath entry '/C:/Users/diego/.m2/repository/commons-io/commons-io/2.6/commons-io-2.6.jar' 
2022-06-02 06:59:05.279 DEBUG [acme.Launcher@main] Found classpath entry '/C:/Users/diego/.m2/repository/commons-cli/commons-cli/1.4/commons-cli-1.4.jar' 
2022-06-02 06:59:05.279 DEBUG [acme.Launcher@main] Found classpath entry '/C:/Users/diego/.m2/repository/org/projectlombok/lombok/1.18.16/lombok-1.18.16.jar' 
2022-06-02 06:59:05.280 DEBUG [acme.Launcher@main] Found classpath entry '/C:/Users/diego/.m2/repository/com/opencsv/opencsv/5.4/opencsv-5.4.jar' 
2022-06-02 06:59:05.281 DEBUG [acme.Launcher@main] Found classpath entry '/C:/Users/diego/.m2/repository/commons-beanutils/commons-beanutils/1.9.4/commons-beanutils-1.9.4.jar' 
2022-06-02 06:59:05.281 DEBUG [acme.Launcher@main] Found classpath entry '/C:/Users/diego/.m2/repository/commons-logging/commons-logging/1.2/commons-logging-1.2.jar' 
2022-06-02 06:59:05.281 DEBUG [acme.Launcher@main] Found classpath entry '/C:/Users/diego/.m2/repository/commons-collections/commons-collections/3.2.2/commons-collections-3.2.2.jar' 
2022-06-02 06:59:05.282 DEBUG [acme.Launcher@main] Found classpath entry '/C:/Users/diego/.m2/repository/org/apache/commons/commons-collections4/4.4/commons-collections4-4.4.jar' 
2022-06-02 06:59:05.652 DEBUG [acme.Launcher@main] Found entity class 'acme.artifact.Artifact 
2022-06-02 06:59:05.652 DEBUG [acme.Launcher@main] Found entity class 'acme.artifact.PartOf 
2022-06-02 06:59:05.653 DEBUG [acme.Launcher@main] Found entity class 'acme.artifact.ToolKit 
2022-06-02 06:59:05.653 DEBUG [acme.Launcher@main] Found entity class 'acme.entities.announcement.Announcement 
2022-06-02 06:59:05.653 DEBUG [acme.Launcher@main] Found entity class 'acme.entities.chirp.Chirp 
2022-06-02 06:59:05.653 DEBUG [acme.Launcher@main] Found entity class 'acme.entities.patronage.Patronage 
2022-06-02 06:59:05.654 DEBUG [acme.Launcher@main] Found entity class 'acme.entities.patronage.PatronageReport 
2022-06-02 06:59:05.654 DEBUG [acme.Launcher@main] Found entity class 'acme.roles.Consumer 
2022-06-02 06:59:05.654 DEBUG [acme.Launcher@main] Found entity class 'acme.roles.Inventor 
2022-06-02 06:59:05.655 DEBUG [acme.Launcher@main] Found entity class 'acme.roles.Patron 
2022-06-02 06:59:05.655 DEBUG [acme.Launcher@main] Found entity class 'acme.roles.Provider 
2022-06-02 06:59:05.655 DEBUG [acme.Launcher@main] Found entity class 'acme.systemSetting.SystemSetting 
2022-06-02 06:59:05.655 DEBUG [acme.Launcher@main] Found entity class 'acme.framework.entities.UserAccount 
2022-06-02 06:59:05.657 DEBUG [acme.Launcher@main] Found entity class 'acme.framework.roles.Administrator 
2022-06-02 06:59:05.657 DEBUG [acme.Launcher@main] Found entity class 'acme.framework.roles.Anonymous 
2022-06-02 06:59:05.657 DEBUG [acme.Launcher@main] Found entity class 'acme.framework.roles.Any 
2022-06-02 06:59:05.657 DEBUG [acme.Launcher@main] Found entity class 'acme.framework.roles.Authenticated 
2022-06-02 06:59:05.666 INFO  [acme.Launcher@main] Running application (Standalone) 
2022-06-02 07:00:28.353 DEBUG [acme.framework.components.tiles.DynamicTilesView@http-nio-8080-exec-4] View name 'fragments/welcome', model {} 
2022-06-02 07:00:28.397 DEBUG [org.apache.tiles.definition.dao.BaseLocaleUrlDefinitionDAO@http-nio-8080-exec-4] File Resource file:/C:/Users/diego/OneDrive/Documentos/Mis_Archivos/II-ISW/DP2/Workspace-22.0/Projects/Acme-Toolkit/target/classes/WEB-INF/views/master/tiles_en.xml at file:/C:/Users/diego/OneDrive/Documentos/Mis_Archivos/II-ISW/DP2/Workspace-22.0/Projects/Acme-Toolkit/target/classes/WEB-INF/views/master/tiles_en.xml not found, continue 
2022-06-02 07:00:28.417 DEBUG [org.apache.jasper.servlet.JspServlet@http-nio-8080-exec-4] JspEngine --> /WEB-INF/views/master/page.jsp 
2022-06-02 07:00:28.418 DEBUG [org.apache.jasper.servlet.JspServlet@http-nio-8080-exec-4] ServletPath: /WEB-INF/views/master/page.jsp 
2022-06-02 07:00:28.419 DEBUG [org.apache.jasper.servlet.JspServlet@http-nio-8080-exec-4] PathInfo: null 
2022-06-02 07:00:28.424 DEBUG [org.apache.jasper.servlet.JspServlet@http-nio-8080-exec-4] RealPath: C:\Users\diego\OneDrive\Documentos\Mis_Archivos\II-ISW\DP2\Workspace-22.0\Projects\Acme-Toolkit\target\classes\WEB-INF\views\master\page.jsp 
2022-06-02 07:00:28.425 DEBUG [org.apache.jasper.servlet.JspServlet@http-nio-8080-exec-4] RequestURI: /acme-toolkit-22.1/WEB-INF/views/master/page.jsp 
2022-06-02 07:00:28.426 DEBUG [org.apache.jasper.servlet.JspServlet@http-nio-8080-exec-4] QueryString: null 
2022-06-02 07:00:40.700 DEBUG [acme.framework.configuration.ExtendedMessageSource@http-nio-8080-exec-4] Loading properties [C:\Users\diego\OneDrive\Documentos\Mis_Archivos\II-ISW\DP2\Workspace-22.0\Projects\Acme-Toolkit\target\classes\WEB-INF\views\administrator\admin-dashboard\messages-en.i18n] with encoding 'utf-8' 
2022-06-02 07:00:40.704 DEBUG [acme.framework.configuration.ExtendedMessageSource@http-nio-8080-exec-4] Loading properties [C:\Users\diego\OneDrive\Documentos\Mis_Archivos\II-ISW\DP2\Workspace-22.0\Projects\Acme-Toolkit\target\classes\WEB-INF\views\administrator\announcement\messages-en.i18n] with encoding 'utf-8' 
2022-06-02 07:00:40.707 DEBUG [acme.framework.configuration.ExtendedMessageSource@http-nio-8080-exec-4] Loading properties [C:\Users\diego\OneDrive\Documentos\Mis_Archivos\II-ISW\DP2\Workspace-22.0\Projects\Acme-Toolkit\target\classes\WEB-INF\views\administrator\system-setting\messsages-en.i18n] with encoding 'utf-8' 
2022-06-02 07:00:40.709 DEBUG [acme.framework.configuration.ExtendedMessageSource@http-nio-8080-exec-4] Loading properties [C:\Users\diego\OneDrive\Documentos\Mis_Archivos\II-ISW\DP2\Workspace-22.0\Projects\Acme-Toolkit\target\classes\WEB-INF\views\administrator\user-account\messages-en.i18n] with encoding 'utf-8' 
2022-06-02 07:00:40.711 DEBUG [acme.framework.configuration.ExtendedMessageSource@http-nio-8080-exec-4] Loading properties [C:\Users\diego\OneDrive\Documentos\Mis_Archivos\II-ISW\DP2\Workspace-22.0\Projects\Acme-Toolkit\target\classes\WEB-INF\views\anonymous\user-account\messages-en.i18n] with encoding 'utf-8' 
2022-06-02 07:00:40.714 DEBUG [acme.framework.configuration.ExtendedMessageSource@http-nio-8080-exec-4] Loading properties [C:\Users\diego\OneDrive\Documentos\Mis_Archivos\II-ISW\DP2\Workspace-22.0\Projects\Acme-Toolkit\target\classes\WEB-INF\views\any\artifact\messages-en.i18n] with encoding 'utf-8' 
2022-06-02 07:00:40.716 DEBUG [acme.framework.configuration.ExtendedMessageSource@http-nio-8080-exec-4] Loading properties [C:\Users\diego\OneDrive\Documentos\Mis_Archivos\II-ISW\DP2\Workspace-22.0\Projects\Acme-Toolkit\target\classes\WEB-INF\views\any\chirp\messages-en.i18n] with encoding 'utf-8' 
2022-06-02 07:00:40.718 DEBUG [acme.framework.configuration.ExtendedMessageSource@http-nio-8080-exec-4] Loading properties [C:\Users\diego\OneDrive\Documentos\Mis_Archivos\II-ISW\DP2\Workspace-22.0\Projects\Acme-Toolkit\target\classes\WEB-INF\views\any\part-of\messages-en.i18n] with encoding 'utf-8' 
2022-06-02 07:00:40.720 DEBUG [acme.framework.configuration.ExtendedMessageSource@http-nio-8080-exec-4] Loading properties [C:\Users\diego\OneDrive\Documentos\Mis_Archivos\II-ISW\DP2\Workspace-22.0\Projects\Acme-Toolkit\target\classes\WEB-INF\views\any\tool-kit\messages-en.i18n] with encoding 'utf-8' 
2022-06-02 07:00:40.723 DEBUG [acme.framework.configuration.ExtendedMessageSource@http-nio-8080-exec-4] Loading properties [C:\Users\diego\OneDrive\Documentos\Mis_Archivos\II-ISW\DP2\Workspace-22.0\Projects\Acme-Toolkit\target\classes\WEB-INF\views\any\user-account\messsages-en.i18n] with encoding 'utf-8' 
2022-06-02 07:00:40.725 DEBUG [acme.framework.configuration.ExtendedMessageSource@http-nio-8080-exec-4] Loading properties [C:\Users\diego\OneDrive\Documentos\Mis_Archivos\II-ISW\DP2\Workspace-22.0\Projects\Acme-Toolkit\target\classes\WEB-INF\views\authenticated\announcement\messages-en.i18n] with encoding 'utf-8' 
2022-06-02 07:00:40.728 DEBUG [acme.framework.configuration.ExtendedMessageSource@http-nio-8080-exec-4] Loading properties [C:\Users\diego\OneDrive\Documentos\Mis_Archivos\II-ISW\DP2\Workspace-22.0\Projects\Acme-Toolkit\target\classes\WEB-INF\views\authenticated\consumer\messsages-en.i18n] with encoding 'utf-8' 
2022-06-02 07:00:40.730 DEBUG [acme.framework.configuration.ExtendedMessageSource@http-nio-8080-exec-4] Loading properties [C:\Users\diego\OneDrive\Documentos\Mis_Archivos\II-ISW\DP2\Workspace-22.0\Projects\Acme-Toolkit\target\classes\WEB-INF\views\authenticated\inventor\messsages-en.i18n] with encoding 'utf-8' 
2022-06-02 07:00:40.734 DEBUG [acme.framework.configuration.ExtendedMessageSource@http-nio-8080-exec-4] Loading properties [C:\Users\diego\OneDrive\Documentos\Mis_Archivos\II-ISW\DP2\Workspace-22.0\Projects\Acme-Toolkit\target\classes\WEB-INF\views\authenticated\patron\messsages-en.i18n] with encoding 'utf-8' 
2022-06-02 07:00:40.736 DEBUG [acme.framework.configuration.ExtendedMessageSource@http-nio-8080-exec-4] Loading properties [C:\Users\diego\OneDrive\Documentos\Mis_Archivos\II-ISW\DP2\Workspace-22.0\Projects\Acme-Toolkit\target\classes\WEB-INF\views\authenticated\provider\messsages-en.i18n] with encoding 'utf-8' 
2022-06-02 07:00:40.739 DEBUG [acme.framework.configuration.ExtendedMessageSource@http-nio-8080-exec-4] Loading properties [C:\Users\diego\OneDrive\Documentos\Mis_Archivos\II-ISW\DP2\Workspace-22.0\Projects\Acme-Toolkit\target\classes\WEB-INF\views\authenticated\system-setting\messsages-en.i18n] with encoding 'utf-8' 
2022-06-02 07:00:40.741 DEBUG [acme.framework.configuration.ExtendedMessageSource@http-nio-8080-exec-4] Loading properties [C:\Users\diego\OneDrive\Documentos\Mis_Archivos\II-ISW\DP2\Workspace-22.0\Projects\Acme-Toolkit\target\classes\WEB-INF\views\authenticated\user-account\messages-en.i18n] with encoding 'utf-8' 
2022-06-02 07:00:40.743 DEBUG [acme.framework.configuration.ExtendedMessageSource@http-nio-8080-exec-4] Loading properties [C:\Users\diego\OneDrive\Documentos\Mis_Archivos\II-ISW\DP2\Workspace-22.0\Projects\Acme-Toolkit\target\classes\WEB-INF\views\fragments\banner-en.i18n] with encoding 'utf-8' 
2022-06-02 07:00:40.746 DEBUG [acme.framework.configuration.ExtendedMessageSource@http-nio-8080-exec-4] Loading properties [C:\Users\diego\OneDrive\Documentos\Mis_Archivos\II-ISW\DP2\Workspace-22.0\Projects\Acme-Toolkit\target\classes\WEB-INF\views\fragments\company-en.i18n] with encoding 'utf-8' 
2022-06-02 07:00:40.748 DEBUG [acme.framework.configuration.ExtendedMessageSource@http-nio-8080-exec-4] Loading properties [C:\Users\diego\OneDrive\Documentos\Mis_Archivos\II-ISW\DP2\Workspace-22.0\Projects\Acme-Toolkit\target\classes\WEB-INF\views\fragments\footer-en.i18n] with encoding 'utf-8' 
2022-06-02 07:00:40.751 DEBUG [acme.framework.configuration.ExtendedMessageSource@http-nio-8080-exec-4] Loading properties [C:\Users\diego\OneDrive\Documentos\Mis_Archivos\II-ISW\DP2\Workspace-22.0\Projects\Acme-Toolkit\target\classes\WEB-INF\views\fragments\license-en.i18n] with encoding 'utf-8' 
2022-06-02 07:00:40.753 DEBUG [acme.framework.configuration.ExtendedMessageSource@http-nio-8080-exec-4] Loading properties [C:\Users\diego\OneDrive\Documentos\Mis_Archivos\II-ISW\DP2\Workspace-22.0\Projects\Acme-Toolkit\target\classes\WEB-INF\views\fragments\menu-en.i18n] with encoding 'utf-8' 
2022-06-02 07:00:40.757 DEBUG [acme.framework.configuration.ExtendedMessageSource@http-nio-8080-exec-4] Loading properties [C:\Users\diego\OneDrive\Documentos\Mis_Archivos\II-ISW\DP2\Workspace-22.0\Projects\Acme-Toolkit\target\classes\WEB-INF\views\fragments\messsages-en.i18n] with encoding 'utf-8' 
2022-06-02 07:00:40.760 DEBUG [acme.framework.configuration.ExtendedMessageSource@http-nio-8080-exec-4] Loading properties [C:\Users\diego\OneDrive\Documentos\Mis_Archivos\II-ISW\DP2\Workspace-22.0\Projects\Acme-Toolkit\target\classes\WEB-INF\views\fragments\title-en.i18n] with encoding 'utf-8' 
2022-06-02 07:00:40.763 DEBUG [acme.framework.configuration.ExtendedMessageSource@http-nio-8080-exec-4] Loading properties [C:\Users\diego\OneDrive\Documentos\Mis_Archivos\II-ISW\DP2\Workspace-22.0\Projects\Acme-Toolkit\target\classes\WEB-INF\views\fragments\welcome-en.i18n] with encoding 'utf-8' 
2022-06-02 07:00:40.765 DEBUG [acme.framework.configuration.ExtendedMessageSource@http-nio-8080-exec-4] Loading properties [C:\Users\diego\OneDrive\Documentos\Mis_Archivos\II-ISW\DP2\Workspace-22.0\Projects\Acme-Toolkit\target\classes\WEB-INF\views\inventor\artifact\messages-en.i18n] with encoding 'utf-8' 
2022-06-02 07:00:40.768 DEBUG [acme.framework.configuration.ExtendedMessageSource@http-nio-8080-exec-4] Loading properties [C:\Users\diego\OneDrive\Documentos\Mis_Archivos\II-ISW\DP2\Workspace-22.0\Projects\Acme-Toolkit\target\classes\WEB-INF\views\inventor\part-of\messages-en.i18n] with encoding 'utf-8' 
2022-06-02 07:00:40.771 DEBUG [acme.framework.configuration.ExtendedMessageSource@http-nio-8080-exec-4] Loading properties [C:\Users\diego\OneDrive\Documentos\Mis_Archivos\II-ISW\DP2\Workspace-22.0\Projects\Acme-Toolkit\target\classes\WEB-INF\views\inventor\patronage\messages-en.i18n] with encoding 'utf-8' 
2022-06-02 07:00:40.774 DEBUG [acme.framework.configuration.ExtendedMessageSource@http-nio-8080-exec-4] Loading properties [C:\Users\diego\OneDrive\Documentos\Mis_Archivos\II-ISW\DP2\Workspace-22.0\Projects\Acme-Toolkit\target\classes\WEB-INF\views\inventor\patronage-report\messages-en.i18n] with encoding 'utf-8' 
2022-06-02 07:00:40.776 DEBUG [acme.framework.configuration.ExtendedMessageSource@http-nio-8080-exec-4] Loading properties [C:\Users\diego\OneDrive\Documentos\Mis_Archivos\II-ISW\DP2\Workspace-22.0\Projects\Acme-Toolkit\target\classes\WEB-INF\views\inventor\tool-kit\messages-en.i18n] with encoding 'utf-8' 
2022-06-02 07:00:40.779 DEBUG [acme.framework.configuration.ExtendedMessageSource@http-nio-8080-exec-4] Loading properties [C:\Users\diego\OneDrive\Documentos\Mis_Archivos\II-ISW\DP2\Workspace-22.0\Projects\Acme-Toolkit\target\classes\WEB-INF\views\master\defaults-en.i18n] with encoding 'utf-8' 
2022-06-02 07:00:40.782 DEBUG [acme.framework.configuration.ExtendedMessageSource@http-nio-8080-exec-4] Loading properties [C:\Users\diego\OneDrive\Documentos\Mis_Archivos\II-ISW\DP2\Workspace-22.0\Projects\Acme-Toolkit\target\classes\WEB-INF\views\master\master-en.i18n] with encoding 'utf-8' 
2022-06-02 07:00:40.784 DEBUG [acme.framework.configuration.ExtendedMessageSource@http-nio-8080-exec-4] Loading properties [C:\Users\diego\OneDrive\Documentos\Mis_Archivos\II-ISW\DP2\Workspace-22.0\Projects\Acme-Toolkit\target\classes\WEB-INF\views\master\throwables-en.i18n] with encoding 'utf-8' 
2022-06-02 07:00:40.787 DEBUG [acme.framework.configuration.ExtendedMessageSource@http-nio-8080-exec-4] Loading properties [C:\Users\diego\OneDrive\Documentos\Mis_Archivos\II-ISW\DP2\Workspace-22.0\Projects\Acme-Toolkit\target\classes\WEB-INF\views\master\validation-en.i18n] with encoding 'utf-8' 
2022-06-02 07:00:40.789 DEBUG [acme.framework.configuration.ExtendedMessageSource@http-nio-8080-exec-4] Loading properties [C:\Users\diego\OneDrive\Documentos\Mis_Archivos\II-ISW\DP2\Workspace-22.0\Projects\Acme-Toolkit\target\classes\WEB-INF\views\patron\patronage\messages-en.i18n] with encoding 'utf-8' 
2022-06-02 07:00:41.231 DEBUG [org.apache.jasper.servlet.JspServlet@http-nio-8080-exec-4] JspEngine --> /WEB-INF/views/fragments/welcome.jsp 
2022-06-02 07:00:41.233 DEBUG [org.apache.jasper.servlet.JspServlet@http-nio-8080-exec-4] ServletPath: /WEB-INF/views/master/page.jsp 
2022-06-02 07:00:41.234 DEBUG [org.apache.jasper.servlet.JspServlet@http-nio-8080-exec-4] PathInfo: null 
2022-06-02 07:00:41.241 DEBUG [org.apache.jasper.servlet.JspServlet@http-nio-8080-exec-4] RealPath: C:\Users\diego\OneDrive\Documentos\Mis_Archivos\II-ISW\DP2\Workspace-22.0\Projects\Acme-Toolkit\target\classes\WEB-INF\views\fragments\welcome.jsp 
2022-06-02 07:00:41.242 DEBUG [org.apache.jasper.servlet.JspServlet@http-nio-8080-exec-4] RequestURI: /acme-toolkit-22.1/WEB-INF/views/master/page.jsp 
2022-06-02 07:00:41.243 DEBUG [org.apache.jasper.servlet.JspServlet@http-nio-8080-exec-4] QueryString: null 
2022-06-02 07:00:42.143 DEBUG [org.hibernate.SQL@http-nio-8080-exec-4] select useraccoun0_.id as id1_0_, useraccoun0_.version as version2_0_, useraccoun0_.enabled as enabled1_17_, useraccoun0_.identity as identity2_17_, useraccoun0_.password as password3_17_, useraccoun0_.username as username4_17_ from user_account useraccoun0_ where useraccoun0_.username=? 
2022-06-02 07:00:42.218 TRACE [org.hibernate.type.descriptor.sql.BasicBinder@http-nio-8080-exec-4] binding parameter [1] as [VARCHAR] - [anonymous] 
2022-06-02 07:00:42.384 DEBUG [org.hibernate.SQL@http-nio-8080-exec-4] select roles0_.user_account_id as user_acc1_18_0_, roles0_.id as id1_18_0_, roles0_.id as id1_0_1_, roles0_.version as version2_0_1_, roles0_.user_account_id as user_acc1_18_1_, roles0_.company as company1_8_1_, roles0_.sector as sector2_8_1_, roles0_.company as company1_9_1_, roles0_.link as link2_9_1_, roles0_.statement as statemen3_9_1_, roles0_.company as company1_11_1_, roles0_.link as link2_11_1_, roles0_.statement as statemen3_11_1_, roles0_.company as company1_14_1_, roles0_.sector as sector2_14_1_, roles0_.clazz_ as clazz_1_ from ( select id, version, user_account_id, company, sector, null as link, null as statement, 9 as clazz_ from consumer union all select id, version, user_account_id, company, null as sector, link, statement, 10 as clazz_ from inventor union all select id, version, user_account_id, company, null as sector, link, statement, 11 as clazz_ from patron union all select id, version, user_account_id, company, sector, null as link, null as statement, 12 as clazz_ from provider union all select id, version, user_account_id, null as company, null as sector, null as link, null as statement, 15 as clazz_ from administrator union all select id, version, user_account_id, null as company, null as sector, null as link, null as statement, 16 as clazz_ from anonymous union all select id, version, user_account_id, null as company, null as sector, null as link, null as statement, 17 as clazz_ from any union all select id, version, user_account_id, null as company, null as sector, null as link, null as statement, 18 as clazz_ from authenticated ) roles0_ where roles0_.user_account_id=? 
2022-06-02 07:00:42.386 TRACE [org.hibernate.type.descriptor.sql.BasicBinder@http-nio-8080-exec-4] binding parameter [1] as [INTEGER] - [2] 
2022-06-02 07:01:09.548 DEBUG [acme.framework.components.tiles.DynamicTilesView@http-nio-8080-exec-2] View name 'master/sign-in', model {username=, password=, remember=false} 
2022-06-02 07:01:09.551 DEBUG [org.apache.jasper.servlet.JspServlet@http-nio-8080-exec-2] JspEngine --> /WEB-INF/views/master/page.jsp 
2022-06-02 07:01:09.552 DEBUG [org.apache.jasper.servlet.JspServlet@http-nio-8080-exec-2] ServletPath: /WEB-INF/views/master/page.jsp 
2022-06-02 07:01:09.553 DEBUG [org.apache.jasper.servlet.JspServlet@http-nio-8080-exec-2] PathInfo: null 
2022-06-02 07:01:09.557 DEBUG [org.apache.jasper.servlet.JspServlet@http-nio-8080-exec-2] RealPath: C:\Users\diego\OneDrive\Documentos\Mis_Archivos\II-ISW\DP2\Workspace-22.0\Projects\Acme-Toolkit\target\classes\WEB-INF\views\master\page.jsp 
2022-06-02 07:01:09.558 DEBUG [org.apache.jasper.servlet.JspServlet@http-nio-8080-exec-2] RequestURI: /acme-toolkit-22.1/WEB-INF/views/master/page.jsp 
2022-06-02 07:01:09.559 DEBUG [org.apache.jasper.servlet.JspServlet@http-nio-8080-exec-2] QueryString: null 
2022-06-02 07:01:09.829 DEBUG [org.apache.jasper.servlet.JspServlet@http-nio-8080-exec-2] JspEngine --> /WEB-INF/views/master/sign-in.jsp 
2022-06-02 07:01:09.829 DEBUG [org.apache.jasper.servlet.JspServlet@http-nio-8080-exec-2] ServletPath: /WEB-INF/views/master/page.jsp 
2022-06-02 07:01:09.830 DEBUG [org.apache.jasper.servlet.JspServlet@http-nio-8080-exec-2] PathInfo: null 
2022-06-02 07:01:09.832 DEBUG [org.apache.jasper.servlet.JspServlet@http-nio-8080-exec-2] RealPath: C:\Users\diego\OneDrive\Documentos\Mis_Archivos\II-ISW\DP2\Workspace-22.0\Projects\Acme-Toolkit\target\classes\WEB-INF\views\master\sign-in.jsp 
2022-06-02 07:01:09.832 DEBUG [org.apache.jasper.servlet.JspServlet@http-nio-8080-exec-2] RequestURI: /acme-toolkit-22.1/WEB-INF/views/master/page.jsp 
2022-06-02 07:01:09.833 DEBUG [org.apache.jasper.servlet.JspServlet@http-nio-8080-exec-2] QueryString: null 
2022-06-02 07:01:15.430 DEBUG [org.hibernate.SQL@http-nio-8080-exec-2] select useraccoun0_.id as id1_0_, useraccoun0_.version as version2_0_, useraccoun0_.enabled as enabled1_17_, useraccoun0_.identity as identity2_17_, useraccoun0_.password as password3_17_, useraccoun0_.username as username4_17_ from user_account useraccoun0_ where useraccoun0_.username=? 
2022-06-02 07:01:15.432 TRACE [org.hibernate.type.descriptor.sql.BasicBinder@http-nio-8080-exec-2] binding parameter [1] as [VARCHAR] - [anonymous] 
2022-06-02 07:01:15.437 DEBUG [org.hibernate.SQL@http-nio-8080-exec-2] select roles0_.user_account_id as user_acc1_18_0_, roles0_.id as id1_18_0_, roles0_.id as id1_0_1_, roles0_.version as version2_0_1_, roles0_.user_account_id as user_acc1_18_1_, roles0_.company as company1_8_1_, roles0_.sector as sector2_8_1_, roles0_.company as company1_9_1_, roles0_.link as link2_9_1_, roles0_.statement as statemen3_9_1_, roles0_.company as company1_11_1_, roles0_.link as link2_11_1_, roles0_.statement as statemen3_11_1_, roles0_.company as company1_14_1_, roles0_.sector as sector2_14_1_, roles0_.clazz_ as clazz_1_ from ( select id, version, user_account_id, company, sector, null as link, null as statement, 9 as clazz_ from consumer union all select id, version, user_account_id, company, null as sector, link, statement, 10 as clazz_ from inventor union all select id, version, user_account_id, company, null as sector, link, statement, 11 as clazz_ from patron union all select id, version, user_account_id, company, sector, null as link, null as statement, 12 as clazz_ from provider union all select id, version, user_account_id, null as company, null as sector, null as link, null as statement, 15 as clazz_ from administrator union all select id, version, user_account_id, null as company, null as sector, null as link, null as statement, 16 as clazz_ from anonymous union all select id, version, user_account_id, null as company, null as sector, null as link, null as statement, 17 as clazz_ from any union all select id, version, user_account_id, null as company, null as sector, null as link, null as statement, 18 as clazz_ from authenticated ) roles0_ where roles0_.user_account_id=? 
2022-06-02 07:01:15.441 TRACE [org.hibernate.type.descriptor.sql.BasicBinder@http-nio-8080-exec-2] binding parameter [1] as [INTEGER] - [2] 
2022-06-02 07:01:21.909 DEBUG [org.hibernate.SQL@http-nio-8080-exec-5] select useraccoun0_.id as id1_0_, useraccoun0_.version as version2_0_, useraccoun0_.enabled as enabled1_17_, useraccoun0_.identity as identity2_17_, useraccoun0_.password as password3_17_, useraccoun0_.username as username4_17_ from user_account useraccoun0_ where useraccoun0_.username=? 
2022-06-02 07:01:21.911 TRACE [org.hibernate.type.descriptor.sql.BasicBinder@http-nio-8080-exec-5] binding parameter [1] as [VARCHAR] - [inventor1] 
2022-06-02 07:01:21.914 DEBUG [org.hibernate.SQL@http-nio-8080-exec-5] select roles0_.user_account_id as user_acc1_18_0_, roles0_.id as id1_18_0_, roles0_.id as id1_0_1_, roles0_.version as version2_0_1_, roles0_.user_account_id as user_acc1_18_1_, roles0_.company as company1_8_1_, roles0_.sector as sector2_8_1_, roles0_.company as company1_9_1_, roles0_.link as link2_9_1_, roles0_.statement as statemen3_9_1_, roles0_.company as company1_11_1_, roles0_.link as link2_11_1_, roles0_.statement as statemen3_11_1_, roles0_.company as company1_14_1_, roles0_.sector as sector2_14_1_, roles0_.clazz_ as clazz_1_ from ( select id, version, user_account_id, company, sector, null as link, null as statement, 9 as clazz_ from consumer union all select id, version, user_account_id, company, null as sector, link, statement, 10 as clazz_ from inventor union all select id, version, user_account_id, company, null as sector, link, statement, 11 as clazz_ from patron union all select id, version, user_account_id, company, sector, null as link, null as statement, 12 as clazz_ from provider union all select id, version, user_account_id, null as company, null as sector, null as link, null as statement, 15 as clazz_ from administrator union all select id, version, user_account_id, null as company, null as sector, null as link, null as statement, 16 as clazz_ from anonymous union all select id, version, user_account_id, null as company, null as sector, null as link, null as statement, 17 as clazz_ from any union all select id, version, user_account_id, null as company, null as sector, null as link, null as statement, 18 as clazz_ from authenticated ) roles0_ where roles0_.user_account_id=? 
2022-06-02 07:01:21.915 TRACE [org.hibernate.type.descriptor.sql.BasicBinder@http-nio-8080-exec-5] binding parameter [1] as [INTEGER] - [7] 
2022-06-02 07:01:21.950 DEBUG [acme.framework.components.tiles.DynamicTilesView@http-nio-8080-exec-3] View name 'fragments/welcome', model {} 
2022-06-02 07:01:21.952 DEBUG [org.apache.jasper.servlet.JspServlet@http-nio-8080-exec-3] JspEngine --> /WEB-INF/views/master/page.jsp 
2022-06-02 07:01:21.954 DEBUG [org.apache.jasper.servlet.JspServlet@http-nio-8080-exec-3] ServletPath: /WEB-INF/views/master/page.jsp 
2022-06-02 07:01:21.955 DEBUG [org.apache.jasper.servlet.JspServlet@http-nio-8080-exec-3] PathInfo: null 
2022-06-02 07:01:21.961 DEBUG [org.apache.jasper.servlet.JspServlet@http-nio-8080-exec-3] RealPath: C:\Users\diego\OneDrive\Documentos\Mis_Archivos\II-ISW\DP2\Workspace-22.0\Projects\Acme-Toolkit\target\classes\WEB-INF\views\master\page.jsp 
2022-06-02 07:01:21.963 DEBUG [org.apache.jasper.servlet.JspServlet@http-nio-8080-exec-3] RequestURI: /acme-toolkit-22.1/WEB-INF/views/master/page.jsp 
2022-06-02 07:01:21.963 DEBUG [org.apache.jasper.servlet.JspServlet@http-nio-8080-exec-3] QueryString: null 
2022-06-02 07:01:22.281 DEBUG [org.apache.jasper.servlet.JspServlet@http-nio-8080-exec-3] JspEngine --> /WEB-INF/views/fragments/welcome.jsp 
2022-06-02 07:01:22.282 DEBUG [org.apache.jasper.servlet.JspServlet@http-nio-8080-exec-3] ServletPath: /WEB-INF/views/master/page.jsp 
2022-06-02 07:01:22.284 DEBUG [org.apache.jasper.servlet.JspServlet@http-nio-8080-exec-3] PathInfo: null 
2022-06-02 07:01:22.291 DEBUG [org.apache.jasper.servlet.JspServlet@http-nio-8080-exec-3] RealPath: C:\Users\diego\OneDrive\Documentos\Mis_Archivos\II-ISW\DP2\Workspace-22.0\Projects\Acme-Toolkit\target\classes\WEB-INF\views\fragments\welcome.jsp 
2022-06-02 07:01:22.292 DEBUG [org.apache.jasper.servlet.JspServlet@http-nio-8080-exec-3] RequestURI: /acme-toolkit-22.1/WEB-INF/views/master/page.jsp 
2022-06-02 07:01:22.293 DEBUG [org.apache.jasper.servlet.JspServlet@http-nio-8080-exec-3] QueryString: null 
2022-06-02 07:01:35.756 DEBUG [acme.framework.controllers.AbstractController@http-nio-8080-exec-5] DISPATCHING GET /acme-toolkit-22.1/inventor/tool-kit/list 
2022-06-02 07:01:35.756 DEBUG [acme.framework.controllers.AbstractController@http-nio-8080-exec-5] Command: list 
2022-06-02 07:01:35.757 DEBUG [acme.framework.controllers.AbstractController@http-nio-8080-exec-5] Model:   {} 
2022-06-02 07:01:35.757 DEBUG [acme.framework.controllers.AbstractController@http-nio-8080-exec-5] Locale:  en 
2022-06-02 07:01:35.757 DEBUG [acme.framework.controllers.AbstractController@http-nio-8080-exec-5] Starting transaction f3a137d1-dc22-4804-b4a2-d260d300c33d 
2022-06-02 07:01:35.775 DEBUG [org.hibernate.SQL@http-nio-8080-exec-5] select toolkit1_.id as id1_0_, toolkit1_.version as version2_0_, toolkit1_.assembly_notes as assembly1_16_, toolkit1_.code as code2_16_, toolkit1_.description as descript3_16_, toolkit1_.is_publish as is_publi4_16_, toolkit1_.link as link5_16_, toolkit1_.title as title6_16_ from part_of partof0_ inner join tool_kit toolkit1_ on partof0_.toolkit_id=toolkit1_.id cross join artifact artifact2_ where partof0_.artifact_id=artifact2_.id and artifact2_.inventor_id=? 
2022-06-02 07:01:35.776 TRACE [org.hibernate.type.descriptor.sql.BasicBinder@http-nio-8080-exec-5] binding parameter [1] as [INTEGER] - [9] 
2022-06-02 07:01:35.838 DEBUG [acme.framework.controllers.AbstractController@http-nio-8080-exec-5] Committing transaction f3a137d1-dc22-4804-b4a2-d260d300c33d 
2022-06-02 07:01:35.842 DEBUG [acme.framework.controllers.AbstractController@http-nio-8080-exec-5] Starting transaction 24f1a131-1d7d-4dc9-949a-d2219b648cf4 
2022-06-02 07:01:35.844 DEBUG [acme.framework.controllers.AbstractController@http-nio-8080-exec-5] Committing transaction 24f1a131-1d7d-4dc9-949a-d2219b648cf4 
2022-06-02 07:01:35.846 DEBUG [acme.framework.controllers.AbstractController@http-nio-8080-exec-5] SERVING GET /acme-toolkit-22.1/inventor/tool-kit/list 
2022-06-02 07:01:35.847 DEBUG [acme.framework.controllers.AbstractController@http-nio-8080-exec-5] Result: ModelAndView [view="inventor/tool-kit/list"; model={title[1]=Toolkit 1, version[2]=0, version[1]=0, title[2]=Toolkit 2, list$size=3, code[0]=AAA-000-P, version[0]=0, title[0]=Toolkit 1, code[1]=AAA-000-P, id[1]=25, code[2]=ZZZ-999-A, id[0]=25, id[2]=26, command=list, principal=acme.framework.entities.Principal@20c037e4}] 
2022-06-02 07:01:35.857 DEBUG [acme.framework.components.tiles.DynamicTilesView@http-nio-8080-exec-5] View name 'inventor/tool-kit/list', model {title[1]=Toolkit 1, version[2]=0, version[1]=0, title[2]=Toolkit 2, list$size=3, code[0]=AAA-000-P, version[0]=0, title[0]=Toolkit 1, code[1]=AAA-000-P, id[1]=25, code[2]=ZZZ-999-A, id[0]=25, id[2]=26, command=list, principal=acme.framework.entities.Principal@20c037e4, org.springframework.validation.BindingResult.principal=org.springframework.validation.BeanPropertyBindingResult: 0 errors} 
2022-06-02 07:01:35.859 DEBUG [org.apache.jasper.servlet.JspServlet@http-nio-8080-exec-5] JspEngine --> /WEB-INF/views/master/page.jsp 
2022-06-02 07:01:35.861 DEBUG [org.apache.jasper.servlet.JspServlet@http-nio-8080-exec-5] ServletPath: /WEB-INF/views/master/page.jsp 
2022-06-02 07:01:35.862 DEBUG [org.apache.jasper.servlet.JspServlet@http-nio-8080-exec-5] PathInfo: null 
2022-06-02 07:01:35.864 DEBUG [org.apache.jasper.servlet.JspServlet@http-nio-8080-exec-5] RealPath: C:\Users\diego\OneDrive\Documentos\Mis_Archivos\II-ISW\DP2\Workspace-22.0\Projects\Acme-Toolkit\target\classes\WEB-INF\views\master\page.jsp 
2022-06-02 07:01:35.864 DEBUG [org.apache.jasper.servlet.JspServlet@http-nio-8080-exec-5] RequestURI: /acme-toolkit-22.1/WEB-INF/views/master/page.jsp 
2022-06-02 07:01:35.865 DEBUG [org.apache.jasper.servlet.JspServlet@http-nio-8080-exec-5] QueryString: null 
2022-06-02 07:01:36.192 DEBUG [org.apache.jasper.servlet.JspServlet@http-nio-8080-exec-5] JspEngine --> /WEB-INF/views/inventor/tool-kit/list.jsp 
2022-06-02 07:01:36.193 DEBUG [org.apache.jasper.servlet.JspServlet@http-nio-8080-exec-5] ServletPath: /WEB-INF/views/master/page.jsp 
2022-06-02 07:01:36.195 DEBUG [org.apache.jasper.servlet.JspServlet@http-nio-8080-exec-5] PathInfo: null 
2022-06-02 07:01:36.199 DEBUG [org.apache.jasper.servlet.JspServlet@http-nio-8080-exec-5] RealPath: C:\Users\diego\OneDrive\Documentos\Mis_Archivos\II-ISW\DP2\Workspace-22.0\Projects\Acme-Toolkit\target\classes\WEB-INF\views\inventor\tool-kit\list.jsp 
2022-06-02 07:01:36.200 DEBUG [org.apache.jasper.servlet.JspServlet@http-nio-8080-exec-5] RequestURI: /acme-toolkit-22.1/WEB-INF/views/master/page.jsp 
2022-06-02 07:01:36.202 DEBUG [org.apache.jasper.servlet.JspServlet@http-nio-8080-exec-5] QueryString: null 
2022-06-02 07:02:17.431 DEBUG [acme.framework.controllers.AbstractController@http-nio-8080-exec-8] DISPATCHING GET /acme-toolkit-22.1/inventor/tool-kit/show 
2022-06-02 07:02:17.432 DEBUG [acme.framework.controllers.AbstractController@http-nio-8080-exec-8] Command: show 
2022-06-02 07:02:17.432 DEBUG [acme.framework.controllers.AbstractController@http-nio-8080-exec-8] Model:   {id=25} 
2022-06-02 07:02:17.433 DEBUG [acme.framework.controllers.AbstractController@http-nio-8080-exec-8] Locale:  en 
2022-06-02 07:02:17.433 DEBUG [acme.framework.controllers.AbstractController@http-nio-8080-exec-8] Starting transaction e0ea7d49-7c65-4655-b477-5fe7deae0df9 
2022-06-02 07:02:17.437 DEBUG [org.hibernate.SQL@http-nio-8080-exec-8] select toolkit0_.id as id1_0_, toolkit0_.version as version2_0_, toolkit0_.assembly_notes as assembly1_16_, toolkit0_.code as code2_16_, toolkit0_.description as descript3_16_, toolkit0_.is_publish as is_publi4_16_, toolkit0_.link as link5_16_, toolkit0_.title as title6_16_ from tool_kit toolkit0_ where toolkit0_.id=? 
2022-06-02 07:02:17.438 TRACE [org.hibernate.type.descriptor.sql.BasicBinder@http-nio-8080-exec-8] binding parameter [1] as [INTEGER] - [25] 
2022-06-02 07:02:17.441 DEBUG [acme.framework.controllers.AbstractController@http-nio-8080-exec-8] Committing transaction e0ea7d49-7c65-4655-b477-5fe7deae0df9 
2022-06-02 07:02:17.443 DEBUG [acme.framework.controllers.AbstractController@http-nio-8080-exec-8] Starting transaction 28858ddb-4d6a-47f6-a078-514685a706ba 
2022-06-02 07:02:17.444 DEBUG [acme.framework.controllers.AbstractController@http-nio-8080-exec-8] Committing transaction 28858ddb-4d6a-47f6-a078-514685a706ba 
2022-06-02 07:02:17.446 DEBUG [acme.framework.controllers.AbstractController@http-nio-8080-exec-8] SERVING GET /acme-toolkit-22.1/inventor/tool-kit/show 
2022-06-02 07:02:17.446 DEBUG [acme.framework.controllers.AbstractController@http-nio-8080-exec-8] Result: ModelAndView [view="inventor/tool-kit/form"; model={assemblyNotes=Assembly notes for toolkit number 1, code=AAA-000-P, link=https://es.wikipedia.org/wiki/Artefacto, description=This is the first toolkit, id=25, title=Toolkit 1, version=0, command=show, principal=acme.framework.entities.Principal@20c037e4}] 
2022-06-02 07:02:17.447 DEBUG [acme.framework.components.tiles.DynamicTilesView@http-nio-8080-exec-8] View name 'inventor/tool-kit/form', model {assemblyNotes=Assembly notes for toolkit number 1, code=AAA-000-P, link=https://es.wikipedia.org/wiki/Artefacto, description=This is the first toolkit, id=25, title=Toolkit 1, version=0, command=show, principal=acme.framework.entities.Principal@20c037e4, org.springframework.validation.BindingResult.principal=org.springframework.validation.BeanPropertyBindingResult: 0 errors} 
2022-06-02 07:02:17.449 DEBUG [org.apache.jasper.servlet.JspServlet@http-nio-8080-exec-8] JspEngine --> /WEB-INF/views/master/page.jsp 
2022-06-02 07:02:17.450 DEBUG [org.apache.jasper.servlet.JspServlet@http-nio-8080-exec-8] ServletPath: /WEB-INF/views/master/page.jsp 
2022-06-02 07:02:17.451 DEBUG [org.apache.jasper.servlet.JspServlet@http-nio-8080-exec-8] PathInfo: null 
2022-06-02 07:02:17.457 DEBUG [org.apache.jasper.servlet.JspServlet@http-nio-8080-exec-8] RealPath: C:\Users\diego\OneDrive\Documentos\Mis_Archivos\II-ISW\DP2\Workspace-22.0\Projects\Acme-Toolkit\target\classes\WEB-INF\views\master\page.jsp 
2022-06-02 07:02:17.458 DEBUG [org.apache.jasper.servlet.JspServlet@http-nio-8080-exec-8] RequestURI: /acme-toolkit-22.1/WEB-INF/views/master/page.jsp 
2022-06-02 07:02:17.459 DEBUG [org.apache.jasper.servlet.JspServlet@http-nio-8080-exec-8] QueryString: id=25 
2022-06-02 07:02:17.747 DEBUG [org.apache.jasper.servlet.JspServlet@http-nio-8080-exec-8] JspEngine --> /WEB-INF/views/inventor/tool-kit/form.jsp 
2022-06-02 07:02:17.748 DEBUG [org.apache.jasper.servlet.JspServlet@http-nio-8080-exec-8] ServletPath: /WEB-INF/views/master/page.jsp 
2022-06-02 07:02:17.749 DEBUG [org.apache.jasper.servlet.JspServlet@http-nio-8080-exec-8] PathInfo: null 
2022-06-02 07:02:17.755 DEBUG [org.apache.jasper.servlet.JspServlet@http-nio-8080-exec-8] RealPath: C:\Users\diego\OneDrive\Documentos\Mis_Archivos\II-ISW\DP2\Workspace-22.0\Projects\Acme-Toolkit\target\classes\WEB-INF\views\inventor\tool-kit\form.jsp 
2022-06-02 07:02:17.756 DEBUG [org.apache.jasper.servlet.JspServlet@http-nio-8080-exec-8] RequestURI: /acme-toolkit-22.1/WEB-INF/views/master/page.jsp 
2022-06-02 07:02:17.757 DEBUG [org.apache.jasper.servlet.JspServlet@http-nio-8080-exec-8] QueryString: id=25 
2022-06-02 07:02:37.072 DEBUG [acme.framework.controllers.AbstractController@http-nio-8080-exec-2] DISPATCHING GET /acme-toolkit-22.1/inventor/part-of/list-tool 
2022-06-02 07:02:37.072 DEBUG [acme.framework.controllers.AbstractController@http-nio-8080-exec-2] Command: list-tool 
2022-06-02 07:02:37.072 DEBUG [acme.framework.controllers.AbstractController@http-nio-8080-exec-2] Model:   {masterId=25} 
2022-06-02 07:02:37.073 DEBUG [acme.framework.controllers.AbstractController@http-nio-8080-exec-2] Locale:  en 
2022-06-02 07:02:37.073 DEBUG [acme.framework.controllers.AbstractController@http-nio-8080-exec-2] Starting transaction 813ba196-9281-4e5a-ab6d-8343cc91f5e0 
2022-06-02 07:02:37.076 DEBUG [org.hibernate.SQL@http-nio-8080-exec-2] select partof0_.id as id1_0_, partof0_.version as version2_0_, partof0_.artifact_id as artifact2_10_, partof0_.quantity as quantity1_10_, partof0_.toolkit_id as toolkit_3_10_ from part_of partof0_ cross join artifact artifact1_ where partof0_.artifact_id=artifact1_.id and partof0_.toolkit_id=? and artifact1_.type=? 
2022-06-02 07:02:37.076 TRACE [org.hibernate.type.descriptor.sql.BasicBinder@http-nio-8080-exec-2] binding parameter [1] as [INTEGER] - [25] 
2022-06-02 07:02:37.077 TRACE [org.hibernate.type.descriptor.sql.BasicBinder@http-nio-8080-exec-2] binding parameter [2] as [INTEGER] - [1] 
2022-06-02 07:02:37.078 DEBUG [org.hibernate.SQL@http-nio-8080-exec-2] select artifact0_.id as id1_0_0_, artifact0_.version as version2_0_0_, artifact0_.code as code1_5_0_, artifact0_.description as descript2_5_0_, artifact0_.inventor_id as invento10_5_0_, artifact0_.is_publish as is_publi3_5_0_, artifact0_.link as link4_5_0_, artifact0_.name as name5_5_0_, artifact0_.retail_price_amount as retail_p6_5_0_, artifact0_.retail_price_currency as retail_p7_5_0_, artifact0_.technology as technolo8_5_0_, artifact0_.type as type9_5_0_, inventor1_.id as id1_0_1_, inventor1_.version as version2_0_1_, inventor1_.user_account_id as user_acc1_18_1_, inventor1_.company as company1_9_1_, inventor1_.link as link2_9_1_, inventor1_.statement as statemen3_9_1_, useraccoun2_.id as id1_0_2_, useraccoun2_.version as version2_0_2_, useraccoun2_.enabled as enabled1_17_2_, useraccoun2_.identity as identity2_17_2_, useraccoun2_.password as password3_17_2_, useraccoun2_.username as username4_17_2_ from artifact artifact0_ inner join inventor inventor1_ on artifact0_.inventor_id=inventor1_.id inner join user_account useraccoun2_ on inventor1_.user_account_id=useraccoun2_.id where artifact0_.id=? 
2022-06-02 07:02:37.080 TRACE [org.hibernate.type.descriptor.sql.BasicBinder@http-nio-8080-exec-2] binding parameter [1] as [INTEGER] - [21] 
2022-06-02 07:02:37.087 DEBUG [org.hibernate.SQL@http-nio-8080-exec-2] select toolkit0_.id as id1_0_0_, toolkit0_.version as version2_0_0_, toolkit0_.assembly_notes as assembly1_16_0_, toolkit0_.code as code2_16_0_, toolkit0_.description as descript3_16_0_, toolkit0_.is_publish as is_publi4_16_0_, toolkit0_.link as link5_16_0_, toolkit0_.title as title6_16_0_ from tool_kit toolkit0_ where toolkit0_.id=? 
2022-06-02 07:02:37.088 TRACE [org.hibernate.type.descriptor.sql.BasicBinder@http-nio-8080-exec-2] binding parameter [1] as [INTEGER] - [25] 
2022-06-02 07:02:37.113 DEBUG [acme.framework.controllers.AbstractController@http-nio-8080-exec-2] Committing transaction 813ba196-9281-4e5a-ab6d-8343cc91f5e0 
2022-06-02 07:02:37.115 DEBUG [acme.framework.controllers.AbstractController@http-nio-8080-exec-2] Starting transaction cbc73ec9-75ad-4f08-aff9-ded90497e3f7 
2022-06-02 07:02:37.116 DEBUG [acme.framework.controllers.AbstractController@http-nio-8080-exec-2] Committing transaction cbc73ec9-75ad-4f08-aff9-ded90497e3f7 
2022-06-02 07:02:37.117 DEBUG [acme.framework.controllers.AbstractController@http-nio-8080-exec-2] SERVING GET /acme-toolkit-22.1/inventor/part-of/list-tool 
2022-06-02 07:02:37.118 DEBUG [acme.framework.controllers.AbstractController@http-nio-8080-exec-2] Result: ModelAndView [view="inventor/part-of/list"; model={quantity[0]=1, masterId=25, version[0]=0, artifact.name[0]=Artifact 1, id[0]=30, list$size=1, command=list-tool, principal=acme.framework.entities.Principal@20c037e4}] 
2022-06-02 07:02:37.119 DEBUG [acme.framework.components.tiles.DynamicTilesView@http-nio-8080-exec-2] View name 'inventor/part-of/list', model {quantity[0]=1, masterId=25, version[0]=0, artifact.name[0]=Artifact 1, id[0]=30, list$size=1, command=list-tool, principal=acme.framework.entities.Principal@20c037e4, org.springframework.validation.BindingResult.principal=org.springframework.validation.BeanPropertyBindingResult: 0 errors} 
2022-06-02 07:02:37.122 DEBUG [org.apache.jasper.servlet.JspServlet@http-nio-8080-exec-2] JspEngine --> /WEB-INF/views/master/page.jsp 
2022-06-02 07:02:37.123 DEBUG [org.apache.jasper.servlet.JspServlet@http-nio-8080-exec-2] ServletPath: /WEB-INF/views/master/page.jsp 
2022-06-02 07:02:37.124 DEBUG [org.apache.jasper.servlet.JspServlet@http-nio-8080-exec-2] PathInfo: null 
2022-06-02 07:02:37.130 DEBUG [org.apache.jasper.servlet.JspServlet@http-nio-8080-exec-2] RealPath: C:\Users\diego\OneDrive\Documentos\Mis_Archivos\II-ISW\DP2\Workspace-22.0\Projects\Acme-Toolkit\target\classes\WEB-INF\views\master\page.jsp 
2022-06-02 07:02:37.131 DEBUG [org.apache.jasper.servlet.JspServlet@http-nio-8080-exec-2] RequestURI: /acme-toolkit-22.1/WEB-INF/views/master/page.jsp 
2022-06-02 07:02:37.132 DEBUG [org.apache.jasper.servlet.JspServlet@http-nio-8080-exec-2] QueryString: masterId=25 
2022-06-02 07:02:37.409 DEBUG [org.apache.jasper.servlet.JspServlet@http-nio-8080-exec-2] JspEngine --> /WEB-INF/views/inventor/part-of/list.jsp 
2022-06-02 07:02:37.409 DEBUG [org.apache.jasper.servlet.JspServlet@http-nio-8080-exec-2] ServletPath: /WEB-INF/views/master/page.jsp 
2022-06-02 07:02:37.410 DEBUG [org.apache.jasper.servlet.JspServlet@http-nio-8080-exec-2] PathInfo: null 
2022-06-02 07:02:37.414 DEBUG [org.apache.jasper.servlet.JspServlet@http-nio-8080-exec-2] RealPath: C:\Users\diego\OneDrive\Documentos\Mis_Archivos\II-ISW\DP2\Workspace-22.0\Projects\Acme-Toolkit\target\classes\WEB-INF\views\inventor\part-of\list.jsp 
2022-06-02 07:02:37.415 DEBUG [org.apache.jasper.servlet.JspServlet@http-nio-8080-exec-2] RequestURI: /acme-toolkit-22.1/WEB-INF/views/master/page.jsp 
2022-06-02 07:02:37.415 DEBUG [org.apache.jasper.servlet.JspServlet@http-nio-8080-exec-2] QueryString: masterId=25 
2022-06-02 07:03:05.053 DEBUG [acme.framework.controllers.AbstractController@http-nio-8080-exec-3] DISPATCHING GET /acme-toolkit-22.1/inventor/part-of/add-tool 
2022-06-02 07:03:05.053 DEBUG [acme.framework.controllers.AbstractController@http-nio-8080-exec-3] Command: add-tool 
2022-06-02 07:03:05.054 DEBUG [acme.framework.controllers.AbstractController@http-nio-8080-exec-3] Model:   {masterId=25} 
2022-06-02 07:03:05.054 DEBUG [acme.framework.controllers.AbstractController@http-nio-8080-exec-3] Locale:  en 
2022-06-02 07:03:05.054 DEBUG [acme.framework.controllers.AbstractController@http-nio-8080-exec-3] Starting transaction f11161c7-8495-4bc5-9f15-43d1caaaf09c 
2022-06-02 07:03:05.058 DEBUG [org.hibernate.SQL@http-nio-8080-exec-3] select toolkit0_.id as id1_0_, toolkit0_.version as version2_0_, toolkit0_.assembly_notes as assembly1_16_, toolkit0_.code as code2_16_, toolkit0_.description as descript3_16_, toolkit0_.is_publish as is_publi4_16_, toolkit0_.link as link5_16_, toolkit0_.title as title6_16_ from tool_kit toolkit0_ where toolkit0_.id=? 
2022-06-02 07:03:05.058 TRACE [org.hibernate.type.descriptor.sql.BasicBinder@http-nio-8080-exec-3] binding parameter [1] as [INTEGER] - [25] 
2022-06-02 07:03:05.072 DEBUG [org.hibernate.SQL@http-nio-8080-exec-3] select artifact0_.id as id1_0_, artifact0_.version as version2_0_, artifact0_.code as code1_5_, artifact0_.description as descript2_5_, artifact0_.inventor_id as invento10_5_, artifact0_.is_publish as is_publi3_5_, artifact0_.link as link4_5_, artifact0_.name as name5_5_, artifact0_.retail_price_amount as retail_p6_5_, artifact0_.retail_price_currency as retail_p7_5_, artifact0_.technology as technolo8_5_, artifact0_.type as type9_5_ from artifact artifact0_ left outer join part_of partof1_ on (partof1_.artifact_id=artifact0_.id) where (partof1_.toolkit_id is null or partof1_.toolkit_id<>?) and artifact0_.type=? 
2022-06-02 07:03:05.075 TRACE [org.hibernate.type.descriptor.sql.BasicBinder@http-nio-8080-exec-3] binding parameter [1] as [INTEGER] - [25] 
2022-06-02 07:03:05.075 TRACE [org.hibernate.type.descriptor.sql.BasicBinder@http-nio-8080-exec-3] binding parameter [2] as [INTEGER] - [1] 
2022-06-02 07:03:05.078 DEBUG [org.hibernate.SQL@http-nio-8080-exec-3] select inventor0_.id as id1_0_0_, inventor0_.version as version2_0_0_, inventor0_.user_account_id as user_acc1_18_0_, inventor0_.company as company1_9_0_, inventor0_.link as link2_9_0_, inventor0_.statement as statemen3_9_0_, useraccoun1_.id as id1_0_1_, useraccoun1_.version as version2_0_1_, useraccoun1_.enabled as enabled1_17_1_, useraccoun1_.identity as identity2_17_1_, useraccoun1_.password as password3_17_1_, useraccoun1_.username as username4_17_1_ from inventor inventor0_ inner join user_account useraccoun1_ on inventor0_.user_account_id=useraccoun1_.id where inventor0_.id=? 
2022-06-02 07:03:05.078 TRACE [org.hibernate.type.descriptor.sql.BasicBinder@http-nio-8080-exec-3] binding parameter [1] as [INTEGER] - [9] 
2022-06-02 07:03:05.082 DEBUG [acme.framework.controllers.AbstractController@http-nio-8080-exec-3] Committing transaction f11161c7-8495-4bc5-9f15-43d1caaaf09c 
2022-06-02 07:03:05.105 DEBUG [acme.framework.controllers.AbstractController@http-nio-8080-exec-3] Starting transaction 9053b518-52e4-4b67-b950-bdca069208f6 
2022-06-02 07:03:05.106 DEBUG [acme.framework.controllers.AbstractController@http-nio-8080-exec-3] Committing transaction 9053b518-52e4-4b67-b950-bdca069208f6 
2022-06-02 07:03:05.108 DEBUG [acme.framework.controllers.AbstractController@http-nio-8080-exec-3] SERVING GET /acme-toolkit-22.1/inventor/part-of/add-tool 
2022-06-02 07:03:05.108 DEBUG [acme.framework.controllers.AbstractController@http-nio-8080-exec-3] Result: ModelAndView [view="inventor/part-of/form"; model={artifact=null, quantity=null, id=0, version=0, artifacts=[acme.artifact.Artifact{id=20, version=0}], command=add-tool, principal=acme.framework.entities.Principal@20c037e4}] 
2022-06-02 07:03:05.110 DEBUG [acme.framework.components.tiles.DynamicTilesView@http-nio-8080-exec-3] View name 'inventor/part-of/form', model {artifact=null, quantity=null, id=0, version=0, artifacts=[acme.artifact.Artifact{id=20, version=0}], command=add-tool, principal=acme.framework.entities.Principal@20c037e4, org.springframework.validation.BindingResult.principal=org.springframework.validation.BeanPropertyBindingResult: 0 errors} 
2022-06-02 07:03:05.112 DEBUG [org.apache.jasper.servlet.JspServlet@http-nio-8080-exec-3] JspEngine --> /WEB-INF/views/master/page.jsp 
2022-06-02 07:03:05.112 DEBUG [org.apache.jasper.servlet.JspServlet@http-nio-8080-exec-3] ServletPath: /WEB-INF/views/master/page.jsp 
2022-06-02 07:03:05.113 DEBUG [org.apache.jasper.servlet.JspServlet@http-nio-8080-exec-3] PathInfo: null 
2022-06-02 07:03:05.120 DEBUG [org.apache.jasper.servlet.JspServlet@http-nio-8080-exec-3] RealPath: C:\Users\diego\OneDrive\Documentos\Mis_Archivos\II-ISW\DP2\Workspace-22.0\Projects\Acme-Toolkit\target\classes\WEB-INF\views\master\page.jsp 
2022-06-02 07:03:05.121 DEBUG [org.apache.jasper.servlet.JspServlet@http-nio-8080-exec-3] RequestURI: /acme-toolkit-22.1/WEB-INF/views/master/page.jsp 
2022-06-02 07:03:05.122 DEBUG [org.apache.jasper.servlet.JspServlet@http-nio-8080-exec-3] QueryString: masterId=25 
2022-06-02 07:03:05.412 DEBUG [org.apache.jasper.servlet.JspServlet@http-nio-8080-exec-3] JspEngine --> /WEB-INF/views/inventor/part-of/form.jsp 
2022-06-02 07:03:05.413 DEBUG [org.apache.jasper.servlet.JspServlet@http-nio-8080-exec-3] ServletPath: /WEB-INF/views/master/page.jsp 
2022-06-02 07:03:05.414 DEBUG [org.apache.jasper.servlet.JspServlet@http-nio-8080-exec-3] PathInfo: null 
2022-06-02 07:03:05.419 DEBUG [org.apache.jasper.servlet.JspServlet@http-nio-8080-exec-3] RealPath: C:\Users\diego\OneDrive\Documentos\Mis_Archivos\II-ISW\DP2\Workspace-22.0\Projects\Acme-Toolkit\target\classes\WEB-INF\views\inventor\part-of\form.jsp 
2022-06-02 07:03:05.420 DEBUG [org.apache.jasper.servlet.JspServlet@http-nio-8080-exec-3] RequestURI: /acme-toolkit-22.1/WEB-INF/views/master/page.jsp 
2022-06-02 07:03:05.421 DEBUG [org.apache.jasper.servlet.JspServlet@http-nio-8080-exec-3] QueryString: masterId=25 
2022-06-02 07:04:23.922 DEBUG [acme.framework.controllers.AbstractController@http-nio-8080-exec-7] DISPATCHING GET /acme-toolkit-22.1/inventor/part-of/list-tool 
2022-06-02 07:04:23.923 DEBUG [acme.framework.controllers.AbstractController@http-nio-8080-exec-7] Command: list-tool 
2022-06-02 07:04:23.923 DEBUG [acme.framework.controllers.AbstractController@http-nio-8080-exec-7] Model:   {masterId=25} 
2022-06-02 07:04:23.923 DEBUG [acme.framework.controllers.AbstractController@http-nio-8080-exec-7] Locale:  en 
2022-06-02 07:04:23.924 DEBUG [acme.framework.controllers.AbstractController@http-nio-8080-exec-7] Starting transaction fcbc26ea-f566-4808-a60d-7e3f5f04a7c1 
2022-06-02 07:04:23.927 DEBUG [org.hibernate.SQL@http-nio-8080-exec-7] select partof0_.id as id1_0_, partof0_.version as version2_0_, partof0_.artifact_id as artifact2_10_, partof0_.quantity as quantity1_10_, partof0_.toolkit_id as toolkit_3_10_ from part_of partof0_ cross join artifact artifact1_ where partof0_.artifact_id=artifact1_.id and partof0_.toolkit_id=? and artifact1_.type=? 
2022-06-02 07:04:23.928 TRACE [org.hibernate.type.descriptor.sql.BasicBinder@http-nio-8080-exec-7] binding parameter [1] as [INTEGER] - [25] 
2022-06-02 07:04:23.928 TRACE [org.hibernate.type.descriptor.sql.BasicBinder@http-nio-8080-exec-7] binding parameter [2] as [INTEGER] - [1] 
2022-06-02 07:04:23.932 DEBUG [org.hibernate.SQL@http-nio-8080-exec-7] select artifact0_.id as id1_0_0_, artifact0_.version as version2_0_0_, artifact0_.code as code1_5_0_, artifact0_.description as descript2_5_0_, artifact0_.inventor_id as invento10_5_0_, artifact0_.is_publish as is_publi3_5_0_, artifact0_.link as link4_5_0_, artifact0_.name as name5_5_0_, artifact0_.retail_price_amount as retail_p6_5_0_, artifact0_.retail_price_currency as retail_p7_5_0_, artifact0_.technology as technolo8_5_0_, artifact0_.type as type9_5_0_, inventor1_.id as id1_0_1_, inventor1_.version as version2_0_1_, inventor1_.user_account_id as user_acc1_18_1_, inventor1_.company as company1_9_1_, inventor1_.link as link2_9_1_, inventor1_.statement as statemen3_9_1_, useraccoun2_.id as id1_0_2_, useraccoun2_.version as version2_0_2_, useraccoun2_.enabled as enabled1_17_2_, useraccoun2_.identity as identity2_17_2_, useraccoun2_.password as password3_17_2_, useraccoun2_.username as username4_17_2_ from artifact artifact0_ inner join inventor inventor1_ on artifact0_.inventor_id=inventor1_.id inner join user_account useraccoun2_ on inventor1_.user_account_id=useraccoun2_.id where artifact0_.id=? 
2022-06-02 07:04:23.934 TRACE [org.hibernate.type.descriptor.sql.BasicBinder@http-nio-8080-exec-7] binding parameter [1] as [INTEGER] - [21] 
2022-06-02 07:04:23.939 DEBUG [org.hibernate.SQL@http-nio-8080-exec-7] select toolkit0_.id as id1_0_0_, toolkit0_.version as version2_0_0_, toolkit0_.assembly_notes as assembly1_16_0_, toolkit0_.code as code2_16_0_, toolkit0_.description as descript3_16_0_, toolkit0_.is_publish as is_publi4_16_0_, toolkit0_.link as link5_16_0_, toolkit0_.title as title6_16_0_ from tool_kit toolkit0_ where toolkit0_.id=? 
2022-06-02 07:04:23.940 TRACE [org.hibernate.type.descriptor.sql.BasicBinder@http-nio-8080-exec-7] binding parameter [1] as [INTEGER] - [25] 
2022-06-02 07:04:23.945 DEBUG [acme.framework.controllers.AbstractController@http-nio-8080-exec-7] Committing transaction fcbc26ea-f566-4808-a60d-7e3f5f04a7c1 
2022-06-02 07:04:23.947 DEBUG [acme.framework.controllers.AbstractController@http-nio-8080-exec-7] Starting transaction 99608bd6-63b5-4d83-9565-fa190736f64c 
2022-06-02 07:04:23.948 DEBUG [acme.framework.controllers.AbstractController@http-nio-8080-exec-7] Committing transaction 99608bd6-63b5-4d83-9565-fa190736f64c 
2022-06-02 07:04:23.951 DEBUG [acme.framework.controllers.AbstractController@http-nio-8080-exec-7] SERVING GET /acme-toolkit-22.1/inventor/part-of/list-tool 
2022-06-02 07:04:23.951 DEBUG [acme.framework.controllers.AbstractController@http-nio-8080-exec-7] Result: ModelAndView [view="inventor/part-of/list"; model={quantity[0]=1, masterId=25, version[0]=0, artifact.name[0]=Artifact 1, id[0]=30, list$size=1, command=list-tool, principal=acme.framework.entities.Principal@20c037e4}] 
2022-06-02 07:04:23.952 DEBUG [acme.framework.components.tiles.DynamicTilesView@http-nio-8080-exec-7] View name 'inventor/part-of/list', model {quantity[0]=1, masterId=25, version[0]=0, artifact.name[0]=Artifact 1, id[0]=30, list$size=1, command=list-tool, principal=acme.framework.entities.Principal@20c037e4, org.springframework.validation.BindingResult.principal=org.springframework.validation.BeanPropertyBindingResult: 0 errors} 
2022-06-02 07:04:23.954 DEBUG [org.apache.jasper.servlet.JspServlet@http-nio-8080-exec-7] JspEngine --> /WEB-INF/views/master/page.jsp 
2022-06-02 07:04:23.955 DEBUG [org.apache.jasper.servlet.JspServlet@http-nio-8080-exec-7] ServletPath: /WEB-INF/views/master/page.jsp 
2022-06-02 07:04:23.955 DEBUG [org.apache.jasper.servlet.JspServlet@http-nio-8080-exec-7] PathInfo: null 
2022-06-02 07:04:23.962 DEBUG [org.apache.jasper.servlet.JspServlet@http-nio-8080-exec-7] RealPath: C:\Users\diego\OneDrive\Documentos\Mis_Archivos\II-ISW\DP2\Workspace-22.0\Projects\Acme-Toolkit\target\classes\WEB-INF\views\master\page.jsp 
2022-06-02 07:04:23.963 DEBUG [org.apache.jasper.servlet.JspServlet@http-nio-8080-exec-7] RequestURI: /acme-toolkit-22.1/WEB-INF/views/master/page.jsp 
2022-06-02 07:04:23.965 DEBUG [org.apache.jasper.servlet.JspServlet@http-nio-8080-exec-7] QueryString: masterId=25 
2022-06-02 07:04:24.336 DEBUG [org.apache.jasper.servlet.JspServlet@http-nio-8080-exec-7] JspEngine --> /WEB-INF/views/inventor/part-of/list.jsp 
2022-06-02 07:04:24.337 DEBUG [org.apache.jasper.servlet.JspServlet@http-nio-8080-exec-7] ServletPath: /WEB-INF/views/master/page.jsp 
2022-06-02 07:04:24.337 DEBUG [org.apache.jasper.servlet.JspServlet@http-nio-8080-exec-7] PathInfo: null 
2022-06-02 07:04:24.342 DEBUG [org.apache.jasper.servlet.JspServlet@http-nio-8080-exec-7] RealPath: C:\Users\diego\OneDrive\Documentos\Mis_Archivos\II-ISW\DP2\Workspace-22.0\Projects\Acme-Toolkit\target\classes\WEB-INF\views\inventor\part-of\list.jsp 
2022-06-02 07:04:24.344 DEBUG [org.apache.jasper.servlet.JspServlet@http-nio-8080-exec-7] RequestURI: /acme-toolkit-22.1/WEB-INF/views/master/page.jsp 
2022-06-02 07:04:24.347 DEBUG [org.apache.jasper.servlet.JspServlet@http-nio-8080-exec-7] QueryString: masterId=25 
2022-06-02 07:04:26.279 DEBUG [acme.framework.controllers.AbstractController@http-nio-8080-exec-9] DISPATCHING GET /acme-toolkit-22.1/inventor/part-of/add-tool 
2022-06-02 07:04:26.280 DEBUG [acme.framework.controllers.AbstractController@http-nio-8080-exec-9] Command: add-tool 
2022-06-02 07:04:26.281 DEBUG [acme.framework.controllers.AbstractController@http-nio-8080-exec-9] Model:   {masterId=25} 
2022-06-02 07:04:26.281 DEBUG [acme.framework.controllers.AbstractController@http-nio-8080-exec-9] Locale:  en 
2022-06-02 07:04:26.281 DEBUG [acme.framework.controllers.AbstractController@http-nio-8080-exec-9] Starting transaction aa8d8613-45cf-491a-9f67-cf910d87ce53 
2022-06-02 07:04:26.283 DEBUG [org.hibernate.SQL@http-nio-8080-exec-9] select toolkit0_.id as id1_0_, toolkit0_.version as version2_0_, toolkit0_.assembly_notes as assembly1_16_, toolkit0_.code as code2_16_, toolkit0_.description as descript3_16_, toolkit0_.is_publish as is_publi4_16_, toolkit0_.link as link5_16_, toolkit0_.title as title6_16_ from tool_kit toolkit0_ where toolkit0_.id=? 
2022-06-02 07:04:26.284 TRACE [org.hibernate.type.descriptor.sql.BasicBinder@http-nio-8080-exec-9] binding parameter [1] as [INTEGER] - [25] 
2022-06-02 07:04:26.288 DEBUG [org.hibernate.SQL@http-nio-8080-exec-9] select artifact0_.id as id1_0_, artifact0_.version as version2_0_, artifact0_.code as code1_5_, artifact0_.description as descript2_5_, artifact0_.inventor_id as invento10_5_, artifact0_.is_publish as is_publi3_5_, artifact0_.link as link4_5_, artifact0_.name as name5_5_, artifact0_.retail_price_amount as retail_p6_5_, artifact0_.retail_price_currency as retail_p7_5_, artifact0_.technology as technolo8_5_, artifact0_.type as type9_5_ from artifact artifact0_ left outer join part_of partof1_ on (partof1_.artifact_id=artifact0_.id) where (partof1_.toolkit_id is null or partof1_.toolkit_id<>?) and artifact0_.type=? 
2022-06-02 07:04:26.289 TRACE [org.hibernate.type.descriptor.sql.BasicBinder@http-nio-8080-exec-9] binding parameter [1] as [INTEGER] - [25] 
2022-06-02 07:04:26.289 TRACE [org.hibernate.type.descriptor.sql.BasicBinder@http-nio-8080-exec-9] binding parameter [2] as [INTEGER] - [1] 
2022-06-02 07:04:26.291 DEBUG [org.hibernate.SQL@http-nio-8080-exec-9] select inventor0_.id as id1_0_0_, inventor0_.version as version2_0_0_, inventor0_.user_account_id as user_acc1_18_0_, inventor0_.company as company1_9_0_, inventor0_.link as link2_9_0_, inventor0_.statement as statemen3_9_0_, useraccoun1_.id as id1_0_1_, useraccoun1_.version as version2_0_1_, useraccoun1_.enabled as enabled1_17_1_, useraccoun1_.identity as identity2_17_1_, useraccoun1_.password as password3_17_1_, useraccoun1_.username as username4_17_1_ from inventor inventor0_ inner join user_account useraccoun1_ on inventor0_.user_account_id=useraccoun1_.id where inventor0_.id=? 
2022-06-02 07:04:26.292 TRACE [org.hibernate.type.descriptor.sql.BasicBinder@http-nio-8080-exec-9] binding parameter [1] as [INTEGER] - [9] 
2022-06-02 07:04:26.298 DEBUG [acme.framework.controllers.AbstractController@http-nio-8080-exec-9] Committing transaction aa8d8613-45cf-491a-9f67-cf910d87ce53 
2022-06-02 07:04:26.301 DEBUG [acme.framework.controllers.AbstractController@http-nio-8080-exec-9] Starting transaction 14352bce-8d73-4b32-9160-48acf40eab2f 
2022-06-02 07:04:26.302 DEBUG [acme.framework.controllers.AbstractController@http-nio-8080-exec-9] Committing transaction 14352bce-8d73-4b32-9160-48acf40eab2f 
2022-06-02 07:04:26.304 DEBUG [acme.framework.controllers.AbstractController@http-nio-8080-exec-9] SERVING GET /acme-toolkit-22.1/inventor/part-of/add-tool 
2022-06-02 07:04:26.304 DEBUG [acme.framework.controllers.AbstractController@http-nio-8080-exec-9] Result: ModelAndView [view="inventor/part-of/form"; model={artifact=null, quantity=null, id=0, version=0, artifacts=[acme.artifact.Artifact{id=20, version=0}], command=add-tool, principal=acme.framework.entities.Principal@20c037e4}] 
2022-06-02 07:04:26.304 DEBUG [acme.framework.components.tiles.DynamicTilesView@http-nio-8080-exec-9] View name 'inventor/part-of/form', model {artifact=null, quantity=null, id=0, version=0, artifacts=[acme.artifact.Artifact{id=20, version=0}], command=add-tool, principal=acme.framework.entities.Principal@20c037e4, org.springframework.validation.BindingResult.principal=org.springframework.validation.BeanPropertyBindingResult: 0 errors} 
2022-06-02 07:04:26.306 DEBUG [org.apache.jasper.servlet.JspServlet@http-nio-8080-exec-9] JspEngine --> /WEB-INF/views/master/page.jsp 
2022-06-02 07:04:26.307 DEBUG [org.apache.jasper.servlet.JspServlet@http-nio-8080-exec-9] ServletPath: /WEB-INF/views/master/page.jsp 
2022-06-02 07:04:26.307 DEBUG [org.apache.jasper.servlet.JspServlet@http-nio-8080-exec-9] PathInfo: null 
2022-06-02 07:04:26.308 DEBUG [org.apache.jasper.servlet.JspServlet@http-nio-8080-exec-9] RealPath: C:\Users\diego\OneDrive\Documentos\Mis_Archivos\II-ISW\DP2\Workspace-22.0\Projects\Acme-Toolkit\target\classes\WEB-INF\views\master\page.jsp 
2022-06-02 07:04:26.308 DEBUG [org.apache.jasper.servlet.JspServlet@http-nio-8080-exec-9] RequestURI: /acme-toolkit-22.1/WEB-INF/views/master/page.jsp 
2022-06-02 07:04:26.309 DEBUG [org.apache.jasper.servlet.JspServlet@http-nio-8080-exec-9] QueryString: masterId=25 
2022-06-02 07:04:26.616 DEBUG [org.apache.jasper.servlet.JspServlet@http-nio-8080-exec-9] JspEngine --> /WEB-INF/views/inventor/part-of/form.jsp 
2022-06-02 07:04:26.617 DEBUG [org.apache.jasper.servlet.JspServlet@http-nio-8080-exec-9] ServletPath: /WEB-INF/views/master/page.jsp 
2022-06-02 07:04:26.618 DEBUG [org.apache.jasper.servlet.JspServlet@http-nio-8080-exec-9] PathInfo: null 
2022-06-02 07:04:26.621 DEBUG [org.apache.jasper.servlet.JspServlet@http-nio-8080-exec-9] RealPath: C:\Users\diego\OneDrive\Documentos\Mis_Archivos\II-ISW\DP2\Workspace-22.0\Projects\Acme-Toolkit\target\classes\WEB-INF\views\inventor\part-of\form.jsp 
2022-06-02 07:04:26.623 DEBUG [org.apache.jasper.servlet.JspServlet@http-nio-8080-exec-9] RequestURI: /acme-toolkit-22.1/WEB-INF/views/master/page.jsp 
2022-06-02 07:04:26.624 DEBUG [org.apache.jasper.servlet.JspServlet@http-nio-8080-exec-9] QueryString: masterId=25 
